<?xml version="1.0" encoding="UTF-8"?>
<testsuites name="Regression Test - Loyality and Rewards" time="348.773" tests="4" failures="3" errors="0">
   <testsuite name="Regression Test - Loyality and Rewards" tests="4" failures="3" errors="0" time="348.773" timestamp="2020-02-28 10:37:42" hostname="bambangtripamungkas - 192.168.1.5" id="Test Suites/Regression Test - Loyality and Rewards">
      <properties>
         <property name="deviceName" value="iPhone 8"/>
         <property name="devicePlatform" value=""/>
         <property name="logFolder" value="/Users/bambangtripamungkas/git/KFCiOS/Reports/20200228_103733/Regression Test - Loyality and Rewards/20200228_103733"/>
         <property name="logFiles" value="/Users/bambangtripamungkas/git/KFCiOS/Reports/20200228_103733/Regression Test - Loyality and Rewards/20200228_103733/execution0.log, /Users/bambangtripamungkas/git/KFCiOS/Reports/20200228_103733/Regression Test - Loyality and Rewards/20200228_103733/appium.log, /Users/bambangtripamungkas/git/KFCiOS/Reports/20200228_103733/Regression Test - Loyality and Rewards/20200228_103733/appium-proxy-server.log"/>
         <property name="attachments" value="/Users/bambangtripamungkas/git/KFCiOS/Reports/20200228_103733/Regression Test - Loyality and Rewards/20200228_103733/1582861258169.png, /Users/bambangtripamungkas/git/KFCiOS/Reports/20200228_103733/Regression Test - Loyality and Rewards/20200228_103733/1582861262997.png, /Users/bambangtripamungkas/git/KFCiOS/Reports/20200228_103733/Regression Test - Loyality and Rewards/20200228_103733/1582861267202.png, /Users/bambangtripamungkas/git/KFCiOS/Reports/20200228_103733/Regression Test - Loyality and Rewards/20200228_103733/1582861271727.png, /Users/bambangtripamungkas/git/KFCiOS/Reports/20200228_103733/Regression Test - Loyality and Rewards/20200228_103733/1582861275688.png, /Users/bambangtripamungkas/git/KFCiOS/Reports/20200228_103733/Regression Test - Loyality and Rewards/20200228_103733/1582861279806.png, /Users/bambangtripamungkas/git/KFCiOS/Reports/20200228_103733/Regression Test - Loyality and Rewards/20200228_103733/1582861284041.png, /Users/bambangtripamungkas/git/KFCiOS/Reports/20200228_103733/Regression Test - Loyality and Rewards/20200228_103733/1582861287955.png, /Users/bambangtripamungkas/git/KFCiOS/Reports/20200228_103733/Regression Test - Loyality and Rewards/20200228_103733/1582861292851.png, /Users/bambangtripamungkas/git/KFCiOS/Reports/20200228_103733/Regression Test - Loyality and Rewards/20200228_103733/1582861309918.png, /Users/bambangtripamungkas/git/KFCiOS/Reports/20200228_103733/Regression Test - Loyality and Rewards/20200228_103733/1582861314440.png, /Users/bambangtripamungkas/git/KFCiOS/Reports/20200228_103733/Regression Test - Loyality and Rewards/20200228_103733/1582861318377.png, /Users/bambangtripamungkas/git/KFCiOS/Reports/20200228_103733/Regression Test - Loyality and Rewards/20200228_103733/1582861322423.png, /Users/bambangtripamungkas/git/KFCiOS/Reports/20200228_103733/Regression Test - Loyality and Rewards/20200228_103733/1582861326364.png, /Users/bambangtripamungkas/git/KFCiOS/Reports/20200228_103733/Regression Test - Loyality and Rewards/20200228_103733/1582861330289.png, /Users/bambangtripamungkas/git/KFCiOS/Reports/20200228_103733/Regression Test - Loyality and Rewards/20200228_103733/1582861334290.png, /Users/bambangtripamungkas/git/KFCiOS/Reports/20200228_103733/Regression Test - Loyality and Rewards/20200228_103733/1582861338222.png, /Users/bambangtripamungkas/git/KFCiOS/Reports/20200228_103733/Regression Test - Loyality and Rewards/20200228_103733/1582861342114.png, /Users/bambangtripamungkas/git/KFCiOS/Reports/20200228_103733/Regression Test - Loyality and Rewards/20200228_103733/1582861345977.png, /Users/bambangtripamungkas/git/KFCiOS/Reports/20200228_103733/Regression Test - Loyality and Rewards/20200228_103733/1582861350186.png, /Users/bambangtripamungkas/git/KFCiOS/Reports/20200228_103733/Regression Test - Loyality and Rewards/20200228_103733/1582861354118.png, /Users/bambangtripamungkas/git/KFCiOS/Reports/20200228_103733/Regression Test - Loyality and Rewards/20200228_103733/1582861358043.png, /Users/bambangtripamungkas/git/KFCiOS/Reports/20200228_103733/Regression Test - Loyality and Rewards/20200228_103733/1582861361930.png, /Users/bambangtripamungkas/git/KFCiOS/Reports/20200228_103733/Regression Test - Loyality and Rewards/20200228_103733/1582861365930.png, /Users/bambangtripamungkas/git/KFCiOS/Reports/20200228_103733/Regression Test - Loyality and Rewards/20200228_103733/1582861369913.png, /Users/bambangtripamungkas/git/KFCiOS/Reports/20200228_103733/Regression Test - Loyality and Rewards/20200228_103733/1582861373884.png, /Users/bambangtripamungkas/git/KFCiOS/Reports/20200228_103733/Regression Test - Loyality and Rewards/20200228_103733/1582861377893.png, /Users/bambangtripamungkas/git/KFCiOS/Reports/20200228_103733/Regression Test - Loyality and Rewards/20200228_103733/1582861381851.png, /Users/bambangtripamungkas/git/KFCiOS/Reports/20200228_103733/Regression Test - Loyality and Rewards/20200228_103733/1582861385790.png, /Users/bambangtripamungkas/git/KFCiOS/Reports/20200228_103733/Regression Test - Loyality and Rewards/20200228_103733/1582861391587.png, /Users/bambangtripamungkas/git/KFCiOS/Reports/20200228_103733/Regression Test - Loyality and Rewards/20200228_103733/1582861391808.png, /Users/bambangtripamungkas/git/KFCiOS/Reports/20200228_103733/Regression Test - Loyality and Rewards/20200228_103733/1582861396358.png, /Users/bambangtripamungkas/git/KFCiOS/Reports/20200228_103733/Regression Test - Loyality and Rewards/20200228_103733/1582861396498.png, /Users/bambangtripamungkas/git/KFCiOS/Reports/20200228_103733/Regression Test - Loyality and Rewards/20200228_103733/1582861405747.png, /Users/bambangtripamungkas/git/KFCiOS/Reports/20200228_103733/Regression Test - Loyality and Rewards/20200228_103733/1582861409751.png, /Users/bambangtripamungkas/git/KFCiOS/Reports/20200228_103733/Regression Test - Loyality and Rewards/20200228_103733/1582861409885.png"/>
         <property name="hostName" value="bambangtripamungkas - 192.168.1.5"/>
         <property name="os" value="Mac OS X 64bit"/>
         <property name="appiumServerStatus" value="{\&quot;value\&quot;:{\&quot;build\&quot;:{\&quot;version\&quot;:\&quot;1.15.1\&quot;}},\&quot;sessionId\&quot;:null,\&quot;status\&quot;:0}"/>
         <property name="katalonVersion" value="7.1.1.1"/>
         <property name="deviceOS" value="iOS"/>
         <property name="appiumVersion" value="1.15.1"/>
         <property name="deviceModel" value="Not available for Simulator"/>
         <property name="hostAddress" value="192.168.1.5"/>
         <property name="deviceManufacturer" value="Apple"/>
         <property name="deviceId" value="null"/>
         <property name="deviceName" value="iPhone 8"/>
         <property name="deviceOSVersion" value="13.3"/>
      </properties>
      <testcase name="Test Cases/RegressioniOS - Loyality and Rewards/1. Open Loyality Page" time="180.282" classname="Test Cases/RegressioniOS - Loyality and Rewards/1. Open Loyality Page" status="PASSED">
         <system-out><![CDATA[2020-02-28 10:37:42 - [TEST_CASE][PASSED] - Test Cases/RegressioniOS - Loyality and Rewards/1. Open Loyality Page: Test Cases/RegressioniOS - Loyality and Rewards/1. Open Loyality Page

2020-02-28 10:37:43 - [TEST_STEP][PASSED] - startExistingApplication("com.kfcjv.staging"): Starting app with application ID: 'com.kfcjv.staging'

2020-02-28 10:37:44 - [MESSAGE][INFO] - ios_webkit_debug_proxy server started on port 65118

2020-02-28 10:37:46 - [MESSAGE][INFO] - Appium server started on port 65,120

2020-02-28 10:38:03 - [MESSAGE][PASSED] - Starting app with application ID: 'com.kfcjv.staging'

2020-02-28 10:38:03 - [TEST_STEP][PASSED] - verifyElementExist(findTestObject("iOS/Home Page/home_topbar_btnProfile"), 2, CONTINUE_ON_FAILURE): Element 'Object Repository/iOS/Home Page/home_topbar_btnProfile' is exist

2020-02-28 10:38:08 - [MESSAGE][PASSED] - Element 'Object Repository/iOS/Home Page/home_topbar_btnProfile' is exist

2020-02-28 10:38:08 - [TEST_STEP][PASSED] - tap(findTestObject("iOS/Home Page/home_topbar_btnProfile"), 1, STOP_ON_FAILURE): Tapped on element 'Object Repository/iOS/Home Page/home_topbar_btnProfile'

2020-02-28 10:38:12 - [MESSAGE][PASSED] - Tapped on element 'Object Repository/iOS/Home Page/home_topbar_btnProfile'

2020-02-28 10:38:12 - [TEST_STEP][PASSED] - delay(3): Delayed 3 second(s)

2020-02-28 10:38:15 - [MESSAGE][PASSED] - Delayed 3 second(s)

2020-02-28 10:38:15 - [TEST_STEP][PASSED] - comment("Points Section"): Points Section

2020-02-28 10:38:15 - [MESSAGE][INFO] - Points Section

2020-02-28 10:38:15 - [TEST_STEP][PASSED] - verifyElementExist(findTestObject("iOS/Profile Page/profilepage_points_btnHistory_text"), 2, CONTINUE_ON_FAILURE): Element 'Object Repository/iOS/Profile Page/profilepage_points_btnHistory_text' is exist

2020-02-28 10:38:21 - [MESSAGE][PASSED] - Element 'Object Repository/iOS/Profile Page/profilepage_points_btnHistory_text' is exist

2020-02-28 10:38:21 - [TEST_STEP][PASSED] - verifyElementVisible(findTestObject("iOS/Profile Page/profilepage_points_btnHistory_text"), 2, CONTINUE_ON_FAILURE): Element 'Object Repository/iOS/Profile Page/profilepage_points_btnHistory_text' is visible

2020-02-28 10:38:27 - [MESSAGE][PASSED] - Element 'Object Repository/iOS/Profile Page/profilepage_points_btnHistory_text' is visible

2020-02-28 10:38:27 - [TEST_STEP][PASSED] - getText(findTestObject("iOS/Profile Page/profilepage_points_btnHistory_text"), 1, CONTINUE_ON_FAILURE): Text of element 'Object Repository/iOS/Profile Page/profilepage_points_btnHistory_text' is: 'Points History'

2020-02-28 10:38:32 - [MESSAGE][PASSED] - Text of element 'Object Repository/iOS/Profile Page/profilepage_points_btnHistory_text' is: 'Points History'

2020-02-28 10:38:32 - [TEST_STEP][PASSED] - verifyElementExist(findTestObject("iOS/Profile Page/profilepage_points_btnHistory"), 2, CONTINUE_ON_FAILURE): Element 'Object Repository/iOS/Profile Page/profilepage_points_btnHistory' is exist

2020-02-28 10:38:36 - [MESSAGE][PASSED] - Element 'Object Repository/iOS/Profile Page/profilepage_points_btnHistory' is exist

2020-02-28 10:38:36 - [TEST_STEP][PASSED] - verifyElementVisible(findTestObject("iOS/Profile Page/profilepage_points_btnHistory"), 2, CONTINUE_ON_FAILURE): Element 'Object Repository/iOS/Profile Page/profilepage_points_btnHistory' is visible

2020-02-28 10:38:41 - [MESSAGE][PASSED] - Element 'Object Repository/iOS/Profile Page/profilepage_points_btnHistory' is visible

2020-02-28 10:38:41 - [TEST_STEP][PASSED] - verifyElementExist(findTestObject("iOS/Profile Page/profilepage_points_btnRedeem_text"), 2, CONTINUE_ON_FAILURE): Element 'Object Repository/iOS/Profile Page/profilepage_points_btnRedeem_text' is exist

2020-02-28 10:38:45 - [MESSAGE][PASSED] - Element 'Object Repository/iOS/Profile Page/profilepage_points_btnRedeem_text' is exist

2020-02-28 10:38:45 - [TEST_STEP][PASSED] - verifyElementVisible(findTestObject("iOS/Profile Page/profilepage_points_btnRedeem_text"), 2, CONTINUE_ON_FAILURE): Element 'Object Repository/iOS/Profile Page/profilepage_points_btnRedeem_text' is visible

2020-02-28 10:38:51 - [MESSAGE][PASSED] - Element 'Object Repository/iOS/Profile Page/profilepage_points_btnRedeem_text' is visible

2020-02-28 10:38:51 - [TEST_STEP][PASSED] - getText(findTestObject("iOS/Profile Page/profilepage_points_btnRedeem_text"), 1, CONTINUE_ON_FAILURE): Text of element 'Object Repository/iOS/Profile Page/profilepage_points_btnRedeem_text' is: 'Redeem'

2020-02-28 10:38:56 - [MESSAGE][PASSED] - Text of element 'Object Repository/iOS/Profile Page/profilepage_points_btnRedeem_text' is: 'Redeem'

2020-02-28 10:38:56 - [TEST_STEP][PASSED] - verifyElementExist(findTestObject("iOS/Profile Page/profilepage_points_btnRedeem"), 2, CONTINUE_ON_FAILURE): Element 'Object Repository/iOS/Profile Page/profilepage_points_btnRedeem' is exist

2020-02-28 10:39:00 - [MESSAGE][PASSED] - Element 'Object Repository/iOS/Profile Page/profilepage_points_btnRedeem' is exist

2020-02-28 10:39:00 - [TEST_STEP][PASSED] - verifyElementVisible(findTestObject("iOS/Profile Page/profilepage_points_btnRedeem"), 2, CONTINUE_ON_FAILURE): Element 'Object Repository/iOS/Profile Page/profilepage_points_btnRedeem' is visible

2020-02-28 10:39:05 - [MESSAGE][PASSED] - Element 'Object Repository/iOS/Profile Page/profilepage_points_btnRedeem' is visible

2020-02-28 10:39:05 - [TEST_STEP][PASSED] - verifyElementExist(findTestObject("iOS/Profile Page/profilepage_points_desc_dynamicexpire"), 2, CONTINUE_ON_FAILURE): Element 'Object Repository/iOS/Profile Page/profilepage_points_desc_dynamicexpire' is exist

2020-02-28 10:39:17 - [MESSAGE][PASSED] - Element 'Object Repository/iOS/Profile Page/profilepage_points_desc_dynamicexpire' is exist

2020-02-28 10:39:17 - [TEST_STEP][PASSED] - verifyElementVisible(findTestObject("iOS/Profile Page/profilepage_points_desc_dynamicexpire"), 2, CONTINUE_ON_FAILURE): Element 'Object Repository/iOS/Profile Page/profilepage_points_desc_dynamicexpire' is visible

2020-02-28 10:39:30 - [MESSAGE][PASSED] - Element 'Object Repository/iOS/Profile Page/profilepage_points_desc_dynamicexpire' is visible

2020-02-28 10:39:30 - [TEST_STEP][PASSED] - getText(findTestObject("iOS/Profile Page/profilepage_points_desc_dynamicexpire"), 1, CONTINUE_ON_FAILURE): Text of element 'Object Repository/iOS/Profile Page/profilepage_points_desc_dynamicexpire' is: 'PROFILE'

2020-02-28 10:39:43 - [MESSAGE][PASSED] - Text of element 'Object Repository/iOS/Profile Page/profilepage_points_desc_dynamicexpire' is: 'PROFILE'

2020-02-28 10:39:43 - [TEST_STEP][PASSED] - verifyElementExist(findTestObject("iOS/Profile Page/profilepage_points_desc_dynamicpoints"), 2, CONTINUE_ON_FAILURE): Element 'Object Repository/iOS/Profile Page/profilepage_points_desc_dynamicpoints' is exist

2020-02-28 10:39:55 - [MESSAGE][PASSED] - Element 'Object Repository/iOS/Profile Page/profilepage_points_desc_dynamicpoints' is exist

2020-02-28 10:39:55 - [TEST_STEP][PASSED] - verifyElementVisible(findTestObject("iOS/Profile Page/profilepage_points_desc_dynamicpoints"), 2, CONTINUE_ON_FAILURE): Element 'Object Repository/iOS/Profile Page/profilepage_points_desc_dynamicpoints' is visible

2020-02-28 10:40:08 - [MESSAGE][PASSED] - Element 'Object Repository/iOS/Profile Page/profilepage_points_desc_dynamicpoints' is visible

2020-02-28 10:40:08 - [TEST_STEP][PASSED] - getText(findTestObject("iOS/Profile Page/profilepage_points_desc_dynamicpoints"), 1, CONTINUE_ON_FAILURE): Text of element 'Object Repository/iOS/Profile Page/profilepage_points_desc_dynamicpoints' is: 'PROFILE'

2020-02-28 10:40:21 - [MESSAGE][PASSED] - Text of element 'Object Repository/iOS/Profile Page/profilepage_points_desc_dynamicpoints' is: 'PROFILE'

2020-02-28 10:40:21 - [TEST_STEP][PASSED] - verifyElementExist(findTestObject("iOS/Profile Page/profilepage_points_imgBgPoints"), 2, CONTINUE_ON_FAILURE): Element 'Object Repository/iOS/Profile Page/profilepage_points_imgBgPoints' is exist

2020-02-28 10:40:25 - [MESSAGE][PASSED] - Element 'Object Repository/iOS/Profile Page/profilepage_points_imgBgPoints' is exist

2020-02-28 10:40:25 - [TEST_STEP][PASSED] - verifyElementExist(findTestObject("iOS/Profile Page/profilepage_points_imgInfoIcon"), 2, CONTINUE_ON_FAILURE): Element 'Object Repository/iOS/Profile Page/profilepage_points_imgInfoIcon' is exist

2020-02-28 10:40:29 - [MESSAGE][PASSED] - Element 'Object Repository/iOS/Profile Page/profilepage_points_imgInfoIcon' is exist

2020-02-28 10:40:29 - [TEST_STEP][PASSED] - verifyElementExist(findTestObject("iOS/Profile Page/profilepage_points_title_myKFC"), 2, CONTINUE_ON_FAILURE): Element 'Object Repository/iOS/Profile Page/profilepage_points_title_myKFC' is exist

2020-02-28 10:40:33 - [MESSAGE][PASSED] - Element 'Object Repository/iOS/Profile Page/profilepage_points_title_myKFC' is exist

2020-02-28 10:40:33 - [TEST_STEP][PASSED] - verifyElementVisible(findTestObject("iOS/Profile Page/profilepage_points_title_myKFC"), 2, CONTINUE_ON_FAILURE): Element 'Object Repository/iOS/Profile Page/profilepage_points_title_myKFC' is visible

2020-02-28 10:40:37 - [MESSAGE][PASSED] - Element 'Object Repository/iOS/Profile Page/profilepage_points_title_myKFC' is visible

2020-02-28 10:40:37 - [TEST_STEP][PASSED] - getText(findTestObject("iOS/Profile Page/profilepage_points_title_myKFC"), 1, CONTINUE_ON_FAILURE): Text of element 'Object Repository/iOS/Profile Page/profilepage_points_title_myKFC' is: 'My KFC Points'

2020-02-28 10:40:43 - [MESSAGE][PASSED] - Text of element 'Object Repository/iOS/Profile Page/profilepage_points_title_myKFC' is: 'My KFC Points'

2020-02-28 10:40:43 - [TEST_STEP][PASSED] - comment("Points section done checking"): Points section done checking

2020-02-28 10:40:43 - [MESSAGE][INFO] - Points section done checking]]></system-out>
         <system-err><![CDATA[]]></system-err>
      </testcase>
      <testcase name="Test Cases/RegressioniOS - Loyality and Rewards/2. View Vouchers List" time="148.903" classname="Test Cases/RegressioniOS - Loyality and Rewards/2. View Vouchers List" status="FAILED">
         <failure type="FAILED" message="Test Cases/RegressioniOS - Loyality and Rewards/2. View Vouchers List FAILED.
Reason:
com.kms.katalon.core.exception.StepFailedException: Element 'Object Repository/iOS/Voucher List Page/vouchlist_header_title_voucher' not found
	at com.kms.katalon.core.keyword.internal.KeywordMain.stepFailed(KeywordMain.groovy:39)
	at com.kms.katalon.core.mobile.keyword.internal.MobileKeywordMain.stepFailed(MobileKeywordMain.groovy:40)
	at com.kms.katalon.core.mobile.keyword.builtin.VerifyElementExistKeyword$_verifyElementExist_closure1.doCall(VerifyElementExistKeyword.groovy:77)
	at com.kms.katalon.core.mobile.keyword.builtin.VerifyElementExistKeyword$_verifyElementExist_closure1.call(VerifyElementExistKeyword.groovy)
	at com.kms.katalon.core.mobile.keyword.internal.MobileKeywordMain.runKeyword(MobileKeywordMain.groovy:21)
	at com.kms.katalon.core.mobile.keyword.builtin.VerifyElementExistKeyword.verifyElementExist(VerifyElementExistKeyword.groovy:80)
	at com.kms.katalon.core.mobile.keyword.builtin.VerifyElementExistKeyword.execute(VerifyElementExistKeyword.groovy:64)
	at com.kms.katalon.core.keyword.internal.KeywordExecutor.executeKeywordForPlatform(KeywordExecutor.groovy:60)
	at com.kms.katalon.core.mobile.keyword.MobileBuiltInKeywords.verifyElementExist(MobileBuiltInKeywords.groovy:640)
	at com.kms.katalon.core.mobile.keyword.MobileBuiltInKeywords$verifyElementExist$0.call(Unknown Source)
	at 2. View Vouchers List.run(2. View Vouchers List:24)
	at com.kms.katalon.core.main.ScriptEngine.run(ScriptEngine.java:194)
	at com.kms.katalon.core.main.ScriptEngine.runScriptAsRawText(ScriptEngine.java:119)
	at com.kms.katalon.core.main.TestCaseExecutor.runScript(TestCaseExecutor.java:337)
	at com.kms.katalon.core.main.TestCaseExecutor.doExecute(TestCaseExecutor.java:328)
	at com.kms.katalon.core.main.TestCaseExecutor.processExecutionPhase(TestCaseExecutor.java:307)
	at com.kms.katalon.core.main.TestCaseExecutor.accessMainPhase(TestCaseExecutor.java:299)
	at com.kms.katalon.core.main.TestCaseExecutor.execute(TestCaseExecutor.java:233)
	at com.kms.katalon.core.main.TestSuiteExecutor.accessTestCaseMainPhase(TestSuiteExecutor.java:169)
	at com.kms.katalon.core.main.TestSuiteExecutor.accessTestSuiteMainPhase(TestSuiteExecutor.java:142)
	at com.kms.katalon.core.main.TestSuiteExecutor.execute(TestSuiteExecutor.java:91)
	at com.kms.katalon.core.main.TestCaseMain.startTestSuite(TestCaseMain.java:157)
	at com.kms.katalon.core.main.TestCaseMain$startTestSuite$0.call(Unknown Source)
	at TempTestSuite1582861053668.run(TempTestSuite1582861053668.groovy:36)
"/>
         <system-out><![CDATA[2020-02-28 10:40:43 - [TEST_CASE][FAILED] - Test Cases/RegressioniOS - Loyality and Rewards/2. View Vouchers List: Test Cases/RegressioniOS - Loyality and Rewards/2. View Vouchers List FAILED.
Reason:
com.kms.katalon.core.exception.StepFailedException: Element 'Object Repository/iOS/Voucher List Page/vouchlist_header_title_voucher' not found
	at com.kms.katalon.core.keyword.internal.KeywordMain.stepFailed(KeywordMain.groovy:39)
	at com.kms.katalon.core.mobile.keyword.internal.MobileKeywordMain.stepFailed(MobileKeywordMain.groovy:40)
	at com.kms.katalon.core.mobile.keyword.builtin.VerifyElementExistKeyword$_verifyElementExist_closure1.doCall(VerifyElementExistKeyword.groovy:77)
	at com.kms.katalon.core.mobile.keyword.builtin.VerifyElementExistKeyword$_verifyElementExist_closure1.call(VerifyElementExistKeyword.groovy)
	at com.kms.katalon.core.mobile.keyword.internal.MobileKeywordMain.runKeyword(MobileKeywordMain.groovy:21)
	at com.kms.katalon.core.mobile.keyword.builtin.VerifyElementExistKeyword.verifyElementExist(VerifyElementExistKeyword.groovy:80)
	at com.kms.katalon.core.mobile.keyword.builtin.VerifyElementExistKeyword.execute(VerifyElementExistKeyword.groovy:64)
	at com.kms.katalon.core.keyword.internal.KeywordExecutor.executeKeywordForPlatform(KeywordExecutor.groovy:60)
	at com.kms.katalon.core.mobile.keyword.MobileBuiltInKeywords.verifyElementExist(MobileBuiltInKeywords.groovy:640)
	at com.kms.katalon.core.mobile.keyword.MobileBuiltInKeywords$verifyElementExist$0.call(Unknown Source)
	at 2. View Vouchers List.run(2. View Vouchers List:24)
	at com.kms.katalon.core.main.ScriptEngine.run(ScriptEngine.java:194)
	at com.kms.katalon.core.main.ScriptEngine.runScriptAsRawText(ScriptEngine.java:119)
	at com.kms.katalon.core.main.TestCaseExecutor.runScript(TestCaseExecutor.java:337)
	at com.kms.katalon.core.main.TestCaseExecutor.doExecute(TestCaseExecutor.java:328)
	at com.kms.katalon.core.main.TestCaseExecutor.processExecutionPhase(TestCaseExecutor.java:307)
	at com.kms.katalon.core.main.TestCaseExecutor.accessMainPhase(TestCaseExecutor.java:299)
	at com.kms.katalon.core.main.TestCaseExecutor.execute(TestCaseExecutor.java:233)
	at com.kms.katalon.core.main.TestSuiteExecutor.accessTestCaseMainPhase(TestSuiteExecutor.java:169)
	at com.kms.katalon.core.main.TestSuiteExecutor.accessTestSuiteMainPhase(TestSuiteExecutor.java:142)
	at com.kms.katalon.core.main.TestSuiteExecutor.execute(TestSuiteExecutor.java:91)
	at com.kms.katalon.core.main.TestCaseMain.startTestSuite(TestCaseMain.java:157)
	at com.kms.katalon.core.main.TestCaseMain$startTestSuite$0.call(Unknown Source)
	at TempTestSuite1582861053668.run(TempTestSuite1582861053668.groovy:36)


2020-02-28 10:40:43 - [TEST_STEP][PASSED] - comment("Voucher List Page Check"): Voucher List Page Check

2020-02-28 10:40:43 - [MESSAGE][INFO] - Voucher List Page Check

2020-02-28 10:40:43 - [TEST_STEP][PASSED] - waitForElementPresent(findTestObject("iOS/Voucher List Page/vouchlist_vouch1_title"), 1, CONTINUE_ON_FAILURE): Object Object Repository/iOS/Voucher List Page/vouchlist_vouch1_title not found

2020-02-28 10:40:48 - [MESSAGE][WARNING] - Object Object Repository/iOS/Voucher List Page/vouchlist_vouch1_title not found

2020-02-28 10:40:48 - [TEST_STEP][PASSED] - verifyElementExist(findTestObject("iOS/Voucher List Page/vouchlist_header_btnBack"), 1, CONTINUE_ON_FAILURE): Element 'Object Repository/iOS/Voucher List Page/vouchlist_header_btnBack' is exist

2020-02-28 10:40:54 - [MESSAGE][PASSED] - Element 'Object Repository/iOS/Voucher List Page/vouchlist_header_btnBack' is exist

2020-02-28 10:40:54 - [TEST_STEP][FAILED] - verifyElementExist(findTestObject("iOS/Voucher List Page/vouchlist_header_title_voucher"), 1, CONTINUE_ON_FAILURE): Element 'Object Repository/iOS/Voucher List Page/vouchlist_header_title_voucher' not found

2020-02-28 10:40:59 - [MESSAGE][FAILED] - Element 'Object Repository/iOS/Voucher List Page/vouchlist_header_title_voucher' not found
[[ATTACHMENT|/Users/bambangtripamungkas/git/KFCiOS/Reports/20200228_103733/Regression Test - Loyality and Rewards/20200228_103733/1582861258169.png]]

2020-02-28 10:40:59 - [TEST_STEP][FAILED] - verifyElementVisible(findTestObject("iOS/Voucher List Page/vouchlist_header_title_voucher"), 1, CONTINUE_ON_FAILURE): Element 'Object Repository/iOS/Voucher List Page/vouchlist_header_title_voucher' not found

2020-02-28 10:41:03 - [MESSAGE][FAILED] - Element 'Object Repository/iOS/Voucher List Page/vouchlist_header_title_voucher' not found
[[ATTACHMENT|/Users/bambangtripamungkas/git/KFCiOS/Reports/20200228_103733/Regression Test - Loyality and Rewards/20200228_103733/1582861262997.png]]

2020-02-28 10:41:03 - [TEST_STEP][FAILED] - getText(findTestObject("iOS/Voucher List Page/vouchlist_header_title_voucher"), 1, CONTINUE_ON_FAILURE): Object Object Repository/iOS/Voucher List Page/vouchlist_header_title_voucher not found

2020-02-28 10:41:07 - [MESSAGE][FAILED] - Object Object Repository/iOS/Voucher List Page/vouchlist_header_title_voucher not found
[[ATTACHMENT|/Users/bambangtripamungkas/git/KFCiOS/Reports/20200228_103733/Regression Test - Loyality and Rewards/20200228_103733/1582861267202.png]]

2020-02-28 10:41:07 - [TEST_STEP][FAILED] - verifyElementExist(findTestObject("iOS/Voucher List Page/vouchlist_points_title"), 1, CONTINUE_ON_FAILURE): Element 'Object Repository/iOS/Voucher List Page/vouchlist_points_title' not found

2020-02-28 10:41:11 - [MESSAGE][FAILED] - Element 'Object Repository/iOS/Voucher List Page/vouchlist_points_title' not found
[[ATTACHMENT|/Users/bambangtripamungkas/git/KFCiOS/Reports/20200228_103733/Regression Test - Loyality and Rewards/20200228_103733/1582861271727.png]]

2020-02-28 10:41:11 - [TEST_STEP][FAILED] - verifyElementVisible(findTestObject("iOS/Voucher List Page/vouchlist_points_title"), 1, CONTINUE_ON_FAILURE): Element 'Object Repository/iOS/Voucher List Page/vouchlist_points_title' not found

2020-02-28 10:41:15 - [MESSAGE][FAILED] - Element 'Object Repository/iOS/Voucher List Page/vouchlist_points_title' not found
[[ATTACHMENT|/Users/bambangtripamungkas/git/KFCiOS/Reports/20200228_103733/Regression Test - Loyality and Rewards/20200228_103733/1582861275688.png]]

2020-02-28 10:41:15 - [TEST_STEP][FAILED] - getText(findTestObject("iOS/Voucher List Page/vouchlist_points_title"), 1, CONTINUE_ON_FAILURE): Object Object Repository/iOS/Voucher List Page/vouchlist_points_title not found

2020-02-28 10:41:19 - [MESSAGE][FAILED] - Object Object Repository/iOS/Voucher List Page/vouchlist_points_title not found
[[ATTACHMENT|/Users/bambangtripamungkas/git/KFCiOS/Reports/20200228_103733/Regression Test - Loyality and Rewards/20200228_103733/1582861279806.png]]

2020-02-28 10:41:19 - [TEST_STEP][FAILED] - verifyElementExist(findTestObject("iOS/Voucher List Page/vouchlist_points_desc_pointexpired"), 1, CONTINUE_ON_FAILURE): Element 'Object Repository/iOS/Voucher List Page/vouchlist_points_desc_pointexpired' not found

2020-02-28 10:41:24 - [MESSAGE][FAILED] - Element 'Object Repository/iOS/Voucher List Page/vouchlist_points_desc_pointexpired' not found
[[ATTACHMENT|/Users/bambangtripamungkas/git/KFCiOS/Reports/20200228_103733/Regression Test - Loyality and Rewards/20200228_103733/1582861284041.png]]

2020-02-28 10:41:24 - [TEST_STEP][FAILED] - verifyElementVisible(findTestObject("iOS/Voucher List Page/vouchlist_points_desc_pointexpired"), 1, CONTINUE_ON_FAILURE): Element 'Object Repository/iOS/Voucher List Page/vouchlist_points_desc_pointexpired' not found

2020-02-28 10:41:28 - [MESSAGE][FAILED] - Element 'Object Repository/iOS/Voucher List Page/vouchlist_points_desc_pointexpired' not found
[[ATTACHMENT|/Users/bambangtripamungkas/git/KFCiOS/Reports/20200228_103733/Regression Test - Loyality and Rewards/20200228_103733/1582861287955.png]]

2020-02-28 10:41:28 - [TEST_STEP][FAILED] - getText(findTestObject("iOS/Voucher List Page/vouchlist_points_desc_pointexpired"), 1, CONTINUE_ON_FAILURE): Object Object Repository/iOS/Voucher List Page/vouchlist_points_desc_pointexpired not found

2020-02-28 10:41:33 - [MESSAGE][FAILED] - Object Object Repository/iOS/Voucher List Page/vouchlist_points_desc_pointexpired not found
[[ATTACHMENT|/Users/bambangtripamungkas/git/KFCiOS/Reports/20200228_103733/Regression Test - Loyality and Rewards/20200228_103733/1582861292851.png]]

2020-02-28 10:41:33 - [TEST_STEP][PASSED] - verifyElementExist(findTestObject("iOS/Voucher List Page/vouchlist_points_desc_dynamicpoint"), 1, CONTINUE_ON_FAILURE): Element 'Object Repository/iOS/Voucher List Page/vouchlist_points_desc_dynamicpoint' is exist

2020-02-28 10:41:37 - [MESSAGE][PASSED] - Element 'Object Repository/iOS/Voucher List Page/vouchlist_points_desc_dynamicpoint' is exist

2020-02-28 10:41:37 - [TEST_STEP][PASSED] - verifyElementVisible(findTestObject("iOS/Voucher List Page/vouchlist_points_desc_dynamicpoint"), 1, CONTINUE_ON_FAILURE): Element 'Object Repository/iOS/Voucher List Page/vouchlist_points_desc_dynamicpoint' is visible

2020-02-28 10:41:41 - [MESSAGE][PASSED] - Element 'Object Repository/iOS/Voucher List Page/vouchlist_points_desc_dynamicpoint' is visible

2020-02-28 10:41:41 - [TEST_STEP][PASSED] - getText(findTestObject("iOS/Voucher List Page/vouchlist_points_desc_dynamicpoint"), 1, CONTINUE_ON_FAILURE): Text of element 'Object Repository/iOS/Voucher List Page/vouchlist_points_desc_dynamicpoint' is: '26'

2020-02-28 10:41:46 - [MESSAGE][PASSED] - Text of element 'Object Repository/iOS/Voucher List Page/vouchlist_points_desc_dynamicpoint' is: '26'

2020-02-28 10:41:46 - [TEST_STEP][FAILED] - verifyElementExist(findTestObject("iOS/Voucher List Page/vouchlist_title_redeemyour"), 1, CONTINUE_ON_FAILURE): Element 'Object Repository/iOS/Voucher List Page/vouchlist_title_redeemyour' not found

2020-02-28 10:41:50 - [MESSAGE][FAILED] - Element 'Object Repository/iOS/Voucher List Page/vouchlist_title_redeemyour' not found
[[ATTACHMENT|/Users/bambangtripamungkas/git/KFCiOS/Reports/20200228_103733/Regression Test - Loyality and Rewards/20200228_103733/1582861309918.png]]

2020-02-28 10:41:50 - [TEST_STEP][FAILED] - verifyElementVisible(findTestObject("iOS/Voucher List Page/vouchlist_title_redeemyour"), 1, CONTINUE_ON_FAILURE): Element 'Object Repository/iOS/Voucher List Page/vouchlist_title_redeemyour' not found

2020-02-28 10:41:54 - [MESSAGE][FAILED] - Element 'Object Repository/iOS/Voucher List Page/vouchlist_title_redeemyour' not found
[[ATTACHMENT|/Users/bambangtripamungkas/git/KFCiOS/Reports/20200228_103733/Regression Test - Loyality and Rewards/20200228_103733/1582861314440.png]]

2020-02-28 10:41:54 - [TEST_STEP][FAILED] - getText(findTestObject("iOS/Voucher List Page/vouchlist_title_redeemyour"), 1, CONTINUE_ON_FAILURE): Object Object Repository/iOS/Voucher List Page/vouchlist_title_redeemyour not found

2020-02-28 10:41:58 - [MESSAGE][FAILED] - Object Object Repository/iOS/Voucher List Page/vouchlist_title_redeemyour not found
[[ATTACHMENT|/Users/bambangtripamungkas/git/KFCiOS/Reports/20200228_103733/Regression Test - Loyality and Rewards/20200228_103733/1582861318377.png]]

2020-02-28 10:41:58 - [TEST_STEP][FAILED] - verifyElementExist(findTestObject("iOS/Voucher List Page/vouchlist_desc_youcan"), 1, CONTINUE_ON_FAILURE): Element 'Object Repository/iOS/Voucher List Page/vouchlist_desc_youcan' not found

2020-02-28 10:42:02 - [MESSAGE][FAILED] - Element 'Object Repository/iOS/Voucher List Page/vouchlist_desc_youcan' not found
[[ATTACHMENT|/Users/bambangtripamungkas/git/KFCiOS/Reports/20200228_103733/Regression Test - Loyality and Rewards/20200228_103733/1582861322423.png]]

2020-02-28 10:42:02 - [TEST_STEP][FAILED] - verifyElementVisible(findTestObject("iOS/Voucher List Page/vouchlist_desc_youcan"), 1, CONTINUE_ON_FAILURE): Element 'Object Repository/iOS/Voucher List Page/vouchlist_desc_youcan' not found

2020-02-28 10:42:06 - [MESSAGE][FAILED] - Element 'Object Repository/iOS/Voucher List Page/vouchlist_desc_youcan' not found
[[ATTACHMENT|/Users/bambangtripamungkas/git/KFCiOS/Reports/20200228_103733/Regression Test - Loyality and Rewards/20200228_103733/1582861326364.png]]

2020-02-28 10:42:06 - [TEST_STEP][FAILED] - getText(findTestObject("iOS/Voucher List Page/vouchlist_desc_youcan"), 1, CONTINUE_ON_FAILURE): Object Object Repository/iOS/Voucher List Page/vouchlist_desc_youcan not found

2020-02-28 10:42:10 - [MESSAGE][FAILED] - Object Object Repository/iOS/Voucher List Page/vouchlist_desc_youcan not found
[[ATTACHMENT|/Users/bambangtripamungkas/git/KFCiOS/Reports/20200228_103733/Regression Test - Loyality and Rewards/20200228_103733/1582861330289.png]]

2020-02-28 10:42:10 - [TEST_STEP][PASSED] - comment("Voucher 1 Check"): Voucher 1 Check

2020-02-28 10:42:10 - [MESSAGE][INFO] - Voucher 1 Check

2020-02-28 10:42:10 - [TEST_STEP][FAILED] - verifyElementExist(findTestObject("iOS/Voucher List Page/vouchlist_vouch1_title"), 1, CONTINUE_ON_FAILURE): Element 'Object Repository/iOS/Voucher List Page/vouchlist_vouch1_title' not found

2020-02-28 10:42:14 - [MESSAGE][FAILED] - Element 'Object Repository/iOS/Voucher List Page/vouchlist_vouch1_title' not found
[[ATTACHMENT|/Users/bambangtripamungkas/git/KFCiOS/Reports/20200228_103733/Regression Test - Loyality and Rewards/20200228_103733/1582861334290.png]]

2020-02-28 10:42:14 - [TEST_STEP][FAILED] - verifyElementExist(findTestObject("iOS/Voucher List Page/vouchlist_vouch1_title"), 1, CONTINUE_ON_FAILURE): Element 'Object Repository/iOS/Voucher List Page/vouchlist_vouch1_title' not found

2020-02-28 10:42:18 - [MESSAGE][FAILED] - Element 'Object Repository/iOS/Voucher List Page/vouchlist_vouch1_title' not found
[[ATTACHMENT|/Users/bambangtripamungkas/git/KFCiOS/Reports/20200228_103733/Regression Test - Loyality and Rewards/20200228_103733/1582861338222.png]]

2020-02-28 10:42:18 - [TEST_STEP][FAILED] - verifyElementVisible(findTestObject("iOS/Voucher List Page/vouchlist_vouch1_title"), 1, CONTINUE_ON_FAILURE): Element 'Object Repository/iOS/Voucher List Page/vouchlist_vouch1_title' not found

2020-02-28 10:42:22 - [MESSAGE][FAILED] - Element 'Object Repository/iOS/Voucher List Page/vouchlist_vouch1_title' not found
[[ATTACHMENT|/Users/bambangtripamungkas/git/KFCiOS/Reports/20200228_103733/Regression Test - Loyality and Rewards/20200228_103733/1582861342114.png]]

2020-02-28 10:42:22 - [TEST_STEP][FAILED] - getText(findTestObject("iOS/Voucher List Page/vouchlist_vouch1_redeemamt"), 1, CONTINUE_ON_FAILURE): Object Object Repository/iOS/Voucher List Page/vouchlist_vouch1_redeemamt not found

2020-02-28 10:42:26 - [MESSAGE][FAILED] - Object Object Repository/iOS/Voucher List Page/vouchlist_vouch1_redeemamt not found
[[ATTACHMENT|/Users/bambangtripamungkas/git/KFCiOS/Reports/20200228_103733/Regression Test - Loyality and Rewards/20200228_103733/1582861345977.png]]

2020-02-28 10:42:26 - [TEST_STEP][FAILED] - getText(findTestObject("iOS/Voucher List Page/vouchlist_vouch1_redeemamt"), 1, CONTINUE_ON_FAILURE): Object Object Repository/iOS/Voucher List Page/vouchlist_vouch1_redeemamt not found

2020-02-28 10:42:30 - [MESSAGE][FAILED] - Object Object Repository/iOS/Voucher List Page/vouchlist_vouch1_redeemamt not found
[[ATTACHMENT|/Users/bambangtripamungkas/git/KFCiOS/Reports/20200228_103733/Regression Test - Loyality and Rewards/20200228_103733/1582861350186.png]]

2020-02-28 10:42:30 - [TEST_STEP][FAILED] - verifyElementVisible(findTestObject("iOS/Voucher List Page/vouchlist_vouch1_redeemamt"), 1, CONTINUE_ON_FAILURE): Element 'Object Repository/iOS/Voucher List Page/vouchlist_vouch1_redeemamt' not found

2020-02-28 10:42:34 - [MESSAGE][FAILED] - Element 'Object Repository/iOS/Voucher List Page/vouchlist_vouch1_redeemamt' not found
[[ATTACHMENT|/Users/bambangtripamungkas/git/KFCiOS/Reports/20200228_103733/Regression Test - Loyality and Rewards/20200228_103733/1582861354118.png]]

2020-02-28 10:42:34 - [TEST_STEP][FAILED] - getText(findTestObject("iOS/Voucher List Page/vouchlist_vouch1_desc_price"), 1, CONTINUE_ON_FAILURE): Object Object Repository/iOS/Voucher List Page/vouchlist_vouch1_desc_price not found

2020-02-28 10:42:38 - [MESSAGE][FAILED] - Object Object Repository/iOS/Voucher List Page/vouchlist_vouch1_desc_price not found
[[ATTACHMENT|/Users/bambangtripamungkas/git/KFCiOS/Reports/20200228_103733/Regression Test - Loyality and Rewards/20200228_103733/1582861358043.png]]

2020-02-28 10:42:38 - [TEST_STEP][FAILED] - getText(findTestObject("iOS/Voucher List Page/vouchlist_vouch1_desc_price"), 1, CONTINUE_ON_FAILURE): Object Object Repository/iOS/Voucher List Page/vouchlist_vouch1_desc_price not found

2020-02-28 10:42:42 - [MESSAGE][FAILED] - Object Object Repository/iOS/Voucher List Page/vouchlist_vouch1_desc_price not found
[[ATTACHMENT|/Users/bambangtripamungkas/git/KFCiOS/Reports/20200228_103733/Regression Test - Loyality and Rewards/20200228_103733/1582861361930.png]]

2020-02-28 10:42:42 - [TEST_STEP][FAILED] - verifyElementVisible(findTestObject("iOS/Voucher List Page/vouchlist_vouch1_desc_price"), 1, CONTINUE_ON_FAILURE): Element 'Object Repository/iOS/Voucher List Page/vouchlist_vouch1_desc_price' not found

2020-02-28 10:42:46 - [MESSAGE][FAILED] - Element 'Object Repository/iOS/Voucher List Page/vouchlist_vouch1_desc_price' not found
[[ATTACHMENT|/Users/bambangtripamungkas/git/KFCiOS/Reports/20200228_103733/Regression Test - Loyality and Rewards/20200228_103733/1582861365930.png]]

2020-02-28 10:42:46 - [TEST_STEP][FAILED] - getText(findTestObject("iOS/Voucher List Page/vouchlist_vouch1_btnRedeem_text"), 1, CONTINUE_ON_FAILURE): Object Object Repository/iOS/Voucher List Page/vouchlist_vouch1_btnRedeem_text not found

2020-02-28 10:42:50 - [MESSAGE][FAILED] - Object Object Repository/iOS/Voucher List Page/vouchlist_vouch1_btnRedeem_text not found
[[ATTACHMENT|/Users/bambangtripamungkas/git/KFCiOS/Reports/20200228_103733/Regression Test - Loyality and Rewards/20200228_103733/1582861369913.png]]

2020-02-28 10:42:50 - [TEST_STEP][FAILED] - verifyElementVisible(findTestObject("iOS/Voucher List Page/vouchlist_vouch1_btnRedeem_text"), 1, CONTINUE_ON_FAILURE): Element 'Object Repository/iOS/Voucher List Page/vouchlist_vouch1_btnRedeem_text' not found

2020-02-28 10:42:54 - [MESSAGE][FAILED] - Element 'Object Repository/iOS/Voucher List Page/vouchlist_vouch1_btnRedeem_text' not found
[[ATTACHMENT|/Users/bambangtripamungkas/git/KFCiOS/Reports/20200228_103733/Regression Test - Loyality and Rewards/20200228_103733/1582861373884.png]]

2020-02-28 10:42:54 - [TEST_STEP][FAILED] - getText(findTestObject("iOS/Voucher List Page/vouchlist_vouch1_btnRedeem_text"), 1, CONTINUE_ON_FAILURE): Object Object Repository/iOS/Voucher List Page/vouchlist_vouch1_btnRedeem_text not found

2020-02-28 10:42:58 - [MESSAGE][FAILED] - Object Object Repository/iOS/Voucher List Page/vouchlist_vouch1_btnRedeem_text not found
[[ATTACHMENT|/Users/bambangtripamungkas/git/KFCiOS/Reports/20200228_103733/Regression Test - Loyality and Rewards/20200228_103733/1582861377893.png]]

2020-02-28 10:42:58 - [TEST_STEP][FAILED] - getText(findTestObject("iOS/Voucher List Page/vouchlist_vouch1_btnRedeem"), 1, CONTINUE_ON_FAILURE): Object Object Repository/iOS/Voucher List Page/vouchlist_vouch1_btnRedeem not found

2020-02-28 10:43:01 - [MESSAGE][FAILED] - Object Object Repository/iOS/Voucher List Page/vouchlist_vouch1_btnRedeem not found
[[ATTACHMENT|/Users/bambangtripamungkas/git/KFCiOS/Reports/20200228_103733/Regression Test - Loyality and Rewards/20200228_103733/1582861381851.png]]

2020-02-28 10:43:01 - [TEST_STEP][FAILED] - verifyElementVisible(findTestObject("iOS/Voucher List Page/vouchlist_vouch1_btnRedeem"), 1, CONTINUE_ON_FAILURE): Element 'Object Repository/iOS/Voucher List Page/vouchlist_vouch1_btnRedeem' not found

2020-02-28 10:43:05 - [MESSAGE][FAILED] - Element 'Object Repository/iOS/Voucher List Page/vouchlist_vouch1_btnRedeem' not found
[[ATTACHMENT|/Users/bambangtripamungkas/git/KFCiOS/Reports/20200228_103733/Regression Test - Loyality and Rewards/20200228_103733/1582861385790.png]]

2020-02-28 10:43:05 - [TEST_STEP][PASSED] - swipe(100, 600, 100, 50, CONTINUE_ON_FAILURE): Swiped from 100,600 to 100,50

2020-02-28 10:43:06 - [MESSAGE][PASSED] - Swiped from 100,600 to 100,50

2020-02-28 10:43:06 - [TEST_STEP][PASSED] - swipe(100, 600, 100, 50, CONTINUE_ON_FAILURE): Swiped from 100,600 to 100,50

2020-02-28 10:43:07 - [MESSAGE][PASSED] - Swiped from 100,600 to 100,50

2020-02-28 10:43:07 - [TEST_STEP][FAILED] - tap(findTestObject("iOS/Voucher List Page/vouchlist_unbuyablevouch_text_550KFC"), 2, STOP_ON_FAILURE): Failed to tap on element 'Object Repository/iOS/Voucher List Page/vouchlist_unbuyablevouch_text_550KFC' (Root cause: com.kms.katalon.core.exception.StepFailedException: Object Object Repository/iOS/Voucher List Page/vouchlist_unbuyablevouch_text_550KFC not found
	at com.kms.katalon.core.keyword.internal.KeywordMain.stepFailed(KeywordMain.groovy:50)
	at com.kms.katalon.core.mobile.keyword.internal.MobileKeywordMain.stepFailed(MobileKeywordMain.groovy:40)
	at com.kms.katalon.core.mobile.keyword.builtin.TapKeyword$_tap_closure1.doCall(TapKeyword.groovy:79)
	at com.kms.katalon.core.mobile.keyword.builtin.TapKeyword$_tap_closure1.call(TapKeyword.groovy)
	at com.kms.katalon.core.mobile.keyword.internal.MobileKeywordMain.runKeyword(MobileKeywordMain.groovy:21)
	at com.kms.katalon.core.mobile.keyword.builtin.TapKeyword.tap(TapKeyword.groovy:86)
	at com.kms.katalon.core.mobile.keyword.builtin.TapKeyword.execute(TapKeyword.groovy:68)
	at com.kms.katalon.core.keyword.internal.KeywordExecutor.executeKeywordForPlatform(KeywordExecutor.groovy:60)
	at com.kms.katalon.core.mobile.keyword.MobileBuiltInKeywords.tap(MobileBuiltInKeywords.groovy:506)
	at com.kms.katalon.core.mobile.keyword.MobileBuiltInKeywords$tap$1.call(Unknown Source)
	at 2. View Vouchers List.run(2. View Vouchers List:94)
	at com.kms.katalon.core.main.ScriptEngine.run(ScriptEngine.java:194)
	at com.kms.katalon.core.main.ScriptEngine.runScriptAsRawText(ScriptEngine.java:119)
	at com.kms.katalon.core.main.TestCaseExecutor.runScript(TestCaseExecutor.java:337)
	at com.kms.katalon.core.main.TestCaseExecutor.doExecute(TestCaseExecutor.java:328)
	at com.kms.katalon.core.main.TestCaseExecutor.processExecutionPhase(TestCaseExecutor.java:307)
	at com.kms.katalon.core.main.TestCaseExecutor.accessMainPhase(TestCaseExecutor.java:299)
	at com.kms.katalon.core.main.TestCaseExecutor.execute(TestCaseExecutor.java:233)
	at com.kms.katalon.core.main.TestSuiteExecutor.accessTestCaseMainPhase(TestSuiteExecutor.java:169)
	at com.kms.katalon.core.main.TestSuiteExecutor.accessTestSuiteMainPhase(TestSuiteExecutor.java:142)
	at com.kms.katalon.core.main.TestSuiteExecutor.execute(TestSuiteExecutor.java:91)
	at com.kms.katalon.core.main.TestCaseMain.startTestSuite(TestCaseMain.java:157)
	at com.kms.katalon.core.main.TestCaseMain$startTestSuite$0.call(Unknown Source)
	at TempTestSuite1582861053668.run(TempTestSuite1582861053668.groovy:36)
)

2020-02-28 10:43:11 - [MESSAGE][FAILED] - Object Object Repository/iOS/Voucher List Page/vouchlist_unbuyablevouch_text_550KFC not found
[[ATTACHMENT|/Users/bambangtripamungkas/git/KFCiOS/Reports/20200228_103733/Regression Test - Loyality and Rewards/20200228_103733/1582861391587.png]]

2020-02-28 10:43:11 - [MESSAGE][FAILED] - Failed to tap on element 'Object Repository/iOS/Voucher List Page/vouchlist_unbuyablevouch_text_550KFC' (Root cause: com.kms.katalon.core.exception.StepFailedException: Object Object Repository/iOS/Voucher List Page/vouchlist_unbuyablevouch_text_550KFC not found
	at com.kms.katalon.core.keyword.internal.KeywordMain.stepFailed(KeywordMain.groovy:50)
	at com.kms.katalon.core.mobile.keyword.internal.MobileKeywordMain.stepFailed(MobileKeywordMain.groovy:40)
	at com.kms.katalon.core.mobile.keyword.builtin.TapKeyword$_tap_closure1.doCall(TapKeyword.groovy:79)
	at com.kms.katalon.core.mobile.keyword.builtin.TapKeyword$_tap_closure1.call(TapKeyword.groovy)
	at com.kms.katalon.core.mobile.keyword.internal.MobileKeywordMain.runKeyword(MobileKeywordMain.groovy:21)
	at com.kms.katalon.core.mobile.keyword.builtin.TapKeyword.tap(TapKeyword.groovy:86)
	at com.kms.katalon.core.mobile.keyword.builtin.TapKeyword.execute(TapKeyword.groovy:68)
	at com.kms.katalon.core.keyword.internal.KeywordExecutor.executeKeywordForPlatform(KeywordExecutor.groovy:60)
	at com.kms.katalon.core.mobile.keyword.MobileBuiltInKeywords.tap(MobileBuiltInKeywords.groovy:506)
	at com.kms.katalon.core.mobile.keyword.MobileBuiltInKeywords$tap$1.call(Unknown Source)
	at 2. View Vouchers List.run(2. View Vouchers List:94)
	at com.kms.katalon.core.main.ScriptEngine.run(ScriptEngine.java:194)
	at com.kms.katalon.core.main.ScriptEngine.runScriptAsRawText(ScriptEngine.java:119)
	at com.kms.katalon.core.main.TestCaseExecutor.runScript(TestCaseExecutor.java:337)
	at com.kms.katalon.core.main.TestCaseExecutor.doExecute(TestCaseExecutor.java:328)
	at com.kms.katalon.core.main.TestCaseExecutor.processExecutionPhase(TestCaseExecutor.java:307)
	at com.kms.katalon.core.main.TestCaseExecutor.accessMainPhase(TestCaseExecutor.java:299)
	at com.kms.katalon.core.main.TestCaseExecutor.execute(TestCaseExecutor.java:233)
	at com.kms.katalon.core.main.TestSuiteExecutor.accessTestCaseMainPhase(TestSuiteExecutor.java:169)
	at com.kms.katalon.core.main.TestSuiteExecutor.accessTestSuiteMainPhase(TestSuiteExecutor.java:142)
	at com.kms.katalon.core.main.TestSuiteExecutor.execute(TestSuiteExecutor.java:91)
	at com.kms.katalon.core.main.TestCaseMain.startTestSuite(TestCaseMain.java:157)
	at com.kms.katalon.core.main.TestCaseMain$startTestSuite$0.call(Unknown Source)
	at TempTestSuite1582861053668.run(TempTestSuite1582861053668.groovy:36)
)
[[ATTACHMENT|/Users/bambangtripamungkas/git/KFCiOS/Reports/20200228_103733/Regression Test - Loyality and Rewards/20200228_103733/1582861391808.png]]]]></system-out>
         <system-err><![CDATA[2020-02-28 10:40:43 - [TEST_CASE][FAILED] - Test Cases/RegressioniOS - Loyality and Rewards/2. View Vouchers List: Test Cases/RegressioniOS - Loyality and Rewards/2. View Vouchers List FAILED.
Reason:
com.kms.katalon.core.exception.StepFailedException: Element 'Object Repository/iOS/Voucher List Page/vouchlist_header_title_voucher' not found
	at com.kms.katalon.core.keyword.internal.KeywordMain.stepFailed(KeywordMain.groovy:39)
	at com.kms.katalon.core.mobile.keyword.internal.MobileKeywordMain.stepFailed(MobileKeywordMain.groovy:40)
	at com.kms.katalon.core.mobile.keyword.builtin.VerifyElementExistKeyword$_verifyElementExist_closure1.doCall(VerifyElementExistKeyword.groovy:77)
	at com.kms.katalon.core.mobile.keyword.builtin.VerifyElementExistKeyword$_verifyElementExist_closure1.call(VerifyElementExistKeyword.groovy)
	at com.kms.katalon.core.mobile.keyword.internal.MobileKeywordMain.runKeyword(MobileKeywordMain.groovy:21)
	at com.kms.katalon.core.mobile.keyword.builtin.VerifyElementExistKeyword.verifyElementExist(VerifyElementExistKeyword.groovy:80)
	at com.kms.katalon.core.mobile.keyword.builtin.VerifyElementExistKeyword.execute(VerifyElementExistKeyword.groovy:64)
	at com.kms.katalon.core.keyword.internal.KeywordExecutor.executeKeywordForPlatform(KeywordExecutor.groovy:60)
	at com.kms.katalon.core.mobile.keyword.MobileBuiltInKeywords.verifyElementExist(MobileBuiltInKeywords.groovy:640)
	at com.kms.katalon.core.mobile.keyword.MobileBuiltInKeywords$verifyElementExist$0.call(Unknown Source)
	at 2. View Vouchers List.run(2. View Vouchers List:24)
	at com.kms.katalon.core.main.ScriptEngine.run(ScriptEngine.java:194)
	at com.kms.katalon.core.main.ScriptEngine.runScriptAsRawText(ScriptEngine.java:119)
	at com.kms.katalon.core.main.TestCaseExecutor.runScript(TestCaseExecutor.java:337)
	at com.kms.katalon.core.main.TestCaseExecutor.doExecute(TestCaseExecutor.java:328)
	at com.kms.katalon.core.main.TestCaseExecutor.processExecutionPhase(TestCaseExecutor.java:307)
	at com.kms.katalon.core.main.TestCaseExecutor.accessMainPhase(TestCaseExecutor.java:299)
	at com.kms.katalon.core.main.TestCaseExecutor.execute(TestCaseExecutor.java:233)
	at com.kms.katalon.core.main.TestSuiteExecutor.accessTestCaseMainPhase(TestSuiteExecutor.java:169)
	at com.kms.katalon.core.main.TestSuiteExecutor.accessTestSuiteMainPhase(TestSuiteExecutor.java:142)
	at com.kms.katalon.core.main.TestSuiteExecutor.execute(TestSuiteExecutor.java:91)
	at com.kms.katalon.core.main.TestCaseMain.startTestSuite(TestCaseMain.java:157)
	at com.kms.katalon.core.main.TestCaseMain$startTestSuite$0.call(Unknown Source)
	at TempTestSuite1582861053668.run(TempTestSuite1582861053668.groovy:36)]]></system-err>
      </testcase>
      <testcase name="Test Cases/RegressioniOS - Loyality and Rewards/3. Verify all buttons on the rewards page" time="4.619" classname="Test Cases/RegressioniOS - Loyality and Rewards/3. Verify all buttons on the rewards page" status="FAILED">
         <failure type="FAILED" message="Test Cases/RegressioniOS - Loyality and Rewards/3. Verify all buttons on the rewards page FAILED.
Reason:
com.kms.katalon.core.exception.StepFailedException: Object Object Repository/iOS/Voucher List Page/vouchlist_vouch1_title not found
	at com.kms.katalon.core.keyword.internal.KeywordMain.stepFailed(KeywordMain.groovy:50)
	at com.kms.katalon.core.mobile.keyword.internal.MobileKeywordMain.stepFailed(MobileKeywordMain.groovy:40)
	at com.kms.katalon.core.mobile.keyword.builtin.TapKeyword$_tap_closure1.doCall(TapKeyword.groovy:79)
	at com.kms.katalon.core.mobile.keyword.builtin.TapKeyword$_tap_closure1.call(TapKeyword.groovy)
	at com.kms.katalon.core.mobile.keyword.internal.MobileKeywordMain.runKeyword(MobileKeywordMain.groovy:21)
	at com.kms.katalon.core.mobile.keyword.builtin.TapKeyword.tap(TapKeyword.groovy:86)
	at com.kms.katalon.core.mobile.keyword.builtin.TapKeyword.execute(TapKeyword.groovy:68)
	at com.kms.katalon.core.keyword.internal.KeywordExecutor.executeKeywordForPlatform(KeywordExecutor.groovy:60)
	at com.kms.katalon.core.mobile.keyword.MobileBuiltInKeywords.tap(MobileBuiltInKeywords.groovy:506)
	at com.kms.katalon.core.mobile.keyword.MobileBuiltInKeywords$tap$1.call(Unknown Source)
	at 3. Verify all buttons on the rewards page.run(3. Verify all buttons on the rewards page:20)
	at com.kms.katalon.core.main.ScriptEngine.run(ScriptEngine.java:194)
	at com.kms.katalon.core.main.ScriptEngine.runScriptAsRawText(ScriptEngine.java:119)
	at com.kms.katalon.core.main.TestCaseExecutor.runScript(TestCaseExecutor.java:337)
	at com.kms.katalon.core.main.TestCaseExecutor.doExecute(TestCaseExecutor.java:328)
	at com.kms.katalon.core.main.TestCaseExecutor.processExecutionPhase(TestCaseExecutor.java:307)
	at com.kms.katalon.core.main.TestCaseExecutor.accessMainPhase(TestCaseExecutor.java:299)
	at com.kms.katalon.core.main.TestCaseExecutor.execute(TestCaseExecutor.java:233)
	at com.kms.katalon.core.main.TestSuiteExecutor.accessTestCaseMainPhase(TestSuiteExecutor.java:169)
	at com.kms.katalon.core.main.TestSuiteExecutor.accessTestSuiteMainPhase(TestSuiteExecutor.java:142)
	at com.kms.katalon.core.main.TestSuiteExecutor.execute(TestSuiteExecutor.java:91)
	at com.kms.katalon.core.main.TestCaseMain.startTestSuite(TestCaseMain.java:157)
	at com.kms.katalon.core.main.TestCaseMain$startTestSuite$0.call(Unknown Source)
	at TempTestSuite1582861053668.run(TempTestSuite1582861053668.groovy:36)
"/>
         <system-out><![CDATA[2020-02-28 10:43:12 - [TEST_CASE][FAILED] - Test Cases/RegressioniOS - Loyality and Rewards/3. Verify all buttons on the rewards page: Test Cases/RegressioniOS - Loyality and Rewards/3. Verify all buttons on the rewards page FAILED.
Reason:
com.kms.katalon.core.exception.StepFailedException: Object Object Repository/iOS/Voucher List Page/vouchlist_vouch1_title not found
	at com.kms.katalon.core.keyword.internal.KeywordMain.stepFailed(KeywordMain.groovy:50)
	at com.kms.katalon.core.mobile.keyword.internal.MobileKeywordMain.stepFailed(MobileKeywordMain.groovy:40)
	at com.kms.katalon.core.mobile.keyword.builtin.TapKeyword$_tap_closure1.doCall(TapKeyword.groovy:79)
	at com.kms.katalon.core.mobile.keyword.builtin.TapKeyword$_tap_closure1.call(TapKeyword.groovy)
	at com.kms.katalon.core.mobile.keyword.internal.MobileKeywordMain.runKeyword(MobileKeywordMain.groovy:21)
	at com.kms.katalon.core.mobile.keyword.builtin.TapKeyword.tap(TapKeyword.groovy:86)
	at com.kms.katalon.core.mobile.keyword.builtin.TapKeyword.execute(TapKeyword.groovy:68)
	at com.kms.katalon.core.keyword.internal.KeywordExecutor.executeKeywordForPlatform(KeywordExecutor.groovy:60)
	at com.kms.katalon.core.mobile.keyword.MobileBuiltInKeywords.tap(MobileBuiltInKeywords.groovy:506)
	at com.kms.katalon.core.mobile.keyword.MobileBuiltInKeywords$tap$1.call(Unknown Source)
	at 3. Verify all buttons on the rewards page.run(3. Verify all buttons on the rewards page:20)
	at com.kms.katalon.core.main.ScriptEngine.run(ScriptEngine.java:194)
	at com.kms.katalon.core.main.ScriptEngine.runScriptAsRawText(ScriptEngine.java:119)
	at com.kms.katalon.core.main.TestCaseExecutor.runScript(TestCaseExecutor.java:337)
	at com.kms.katalon.core.main.TestCaseExecutor.doExecute(TestCaseExecutor.java:328)
	at com.kms.katalon.core.main.TestCaseExecutor.processExecutionPhase(TestCaseExecutor.java:307)
	at com.kms.katalon.core.main.TestCaseExecutor.accessMainPhase(TestCaseExecutor.java:299)
	at com.kms.katalon.core.main.TestCaseExecutor.execute(TestCaseExecutor.java:233)
	at com.kms.katalon.core.main.TestSuiteExecutor.accessTestCaseMainPhase(TestSuiteExecutor.java:169)
	at com.kms.katalon.core.main.TestSuiteExecutor.accessTestSuiteMainPhase(TestSuiteExecutor.java:142)
	at com.kms.katalon.core.main.TestSuiteExecutor.execute(TestSuiteExecutor.java:91)
	at com.kms.katalon.core.main.TestCaseMain.startTestSuite(TestCaseMain.java:157)
	at com.kms.katalon.core.main.TestCaseMain$startTestSuite$0.call(Unknown Source)
	at TempTestSuite1582861053668.run(TempTestSuite1582861053668.groovy:36)


2020-02-28 10:43:12 - [TEST_STEP][PASSED] - comment("Voucher Detail Page Check"): Voucher Detail Page Check

2020-02-28 10:43:12 - [MESSAGE][INFO] - Voucher Detail Page Check

2020-02-28 10:43:12 - [TEST_STEP][FAILED] - tap(findTestObject("iOS/Voucher List Page/vouchlist_vouch1_title"), 1, STOP_ON_FAILURE): Failed to tap on element 'Object Repository/iOS/Voucher List Page/vouchlist_vouch1_title' (Root cause: com.kms.katalon.core.exception.StepFailedException: Object Object Repository/iOS/Voucher List Page/vouchlist_vouch1_title not found
	at com.kms.katalon.core.keyword.internal.KeywordMain.stepFailed(KeywordMain.groovy:50)
	at com.kms.katalon.core.mobile.keyword.internal.MobileKeywordMain.stepFailed(MobileKeywordMain.groovy:40)
	at com.kms.katalon.core.mobile.keyword.builtin.TapKeyword$_tap_closure1.doCall(TapKeyword.groovy:79)
	at com.kms.katalon.core.mobile.keyword.builtin.TapKeyword$_tap_closure1.call(TapKeyword.groovy)
	at com.kms.katalon.core.mobile.keyword.internal.MobileKeywordMain.runKeyword(MobileKeywordMain.groovy:21)
	at com.kms.katalon.core.mobile.keyword.builtin.TapKeyword.tap(TapKeyword.groovy:86)
	at com.kms.katalon.core.mobile.keyword.builtin.TapKeyword.execute(TapKeyword.groovy:68)
	at com.kms.katalon.core.keyword.internal.KeywordExecutor.executeKeywordForPlatform(KeywordExecutor.groovy:60)
	at com.kms.katalon.core.mobile.keyword.MobileBuiltInKeywords.tap(MobileBuiltInKeywords.groovy:506)
	at com.kms.katalon.core.mobile.keyword.MobileBuiltInKeywords$tap$1.call(Unknown Source)
	at 3. Verify all buttons on the rewards page.run(3. Verify all buttons on the rewards page:20)
	at com.kms.katalon.core.main.ScriptEngine.run(ScriptEngine.java:194)
	at com.kms.katalon.core.main.ScriptEngine.runScriptAsRawText(ScriptEngine.java:119)
	at com.kms.katalon.core.main.TestCaseExecutor.runScript(TestCaseExecutor.java:337)
	at com.kms.katalon.core.main.TestCaseExecutor.doExecute(TestCaseExecutor.java:328)
	at com.kms.katalon.core.main.TestCaseExecutor.processExecutionPhase(TestCaseExecutor.java:307)
	at com.kms.katalon.core.main.TestCaseExecutor.accessMainPhase(TestCaseExecutor.java:299)
	at com.kms.katalon.core.main.TestCaseExecutor.execute(TestCaseExecutor.java:233)
	at com.kms.katalon.core.main.TestSuiteExecutor.accessTestCaseMainPhase(TestSuiteExecutor.java:169)
	at com.kms.katalon.core.main.TestSuiteExecutor.accessTestSuiteMainPhase(TestSuiteExecutor.java:142)
	at com.kms.katalon.core.main.TestSuiteExecutor.execute(TestSuiteExecutor.java:91)
	at com.kms.katalon.core.main.TestCaseMain.startTestSuite(TestCaseMain.java:157)
	at com.kms.katalon.core.main.TestCaseMain$startTestSuite$0.call(Unknown Source)
	at TempTestSuite1582861053668.run(TempTestSuite1582861053668.groovy:36)
)

2020-02-28 10:43:16 - [MESSAGE][FAILED] - Object Object Repository/iOS/Voucher List Page/vouchlist_vouch1_title not found
[[ATTACHMENT|/Users/bambangtripamungkas/git/KFCiOS/Reports/20200228_103733/Regression Test - Loyality and Rewards/20200228_103733/1582861396358.png]]

2020-02-28 10:43:16 - [MESSAGE][FAILED] - Failed to tap on element 'Object Repository/iOS/Voucher List Page/vouchlist_vouch1_title' (Root cause: com.kms.katalon.core.exception.StepFailedException: Object Object Repository/iOS/Voucher List Page/vouchlist_vouch1_title not found
	at com.kms.katalon.core.keyword.internal.KeywordMain.stepFailed(KeywordMain.groovy:50)
	at com.kms.katalon.core.mobile.keyword.internal.MobileKeywordMain.stepFailed(MobileKeywordMain.groovy:40)
	at com.kms.katalon.core.mobile.keyword.builtin.TapKeyword$_tap_closure1.doCall(TapKeyword.groovy:79)
	at com.kms.katalon.core.mobile.keyword.builtin.TapKeyword$_tap_closure1.call(TapKeyword.groovy)
	at com.kms.katalon.core.mobile.keyword.internal.MobileKeywordMain.runKeyword(MobileKeywordMain.groovy:21)
	at com.kms.katalon.core.mobile.keyword.builtin.TapKeyword.tap(TapKeyword.groovy:86)
	at com.kms.katalon.core.mobile.keyword.builtin.TapKeyword.execute(TapKeyword.groovy:68)
	at com.kms.katalon.core.keyword.internal.KeywordExecutor.executeKeywordForPlatform(KeywordExecutor.groovy:60)
	at com.kms.katalon.core.mobile.keyword.MobileBuiltInKeywords.tap(MobileBuiltInKeywords.groovy:506)
	at com.kms.katalon.core.mobile.keyword.MobileBuiltInKeywords$tap$1.call(Unknown Source)
	at 3. Verify all buttons on the rewards page.run(3. Verify all buttons on the rewards page:20)
	at com.kms.katalon.core.main.ScriptEngine.run(ScriptEngine.java:194)
	at com.kms.katalon.core.main.ScriptEngine.runScriptAsRawText(ScriptEngine.java:119)
	at com.kms.katalon.core.main.TestCaseExecutor.runScript(TestCaseExecutor.java:337)
	at com.kms.katalon.core.main.TestCaseExecutor.doExecute(TestCaseExecutor.java:328)
	at com.kms.katalon.core.main.TestCaseExecutor.processExecutionPhase(TestCaseExecutor.java:307)
	at com.kms.katalon.core.main.TestCaseExecutor.accessMainPhase(TestCaseExecutor.java:299)
	at com.kms.katalon.core.main.TestCaseExecutor.execute(TestCaseExecutor.java:233)
	at com.kms.katalon.core.main.TestSuiteExecutor.accessTestCaseMainPhase(TestSuiteExecutor.java:169)
	at com.kms.katalon.core.main.TestSuiteExecutor.accessTestSuiteMainPhase(TestSuiteExecutor.java:142)
	at com.kms.katalon.core.main.TestSuiteExecutor.execute(TestSuiteExecutor.java:91)
	at com.kms.katalon.core.main.TestCaseMain.startTestSuite(TestCaseMain.java:157)
	at com.kms.katalon.core.main.TestCaseMain$startTestSuite$0.call(Unknown Source)
	at TempTestSuite1582861053668.run(TempTestSuite1582861053668.groovy:36)
)
[[ATTACHMENT|/Users/bambangtripamungkas/git/KFCiOS/Reports/20200228_103733/Regression Test - Loyality and Rewards/20200228_103733/1582861396498.png]]]]></system-out>
         <system-err><![CDATA[2020-02-28 10:43:12 - [TEST_CASE][FAILED] - Test Cases/RegressioniOS - Loyality and Rewards/3. Verify all buttons on the rewards page: Test Cases/RegressioniOS - Loyality and Rewards/3. Verify all buttons on the rewards page FAILED.
Reason:
com.kms.katalon.core.exception.StepFailedException: Object Object Repository/iOS/Voucher List Page/vouchlist_vouch1_title not found
	at com.kms.katalon.core.keyword.internal.KeywordMain.stepFailed(KeywordMain.groovy:50)
	at com.kms.katalon.core.mobile.keyword.internal.MobileKeywordMain.stepFailed(MobileKeywordMain.groovy:40)
	at com.kms.katalon.core.mobile.keyword.builtin.TapKeyword$_tap_closure1.doCall(TapKeyword.groovy:79)
	at com.kms.katalon.core.mobile.keyword.builtin.TapKeyword$_tap_closure1.call(TapKeyword.groovy)
	at com.kms.katalon.core.mobile.keyword.internal.MobileKeywordMain.runKeyword(MobileKeywordMain.groovy:21)
	at com.kms.katalon.core.mobile.keyword.builtin.TapKeyword.tap(TapKeyword.groovy:86)
	at com.kms.katalon.core.mobile.keyword.builtin.TapKeyword.execute(TapKeyword.groovy:68)
	at com.kms.katalon.core.keyword.internal.KeywordExecutor.executeKeywordForPlatform(KeywordExecutor.groovy:60)
	at com.kms.katalon.core.mobile.keyword.MobileBuiltInKeywords.tap(MobileBuiltInKeywords.groovy:506)
	at com.kms.katalon.core.mobile.keyword.MobileBuiltInKeywords$tap$1.call(Unknown Source)
	at 3. Verify all buttons on the rewards page.run(3. Verify all buttons on the rewards page:20)
	at com.kms.katalon.core.main.ScriptEngine.run(ScriptEngine.java:194)
	at com.kms.katalon.core.main.ScriptEngine.runScriptAsRawText(ScriptEngine.java:119)
	at com.kms.katalon.core.main.TestCaseExecutor.runScript(TestCaseExecutor.java:337)
	at com.kms.katalon.core.main.TestCaseExecutor.doExecute(TestCaseExecutor.java:328)
	at com.kms.katalon.core.main.TestCaseExecutor.processExecutionPhase(TestCaseExecutor.java:307)
	at com.kms.katalon.core.main.TestCaseExecutor.accessMainPhase(TestCaseExecutor.java:299)
	at com.kms.katalon.core.main.TestCaseExecutor.execute(TestCaseExecutor.java:233)
	at com.kms.katalon.core.main.TestSuiteExecutor.accessTestCaseMainPhase(TestSuiteExecutor.java:169)
	at com.kms.katalon.core.main.TestSuiteExecutor.accessTestSuiteMainPhase(TestSuiteExecutor.java:142)
	at com.kms.katalon.core.main.TestSuiteExecutor.execute(TestSuiteExecutor.java:91)
	at com.kms.katalon.core.main.TestCaseMain.startTestSuite(TestCaseMain.java:157)
	at com.kms.katalon.core.main.TestCaseMain$startTestSuite$0.call(Unknown Source)
	at TempTestSuite1582861053668.run(TempTestSuite1582861053668.groovy:36)]]></system-err>
      </testcase>
      <testcase name="Test Cases/RegressioniOS - Loyality and Rewards/4. Verify Rewards Detail Page" time="13.4" classname="Test Cases/RegressioniOS - Loyality and Rewards/4. Verify Rewards Detail Page" status="FAILED">
         <failure type="FAILED" message="Test Cases/RegressioniOS - Loyality and Rewards/4. Verify Rewards Detail Page FAILED.
Reason:
com.kms.katalon.core.exception.StepFailedException: Element 'Object Repository/iOS/Voucher List Page/vouchlist_vouch1_title' not found
	at com.kms.katalon.core.keyword.internal.KeywordMain.stepFailed(KeywordMain.groovy:39)
	at com.kms.katalon.core.mobile.keyword.internal.MobileKeywordMain.stepFailed(MobileKeywordMain.groovy:40)
	at com.kms.katalon.core.mobile.keyword.builtin.VerifyElementExistKeyword$_verifyElementExist_closure1.doCall(VerifyElementExistKeyword.groovy:77)
	at com.kms.katalon.core.mobile.keyword.builtin.VerifyElementExistKeyword$_verifyElementExist_closure1.call(VerifyElementExistKeyword.groovy)
	at com.kms.katalon.core.mobile.keyword.internal.MobileKeywordMain.runKeyword(MobileKeywordMain.groovy:21)
	at com.kms.katalon.core.mobile.keyword.builtin.VerifyElementExistKeyword.verifyElementExist(VerifyElementExistKeyword.groovy:80)
	at com.kms.katalon.core.mobile.keyword.builtin.VerifyElementExistKeyword.execute(VerifyElementExistKeyword.groovy:64)
	at com.kms.katalon.core.keyword.internal.KeywordExecutor.executeKeywordForPlatform(KeywordExecutor.groovy:60)
	at com.kms.katalon.core.mobile.keyword.MobileBuiltInKeywords.verifyElementExist(MobileBuiltInKeywords.groovy:640)
	at com.kms.katalon.core.mobile.keyword.MobileBuiltInKeywords$verifyElementExist$0.call(Unknown Source)
	at 4. Verify Rewards Detail Page.run(4. Verify Rewards Detail Page:22)
	at com.kms.katalon.core.main.ScriptEngine.run(ScriptEngine.java:194)
	at com.kms.katalon.core.main.ScriptEngine.runScriptAsRawText(ScriptEngine.java:119)
	at com.kms.katalon.core.main.TestCaseExecutor.runScript(TestCaseExecutor.java:337)
	at com.kms.katalon.core.main.TestCaseExecutor.doExecute(TestCaseExecutor.java:328)
	at com.kms.katalon.core.main.TestCaseExecutor.processExecutionPhase(TestCaseExecutor.java:307)
	at com.kms.katalon.core.main.TestCaseExecutor.accessMainPhase(TestCaseExecutor.java:299)
	at com.kms.katalon.core.main.TestCaseExecutor.execute(TestCaseExecutor.java:233)
	at com.kms.katalon.core.main.TestSuiteExecutor.accessTestCaseMainPhase(TestSuiteExecutor.java:169)
	at com.kms.katalon.core.main.TestSuiteExecutor.accessTestSuiteMainPhase(TestSuiteExecutor.java:142)
	at com.kms.katalon.core.main.TestSuiteExecutor.execute(TestSuiteExecutor.java:91)
	at com.kms.katalon.core.main.TestCaseMain.startTestSuite(TestCaseMain.java:157)
	at com.kms.katalon.core.main.TestCaseMain$startTestSuite$0.call(Unknown Source)
	at TempTestSuite1582861053668.run(TempTestSuite1582861053668.groovy:36)
"/>
         <system-out><![CDATA[2020-02-28 10:43:16 - [TEST_CASE][FAILED] - Test Cases/RegressioniOS - Loyality and Rewards/4. Verify Rewards Detail Page: Test Cases/RegressioniOS - Loyality and Rewards/4. Verify Rewards Detail Page FAILED.
Reason:
com.kms.katalon.core.exception.StepFailedException: Element 'Object Repository/iOS/Voucher List Page/vouchlist_vouch1_title' not found
	at com.kms.katalon.core.keyword.internal.KeywordMain.stepFailed(KeywordMain.groovy:39)
	at com.kms.katalon.core.mobile.keyword.internal.MobileKeywordMain.stepFailed(MobileKeywordMain.groovy:40)
	at com.kms.katalon.core.mobile.keyword.builtin.VerifyElementExistKeyword$_verifyElementExist_closure1.doCall(VerifyElementExistKeyword.groovy:77)
	at com.kms.katalon.core.mobile.keyword.builtin.VerifyElementExistKeyword$_verifyElementExist_closure1.call(VerifyElementExistKeyword.groovy)
	at com.kms.katalon.core.mobile.keyword.internal.MobileKeywordMain.runKeyword(MobileKeywordMain.groovy:21)
	at com.kms.katalon.core.mobile.keyword.builtin.VerifyElementExistKeyword.verifyElementExist(VerifyElementExistKeyword.groovy:80)
	at com.kms.katalon.core.mobile.keyword.builtin.VerifyElementExistKeyword.execute(VerifyElementExistKeyword.groovy:64)
	at com.kms.katalon.core.keyword.internal.KeywordExecutor.executeKeywordForPlatform(KeywordExecutor.groovy:60)
	at com.kms.katalon.core.mobile.keyword.MobileBuiltInKeywords.verifyElementExist(MobileBuiltInKeywords.groovy:640)
	at com.kms.katalon.core.mobile.keyword.MobileBuiltInKeywords$verifyElementExist$0.call(Unknown Source)
	at 4. Verify Rewards Detail Page.run(4. Verify Rewards Detail Page:22)
	at com.kms.katalon.core.main.ScriptEngine.run(ScriptEngine.java:194)
	at com.kms.katalon.core.main.ScriptEngine.runScriptAsRawText(ScriptEngine.java:119)
	at com.kms.katalon.core.main.TestCaseExecutor.runScript(TestCaseExecutor.java:337)
	at com.kms.katalon.core.main.TestCaseExecutor.doExecute(TestCaseExecutor.java:328)
	at com.kms.katalon.core.main.TestCaseExecutor.processExecutionPhase(TestCaseExecutor.java:307)
	at com.kms.katalon.core.main.TestCaseExecutor.accessMainPhase(TestCaseExecutor.java:299)
	at com.kms.katalon.core.main.TestCaseExecutor.execute(TestCaseExecutor.java:233)
	at com.kms.katalon.core.main.TestSuiteExecutor.accessTestCaseMainPhase(TestSuiteExecutor.java:169)
	at com.kms.katalon.core.main.TestSuiteExecutor.accessTestSuiteMainPhase(TestSuiteExecutor.java:142)
	at com.kms.katalon.core.main.TestSuiteExecutor.execute(TestSuiteExecutor.java:91)
	at com.kms.katalon.core.main.TestCaseMain.startTestSuite(TestCaseMain.java:157)
	at com.kms.katalon.core.main.TestCaseMain$startTestSuite$0.call(Unknown Source)
	at TempTestSuite1582861053668.run(TempTestSuite1582861053668.groovy:36)


2020-02-28 10:43:16 - [TEST_STEP][PASSED] - comment("Voucher Detail Page Check"): Voucher Detail Page Check

2020-02-28 10:43:16 - [MESSAGE][INFO] - Voucher Detail Page Check

2020-02-28 10:43:16 - [TEST_STEP][PASSED] - delay(5): Delayed 5 second(s)

2020-02-28 10:43:21 - [MESSAGE][PASSED] - Delayed 5 second(s)

2020-02-28 10:43:21 - [TEST_STEP][FAILED] - verifyElementExist(findTestObject("iOS/Voucher List Page/vouchlist_vouch1_title"), 2, CONTINUE_ON_FAILURE): Element 'Object Repository/iOS/Voucher List Page/vouchlist_vouch1_title' not found

2020-02-28 10:43:25 - [MESSAGE][FAILED] - Element 'Object Repository/iOS/Voucher List Page/vouchlist_vouch1_title' not found
[[ATTACHMENT|/Users/bambangtripamungkas/git/KFCiOS/Reports/20200228_103733/Regression Test - Loyality and Rewards/20200228_103733/1582861405747.png]]

2020-02-28 10:43:25 - [TEST_STEP][FAILED] - tap(findTestObject("iOS/Voucher List Page/vouchlist_vouch1_title"), 1, STOP_ON_FAILURE): Failed to tap on element 'Object Repository/iOS/Voucher List Page/vouchlist_vouch1_title' (Root cause: com.kms.katalon.core.exception.StepFailedException: Object Object Repository/iOS/Voucher List Page/vouchlist_vouch1_title not found
	at com.kms.katalon.core.keyword.internal.KeywordMain.stepFailed(KeywordMain.groovy:50)
	at com.kms.katalon.core.mobile.keyword.internal.MobileKeywordMain.stepFailed(MobileKeywordMain.groovy:40)
	at com.kms.katalon.core.mobile.keyword.builtin.TapKeyword$_tap_closure1.doCall(TapKeyword.groovy:79)
	at com.kms.katalon.core.mobile.keyword.builtin.TapKeyword$_tap_closure1.call(TapKeyword.groovy)
	at com.kms.katalon.core.mobile.keyword.internal.MobileKeywordMain.runKeyword(MobileKeywordMain.groovy:21)
	at com.kms.katalon.core.mobile.keyword.builtin.TapKeyword.tap(TapKeyword.groovy:86)
	at com.kms.katalon.core.mobile.keyword.builtin.TapKeyword.execute(TapKeyword.groovy:68)
	at com.kms.katalon.core.keyword.internal.KeywordExecutor.executeKeywordForPlatform(KeywordExecutor.groovy:60)
	at com.kms.katalon.core.mobile.keyword.MobileBuiltInKeywords.tap(MobileBuiltInKeywords.groovy:506)
	at com.kms.katalon.core.mobile.keyword.MobileBuiltInKeywords$tap$1.call(Unknown Source)
	at 4. Verify Rewards Detail Page.run(4. Verify Rewards Detail Page:24)
	at com.kms.katalon.core.main.ScriptEngine.run(ScriptEngine.java:194)
	at com.kms.katalon.core.main.ScriptEngine.runScriptAsRawText(ScriptEngine.java:119)
	at com.kms.katalon.core.main.TestCaseExecutor.runScript(TestCaseExecutor.java:337)
	at com.kms.katalon.core.main.TestCaseExecutor.doExecute(TestCaseExecutor.java:328)
	at com.kms.katalon.core.main.TestCaseExecutor.processExecutionPhase(TestCaseExecutor.java:307)
	at com.kms.katalon.core.main.TestCaseExecutor.accessMainPhase(TestCaseExecutor.java:299)
	at com.kms.katalon.core.main.TestCaseExecutor.execute(TestCaseExecutor.java:233)
	at com.kms.katalon.core.main.TestSuiteExecutor.accessTestCaseMainPhase(TestSuiteExecutor.java:169)
	at com.kms.katalon.core.main.TestSuiteExecutor.accessTestSuiteMainPhase(TestSuiteExecutor.java:142)
	at com.kms.katalon.core.main.TestSuiteExecutor.execute(TestSuiteExecutor.java:91)
	at com.kms.katalon.core.main.TestCaseMain.startTestSuite(TestCaseMain.java:157)
	at com.kms.katalon.core.main.TestCaseMain$startTestSuite$0.call(Unknown Source)
	at TempTestSuite1582861053668.run(TempTestSuite1582861053668.groovy:36)
)

2020-02-28 10:43:29 - [MESSAGE][FAILED] - Object Object Repository/iOS/Voucher List Page/vouchlist_vouch1_title not found
[[ATTACHMENT|/Users/bambangtripamungkas/git/KFCiOS/Reports/20200228_103733/Regression Test - Loyality and Rewards/20200228_103733/1582861409751.png]]

2020-02-28 10:43:30 - [MESSAGE][FAILED] - Failed to tap on element 'Object Repository/iOS/Voucher List Page/vouchlist_vouch1_title' (Root cause: com.kms.katalon.core.exception.StepFailedException: Object Object Repository/iOS/Voucher List Page/vouchlist_vouch1_title not found
	at com.kms.katalon.core.keyword.internal.KeywordMain.stepFailed(KeywordMain.groovy:50)
	at com.kms.katalon.core.mobile.keyword.internal.MobileKeywordMain.stepFailed(MobileKeywordMain.groovy:40)
	at com.kms.katalon.core.mobile.keyword.builtin.TapKeyword$_tap_closure1.doCall(TapKeyword.groovy:79)
	at com.kms.katalon.core.mobile.keyword.builtin.TapKeyword$_tap_closure1.call(TapKeyword.groovy)
	at com.kms.katalon.core.mobile.keyword.internal.MobileKeywordMain.runKeyword(MobileKeywordMain.groovy:21)
	at com.kms.katalon.core.mobile.keyword.builtin.TapKeyword.tap(TapKeyword.groovy:86)
	at com.kms.katalon.core.mobile.keyword.builtin.TapKeyword.execute(TapKeyword.groovy:68)
	at com.kms.katalon.core.keyword.internal.KeywordExecutor.executeKeywordForPlatform(KeywordExecutor.groovy:60)
	at com.kms.katalon.core.mobile.keyword.MobileBuiltInKeywords.tap(MobileBuiltInKeywords.groovy:506)
	at com.kms.katalon.core.mobile.keyword.MobileBuiltInKeywords$tap$1.call(Unknown Source)
	at 4. Verify Rewards Detail Page.run(4. Verify Rewards Detail Page:24)
	at com.kms.katalon.core.main.ScriptEngine.run(ScriptEngine.java:194)
	at com.kms.katalon.core.main.ScriptEngine.runScriptAsRawText(ScriptEngine.java:119)
	at com.kms.katalon.core.main.TestCaseExecutor.runScript(TestCaseExecutor.java:337)
	at com.kms.katalon.core.main.TestCaseExecutor.doExecute(TestCaseExecutor.java:328)
	at com.kms.katalon.core.main.TestCaseExecutor.processExecutionPhase(TestCaseExecutor.java:307)
	at com.kms.katalon.core.main.TestCaseExecutor.accessMainPhase(TestCaseExecutor.java:299)
	at com.kms.katalon.core.main.TestCaseExecutor.execute(TestCaseExecutor.java:233)
	at com.kms.katalon.core.main.TestSuiteExecutor.accessTestCaseMainPhase(TestSuiteExecutor.java:169)
	at com.kms.katalon.core.main.TestSuiteExecutor.accessTestSuiteMainPhase(TestSuiteExecutor.java:142)
	at com.kms.katalon.core.main.TestSuiteExecutor.execute(TestSuiteExecutor.java:91)
	at com.kms.katalon.core.main.TestCaseMain.startTestSuite(TestCaseMain.java:157)
	at com.kms.katalon.core.main.TestCaseMain$startTestSuite$0.call(Unknown Source)
	at TempTestSuite1582861053668.run(TempTestSuite1582861053668.groovy:36)
)
[[ATTACHMENT|/Users/bambangtripamungkas/git/KFCiOS/Reports/20200228_103733/Regression Test - Loyality and Rewards/20200228_103733/1582861409885.png]]]]></system-out>
         <system-err><![CDATA[2020-02-28 10:43:16 - [TEST_CASE][FAILED] - Test Cases/RegressioniOS - Loyality and Rewards/4. Verify Rewards Detail Page: Test Cases/RegressioniOS - Loyality and Rewards/4. Verify Rewards Detail Page FAILED.
Reason:
com.kms.katalon.core.exception.StepFailedException: Element 'Object Repository/iOS/Voucher List Page/vouchlist_vouch1_title' not found
	at com.kms.katalon.core.keyword.internal.KeywordMain.stepFailed(KeywordMain.groovy:39)
	at com.kms.katalon.core.mobile.keyword.internal.MobileKeywordMain.stepFailed(MobileKeywordMain.groovy:40)
	at com.kms.katalon.core.mobile.keyword.builtin.VerifyElementExistKeyword$_verifyElementExist_closure1.doCall(VerifyElementExistKeyword.groovy:77)
	at com.kms.katalon.core.mobile.keyword.builtin.VerifyElementExistKeyword$_verifyElementExist_closure1.call(VerifyElementExistKeyword.groovy)
	at com.kms.katalon.core.mobile.keyword.internal.MobileKeywordMain.runKeyword(MobileKeywordMain.groovy:21)
	at com.kms.katalon.core.mobile.keyword.builtin.VerifyElementExistKeyword.verifyElementExist(VerifyElementExistKeyword.groovy:80)
	at com.kms.katalon.core.mobile.keyword.builtin.VerifyElementExistKeyword.execute(VerifyElementExistKeyword.groovy:64)
	at com.kms.katalon.core.keyword.internal.KeywordExecutor.executeKeywordForPlatform(KeywordExecutor.groovy:60)
	at com.kms.katalon.core.mobile.keyword.MobileBuiltInKeywords.verifyElementExist(MobileBuiltInKeywords.groovy:640)
	at com.kms.katalon.core.mobile.keyword.MobileBuiltInKeywords$verifyElementExist$0.call(Unknown Source)
	at 4. Verify Rewards Detail Page.run(4. Verify Rewards Detail Page:22)
	at com.kms.katalon.core.main.ScriptEngine.run(ScriptEngine.java:194)
	at com.kms.katalon.core.main.ScriptEngine.runScriptAsRawText(ScriptEngine.java:119)
	at com.kms.katalon.core.main.TestCaseExecutor.runScript(TestCaseExecutor.java:337)
	at com.kms.katalon.core.main.TestCaseExecutor.doExecute(TestCaseExecutor.java:328)
	at com.kms.katalon.core.main.TestCaseExecutor.processExecutionPhase(TestCaseExecutor.java:307)
	at com.kms.katalon.core.main.TestCaseExecutor.accessMainPhase(TestCaseExecutor.java:299)
	at com.kms.katalon.core.main.TestCaseExecutor.execute(TestCaseExecutor.java:233)
	at com.kms.katalon.core.main.TestSuiteExecutor.accessTestCaseMainPhase(TestSuiteExecutor.java:169)
	at com.kms.katalon.core.main.TestSuiteExecutor.accessTestSuiteMainPhase(TestSuiteExecutor.java:142)
	at com.kms.katalon.core.main.TestSuiteExecutor.execute(TestSuiteExecutor.java:91)
	at com.kms.katalon.core.main.TestCaseMain.startTestSuite(TestCaseMain.java:157)
	at com.kms.katalon.core.main.TestCaseMain$startTestSuite$0.call(Unknown Source)
	at TempTestSuite1582861053668.run(TempTestSuite1582861053668.groovy:36)]]></system-err>
      </testcase>
      <system-out><![CDATA[2020-02-28 10:37:42 - [TEST_SUITE][FAILED] - Regression Test - Loyality and Rewards: Test Cases/RegressioniOS - Loyality and Rewards/2. View Vouchers List FAILED.
Reason:
com.kms.katalon.core.exception.StepFailedException: Element 'Object Repository/iOS/Voucher List Page/vouchlist_header_title_voucher' not found
	at com.kms.katalon.core.keyword.internal.KeywordMain.stepFailed(KeywordMain.groovy:39)
	at com.kms.katalon.core.mobile.keyword.internal.MobileKeywordMain.stepFailed(MobileKeywordMain.groovy:40)
	at com.kms.katalon.core.mobile.keyword.builtin.VerifyElementExistKeyword$_verifyElementExist_closure1.doCall(VerifyElementExistKeyword.groovy:77)
	at com.kms.katalon.core.mobile.keyword.builtin.VerifyElementExistKeyword$_verifyElementExist_closure1.call(VerifyElementExistKeyword.groovy)
	at com.kms.katalon.core.mobile.keyword.internal.MobileKeywordMain.runKeyword(MobileKeywordMain.groovy:21)
	at com.kms.katalon.core.mobile.keyword.builtin.VerifyElementExistKeyword.verifyElementExist(VerifyElementExistKeyword.groovy:80)
	at com.kms.katalon.core.mobile.keyword.builtin.VerifyElementExistKeyword.execute(VerifyElementExistKeyword.groovy:64)
	at com.kms.katalon.core.keyword.internal.KeywordExecutor.executeKeywordForPlatform(KeywordExecutor.groovy:60)
	at com.kms.katalon.core.mobile.keyword.MobileBuiltInKeywords.verifyElementExist(MobileBuiltInKeywords.groovy:640)
	at com.kms.katalon.core.mobile.keyword.MobileBuiltInKeywords$verifyElementExist$0.call(Unknown Source)
	at 2. View Vouchers List.run(2. View Vouchers List:24)
	at com.kms.katalon.core.main.ScriptEngine.run(ScriptEngine.java:194)
	at com.kms.katalon.core.main.ScriptEngine.runScriptAsRawText(ScriptEngine.java:119)
	at com.kms.katalon.core.main.TestCaseExecutor.runScript(TestCaseExecutor.java:337)
	at com.kms.katalon.core.main.TestCaseExecutor.doExecute(TestCaseExecutor.java:328)
	at com.kms.katalon.core.main.TestCaseExecutor.processExecutionPhase(TestCaseExecutor.java:307)
	at com.kms.katalon.core.main.TestCaseExecutor.accessMainPhase(TestCaseExecutor.java:299)
	at com.kms.katalon.core.main.TestCaseExecutor.execute(TestCaseExecutor.java:233)
	at com.kms.katalon.core.main.TestSuiteExecutor.accessTestCaseMainPhase(TestSuiteExecutor.java:169)
	at com.kms.katalon.core.main.TestSuiteExecutor.accessTestSuiteMainPhase(TestSuiteExecutor.java:142)
	at com.kms.katalon.core.main.TestSuiteExecutor.execute(TestSuiteExecutor.java:91)
	at com.kms.katalon.core.main.TestCaseMain.startTestSuite(TestCaseMain.java:157)
	at com.kms.katalon.core.main.TestCaseMain$startTestSuite$0.call(Unknown Source)
	at TempTestSuite1582861053668.run(TempTestSuite1582861053668.groovy:36)]]></system-out>
      <system-err><![CDATA[2020-02-28 10:37:42 - [TEST_SUITE][FAILED] - Regression Test - Loyality and Rewards: Test Cases/RegressioniOS - Loyality and Rewards/2. View Vouchers List FAILED.
Reason:
com.kms.katalon.core.exception.StepFailedException: Element 'Object Repository/iOS/Voucher List Page/vouchlist_header_title_voucher' not found
	at com.kms.katalon.core.keyword.internal.KeywordMain.stepFailed(KeywordMain.groovy:39)
	at com.kms.katalon.core.mobile.keyword.internal.MobileKeywordMain.stepFailed(MobileKeywordMain.groovy:40)
	at com.kms.katalon.core.mobile.keyword.builtin.VerifyElementExistKeyword$_verifyElementExist_closure1.doCall(VerifyElementExistKeyword.groovy:77)
	at com.kms.katalon.core.mobile.keyword.builtin.VerifyElementExistKeyword$_verifyElementExist_closure1.call(VerifyElementExistKeyword.groovy)
	at com.kms.katalon.core.mobile.keyword.internal.MobileKeywordMain.runKeyword(MobileKeywordMain.groovy:21)
	at com.kms.katalon.core.mobile.keyword.builtin.VerifyElementExistKeyword.verifyElementExist(VerifyElementExistKeyword.groovy:80)
	at com.kms.katalon.core.mobile.keyword.builtin.VerifyElementExistKeyword.execute(VerifyElementExistKeyword.groovy:64)
	at com.kms.katalon.core.keyword.internal.KeywordExecutor.executeKeywordForPlatform(KeywordExecutor.groovy:60)
	at com.kms.katalon.core.mobile.keyword.MobileBuiltInKeywords.verifyElementExist(MobileBuiltInKeywords.groovy:640)
	at com.kms.katalon.core.mobile.keyword.MobileBuiltInKeywords$verifyElementExist$0.call(Unknown Source)
	at 2. View Vouchers List.run(2. View Vouchers List:24)
	at com.kms.katalon.core.main.ScriptEngine.run(ScriptEngine.java:194)
	at com.kms.katalon.core.main.ScriptEngine.runScriptAsRawText(ScriptEngine.java:119)
	at com.kms.katalon.core.main.TestCaseExecutor.runScript(TestCaseExecutor.java:337)
	at com.kms.katalon.core.main.TestCaseExecutor.doExecute(TestCaseExecutor.java:328)
	at com.kms.katalon.core.main.TestCaseExecutor.processExecutionPhase(TestCaseExecutor.java:307)
	at com.kms.katalon.core.main.TestCaseExecutor.accessMainPhase(TestCaseExecutor.java:299)
	at com.kms.katalon.core.main.TestCaseExecutor.execute(TestCaseExecutor.java:233)
	at com.kms.katalon.core.main.TestSuiteExecutor.accessTestCaseMainPhase(TestSuiteExecutor.java:169)
	at com.kms.katalon.core.main.TestSuiteExecutor.accessTestSuiteMainPhase(TestSuiteExecutor.java:142)
	at com.kms.katalon.core.main.TestSuiteExecutor.execute(TestSuiteExecutor.java:91)
	at com.kms.katalon.core.main.TestCaseMain.startTestSuite(TestCaseMain.java:157)
	at com.kms.katalon.core.main.TestCaseMain$startTestSuite$0.call(Unknown Source)
	at TempTestSuite1582861053668.run(TempTestSuite1582861053668.groovy:36)]]></system-err>
   </testsuite>
</testsuites>
