<?xml version="1.0" encoding="UTF-8"?>
<testsuites name="Regression Test - Loyality and Rewards" time="1050.161" tests="4" failures="2" errors="0">
   <testsuite name="Regression Test - Loyality and Rewards" tests="4" failures="2" errors="0" time="1050.161" timestamp="2020-02-28 11:02:59" hostname="bambangtripamungkas - 192.168.1.5" id="Test Suites/Regression Test - Loyality and Rewards">
      <properties>
         <property name="deviceName" value="iPhone 8"/>
         <property name="devicePlatform" value=""/>
         <property name="logFolder" value="/Users/bambangtripamungkas/git/KFCiOS/Reports/20200228_110245/Regression Test - Loyality and Rewards/20200228_110245"/>
         <property name="logFiles" value="/Users/bambangtripamungkas/git/KFCiOS/Reports/20200228_110245/Regression Test - Loyality and Rewards/20200228_110245/execution0.log, /Users/bambangtripamungkas/git/KFCiOS/Reports/20200228_110245/Regression Test - Loyality and Rewards/20200228_110245/appium.log, /Users/bambangtripamungkas/git/KFCiOS/Reports/20200228_110245/Regression Test - Loyality and Rewards/20200228_110245/appium-proxy-server.log"/>
         <property name="attachments" value="/Users/bambangtripamungkas/git/KFCiOS/Reports/20200228_110245/Regression Test - Loyality and Rewards/20200228_110245/1582862612968.png, /Users/bambangtripamungkas/git/KFCiOS/Reports/20200228_110245/Regression Test - Loyality and Rewards/20200228_110245/1582862617505.png, /Users/bambangtripamungkas/git/KFCiOS/Reports/20200228_110245/Regression Test - Loyality and Rewards/20200228_110245/1582863357957.png, /Users/bambangtripamungkas/git/KFCiOS/Reports/20200228_110245/Regression Test - Loyality and Rewards/20200228_110245/1582863366569.png, /Users/bambangtripamungkas/git/KFCiOS/Reports/20200228_110245/Regression Test - Loyality and Rewards/20200228_110245/1582863374820.png, /Users/bambangtripamungkas/git/KFCiOS/Reports/20200228_110245/Regression Test - Loyality and Rewards/20200228_110245/1582863383018.png, /Users/bambangtripamungkas/git/KFCiOS/Reports/20200228_110245/Regression Test - Loyality and Rewards/20200228_110245/1582863391621.png, /Users/bambangtripamungkas/git/KFCiOS/Reports/20200228_110245/Regression Test - Loyality and Rewards/20200228_110245/1582863400049.png, /Users/bambangtripamungkas/git/KFCiOS/Reports/20200228_110245/Regression Test - Loyality and Rewards/20200228_110245/1582863408330.png, /Users/bambangtripamungkas/git/KFCiOS/Reports/20200228_110245/Regression Test - Loyality and Rewards/20200228_110245/1582863416674.png, /Users/bambangtripamungkas/git/KFCiOS/Reports/20200228_110245/Regression Test - Loyality and Rewards/20200228_110245/1582863431623.png, /Users/bambangtripamungkas/git/KFCiOS/Reports/20200228_110245/Regression Test - Loyality and Rewards/20200228_110245/1582863441134.png, /Users/bambangtripamungkas/git/KFCiOS/Reports/20200228_110245/Regression Test - Loyality and Rewards/20200228_110245/1582863448165.png, /Users/bambangtripamungkas/git/KFCiOS/Reports/20200228_110245/Regression Test - Loyality and Rewards/20200228_110245/1582863455669.png, /Users/bambangtripamungkas/git/KFCiOS/Reports/20200228_110245/Regression Test - Loyality and Rewards/20200228_110245/1582863462566.png, /Users/bambangtripamungkas/git/KFCiOS/Reports/20200228_110245/Regression Test - Loyality and Rewards/20200228_110245/1582863469142.png, /Users/bambangtripamungkas/git/KFCiOS/Reports/20200228_110245/Regression Test - Loyality and Rewards/20200228_110245/1582863475819.png, /Users/bambangtripamungkas/git/KFCiOS/Reports/20200228_110245/Regression Test - Loyality and Rewards/20200228_110245/1582863482418.png, /Users/bambangtripamungkas/git/KFCiOS/Reports/20200228_110245/Regression Test - Loyality and Rewards/20200228_110245/1582863482604.png, /Users/bambangtripamungkas/git/KFCiOS/Reports/20200228_110245/Regression Test - Loyality and Rewards/20200228_110245/1582863628538.png, /Users/bambangtripamungkas/git/KFCiOS/Reports/20200228_110245/Regression Test - Loyality and Rewards/20200228_110245/1582863628713.png"/>
         <property name="hostName" value="bambangtripamungkas - 192.168.1.5"/>
         <property name="os" value="Mac OS X 64bit"/>
         <property name="appiumServerStatus" value="{\&quot;value\&quot;:{\&quot;build\&quot;:{\&quot;version\&quot;:\&quot;1.15.1\&quot;}},\&quot;sessionId\&quot;:null,\&quot;status\&quot;:0}"/>
         <property name="katalonVersion" value="7.1.1.1"/>
         <property name="deviceOS" value="iOS"/>
         <property name="appiumVersion" value="1.15.1"/>
         <property name="deviceModel" value="Not available for Simulator"/>
         <property name="hostAddress" value="192.168.1.5"/>
         <property name="deviceManufacturer" value="Apple"/>
         <property name="deviceId" value="null"/>
         <property name="deviceName" value="iPhone 8"/>
         <property name="deviceOSVersion" value="13.3"/>
      </properties>
      <testcase name="Test Cases/RegressioniOS - Loyality and Rewards/1. Open Loyality Page" time="257.589" classname="Test Cases/RegressioniOS - Loyality and Rewards/1. Open Loyality Page" status="PASSED">
         <system-out><![CDATA[2020-02-28 11:03:01 - [TEST_CASE][PASSED] - Test Cases/RegressioniOS - Loyality and Rewards/1. Open Loyality Page: Test Cases/RegressioniOS - Loyality and Rewards/1. Open Loyality Page

2020-02-28 11:03:02 - [TEST_STEP][PASSED] - startExistingApplication("com.kfcjv.staging", STOP_ON_FAILURE): Starting app with application ID: 'com.kfcjv.staging'

2020-02-28 11:03:03 - [MESSAGE][INFO] - ios_webkit_debug_proxy server started on port 49285

2020-02-28 11:03:05 - [MESSAGE][INFO] - Appium server started on port 49,287

2020-02-28 11:03:26 - [MESSAGE][PASSED] - Starting app with application ID: 'com.kfcjv.staging'

2020-02-28 11:03:26 - [TEST_STEP][PASSED] - comment("Earn Page Components check started"): Earn Page Components check started

2020-02-28 11:03:26 - [MESSAGE][INFO] - Earn Page Components check started

2020-02-28 11:03:26 - [TEST_STEP][PASSED] - if (verifyElementExist(findTestObject("iOS/Login Page/Relogin Alert/reloginalert_alerttype"), 2, OPTIONAL) == true): Element 'Object Repository/iOS/Login Page/Relogin Alert/reloginalert_alerttype' not found

2020-02-28 11:03:33 - [MESSAGE][WARNING] - Element 'Object Repository/iOS/Login Page/Relogin Alert/reloginalert_alerttype' not found
[[ATTACHMENT|/Users/bambangtripamungkas/git/KFCiOS/Reports/20200228_110245/Regression Test - Loyality and Rewards/20200228_110245/1582862612968.png]]

2020-02-28 11:03:33 - [TEST_STEP][PASSED] - else: null

2020-02-28 11:03:33 - [TEST_STEP][PASSED] - println = "Session is new": null

2020-02-28 11:03:33 - [TEST_STEP][PASSED] - if (verifyElementExist(findTestObject("iOS/Login Page/Welcome Page/loginpage_header_titletext_welcome"), 2, OPTIONAL) == true): Element 'Object Repository/iOS/Login Page/Welcome Page/loginpage_header_titletext_welcome' not found

2020-02-28 11:03:37 - [MESSAGE][WARNING] - Element 'Object Repository/iOS/Login Page/Welcome Page/loginpage_header_titletext_welcome' not found
[[ATTACHMENT|/Users/bambangtripamungkas/git/KFCiOS/Reports/20200228_110245/Regression Test - Loyality and Rewards/20200228_110245/1582862617505.png]]

2020-02-28 11:03:37 - [TEST_STEP][PASSED] - else: null

2020-02-28 11:03:37 - [TEST_STEP][PASSED] - println = "Logged in, Homepage ready": null

2020-02-28 11:03:37 - [TEST_STEP][PASSED] - verifyElementExist(findTestObject("iOS/Home Page/home_topbar_btnProfile"), 2, CONTINUE_ON_FAILURE): Element 'Object Repository/iOS/Home Page/home_topbar_btnProfile' is exist

2020-02-28 11:03:41 - [MESSAGE][PASSED] - Element 'Object Repository/iOS/Home Page/home_topbar_btnProfile' is exist

2020-02-28 11:03:41 - [TEST_STEP][PASSED] - tap(findTestObject("iOS/Home Page/home_topbar_btnProfile"), 1, STOP_ON_FAILURE): Tapped on element 'Object Repository/iOS/Home Page/home_topbar_btnProfile'

2020-02-28 11:03:47 - [MESSAGE][PASSED] - Tapped on element 'Object Repository/iOS/Home Page/home_topbar_btnProfile'

2020-02-28 11:03:47 - [TEST_STEP][PASSED] - delay(3): Delayed 3 second(s)

2020-02-28 11:03:50 - [MESSAGE][PASSED] - Delayed 3 second(s)

2020-02-28 11:03:50 - [TEST_STEP][PASSED] - comment("Points Section"): Points Section

2020-02-28 11:03:50 - [MESSAGE][INFO] - Points Section

2020-02-28 11:03:50 - [TEST_STEP][PASSED] - verifyElementExist(findTestObject("iOS/Profile Page/profilepage_points_btnHistory_text"), 2, CONTINUE_ON_FAILURE): Element 'Object Repository/iOS/Profile Page/profilepage_points_btnHistory_text' is exist

2020-02-28 11:03:56 - [MESSAGE][PASSED] - Element 'Object Repository/iOS/Profile Page/profilepage_points_btnHistory_text' is exist

2020-02-28 11:03:56 - [TEST_STEP][PASSED] - verifyElementVisible(findTestObject("iOS/Profile Page/profilepage_points_btnHistory_text"), 2, CONTINUE_ON_FAILURE): Element 'Object Repository/iOS/Profile Page/profilepage_points_btnHistory_text' is visible

2020-02-28 11:04:04 - [MESSAGE][PASSED] - Element 'Object Repository/iOS/Profile Page/profilepage_points_btnHistory_text' is visible

2020-02-28 11:04:04 - [TEST_STEP][PASSED] - getText(findTestObject("iOS/Profile Page/profilepage_points_btnHistory_text"), 1, CONTINUE_ON_FAILURE): Text of element 'Object Repository/iOS/Profile Page/profilepage_points_btnHistory_text' is: 'Points History'

2020-02-28 11:04:11 - [MESSAGE][PASSED] - Text of element 'Object Repository/iOS/Profile Page/profilepage_points_btnHistory_text' is: 'Points History'

2020-02-28 11:04:11 - [TEST_STEP][PASSED] - verifyElementExist(findTestObject("iOS/Profile Page/profilepage_points_btnHistory"), 2, CONTINUE_ON_FAILURE): Element 'Object Repository/iOS/Profile Page/profilepage_points_btnHistory' is exist

2020-02-28 11:04:21 - [MESSAGE][PASSED] - Element 'Object Repository/iOS/Profile Page/profilepage_points_btnHistory' is exist

2020-02-28 11:04:21 - [TEST_STEP][PASSED] - verifyElementVisible(findTestObject("iOS/Profile Page/profilepage_points_btnHistory"), 2, CONTINUE_ON_FAILURE): Element 'Object Repository/iOS/Profile Page/profilepage_points_btnHistory' is visible

2020-02-28 11:04:28 - [MESSAGE][PASSED] - Element 'Object Repository/iOS/Profile Page/profilepage_points_btnHistory' is visible

2020-02-28 11:04:28 - [TEST_STEP][PASSED] - verifyElementExist(findTestObject("iOS/Profile Page/profilepage_points_btnRedeem_text"), 2, CONTINUE_ON_FAILURE): Element 'Object Repository/iOS/Profile Page/profilepage_points_btnRedeem_text' is exist

2020-02-28 11:04:34 - [MESSAGE][PASSED] - Element 'Object Repository/iOS/Profile Page/profilepage_points_btnRedeem_text' is exist

2020-02-28 11:04:34 - [TEST_STEP][PASSED] - verifyElementVisible(findTestObject("iOS/Profile Page/profilepage_points_btnRedeem_text"), 2, CONTINUE_ON_FAILURE): Element 'Object Repository/iOS/Profile Page/profilepage_points_btnRedeem_text' is visible

2020-02-28 11:04:40 - [MESSAGE][PASSED] - Element 'Object Repository/iOS/Profile Page/profilepage_points_btnRedeem_text' is visible

2020-02-28 11:04:40 - [TEST_STEP][PASSED] - getText(findTestObject("iOS/Profile Page/profilepage_points_btnRedeem_text"), 1, CONTINUE_ON_FAILURE): Text of element 'Object Repository/iOS/Profile Page/profilepage_points_btnRedeem_text' is: 'Redeem'

2020-02-28 11:04:47 - [MESSAGE][PASSED] - Text of element 'Object Repository/iOS/Profile Page/profilepage_points_btnRedeem_text' is: 'Redeem'

2020-02-28 11:04:47 - [TEST_STEP][PASSED] - verifyElementExist(findTestObject("iOS/Profile Page/profilepage_points_btnRedeem"), 2, CONTINUE_ON_FAILURE): Element 'Object Repository/iOS/Profile Page/profilepage_points_btnRedeem' is exist

2020-02-28 11:04:53 - [MESSAGE][PASSED] - Element 'Object Repository/iOS/Profile Page/profilepage_points_btnRedeem' is exist

2020-02-28 11:04:53 - [TEST_STEP][PASSED] - verifyElementVisible(findTestObject("iOS/Profile Page/profilepage_points_btnRedeem"), 2, CONTINUE_ON_FAILURE): Element 'Object Repository/iOS/Profile Page/profilepage_points_btnRedeem' is visible

2020-02-28 11:04:59 - [MESSAGE][PASSED] - Element 'Object Repository/iOS/Profile Page/profilepage_points_btnRedeem' is visible

2020-02-28 11:04:59 - [TEST_STEP][PASSED] - verifyElementExist(findTestObject("iOS/Profile Page/profilepage_points_desc_dynamicexpire"), 2, CONTINUE_ON_FAILURE): Element 'Object Repository/iOS/Profile Page/profilepage_points_desc_dynamicexpire' is exist

2020-02-28 11:05:17 - [MESSAGE][PASSED] - Element 'Object Repository/iOS/Profile Page/profilepage_points_desc_dynamicexpire' is exist

2020-02-28 11:05:17 - [TEST_STEP][PASSED] - verifyElementVisible(findTestObject("iOS/Profile Page/profilepage_points_desc_dynamicexpire"), 2, CONTINUE_ON_FAILURE): Element 'Object Repository/iOS/Profile Page/profilepage_points_desc_dynamicexpire' is visible

2020-02-28 11:05:35 - [MESSAGE][PASSED] - Element 'Object Repository/iOS/Profile Page/profilepage_points_desc_dynamicexpire' is visible

2020-02-28 11:05:35 - [TEST_STEP][PASSED] - getText(findTestObject("iOS/Profile Page/profilepage_points_desc_dynamicexpire"), 1, CONTINUE_ON_FAILURE): Text of element 'Object Repository/iOS/Profile Page/profilepage_points_desc_dynamicexpire' is: 'PROFILE'

2020-02-28 11:05:53 - [MESSAGE][PASSED] - Text of element 'Object Repository/iOS/Profile Page/profilepage_points_desc_dynamicexpire' is: 'PROFILE'

2020-02-28 11:05:53 - [TEST_STEP][PASSED] - verifyElementExist(findTestObject("iOS/Profile Page/profilepage_points_desc_dynamicpoints"), 2, CONTINUE_ON_FAILURE): Element 'Object Repository/iOS/Profile Page/profilepage_points_desc_dynamicpoints' is exist

2020-02-28 11:06:11 - [MESSAGE][PASSED] - Element 'Object Repository/iOS/Profile Page/profilepage_points_desc_dynamicpoints' is exist

2020-02-28 11:06:11 - [TEST_STEP][PASSED] - verifyElementVisible(findTestObject("iOS/Profile Page/profilepage_points_desc_dynamicpoints"), 2, CONTINUE_ON_FAILURE): Element 'Object Repository/iOS/Profile Page/profilepage_points_desc_dynamicpoints' is visible

2020-02-28 11:06:34 - [MESSAGE][PASSED] - Element 'Object Repository/iOS/Profile Page/profilepage_points_desc_dynamicpoints' is visible

2020-02-28 11:06:34 - [TEST_STEP][PASSED] - getText(findTestObject("iOS/Profile Page/profilepage_points_desc_dynamicpoints"), 1, CONTINUE_ON_FAILURE): Text of element 'Object Repository/iOS/Profile Page/profilepage_points_desc_dynamicpoints' is: 'PROFILE'

2020-02-28 11:06:53 - [MESSAGE][PASSED] - Text of element 'Object Repository/iOS/Profile Page/profilepage_points_desc_dynamicpoints' is: 'PROFILE'

2020-02-28 11:06:53 - [TEST_STEP][PASSED] - verifyElementExist(findTestObject("iOS/Profile Page/profilepage_points_imgBgPoints"), 2, CONTINUE_ON_FAILURE): Element 'Object Repository/iOS/Profile Page/profilepage_points_imgBgPoints' is exist

2020-02-28 11:06:58 - [MESSAGE][PASSED] - Element 'Object Repository/iOS/Profile Page/profilepage_points_imgBgPoints' is exist

2020-02-28 11:06:58 - [TEST_STEP][PASSED] - verifyElementExist(findTestObject("iOS/Profile Page/profilepage_points_imgInfoIcon"), 2, CONTINUE_ON_FAILURE): Element 'Object Repository/iOS/Profile Page/profilepage_points_imgInfoIcon' is exist

2020-02-28 11:07:03 - [MESSAGE][PASSED] - Element 'Object Repository/iOS/Profile Page/profilepage_points_imgInfoIcon' is exist

2020-02-28 11:07:03 - [TEST_STEP][PASSED] - verifyElementExist(findTestObject("iOS/Profile Page/profilepage_points_title_myKFC"), 2, CONTINUE_ON_FAILURE): Element 'Object Repository/iOS/Profile Page/profilepage_points_title_myKFC' is exist

2020-02-28 11:07:09 - [MESSAGE][PASSED] - Element 'Object Repository/iOS/Profile Page/profilepage_points_title_myKFC' is exist

2020-02-28 11:07:09 - [TEST_STEP][PASSED] - verifyElementVisible(findTestObject("iOS/Profile Page/profilepage_points_title_myKFC"), 2, CONTINUE_ON_FAILURE): Element 'Object Repository/iOS/Profile Page/profilepage_points_title_myKFC' is visible

2020-02-28 11:07:14 - [MESSAGE][PASSED] - Element 'Object Repository/iOS/Profile Page/profilepage_points_title_myKFC' is visible

2020-02-28 11:07:14 - [TEST_STEP][PASSED] - getText(findTestObject("iOS/Profile Page/profilepage_points_title_myKFC"), 1, CONTINUE_ON_FAILURE): Text of element 'Object Repository/iOS/Profile Page/profilepage_points_title_myKFC' is: 'My KFC Points'

2020-02-28 11:07:18 - [MESSAGE][PASSED] - Text of element 'Object Repository/iOS/Profile Page/profilepage_points_title_myKFC' is: 'My KFC Points'

2020-02-28 11:07:18 - [TEST_STEP][PASSED] - comment("Points section done checking"): Points section done checking

2020-02-28 11:07:18 - [MESSAGE][INFO] - Points section done checking]]></system-out>
         <system-err><![CDATA[]]></system-err>
      </testcase>
      <testcase name="Test Cases/RegressioniOS - Loyality and Rewards/2. View Vouchers List" time="472.108" classname="Test Cases/RegressioniOS - Loyality and Rewards/2. View Vouchers List" status="PASSED">
         <system-out><![CDATA[2020-02-28 11:07:18 - [TEST_CASE][PASSED] - Test Cases/RegressioniOS - Loyality and Rewards/2. View Vouchers List: Test Cases/RegressioniOS - Loyality and Rewards/2. View Vouchers List

2020-02-28 11:07:18 - [TEST_STEP][PASSED] - comment("Voucher List Page Check"): Voucher List Page Check

2020-02-28 11:07:19 - [MESSAGE][INFO] - Voucher List Page Check

2020-02-28 11:07:19 - [TEST_STEP][PASSED] - tap(findTestObject("iOS/Profile Page/profilepage_points_btnRedeem"), 0): Tapped on element 'Object Repository/iOS/Profile Page/profilepage_points_btnRedeem'

2020-02-28 11:07:19 - [MESSAGE][WARNING] - Timeout '0' is invalid. Using default page load timeout: '30'

2020-02-28 11:07:24 - [MESSAGE][PASSED] - Tapped on element 'Object Repository/iOS/Profile Page/profilepage_points_btnRedeem'

2020-02-28 11:07:24 - [TEST_STEP][PASSED] - waitForElementPresent(findTestObject("iOS/Voucher List Page/vouchlist_vouch1_title"), 1, CONTINUE_ON_FAILURE): Element 'Object Repository/iOS/Voucher List Page/vouchlist_vouch1_title' is present

2020-02-28 11:07:30 - [MESSAGE][PASSED] - Element 'Object Repository/iOS/Voucher List Page/vouchlist_vouch1_title' is present

2020-02-28 11:07:30 - [TEST_STEP][PASSED] - verifyElementExist(findTestObject("iOS/Voucher List Page/vouchlist_header_btnBack"), 1, CONTINUE_ON_FAILURE): Element 'Object Repository/iOS/Voucher List Page/vouchlist_header_btnBack' is exist

2020-02-28 11:07:42 - [MESSAGE][PASSED] - Element 'Object Repository/iOS/Voucher List Page/vouchlist_header_btnBack' is exist

2020-02-28 11:07:42 - [TEST_STEP][PASSED] - verifyElementExist(findTestObject("iOS/Voucher List Page/vouchlist_header_title_voucher"), 1, CONTINUE_ON_FAILURE): Element 'Object Repository/iOS/Voucher List Page/vouchlist_header_title_voucher' is exist

2020-02-28 11:07:51 - [MESSAGE][PASSED] - Element 'Object Repository/iOS/Voucher List Page/vouchlist_header_title_voucher' is exist

2020-02-28 11:07:51 - [TEST_STEP][PASSED] - verifyElementVisible(findTestObject("iOS/Voucher List Page/vouchlist_header_title_voucher"), 1, CONTINUE_ON_FAILURE): Element 'Object Repository/iOS/Voucher List Page/vouchlist_header_title_voucher' is visible

2020-02-28 11:08:03 - [MESSAGE][PASSED] - Element 'Object Repository/iOS/Voucher List Page/vouchlist_header_title_voucher' is visible

2020-02-28 11:08:03 - [TEST_STEP][PASSED] - getText(findTestObject("iOS/Voucher List Page/vouchlist_header_title_voucher"), 1, CONTINUE_ON_FAILURE): Text of element 'Object Repository/iOS/Voucher List Page/vouchlist_header_title_voucher' is: 'VOUCHER'

2020-02-28 11:08:14 - [MESSAGE][PASSED] - Text of element 'Object Repository/iOS/Voucher List Page/vouchlist_header_title_voucher' is: 'VOUCHER'

2020-02-28 11:08:14 - [TEST_STEP][PASSED] - verifyElementExist(findTestObject("iOS/Voucher List Page/vouchlist_points_title"), 1, CONTINUE_ON_FAILURE): Element 'Object Repository/iOS/Voucher List Page/vouchlist_points_title' is exist

2020-02-28 11:08:23 - [MESSAGE][PASSED] - Element 'Object Repository/iOS/Voucher List Page/vouchlist_points_title' is exist

2020-02-28 11:08:23 - [TEST_STEP][PASSED] - verifyElementVisible(findTestObject("iOS/Voucher List Page/vouchlist_points_title"), 1, CONTINUE_ON_FAILURE): Element 'Object Repository/iOS/Voucher List Page/vouchlist_points_title' is visible

2020-02-28 11:08:35 - [MESSAGE][PASSED] - Element 'Object Repository/iOS/Voucher List Page/vouchlist_points_title' is visible

2020-02-28 11:08:35 - [TEST_STEP][PASSED] - getText(findTestObject("iOS/Voucher List Page/vouchlist_points_title"), 1, CONTINUE_ON_FAILURE): Text of element 'Object Repository/iOS/Voucher List Page/vouchlist_points_title' is: 'KFC Points'

2020-02-28 11:08:48 - [MESSAGE][PASSED] - Text of element 'Object Repository/iOS/Voucher List Page/vouchlist_points_title' is: 'KFC Points'

2020-02-28 11:08:48 - [TEST_STEP][PASSED] - verifyElementExist(findTestObject("iOS/Voucher List Page/vouchlist_points_desc_pointexpired"), 1, CONTINUE_ON_FAILURE): Element 'Object Repository/iOS/Voucher List Page/vouchlist_points_desc_pointexpired' is exist

2020-02-28 11:08:59 - [MESSAGE][PASSED] - Element 'Object Repository/iOS/Voucher List Page/vouchlist_points_desc_pointexpired' is exist

2020-02-28 11:08:59 - [TEST_STEP][PASSED] - verifyElementVisible(findTestObject("iOS/Voucher List Page/vouchlist_points_desc_pointexpired"), 1, CONTINUE_ON_FAILURE): Element 'Object Repository/iOS/Voucher List Page/vouchlist_points_desc_pointexpired' is visible

2020-02-28 11:09:10 - [MESSAGE][PASSED] - Element 'Object Repository/iOS/Voucher List Page/vouchlist_points_desc_pointexpired' is visible

2020-02-28 11:09:10 - [TEST_STEP][PASSED] - getText(findTestObject("iOS/Voucher List Page/vouchlist_points_desc_pointexpired"), 1, CONTINUE_ON_FAILURE): Text of element 'Object Repository/iOS/Voucher List Page/vouchlist_points_desc_pointexpired' is: '26 KFC Points will be expired on Jun 30, 2020'

2020-02-28 11:09:21 - [MESSAGE][PASSED] - Text of element 'Object Repository/iOS/Voucher List Page/vouchlist_points_desc_pointexpired' is: '26 KFC Points will be expired on Jun 30, 2020'

2020-02-28 11:09:21 - [TEST_STEP][PASSED] - verifyElementExist(findTestObject("iOS/Voucher List Page/vouchlist_points_desc_dynamicpoint"), 1, CONTINUE_ON_FAILURE): Element 'Object Repository/iOS/Voucher List Page/vouchlist_points_desc_dynamicpoint' is exist

2020-02-28 11:09:31 - [MESSAGE][PASSED] - Element 'Object Repository/iOS/Voucher List Page/vouchlist_points_desc_dynamicpoint' is exist

2020-02-28 11:09:31 - [TEST_STEP][PASSED] - verifyElementVisible(findTestObject("iOS/Voucher List Page/vouchlist_points_desc_dynamicpoint"), 1, CONTINUE_ON_FAILURE): Element 'Object Repository/iOS/Voucher List Page/vouchlist_points_desc_dynamicpoint' is visible

2020-02-28 11:09:43 - [MESSAGE][PASSED] - Element 'Object Repository/iOS/Voucher List Page/vouchlist_points_desc_dynamicpoint' is visible

2020-02-28 11:09:43 - [TEST_STEP][PASSED] - getText(findTestObject("iOS/Voucher List Page/vouchlist_points_desc_dynamicpoint"), 1, CONTINUE_ON_FAILURE): Text of element 'Object Repository/iOS/Voucher List Page/vouchlist_points_desc_dynamicpoint' is: '26'

2020-02-28 11:09:55 - [MESSAGE][PASSED] - Text of element 'Object Repository/iOS/Voucher List Page/vouchlist_points_desc_dynamicpoint' is: '26'

2020-02-28 11:09:55 - [TEST_STEP][PASSED] - verifyElementExist(findTestObject("iOS/Voucher List Page/vouchlist_title_redeemyour"), 1, CONTINUE_ON_FAILURE): Element 'Object Repository/iOS/Voucher List Page/vouchlist_title_redeemyour' is exist

2020-02-28 11:10:07 - [MESSAGE][PASSED] - Element 'Object Repository/iOS/Voucher List Page/vouchlist_title_redeemyour' is exist

2020-02-28 11:10:07 - [TEST_STEP][PASSED] - verifyElementVisible(findTestObject("iOS/Voucher List Page/vouchlist_title_redeemyour"), 1, CONTINUE_ON_FAILURE): Element 'Object Repository/iOS/Voucher List Page/vouchlist_title_redeemyour' is visible

2020-02-28 11:10:19 - [MESSAGE][PASSED] - Element 'Object Repository/iOS/Voucher List Page/vouchlist_title_redeemyour' is visible

2020-02-28 11:10:19 - [TEST_STEP][PASSED] - getText(findTestObject("iOS/Voucher List Page/vouchlist_title_redeemyour"), 1, CONTINUE_ON_FAILURE): Text of element 'Object Repository/iOS/Voucher List Page/vouchlist_title_redeemyour' is: 'Redeem your KFC Points!'

2020-02-28 11:10:30 - [MESSAGE][PASSED] - Text of element 'Object Repository/iOS/Voucher List Page/vouchlist_title_redeemyour' is: 'Redeem your KFC Points!'

2020-02-28 11:10:30 - [TEST_STEP][PASSED] - verifyElementExist(findTestObject("iOS/Voucher List Page/vouchlist_desc_youcan"), 1, CONTINUE_ON_FAILURE): Element 'Object Repository/iOS/Voucher List Page/vouchlist_desc_youcan' is exist

2020-02-28 11:10:42 - [MESSAGE][PASSED] - Element 'Object Repository/iOS/Voucher List Page/vouchlist_desc_youcan' is exist

2020-02-28 11:10:42 - [TEST_STEP][PASSED] - verifyElementVisible(findTestObject("iOS/Voucher List Page/vouchlist_desc_youcan"), 1, CONTINUE_ON_FAILURE): Element 'Object Repository/iOS/Voucher List Page/vouchlist_desc_youcan' is visible

2020-02-28 11:10:53 - [MESSAGE][PASSED] - Element 'Object Repository/iOS/Voucher List Page/vouchlist_desc_youcan' is visible

2020-02-28 11:10:53 - [TEST_STEP][PASSED] - getText(findTestObject("iOS/Voucher List Page/vouchlist_desc_youcan"), 1, CONTINUE_ON_FAILURE): Text of element 'Object Repository/iOS/Voucher List Page/vouchlist_desc_youcan' is: 'Your can redeem your KFC points and enjoy a selection of KFC Vouchers'

2020-02-28 11:11:04 - [MESSAGE][PASSED] - Text of element 'Object Repository/iOS/Voucher List Page/vouchlist_desc_youcan' is: 'Your can redeem your KFC points and enjoy a selection of KFC Vouchers'

2020-02-28 11:11:04 - [TEST_STEP][PASSED] - comment("Voucher 1 Check"): Voucher 1 Check

2020-02-28 11:11:04 - [MESSAGE][INFO] - Voucher 1 Check

2020-02-28 11:11:04 - [TEST_STEP][PASSED] - verifyElementExist(findTestObject("iOS/Voucher List Page/vouchlist_vouch1_title"), 1, CONTINUE_ON_FAILURE): Element 'Object Repository/iOS/Voucher List Page/vouchlist_vouch1_title' is exist

2020-02-28 11:11:18 - [MESSAGE][PASSED] - Element 'Object Repository/iOS/Voucher List Page/vouchlist_vouch1_title' is exist

2020-02-28 11:11:18 - [TEST_STEP][PASSED] - verifyElementExist(findTestObject("iOS/Voucher List Page/vouchlist_vouch1_title"), 1, CONTINUE_ON_FAILURE): Element 'Object Repository/iOS/Voucher List Page/vouchlist_vouch1_title' is exist

2020-02-28 11:11:29 - [MESSAGE][PASSED] - Element 'Object Repository/iOS/Voucher List Page/vouchlist_vouch1_title' is exist

2020-02-28 11:11:29 - [TEST_STEP][PASSED] - verifyElementVisible(findTestObject("iOS/Voucher List Page/vouchlist_vouch1_title"), 1, CONTINUE_ON_FAILURE): Element 'Object Repository/iOS/Voucher List Page/vouchlist_vouch1_title' is visible

2020-02-28 11:11:43 - [MESSAGE][PASSED] - Element 'Object Repository/iOS/Voucher List Page/vouchlist_vouch1_title' is visible

2020-02-28 11:11:43 - [TEST_STEP][PASSED] - getText(findTestObject("iOS/Voucher List Page/vouchlist_vouch1_redeemamt"), 1, CONTINUE_ON_FAILURE): Text of element 'Object Repository/iOS/Voucher List Page/vouchlist_vouch1_redeemamt' is: 'Redeemed 0/10'

2020-02-28 11:12:07 - [MESSAGE][PASSED] - Text of element 'Object Repository/iOS/Voucher List Page/vouchlist_vouch1_redeemamt' is: 'Redeemed 0/10'

2020-02-28 11:12:07 - [TEST_STEP][PASSED] - getText(findTestObject("iOS/Voucher List Page/vouchlist_vouch1_redeemamt"), 1, CONTINUE_ON_FAILURE): Text of element 'Object Repository/iOS/Voucher List Page/vouchlist_vouch1_redeemamt' is: 'Redeemed 0/10'

2020-02-28 11:12:31 - [MESSAGE][PASSED] - Text of element 'Object Repository/iOS/Voucher List Page/vouchlist_vouch1_redeemamt' is: 'Redeemed 0/10'

2020-02-28 11:12:31 - [TEST_STEP][PASSED] - verifyElementVisible(findTestObject("iOS/Voucher List Page/vouchlist_vouch1_redeemamt"), 1, CONTINUE_ON_FAILURE): Element 'Object Repository/iOS/Voucher List Page/vouchlist_vouch1_redeemamt' is visible

2020-02-28 11:12:55 - [MESSAGE][PASSED] - Element 'Object Repository/iOS/Voucher List Page/vouchlist_vouch1_redeemamt' is visible

2020-02-28 11:12:55 - [TEST_STEP][PASSED] - getText(findTestObject("iOS/Voucher List Page/vouchlist_vouch1_desc_price"), 1, CONTINUE_ON_FAILURE): Text of element 'Object Repository/iOS/Voucher List Page/vouchlist_vouch1_desc_price' is: '10 KFC Points'

2020-02-28 11:13:07 - [MESSAGE][PASSED] - Text of element 'Object Repository/iOS/Voucher List Page/vouchlist_vouch1_desc_price' is: '10 KFC Points'

2020-02-28 11:13:07 - [TEST_STEP][PASSED] - getText(findTestObject("iOS/Voucher List Page/vouchlist_vouch1_desc_price"), 1, CONTINUE_ON_FAILURE): Text of element 'Object Repository/iOS/Voucher List Page/vouchlist_vouch1_desc_price' is: '10 KFC Points'

2020-02-28 11:13:17 - [MESSAGE][PASSED] - Text of element 'Object Repository/iOS/Voucher List Page/vouchlist_vouch1_desc_price' is: '10 KFC Points'

2020-02-28 11:13:17 - [TEST_STEP][PASSED] - verifyElementVisible(findTestObject("iOS/Voucher List Page/vouchlist_vouch1_desc_price"), 1, CONTINUE_ON_FAILURE): Element 'Object Repository/iOS/Voucher List Page/vouchlist_vouch1_desc_price' is visible

2020-02-28 11:13:27 - [MESSAGE][PASSED] - Element 'Object Repository/iOS/Voucher List Page/vouchlist_vouch1_desc_price' is visible

2020-02-28 11:13:27 - [TEST_STEP][PASSED] - getText(findTestObject("iOS/Voucher List Page/vouchlist_vouch1_btnRedeem_text"), 1, CONTINUE_ON_FAILURE): Text of element 'Object Repository/iOS/Voucher List Page/vouchlist_vouch1_btnRedeem_text' is: 'REDEEM'

2020-02-28 11:13:39 - [MESSAGE][PASSED] - Text of element 'Object Repository/iOS/Voucher List Page/vouchlist_vouch1_btnRedeem_text' is: 'REDEEM'

2020-02-28 11:13:39 - [TEST_STEP][PASSED] - verifyElementVisible(findTestObject("iOS/Voucher List Page/vouchlist_vouch1_btnRedeem_text"), 1, CONTINUE_ON_FAILURE): Element 'Object Repository/iOS/Voucher List Page/vouchlist_vouch1_btnRedeem_text' is visible

2020-02-28 11:13:51 - [MESSAGE][PASSED] - Element 'Object Repository/iOS/Voucher List Page/vouchlist_vouch1_btnRedeem_text' is visible

2020-02-28 11:13:51 - [TEST_STEP][PASSED] - getText(findTestObject("iOS/Voucher List Page/vouchlist_vouch1_btnRedeem_text"), 1, CONTINUE_ON_FAILURE): Text of element 'Object Repository/iOS/Voucher List Page/vouchlist_vouch1_btnRedeem_text' is: 'REDEEM'

2020-02-28 11:14:01 - [MESSAGE][PASSED] - Text of element 'Object Repository/iOS/Voucher List Page/vouchlist_vouch1_btnRedeem_text' is: 'REDEEM'

2020-02-28 11:14:01 - [TEST_STEP][PASSED] - getText(findTestObject("iOS/Voucher List Page/vouchlist_vouch1_btnRedeem"), 1, CONTINUE_ON_FAILURE): Text of element 'Object Repository/iOS/Voucher List Page/vouchlist_vouch1_btnRedeem' is: 'REDEEM'

2020-02-28 11:14:12 - [MESSAGE][PASSED] - Text of element 'Object Repository/iOS/Voucher List Page/vouchlist_vouch1_btnRedeem' is: 'REDEEM'

2020-02-28 11:14:12 - [TEST_STEP][PASSED] - verifyElementVisible(findTestObject("iOS/Voucher List Page/vouchlist_vouch1_btnRedeem"), 1, CONTINUE_ON_FAILURE): Element 'Object Repository/iOS/Voucher List Page/vouchlist_vouch1_btnRedeem' is visible

2020-02-28 11:14:22 - [MESSAGE][PASSED] - Element 'Object Repository/iOS/Voucher List Page/vouchlist_vouch1_btnRedeem' is visible

2020-02-28 11:14:22 - [TEST_STEP][PASSED] - swipe(100, 600, 100, 50, CONTINUE_ON_FAILURE): Swiped from 100,600 to 100,50

2020-02-28 11:14:23 - [MESSAGE][PASSED] - Swiped from 100,600 to 100,50

2020-02-28 11:14:23 - [TEST_STEP][PASSED] - swipe(100, 600, 100, 50, CONTINUE_ON_FAILURE): Swiped from 100,600 to 100,50

2020-02-28 11:14:24 - [MESSAGE][PASSED] - Swiped from 100,600 to 100,50

2020-02-28 11:14:24 - [TEST_STEP][PASSED] - tap(findTestObject("iOS/Voucher List Page/vouchlist_unbuyablevouch_text_550KFC"), 2, STOP_ON_FAILURE): Tapped on element 'Object Repository/iOS/Voucher List Page/vouchlist_unbuyablevouch_text_550KFC'

2020-02-28 11:14:31 - [MESSAGE][PASSED] - Tapped on element 'Object Repository/iOS/Voucher List Page/vouchlist_unbuyablevouch_text_550KFC'

2020-02-28 11:14:31 - [TEST_STEP][PASSED] - delay(3): Delayed 3 second(s)

2020-02-28 11:14:34 - [MESSAGE][PASSED] - Delayed 3 second(s)

2020-02-28 11:14:34 - [TEST_STEP][PASSED] - verifyElementExist(findTestObject("iOS/Voucher Detail Page/vouchdet_header_btnBack"), 1, CONTINUE_ON_FAILURE): Element 'Object Repository/iOS/Voucher Detail Page/vouchdet_header_btnBack' is exist

2020-02-28 11:14:37 - [MESSAGE][PASSED] - Element 'Object Repository/iOS/Voucher Detail Page/vouchdet_header_btnBack' is exist

2020-02-28 11:14:37 - [TEST_STEP][PASSED] - verifyElementVisible(findTestObject("iOS/Voucher Detail Page/vouchdet_header_btnBack"), 1, CONTINUE_ON_FAILURE): Element 'Object Repository/iOS/Voucher Detail Page/vouchdet_header_btnBack' is visible

2020-02-28 11:14:39 - [MESSAGE][PASSED] - Element 'Object Repository/iOS/Voucher Detail Page/vouchdet_header_btnBack' is visible

2020-02-28 11:14:39 - [TEST_STEP][PASSED] - verifyElementExist(findTestObject("iOS/Voucher Detail Page/vouchdet_header_title"), 1, CONTINUE_ON_FAILURE): Element 'Object Repository/iOS/Voucher Detail Page/vouchdet_header_title' is exist

2020-02-28 11:14:42 - [MESSAGE][PASSED] - Element 'Object Repository/iOS/Voucher Detail Page/vouchdet_header_title' is exist

2020-02-28 11:14:42 - [TEST_STEP][PASSED] - verifyElementVisible(findTestObject("iOS/Voucher Detail Page/vouchdet_header_title"), 1, CONTINUE_ON_FAILURE): Element 'Object Repository/iOS/Voucher Detail Page/vouchdet_header_title' is visible

2020-02-28 11:14:44 - [MESSAGE][PASSED] - Element 'Object Repository/iOS/Voucher Detail Page/vouchdet_header_title' is visible

2020-02-28 11:14:44 - [TEST_STEP][PASSED] - verifyElementExist(findTestObject("iOS/Voucher Detail Page/vouchdet_btnConfirm_text"), 1, CONTINUE_ON_FAILURE): Element 'Object Repository/iOS/Voucher Detail Page/vouchdet_btnConfirm_text' is exist

2020-02-28 11:14:47 - [MESSAGE][PASSED] - Element 'Object Repository/iOS/Voucher Detail Page/vouchdet_btnConfirm_text' is exist

2020-02-28 11:14:47 - [TEST_STEP][PASSED] - verifyElementVisible(findTestObject("iOS/Voucher Detail Page/vouchdet_btnConfirm_text"), 1, CONTINUE_ON_FAILURE): Element 'Object Repository/iOS/Voucher Detail Page/vouchdet_btnConfirm_text' is visible

2020-02-28 11:14:49 - [MESSAGE][PASSED] - Element 'Object Repository/iOS/Voucher Detail Page/vouchdet_btnConfirm_text' is visible

2020-02-28 11:14:49 - [TEST_STEP][PASSED] - getText(findTestObject("iOS/Voucher Detail Page/vouchdet_btnConfirm_text"), 1, CONTINUE_ON_FAILURE): Text of element 'Object Repository/iOS/Voucher Detail Page/vouchdet_btnConfirm_text' is: 'Confirm'

2020-02-28 11:14:52 - [MESSAGE][PASSED] - Text of element 'Object Repository/iOS/Voucher Detail Page/vouchdet_btnConfirm_text' is: 'Confirm'

2020-02-28 11:14:52 - [TEST_STEP][PASSED] - verifyElementExist(findTestObject("iOS/Voucher Detail Page/vouchdet_btnConfirm"), 1, CONTINUE_ON_FAILURE): Element 'Object Repository/iOS/Voucher Detail Page/vouchdet_btnConfirm' is exist

2020-02-28 11:14:54 - [MESSAGE][PASSED] - Element 'Object Repository/iOS/Voucher Detail Page/vouchdet_btnConfirm' is exist

2020-02-28 11:14:54 - [TEST_STEP][PASSED] - verifyElementVisible(findTestObject("iOS/Voucher Detail Page/vouchdet_btnConfirm"), 1, CONTINUE_ON_FAILURE): Element 'Object Repository/iOS/Voucher Detail Page/vouchdet_btnConfirm' is visible

2020-02-28 11:14:57 - [MESSAGE][PASSED] - Element 'Object Repository/iOS/Voucher Detail Page/vouchdet_btnConfirm' is visible

2020-02-28 11:14:57 - [TEST_STEP][PASSED] - tap(findTestObject("iOS/Voucher Detail Page/vouchdet_btnConfirm"), 1, STOP_ON_FAILURE): Tapped on element 'Object Repository/iOS/Voucher Detail Page/vouchdet_btnConfirm'

2020-02-28 11:14:59 - [MESSAGE][PASSED] - Tapped on element 'Object Repository/iOS/Voucher Detail Page/vouchdet_btnConfirm'

2020-02-28 11:14:59 - [TEST_STEP][PASSED] - delay(3): Delayed 3 second(s)

2020-02-28 11:15:02 - [MESSAGE][PASSED] - Delayed 3 second(s)

2020-02-28 11:15:02 - [TEST_STEP][PASSED] - verifyElementExist(findTestObject("iOS/Voucher Detail Page/vouchdet_btnCancel"), 1, CONTINUE_ON_FAILURE): Element 'Object Repository/iOS/Voucher Detail Page/vouchdet_btnCancel' is exist

2020-02-28 11:15:05 - [MESSAGE][PASSED] - Element 'Object Repository/iOS/Voucher Detail Page/vouchdet_btnCancel' is exist

2020-02-28 11:15:05 - [TEST_STEP][PASSED] - verifyElementVisible(findTestObject("iOS/Voucher Detail Page/vouchdet_btnCancel"), 1, CONTINUE_ON_FAILURE): Element 'Object Repository/iOS/Voucher Detail Page/vouchdet_btnCancel' is visible

2020-02-28 11:15:08 - [MESSAGE][PASSED] - Element 'Object Repository/iOS/Voucher Detail Page/vouchdet_btnCancel' is visible

2020-02-28 11:15:08 - [TEST_STEP][PASSED] - tap(findTestObject("iOS/Voucher Detail Page/vouchdet_btnCancel"), 1, STOP_ON_FAILURE): Tapped on element 'Object Repository/iOS/Voucher Detail Page/vouchdet_btnCancel'

2020-02-28 11:15:10 - [MESSAGE][PASSED] - Tapped on element 'Object Repository/iOS/Voucher Detail Page/vouchdet_btnCancel']]></system-out>
         <system-err><![CDATA[]]></system-err>
      </testcase>
      <testcase name="Test Cases/RegressioniOS - Loyality and Rewards/3. Verify all buttons on the rewards page" time="172.001" classname="Test Cases/RegressioniOS - Loyality and Rewards/3. Verify all buttons on the rewards page" status="FAILED">
         <failure type="FAILED" message="Test Cases/RegressioniOS - Loyality and Rewards/3. Verify all buttons on the rewards page FAILED.
Reason:
com.kms.katalon.core.exception.StepFailedException: Element 'Object Repository/iOS/Voucher Detail Page/vouchdet_btnCancel_text' not found
	at com.kms.katalon.core.keyword.internal.KeywordMain.stepFailed(KeywordMain.groovy:39)
	at com.kms.katalon.core.mobile.keyword.internal.MobileKeywordMain.stepFailed(MobileKeywordMain.groovy:40)
	at com.kms.katalon.core.mobile.keyword.builtin.VerifyElementExistKeyword$_verifyElementExist_closure1.doCall(VerifyElementExistKeyword.groovy:77)
	at com.kms.katalon.core.mobile.keyword.builtin.VerifyElementExistKeyword$_verifyElementExist_closure1.call(VerifyElementExistKeyword.groovy)
	at com.kms.katalon.core.mobile.keyword.internal.MobileKeywordMain.runKeyword(MobileKeywordMain.groovy:21)
	at com.kms.katalon.core.mobile.keyword.builtin.VerifyElementExistKeyword.verifyElementExist(VerifyElementExistKeyword.groovy:80)
	at com.kms.katalon.core.mobile.keyword.builtin.VerifyElementExistKeyword.execute(VerifyElementExistKeyword.groovy:64)
	at com.kms.katalon.core.keyword.internal.KeywordExecutor.executeKeywordForPlatform(KeywordExecutor.groovy:60)
	at com.kms.katalon.core.mobile.keyword.MobileBuiltInKeywords.verifyElementExist(MobileBuiltInKeywords.groovy:640)
	at com.kms.katalon.core.mobile.keyword.MobileBuiltInKeywords$verifyElementExist$0.call(Unknown Source)
	at 3. Verify all buttons on the rewards page.run(3. Verify all buttons on the rewards page:30)
	at com.kms.katalon.core.main.ScriptEngine.run(ScriptEngine.java:194)
	at com.kms.katalon.core.main.ScriptEngine.runScriptAsRawText(ScriptEngine.java:119)
	at com.kms.katalon.core.main.TestCaseExecutor.runScript(TestCaseExecutor.java:337)
	at com.kms.katalon.core.main.TestCaseExecutor.doExecute(TestCaseExecutor.java:328)
	at com.kms.katalon.core.main.TestCaseExecutor.processExecutionPhase(TestCaseExecutor.java:307)
	at com.kms.katalon.core.main.TestCaseExecutor.accessMainPhase(TestCaseExecutor.java:299)
	at com.kms.katalon.core.main.TestCaseExecutor.execute(TestCaseExecutor.java:233)
	at com.kms.katalon.core.main.TestSuiteExecutor.accessTestCaseMainPhase(TestSuiteExecutor.java:169)
	at com.kms.katalon.core.main.TestSuiteExecutor.accessTestSuiteMainPhase(TestSuiteExecutor.java:142)
	at com.kms.katalon.core.main.TestSuiteExecutor.execute(TestSuiteExecutor.java:91)
	at com.kms.katalon.core.main.TestCaseMain.startTestSuite(TestCaseMain.java:157)
	at com.kms.katalon.core.main.TestCaseMain$startTestSuite$0.call(Unknown Source)
	at TempTestSuite1582862565852.run(TempTestSuite1582862565852.groovy:36)
"/>
         <system-out><![CDATA[2020-02-28 11:15:10 - [TEST_CASE][FAILED] - Test Cases/RegressioniOS - Loyality and Rewards/3. Verify all buttons on the rewards page: Test Cases/RegressioniOS - Loyality and Rewards/3. Verify all buttons on the rewards page FAILED.
Reason:
com.kms.katalon.core.exception.StepFailedException: Element 'Object Repository/iOS/Voucher Detail Page/vouchdet_btnCancel_text' not found
	at com.kms.katalon.core.keyword.internal.KeywordMain.stepFailed(KeywordMain.groovy:39)
	at com.kms.katalon.core.mobile.keyword.internal.MobileKeywordMain.stepFailed(MobileKeywordMain.groovy:40)
	at com.kms.katalon.core.mobile.keyword.builtin.VerifyElementExistKeyword$_verifyElementExist_closure1.doCall(VerifyElementExistKeyword.groovy:77)
	at com.kms.katalon.core.mobile.keyword.builtin.VerifyElementExistKeyword$_verifyElementExist_closure1.call(VerifyElementExistKeyword.groovy)
	at com.kms.katalon.core.mobile.keyword.internal.MobileKeywordMain.runKeyword(MobileKeywordMain.groovy:21)
	at com.kms.katalon.core.mobile.keyword.builtin.VerifyElementExistKeyword.verifyElementExist(VerifyElementExistKeyword.groovy:80)
	at com.kms.katalon.core.mobile.keyword.builtin.VerifyElementExistKeyword.execute(VerifyElementExistKeyword.groovy:64)
	at com.kms.katalon.core.keyword.internal.KeywordExecutor.executeKeywordForPlatform(KeywordExecutor.groovy:60)
	at com.kms.katalon.core.mobile.keyword.MobileBuiltInKeywords.verifyElementExist(MobileBuiltInKeywords.groovy:640)
	at com.kms.katalon.core.mobile.keyword.MobileBuiltInKeywords$verifyElementExist$0.call(Unknown Source)
	at 3. Verify all buttons on the rewards page.run(3. Verify all buttons on the rewards page:30)
	at com.kms.katalon.core.main.ScriptEngine.run(ScriptEngine.java:194)
	at com.kms.katalon.core.main.ScriptEngine.runScriptAsRawText(ScriptEngine.java:119)
	at com.kms.katalon.core.main.TestCaseExecutor.runScript(TestCaseExecutor.java:337)
	at com.kms.katalon.core.main.TestCaseExecutor.doExecute(TestCaseExecutor.java:328)
	at com.kms.katalon.core.main.TestCaseExecutor.processExecutionPhase(TestCaseExecutor.java:307)
	at com.kms.katalon.core.main.TestCaseExecutor.accessMainPhase(TestCaseExecutor.java:299)
	at com.kms.katalon.core.main.TestCaseExecutor.execute(TestCaseExecutor.java:233)
	at com.kms.katalon.core.main.TestSuiteExecutor.accessTestCaseMainPhase(TestSuiteExecutor.java:169)
	at com.kms.katalon.core.main.TestSuiteExecutor.accessTestSuiteMainPhase(TestSuiteExecutor.java:142)
	at com.kms.katalon.core.main.TestSuiteExecutor.execute(TestSuiteExecutor.java:91)
	at com.kms.katalon.core.main.TestCaseMain.startTestSuite(TestCaseMain.java:157)
	at com.kms.katalon.core.main.TestCaseMain$startTestSuite$0.call(Unknown Source)
	at TempTestSuite1582862565852.run(TempTestSuite1582862565852.groovy:36)


2020-02-28 11:15:11 - [TEST_STEP][PASSED] - comment("Voucher Detail Page Check"): Voucher Detail Page Check

2020-02-28 11:15:11 - [MESSAGE][INFO] - Voucher Detail Page Check

2020-02-28 11:15:11 - [TEST_STEP][PASSED] - tap(findTestObject("iOS/Voucher List Page/vouchlist_vouch1_title"), 1, STOP_ON_FAILURE): Tapped on element 'Object Repository/iOS/Voucher List Page/vouchlist_vouch1_title'

2020-02-28 11:15:18 - [MESSAGE][PASSED] - Tapped on element 'Object Repository/iOS/Voucher List Page/vouchlist_vouch1_title'

2020-02-28 11:15:18 - [TEST_STEP][PASSED] - delay(5): Delayed 5 second(s)

2020-02-28 11:15:23 - [MESSAGE][PASSED] - Delayed 5 second(s)

2020-02-28 11:15:23 - [TEST_STEP][PASSED] - waitForElementPresent(findTestObject("iOS/Voucher Detail Page/vouchdet_info_title"), 1): Object Object Repository/iOS/Voucher Detail Page/vouchdet_info_title not found

2020-02-28 11:15:31 - [MESSAGE][WARNING] - Object Object Repository/iOS/Voucher Detail Page/vouchdet_info_title not found

2020-02-28 11:15:31 - [TEST_STEP][PASSED] - verifyElementExist(findTestObject("iOS/Voucher Detail Page/vouchdet_header_btnBack"), 1, CONTINUE_ON_FAILURE): Element 'Object Repository/iOS/Voucher Detail Page/vouchdet_header_btnBack' is exist

2020-02-28 11:15:40 - [MESSAGE][PASSED] - Element 'Object Repository/iOS/Voucher Detail Page/vouchdet_header_btnBack' is exist

2020-02-28 11:15:40 - [TEST_STEP][PASSED] - verifyElementVisible(findTestObject("iOS/Voucher Detail Page/vouchdet_header_btnBack"), 1, CONTINUE_ON_FAILURE): Element 'Object Repository/iOS/Voucher Detail Page/vouchdet_header_btnBack' is visible

2020-02-28 11:15:49 - [MESSAGE][PASSED] - Element 'Object Repository/iOS/Voucher Detail Page/vouchdet_header_btnBack' is visible

2020-02-28 11:15:49 - [TEST_STEP][FAILED] - verifyElementExist(findTestObject("iOS/Voucher Detail Page/vouchdet_btnCancel_text"), 1, CONTINUE_ON_FAILURE): Element 'Object Repository/iOS/Voucher Detail Page/vouchdet_btnCancel_text' not found

2020-02-28 11:15:58 - [MESSAGE][FAILED] - Element 'Object Repository/iOS/Voucher Detail Page/vouchdet_btnCancel_text' not found
[[ATTACHMENT|/Users/bambangtripamungkas/git/KFCiOS/Reports/20200228_110245/Regression Test - Loyality and Rewards/20200228_110245/1582863357957.png]]

2020-02-28 11:15:58 - [TEST_STEP][FAILED] - verifyElementVisible(findTestObject("iOS/Voucher Detail Page/vouchdet_btnCancel_text"), 1, CONTINUE_ON_FAILURE): Element 'Object Repository/iOS/Voucher Detail Page/vouchdet_btnCancel_text' not found

2020-02-28 11:16:06 - [MESSAGE][FAILED] - Element 'Object Repository/iOS/Voucher Detail Page/vouchdet_btnCancel_text' not found
[[ATTACHMENT|/Users/bambangtripamungkas/git/KFCiOS/Reports/20200228_110245/Regression Test - Loyality and Rewards/20200228_110245/1582863366569.png]]

2020-02-28 11:16:06 - [TEST_STEP][FAILED] - getText(findTestObject("iOS/Voucher Detail Page/vouchdet_btnCancel_text"), 1, CONTINUE_ON_FAILURE): Object Object Repository/iOS/Voucher Detail Page/vouchdet_btnCancel_text not found

2020-02-28 11:16:14 - [MESSAGE][FAILED] - Object Object Repository/iOS/Voucher Detail Page/vouchdet_btnCancel_text not found
[[ATTACHMENT|/Users/bambangtripamungkas/git/KFCiOS/Reports/20200228_110245/Regression Test - Loyality and Rewards/20200228_110245/1582863374820.png]]

2020-02-28 11:16:14 - [TEST_STEP][FAILED] - verifyElementExist(findTestObject("iOS/Voucher Detail Page/vouchdet_btnCancel"), 1, CONTINUE_ON_FAILURE): Element 'Object Repository/iOS/Voucher Detail Page/vouchdet_btnCancel' not found

2020-02-28 11:16:23 - [MESSAGE][FAILED] - Element 'Object Repository/iOS/Voucher Detail Page/vouchdet_btnCancel' not found
[[ATTACHMENT|/Users/bambangtripamungkas/git/KFCiOS/Reports/20200228_110245/Regression Test - Loyality and Rewards/20200228_110245/1582863383018.png]]

2020-02-28 11:16:23 - [TEST_STEP][FAILED] - verifyElementVisible(findTestObject("iOS/Voucher Detail Page/vouchdet_btnCancel"), 1, CONTINUE_ON_FAILURE): Element 'Object Repository/iOS/Voucher Detail Page/vouchdet_btnCancel' not found

2020-02-28 11:16:31 - [MESSAGE][FAILED] - Element 'Object Repository/iOS/Voucher Detail Page/vouchdet_btnCancel' not found
[[ATTACHMENT|/Users/bambangtripamungkas/git/KFCiOS/Reports/20200228_110245/Regression Test - Loyality and Rewards/20200228_110245/1582863391621.png]]

2020-02-28 11:16:31 - [TEST_STEP][FAILED] - verifyElementExist(findTestObject("iOS/Voucher Detail Page/vouchdet_btnConfirm_text"), 1, CONTINUE_ON_FAILURE): Element 'Object Repository/iOS/Voucher Detail Page/vouchdet_btnConfirm_text' not found

2020-02-28 11:16:40 - [MESSAGE][FAILED] - Element 'Object Repository/iOS/Voucher Detail Page/vouchdet_btnConfirm_text' not found
[[ATTACHMENT|/Users/bambangtripamungkas/git/KFCiOS/Reports/20200228_110245/Regression Test - Loyality and Rewards/20200228_110245/1582863400049.png]]

2020-02-28 11:16:40 - [TEST_STEP][FAILED] - verifyElementVisible(findTestObject("iOS/Voucher Detail Page/vouchdet_btnConfirm_text"), 1, CONTINUE_ON_FAILURE): Element 'Object Repository/iOS/Voucher Detail Page/vouchdet_btnConfirm_text' not found

2020-02-28 11:16:48 - [MESSAGE][FAILED] - Element 'Object Repository/iOS/Voucher Detail Page/vouchdet_btnConfirm_text' not found
[[ATTACHMENT|/Users/bambangtripamungkas/git/KFCiOS/Reports/20200228_110245/Regression Test - Loyality and Rewards/20200228_110245/1582863408330.png]]

2020-02-28 11:16:48 - [TEST_STEP][FAILED] - getText(findTestObject("iOS/Voucher Detail Page/vouchdet_btnConfirm_text"), 1, CONTINUE_ON_FAILURE): Object Object Repository/iOS/Voucher Detail Page/vouchdet_btnConfirm_text not found

2020-02-28 11:16:56 - [MESSAGE][FAILED] - Object Object Repository/iOS/Voucher Detail Page/vouchdet_btnConfirm_text not found
[[ATTACHMENT|/Users/bambangtripamungkas/git/KFCiOS/Reports/20200228_110245/Regression Test - Loyality and Rewards/20200228_110245/1582863416674.png]]

2020-02-28 11:16:56 - [TEST_STEP][FAILED] - verifyElementExist(findTestObject("iOS/Voucher Detail Page/vouchdet_btnConfirm"), 1, CONTINUE_ON_FAILURE): Element 'Object Repository/iOS/Voucher Detail Page/vouchdet_btnConfirm' not found

2020-02-28 11:17:12 - [MESSAGE][FAILED] - Element 'Object Repository/iOS/Voucher Detail Page/vouchdet_btnConfirm' not found
[[ATTACHMENT|/Users/bambangtripamungkas/git/KFCiOS/Reports/20200228_110245/Regression Test - Loyality and Rewards/20200228_110245/1582863431623.png]]

2020-02-28 11:17:12 - [TEST_STEP][FAILED] - verifyElementVisible(findTestObject("iOS/Voucher Detail Page/vouchdet_btnConfirm"), 1, CONTINUE_ON_FAILURE): Element 'Object Repository/iOS/Voucher Detail Page/vouchdet_btnConfirm' not found

2020-02-28 11:17:21 - [MESSAGE][FAILED] - Element 'Object Repository/iOS/Voucher Detail Page/vouchdet_btnConfirm' not found
[[ATTACHMENT|/Users/bambangtripamungkas/git/KFCiOS/Reports/20200228_110245/Regression Test - Loyality and Rewards/20200228_110245/1582863441134.png]]

2020-02-28 11:17:21 - [TEST_STEP][FAILED] - verifyElementExist(findTestObject("iOS/Voucher Detail Page/vouchdet_TC_btnTC_text"), 1, CONTINUE_ON_FAILURE): Element 'Object Repository/iOS/Voucher Detail Page/vouchdet_TC_btnTC_text' not found

2020-02-28 11:17:28 - [MESSAGE][FAILED] - Element 'Object Repository/iOS/Voucher Detail Page/vouchdet_TC_btnTC_text' not found
[[ATTACHMENT|/Users/bambangtripamungkas/git/KFCiOS/Reports/20200228_110245/Regression Test - Loyality and Rewards/20200228_110245/1582863448165.png]]

2020-02-28 11:17:28 - [TEST_STEP][FAILED] - verifyElementVisible(findTestObject("iOS/Voucher Detail Page/vouchdet_TC_btnTC_text"), 1, CONTINUE_ON_FAILURE): Element 'Object Repository/iOS/Voucher Detail Page/vouchdet_TC_btnTC_text' not found

2020-02-28 11:17:35 - [MESSAGE][FAILED] - Element 'Object Repository/iOS/Voucher Detail Page/vouchdet_TC_btnTC_text' not found
[[ATTACHMENT|/Users/bambangtripamungkas/git/KFCiOS/Reports/20200228_110245/Regression Test - Loyality and Rewards/20200228_110245/1582863455669.png]]

2020-02-28 11:17:35 - [TEST_STEP][FAILED] - getText(findTestObject("iOS/Voucher Detail Page/vouchdet_TC_btnTC_text"), 1, CONTINUE_ON_FAILURE): Object Object Repository/iOS/Voucher Detail Page/vouchdet_TC_btnTC_text not found

2020-02-28 11:17:42 - [MESSAGE][FAILED] - Object Object Repository/iOS/Voucher Detail Page/vouchdet_TC_btnTC_text not found
[[ATTACHMENT|/Users/bambangtripamungkas/git/KFCiOS/Reports/20200228_110245/Regression Test - Loyality and Rewards/20200228_110245/1582863462566.png]]

2020-02-28 11:17:42 - [TEST_STEP][FAILED] - verifyElementExist(findTestObject("iOS/Voucher Detail Page/vouchdet_TC_btnTC"), 1, CONTINUE_ON_FAILURE): Element 'Object Repository/iOS/Voucher Detail Page/vouchdet_TC_btnTC' not found

2020-02-28 11:17:49 - [MESSAGE][FAILED] - Element 'Object Repository/iOS/Voucher Detail Page/vouchdet_TC_btnTC' not found
[[ATTACHMENT|/Users/bambangtripamungkas/git/KFCiOS/Reports/20200228_110245/Regression Test - Loyality and Rewards/20200228_110245/1582863469142.png]]

2020-02-28 11:17:49 - [TEST_STEP][FAILED] - verifyElementVisible(findTestObject("iOS/Voucher Detail Page/vouchdet_TC_btnTC"), 1, CONTINUE_ON_FAILURE): Element 'Object Repository/iOS/Voucher Detail Page/vouchdet_TC_btnTC' not found

2020-02-28 11:17:55 - [MESSAGE][FAILED] - Element 'Object Repository/iOS/Voucher Detail Page/vouchdet_TC_btnTC' not found
[[ATTACHMENT|/Users/bambangtripamungkas/git/KFCiOS/Reports/20200228_110245/Regression Test - Loyality and Rewards/20200228_110245/1582863475819.png]]

2020-02-28 11:17:55 - [TEST_STEP][FAILED] - tap(findTestObject("iOS/Voucher Detail Page/vouchdet_howto_btnHowto"), 1, STOP_ON_FAILURE): Failed to tap on element 'Object Repository/iOS/Voucher Detail Page/vouchdet_howto_btnHowto' (Root cause: com.kms.katalon.core.exception.StepFailedException: Object Object Repository/iOS/Voucher Detail Page/vouchdet_howto_btnHowto not found
	at com.kms.katalon.core.keyword.internal.KeywordMain.stepFailed(KeywordMain.groovy:50)
	at com.kms.katalon.core.mobile.keyword.internal.MobileKeywordMain.stepFailed(MobileKeywordMain.groovy:40)
	at com.kms.katalon.core.mobile.keyword.builtin.TapKeyword$_tap_closure1.doCall(TapKeyword.groovy:79)
	at com.kms.katalon.core.mobile.keyword.builtin.TapKeyword$_tap_closure1.call(TapKeyword.groovy)
	at com.kms.katalon.core.mobile.keyword.internal.MobileKeywordMain.runKeyword(MobileKeywordMain.groovy:21)
	at com.kms.katalon.core.mobile.keyword.builtin.TapKeyword.tap(TapKeyword.groovy:86)
	at com.kms.katalon.core.mobile.keyword.builtin.TapKeyword.execute(TapKeyword.groovy:68)
	at com.kms.katalon.core.keyword.internal.KeywordExecutor.executeKeywordForPlatform(KeywordExecutor.groovy:60)
	at com.kms.katalon.core.mobile.keyword.MobileBuiltInKeywords.tap(MobileBuiltInKeywords.groovy:506)
	at com.kms.katalon.core.mobile.keyword.MobileBuiltInKeywords$tap$1.call(Unknown Source)
	at 3. Verify all buttons on the rewards page.run(3. Verify all buttons on the rewards page:60)
	at com.kms.katalon.core.main.ScriptEngine.run(ScriptEngine.java:194)
	at com.kms.katalon.core.main.ScriptEngine.runScriptAsRawText(ScriptEngine.java:119)
	at com.kms.katalon.core.main.TestCaseExecutor.runScript(TestCaseExecutor.java:337)
	at com.kms.katalon.core.main.TestCaseExecutor.doExecute(TestCaseExecutor.java:328)
	at com.kms.katalon.core.main.TestCaseExecutor.processExecutionPhase(TestCaseExecutor.java:307)
	at com.kms.katalon.core.main.TestCaseExecutor.accessMainPhase(TestCaseExecutor.java:299)
	at com.kms.katalon.core.main.TestCaseExecutor.execute(TestCaseExecutor.java:233)
	at com.kms.katalon.core.main.TestSuiteExecutor.accessTestCaseMainPhase(TestSuiteExecutor.java:169)
	at com.kms.katalon.core.main.TestSuiteExecutor.accessTestSuiteMainPhase(TestSuiteExecutor.java:142)
	at com.kms.katalon.core.main.TestSuiteExecutor.execute(TestSuiteExecutor.java:91)
	at com.kms.katalon.core.main.TestCaseMain.startTestSuite(TestCaseMain.java:157)
	at com.kms.katalon.core.main.TestCaseMain$startTestSuite$0.call(Unknown Source)
	at TempTestSuite1582862565852.run(TempTestSuite1582862565852.groovy:36)
)

2020-02-28 11:18:02 - [MESSAGE][FAILED] - Object Object Repository/iOS/Voucher Detail Page/vouchdet_howto_btnHowto not found
[[ATTACHMENT|/Users/bambangtripamungkas/git/KFCiOS/Reports/20200228_110245/Regression Test - Loyality and Rewards/20200228_110245/1582863482418.png]]

2020-02-28 11:18:02 - [MESSAGE][FAILED] - Failed to tap on element 'Object Repository/iOS/Voucher Detail Page/vouchdet_howto_btnHowto' (Root cause: com.kms.katalon.core.exception.StepFailedException: Object Object Repository/iOS/Voucher Detail Page/vouchdet_howto_btnHowto not found
	at com.kms.katalon.core.keyword.internal.KeywordMain.stepFailed(KeywordMain.groovy:50)
	at com.kms.katalon.core.mobile.keyword.internal.MobileKeywordMain.stepFailed(MobileKeywordMain.groovy:40)
	at com.kms.katalon.core.mobile.keyword.builtin.TapKeyword$_tap_closure1.doCall(TapKeyword.groovy:79)
	at com.kms.katalon.core.mobile.keyword.builtin.TapKeyword$_tap_closure1.call(TapKeyword.groovy)
	at com.kms.katalon.core.mobile.keyword.internal.MobileKeywordMain.runKeyword(MobileKeywordMain.groovy:21)
	at com.kms.katalon.core.mobile.keyword.builtin.TapKeyword.tap(TapKeyword.groovy:86)
	at com.kms.katalon.core.mobile.keyword.builtin.TapKeyword.execute(TapKeyword.groovy:68)
	at com.kms.katalon.core.keyword.internal.KeywordExecutor.executeKeywordForPlatform(KeywordExecutor.groovy:60)
	at com.kms.katalon.core.mobile.keyword.MobileBuiltInKeywords.tap(MobileBuiltInKeywords.groovy:506)
	at com.kms.katalon.core.mobile.keyword.MobileBuiltInKeywords$tap$1.call(Unknown Source)
	at 3. Verify all buttons on the rewards page.run(3. Verify all buttons on the rewards page:60)
	at com.kms.katalon.core.main.ScriptEngine.run(ScriptEngine.java:194)
	at com.kms.katalon.core.main.ScriptEngine.runScriptAsRawText(ScriptEngine.java:119)
	at com.kms.katalon.core.main.TestCaseExecutor.runScript(TestCaseExecutor.java:337)
	at com.kms.katalon.core.main.TestCaseExecutor.doExecute(TestCaseExecutor.java:328)
	at com.kms.katalon.core.main.TestCaseExecutor.processExecutionPhase(TestCaseExecutor.java:307)
	at com.kms.katalon.core.main.TestCaseExecutor.accessMainPhase(TestCaseExecutor.java:299)
	at com.kms.katalon.core.main.TestCaseExecutor.execute(TestCaseExecutor.java:233)
	at com.kms.katalon.core.main.TestSuiteExecutor.accessTestCaseMainPhase(TestSuiteExecutor.java:169)
	at com.kms.katalon.core.main.TestSuiteExecutor.accessTestSuiteMainPhase(TestSuiteExecutor.java:142)
	at com.kms.katalon.core.main.TestSuiteExecutor.execute(TestSuiteExecutor.java:91)
	at com.kms.katalon.core.main.TestCaseMain.startTestSuite(TestCaseMain.java:157)
	at com.kms.katalon.core.main.TestCaseMain$startTestSuite$0.call(Unknown Source)
	at TempTestSuite1582862565852.run(TempTestSuite1582862565852.groovy:36)
)
[[ATTACHMENT|/Users/bambangtripamungkas/git/KFCiOS/Reports/20200228_110245/Regression Test - Loyality and Rewards/20200228_110245/1582863482604.png]]]]></system-out>
         <system-err><![CDATA[2020-02-28 11:15:10 - [TEST_CASE][FAILED] - Test Cases/RegressioniOS - Loyality and Rewards/3. Verify all buttons on the rewards page: Test Cases/RegressioniOS - Loyality and Rewards/3. Verify all buttons on the rewards page FAILED.
Reason:
com.kms.katalon.core.exception.StepFailedException: Element 'Object Repository/iOS/Voucher Detail Page/vouchdet_btnCancel_text' not found
	at com.kms.katalon.core.keyword.internal.KeywordMain.stepFailed(KeywordMain.groovy:39)
	at com.kms.katalon.core.mobile.keyword.internal.MobileKeywordMain.stepFailed(MobileKeywordMain.groovy:40)
	at com.kms.katalon.core.mobile.keyword.builtin.VerifyElementExistKeyword$_verifyElementExist_closure1.doCall(VerifyElementExistKeyword.groovy:77)
	at com.kms.katalon.core.mobile.keyword.builtin.VerifyElementExistKeyword$_verifyElementExist_closure1.call(VerifyElementExistKeyword.groovy)
	at com.kms.katalon.core.mobile.keyword.internal.MobileKeywordMain.runKeyword(MobileKeywordMain.groovy:21)
	at com.kms.katalon.core.mobile.keyword.builtin.VerifyElementExistKeyword.verifyElementExist(VerifyElementExistKeyword.groovy:80)
	at com.kms.katalon.core.mobile.keyword.builtin.VerifyElementExistKeyword.execute(VerifyElementExistKeyword.groovy:64)
	at com.kms.katalon.core.keyword.internal.KeywordExecutor.executeKeywordForPlatform(KeywordExecutor.groovy:60)
	at com.kms.katalon.core.mobile.keyword.MobileBuiltInKeywords.verifyElementExist(MobileBuiltInKeywords.groovy:640)
	at com.kms.katalon.core.mobile.keyword.MobileBuiltInKeywords$verifyElementExist$0.call(Unknown Source)
	at 3. Verify all buttons on the rewards page.run(3. Verify all buttons on the rewards page:30)
	at com.kms.katalon.core.main.ScriptEngine.run(ScriptEngine.java:194)
	at com.kms.katalon.core.main.ScriptEngine.runScriptAsRawText(ScriptEngine.java:119)
	at com.kms.katalon.core.main.TestCaseExecutor.runScript(TestCaseExecutor.java:337)
	at com.kms.katalon.core.main.TestCaseExecutor.doExecute(TestCaseExecutor.java:328)
	at com.kms.katalon.core.main.TestCaseExecutor.processExecutionPhase(TestCaseExecutor.java:307)
	at com.kms.katalon.core.main.TestCaseExecutor.accessMainPhase(TestCaseExecutor.java:299)
	at com.kms.katalon.core.main.TestCaseExecutor.execute(TestCaseExecutor.java:233)
	at com.kms.katalon.core.main.TestSuiteExecutor.accessTestCaseMainPhase(TestSuiteExecutor.java:169)
	at com.kms.katalon.core.main.TestSuiteExecutor.accessTestSuiteMainPhase(TestSuiteExecutor.java:142)
	at com.kms.katalon.core.main.TestSuiteExecutor.execute(TestSuiteExecutor.java:91)
	at com.kms.katalon.core.main.TestCaseMain.startTestSuite(TestCaseMain.java:157)
	at com.kms.katalon.core.main.TestCaseMain$startTestSuite$0.call(Unknown Source)
	at TempTestSuite1582862565852.run(TempTestSuite1582862565852.groovy:36)]]></system-err>
      </testcase>
      <testcase name="Test Cases/RegressioniOS - Loyality and Rewards/4. Verify Rewards Detail Page" time="146.107" classname="Test Cases/RegressioniOS - Loyality and Rewards/4. Verify Rewards Detail Page" status="FAILED">
         <failure type="FAILED" message="Test Cases/RegressioniOS - Loyality and Rewards/4. Verify Rewards Detail Page FAILED.
Reason:
com.kms.katalon.core.exception.StepFailedException: Object Object Repository/iOS/Voucher Detail Page/vouchdet_btnCancel not found
	at com.kms.katalon.core.keyword.internal.KeywordMain.stepFailed(KeywordMain.groovy:50)
	at com.kms.katalon.core.mobile.keyword.internal.MobileKeywordMain.stepFailed(MobileKeywordMain.groovy:40)
	at com.kms.katalon.core.mobile.keyword.builtin.TapKeyword$_tap_closure1.doCall(TapKeyword.groovy:79)
	at com.kms.katalon.core.mobile.keyword.builtin.TapKeyword$_tap_closure1.call(TapKeyword.groovy)
	at com.kms.katalon.core.mobile.keyword.internal.MobileKeywordMain.runKeyword(MobileKeywordMain.groovy:21)
	at com.kms.katalon.core.mobile.keyword.builtin.TapKeyword.tap(TapKeyword.groovy:86)
	at com.kms.katalon.core.mobile.keyword.builtin.TapKeyword.execute(TapKeyword.groovy:68)
	at com.kms.katalon.core.keyword.internal.KeywordExecutor.executeKeywordForPlatform(KeywordExecutor.groovy:60)
	at com.kms.katalon.core.mobile.keyword.MobileBuiltInKeywords.tap(MobileBuiltInKeywords.groovy:520)
	at com.kms.katalon.core.mobile.keyword.MobileBuiltInKeywords$tap$4.call(Unknown Source)
	at 4. Verify Rewards Detail Page.run(4. Verify Rewards Detail Page:122)
	at com.kms.katalon.core.main.ScriptEngine.run(ScriptEngine.java:194)
	at com.kms.katalon.core.main.ScriptEngine.runScriptAsRawText(ScriptEngine.java:119)
	at com.kms.katalon.core.main.TestCaseExecutor.runScript(TestCaseExecutor.java:337)
	at com.kms.katalon.core.main.TestCaseExecutor.doExecute(TestCaseExecutor.java:328)
	at com.kms.katalon.core.main.TestCaseExecutor.processExecutionPhase(TestCaseExecutor.java:307)
	at com.kms.katalon.core.main.TestCaseExecutor.accessMainPhase(TestCaseExecutor.java:299)
	at com.kms.katalon.core.main.TestCaseExecutor.execute(TestCaseExecutor.java:233)
	at com.kms.katalon.core.main.TestSuiteExecutor.accessTestCaseMainPhase(TestSuiteExecutor.java:169)
	at com.kms.katalon.core.main.TestSuiteExecutor.accessTestSuiteMainPhase(TestSuiteExecutor.java:142)
	at com.kms.katalon.core.main.TestSuiteExecutor.execute(TestSuiteExecutor.java:91)
	at com.kms.katalon.core.main.TestCaseMain.startTestSuite(TestCaseMain.java:157)
	at com.kms.katalon.core.main.TestCaseMain$startTestSuite$0.call(Unknown Source)
	at TempTestSuite1582862565852.run(TempTestSuite1582862565852.groovy:36)
"/>
         <system-out><![CDATA[2020-02-28 11:18:02 - [TEST_CASE][FAILED] - Test Cases/RegressioniOS - Loyality and Rewards/4. Verify Rewards Detail Page: Test Cases/RegressioniOS - Loyality and Rewards/4. Verify Rewards Detail Page FAILED.
Reason:
com.kms.katalon.core.exception.StepFailedException: Object Object Repository/iOS/Voucher Detail Page/vouchdet_btnCancel not found
	at com.kms.katalon.core.keyword.internal.KeywordMain.stepFailed(KeywordMain.groovy:50)
	at com.kms.katalon.core.mobile.keyword.internal.MobileKeywordMain.stepFailed(MobileKeywordMain.groovy:40)
	at com.kms.katalon.core.mobile.keyword.builtin.TapKeyword$_tap_closure1.doCall(TapKeyword.groovy:79)
	at com.kms.katalon.core.mobile.keyword.builtin.TapKeyword$_tap_closure1.call(TapKeyword.groovy)
	at com.kms.katalon.core.mobile.keyword.internal.MobileKeywordMain.runKeyword(MobileKeywordMain.groovy:21)
	at com.kms.katalon.core.mobile.keyword.builtin.TapKeyword.tap(TapKeyword.groovy:86)
	at com.kms.katalon.core.mobile.keyword.builtin.TapKeyword.execute(TapKeyword.groovy:68)
	at com.kms.katalon.core.keyword.internal.KeywordExecutor.executeKeywordForPlatform(KeywordExecutor.groovy:60)
	at com.kms.katalon.core.mobile.keyword.MobileBuiltInKeywords.tap(MobileBuiltInKeywords.groovy:520)
	at com.kms.katalon.core.mobile.keyword.MobileBuiltInKeywords$tap$4.call(Unknown Source)
	at 4. Verify Rewards Detail Page.run(4. Verify Rewards Detail Page:122)
	at com.kms.katalon.core.main.ScriptEngine.run(ScriptEngine.java:194)
	at com.kms.katalon.core.main.ScriptEngine.runScriptAsRawText(ScriptEngine.java:119)
	at com.kms.katalon.core.main.TestCaseExecutor.runScript(TestCaseExecutor.java:337)
	at com.kms.katalon.core.main.TestCaseExecutor.doExecute(TestCaseExecutor.java:328)
	at com.kms.katalon.core.main.TestCaseExecutor.processExecutionPhase(TestCaseExecutor.java:307)
	at com.kms.katalon.core.main.TestCaseExecutor.accessMainPhase(TestCaseExecutor.java:299)
	at com.kms.katalon.core.main.TestCaseExecutor.execute(TestCaseExecutor.java:233)
	at com.kms.katalon.core.main.TestSuiteExecutor.accessTestCaseMainPhase(TestSuiteExecutor.java:169)
	at com.kms.katalon.core.main.TestSuiteExecutor.accessTestSuiteMainPhase(TestSuiteExecutor.java:142)
	at com.kms.katalon.core.main.TestSuiteExecutor.execute(TestSuiteExecutor.java:91)
	at com.kms.katalon.core.main.TestCaseMain.startTestSuite(TestCaseMain.java:157)
	at com.kms.katalon.core.main.TestCaseMain$startTestSuite$0.call(Unknown Source)
	at TempTestSuite1582862565852.run(TempTestSuite1582862565852.groovy:36)


2020-02-28 11:18:03 - [TEST_STEP][PASSED] - comment("Voucher Detail Page Check"): Voucher Detail Page Check

2020-02-28 11:18:03 - [MESSAGE][INFO] - Voucher Detail Page Check

2020-02-28 11:18:03 - [TEST_STEP][PASSED] - delay(5): Delayed 5 second(s)

2020-02-28 11:18:08 - [MESSAGE][PASSED] - Delayed 5 second(s)

2020-02-28 11:18:08 - [TEST_STEP][PASSED] - verifyElementExist(findTestObject("iOS/Voucher List Page/vouchlist_vouch1_title"), 2, CONTINUE_ON_FAILURE): Element 'Object Repository/iOS/Voucher List Page/vouchlist_vouch1_title' is exist

2020-02-28 11:18:15 - [MESSAGE][PASSED] - Element 'Object Repository/iOS/Voucher List Page/vouchlist_vouch1_title' is exist

2020-02-28 11:18:15 - [TEST_STEP][PASSED] - tap(findTestObject("iOS/Voucher List Page/vouchlist_vouch1_title"), 1, STOP_ON_FAILURE): Tapped on element 'Object Repository/iOS/Voucher List Page/vouchlist_vouch1_title'

2020-02-28 11:18:24 - [MESSAGE][PASSED] - Tapped on element 'Object Repository/iOS/Voucher List Page/vouchlist_vouch1_title'

2020-02-28 11:18:24 - [TEST_STEP][PASSED] - waitForElementPresent(findTestObject("iOS/Voucher Detail Page/vouchdet_info_title"), 1): Element 'Object Repository/iOS/Voucher Detail Page/vouchdet_info_title' is present

2020-02-28 11:18:26 - [MESSAGE][PASSED] - Element 'Object Repository/iOS/Voucher Detail Page/vouchdet_info_title' is present

2020-02-28 11:18:26 - [TEST_STEP][PASSED] - verifyElementExist(findTestObject("iOS/Voucher Detail Page/vouchdet_header_btnBack"), 1, CONTINUE_ON_FAILURE): Element 'Object Repository/iOS/Voucher Detail Page/vouchdet_header_btnBack' is exist

2020-02-28 11:18:28 - [MESSAGE][PASSED] - Element 'Object Repository/iOS/Voucher Detail Page/vouchdet_header_btnBack' is exist

2020-02-28 11:18:28 - [TEST_STEP][PASSED] - verifyElementVisible(findTestObject("iOS/Voucher Detail Page/vouchdet_header_btnBack"), 1, CONTINUE_ON_FAILURE): Element 'Object Repository/iOS/Voucher Detail Page/vouchdet_header_btnBack' is visible

2020-02-28 11:18:30 - [MESSAGE][PASSED] - Element 'Object Repository/iOS/Voucher Detail Page/vouchdet_header_btnBack' is visible

2020-02-28 11:18:30 - [TEST_STEP][PASSED] - verifyElementExist(findTestObject("iOS/Voucher Detail Page/vouchdet_header_title"), 1, CONTINUE_ON_FAILURE): Element 'Object Repository/iOS/Voucher Detail Page/vouchdet_header_title' is exist

2020-02-28 11:18:32 - [MESSAGE][PASSED] - Element 'Object Repository/iOS/Voucher Detail Page/vouchdet_header_title' is exist

2020-02-28 11:18:32 - [TEST_STEP][PASSED] - verifyElementVisible(findTestObject("iOS/Voucher Detail Page/vouchdet_header_title"), 1, CONTINUE_ON_FAILURE): Element 'Object Repository/iOS/Voucher Detail Page/vouchdet_header_title' is visible

2020-02-28 11:18:34 - [MESSAGE][PASSED] - Element 'Object Repository/iOS/Voucher Detail Page/vouchdet_header_title' is visible

2020-02-28 11:18:34 - [TEST_STEP][PASSED] - getText(findTestObject("iOS/Voucher Detail Page/vouchdet_header_title"), 1, CONTINUE_ON_FAILURE): Text of element 'Object Repository/iOS/Voucher Detail Page/vouchdet_header_title' is: 'VOUCHER DETAIL'

2020-02-28 11:18:36 - [MESSAGE][PASSED] - Text of element 'Object Repository/iOS/Voucher Detail Page/vouchdet_header_title' is: 'VOUCHER DETAIL'

2020-02-28 11:18:36 - [TEST_STEP][PASSED] - verifyElementExist(findTestObject("iOS/Voucher Detail Page/vouchdet_info_imgCoupon"), 1, CONTINUE_ON_FAILURE): Element 'Object Repository/iOS/Voucher Detail Page/vouchdet_info_imgCoupon' is exist

2020-02-28 11:18:38 - [MESSAGE][PASSED] - Element 'Object Repository/iOS/Voucher Detail Page/vouchdet_info_imgCoupon' is exist

2020-02-28 11:18:38 - [TEST_STEP][PASSED] - verifyElementExist(findTestObject("iOS/Voucher Detail Page/vouchdet_info_title"), 1, CONTINUE_ON_FAILURE): Element 'Object Repository/iOS/Voucher Detail Page/vouchdet_info_title' is exist

2020-02-28 11:18:40 - [MESSAGE][PASSED] - Element 'Object Repository/iOS/Voucher Detail Page/vouchdet_info_title' is exist

2020-02-28 11:18:40 - [TEST_STEP][PASSED] - verifyElementVisible(findTestObject("iOS/Voucher Detail Page/vouchdet_info_title"), 1, CONTINUE_ON_FAILURE): Element 'Object Repository/iOS/Voucher Detail Page/vouchdet_info_title' is visible

2020-02-28 11:18:42 - [MESSAGE][PASSED] - Element 'Object Repository/iOS/Voucher Detail Page/vouchdet_info_title' is visible

2020-02-28 11:18:42 - [TEST_STEP][PASSED] - getText(findTestObject("iOS/Voucher Detail Page/vouchdet_info_title"), 1, CONTINUE_ON_FAILURE): Text of element 'Object Repository/iOS/Voucher Detail Page/vouchdet_info_title' is: 'voucher for new user'

2020-02-28 11:18:44 - [MESSAGE][PASSED] - Text of element 'Object Repository/iOS/Voucher Detail Page/vouchdet_info_title' is: 'voucher for new user'

2020-02-28 11:18:44 - [TEST_STEP][PASSED] - verifyElementExist(findTestObject("iOS/Voucher Detail Page/vouchdet_info_desc"), 1, CONTINUE_ON_FAILURE): Element 'Object Repository/iOS/Voucher Detail Page/vouchdet_info_desc' is exist

2020-02-28 11:18:46 - [MESSAGE][PASSED] - Element 'Object Repository/iOS/Voucher Detail Page/vouchdet_info_desc' is exist

2020-02-28 11:18:46 - [TEST_STEP][PASSED] - verifyElementVisible(findTestObject("iOS/Voucher Detail Page/vouchdet_info_desc"), 1, CONTINUE_ON_FAILURE): Element 'Object Repository/iOS/Voucher Detail Page/vouchdet_info_desc' is visible

2020-02-28 11:18:48 - [MESSAGE][PASSED] - Element 'Object Repository/iOS/Voucher Detail Page/vouchdet_info_desc' is visible

2020-02-28 11:18:48 - [TEST_STEP][PASSED] - getText(findTestObject("iOS/Voucher Detail Page/vouchdet_info_desc"), 1, CONTINUE_ON_FAILURE): Text of element 'Object Repository/iOS/Voucher Detail Page/vouchdet_info_desc' is: 'check max min'

2020-02-28 11:18:50 - [MESSAGE][PASSED] - Text of element 'Object Repository/iOS/Voucher Detail Page/vouchdet_info_desc' is: 'check max min'

2020-02-28 11:18:50 - [TEST_STEP][PASSED] - verifyElementVisible(findTestObject("iOS/Voucher Detail Page/vouchdet_info_desc_price"), 1, CONTINUE_ON_FAILURE): Element 'Object Repository/iOS/Voucher Detail Page/vouchdet_info_desc_price' is visible

2020-02-28 11:18:52 - [MESSAGE][PASSED] - Element 'Object Repository/iOS/Voucher Detail Page/vouchdet_info_desc_price' is visible

2020-02-28 11:18:52 - [TEST_STEP][PASSED] - getText(findTestObject("iOS/Voucher Detail Page/vouchdet_info_desc_price"), 1, CONTINUE_ON_FAILURE): Text of element 'Object Repository/iOS/Voucher Detail Page/vouchdet_info_desc_price' is: '10 KFC Points'

2020-02-28 11:18:54 - [MESSAGE][PASSED] - Text of element 'Object Repository/iOS/Voucher Detail Page/vouchdet_info_desc_price' is: '10 KFC Points'

2020-02-28 11:18:54 - [TEST_STEP][PASSED] - verifyElementExist(findTestObject("iOS/Voucher Detail Page/vouchdet_info_desc_price"), 1, CONTINUE_ON_FAILURE): Element 'Object Repository/iOS/Voucher Detail Page/vouchdet_info_desc_price' is exist

2020-02-28 11:18:56 - [MESSAGE][PASSED] - Element 'Object Repository/iOS/Voucher Detail Page/vouchdet_info_desc_price' is exist

2020-02-28 11:18:56 - [TEST_STEP][PASSED] - verifyElementExist(findTestObject("iOS/Voucher Detail Page/vouchdet_voucherimage"), 1, CONTINUE_ON_FAILURE): Element 'Object Repository/iOS/Voucher Detail Page/vouchdet_voucherimage' is exist

2020-02-28 11:18:58 - [MESSAGE][PASSED] - Element 'Object Repository/iOS/Voucher Detail Page/vouchdet_voucherimage' is exist

2020-02-28 11:18:58 - [TEST_STEP][PASSED] - verifyElementExist(findTestObject("iOS/Voucher Detail Page/vouchdet_info_desc_redeemamt"), 1, CONTINUE_ON_FAILURE): Element 'Object Repository/iOS/Voucher Detail Page/vouchdet_info_desc_redeemamt' is exist

2020-02-28 11:19:00 - [MESSAGE][PASSED] - Element 'Object Repository/iOS/Voucher Detail Page/vouchdet_info_desc_redeemamt' is exist

2020-02-28 11:19:00 - [TEST_STEP][PASSED] - verifyElementVisible(findTestObject("iOS/Voucher Detail Page/vouchdet_info_desc_redeemamt"), 1, CONTINUE_ON_FAILURE): Element 'Object Repository/iOS/Voucher Detail Page/vouchdet_info_desc_redeemamt' is visible

2020-02-28 11:19:02 - [MESSAGE][PASSED] - Element 'Object Repository/iOS/Voucher Detail Page/vouchdet_info_desc_redeemamt' is visible

2020-02-28 11:19:02 - [TEST_STEP][PASSED] - getText(findTestObject("iOS/Voucher Detail Page/vouchdet_info_desc_redeemamt"), 1, CONTINUE_ON_FAILURE): Text of element 'Object Repository/iOS/Voucher Detail Page/vouchdet_info_desc_redeemamt' is: 'Redeemed 0/10'

2020-02-28 11:19:04 - [MESSAGE][PASSED] - Text of element 'Object Repository/iOS/Voucher Detail Page/vouchdet_info_desc_redeemamt' is: 'Redeemed 0/10'

2020-02-28 11:19:04 - [TEST_STEP][PASSED] - verifyElementExist(findTestObject("iOS/Voucher Detail Page/vouchdet_btnCancel_text"), 1, CONTINUE_ON_FAILURE): Element 'Object Repository/iOS/Voucher Detail Page/vouchdet_btnCancel_text' is exist

2020-02-28 11:19:06 - [MESSAGE][PASSED] - Element 'Object Repository/iOS/Voucher Detail Page/vouchdet_btnCancel_text' is exist

2020-02-28 11:19:06 - [TEST_STEP][PASSED] - verifyElementVisible(findTestObject("iOS/Voucher Detail Page/vouchdet_btnCancel_text"), 1, CONTINUE_ON_FAILURE): Element 'Object Repository/iOS/Voucher Detail Page/vouchdet_btnCancel_text' is visible

2020-02-28 11:19:08 - [MESSAGE][PASSED] - Element 'Object Repository/iOS/Voucher Detail Page/vouchdet_btnCancel_text' is visible

2020-02-28 11:19:08 - [TEST_STEP][PASSED] - getText(findTestObject("iOS/Voucher Detail Page/vouchdet_btnCancel_text"), 1, CONTINUE_ON_FAILURE): Text of element 'Object Repository/iOS/Voucher Detail Page/vouchdet_btnCancel_text' is: 'Cancel'

2020-02-28 11:19:10 - [MESSAGE][PASSED] - Text of element 'Object Repository/iOS/Voucher Detail Page/vouchdet_btnCancel_text' is: 'Cancel'

2020-02-28 11:19:10 - [TEST_STEP][PASSED] - verifyElementExist(findTestObject("iOS/Voucher Detail Page/vouchdet_btnCancel"), 1, CONTINUE_ON_FAILURE): Element 'Object Repository/iOS/Voucher Detail Page/vouchdet_btnCancel' is exist

2020-02-28 11:19:12 - [MESSAGE][PASSED] - Element 'Object Repository/iOS/Voucher Detail Page/vouchdet_btnCancel' is exist

2020-02-28 11:19:12 - [TEST_STEP][PASSED] - verifyElementVisible(findTestObject("iOS/Voucher Detail Page/vouchdet_btnCancel"), 1, CONTINUE_ON_FAILURE): Element 'Object Repository/iOS/Voucher Detail Page/vouchdet_btnCancel' is visible

2020-02-28 11:19:14 - [MESSAGE][PASSED] - Element 'Object Repository/iOS/Voucher Detail Page/vouchdet_btnCancel' is visible

2020-02-28 11:19:14 - [TEST_STEP][PASSED] - verifyElementExist(findTestObject("iOS/Voucher Detail Page/vouchdet_btnConfirm_text"), 1, CONTINUE_ON_FAILURE): Element 'Object Repository/iOS/Voucher Detail Page/vouchdet_btnConfirm_text' is exist

2020-02-28 11:19:16 - [MESSAGE][PASSED] - Element 'Object Repository/iOS/Voucher Detail Page/vouchdet_btnConfirm_text' is exist

2020-02-28 11:19:16 - [TEST_STEP][PASSED] - verifyElementVisible(findTestObject("iOS/Voucher Detail Page/vouchdet_btnConfirm_text"), 1, CONTINUE_ON_FAILURE): Element 'Object Repository/iOS/Voucher Detail Page/vouchdet_btnConfirm_text' is visible

2020-02-28 11:19:18 - [MESSAGE][PASSED] - Element 'Object Repository/iOS/Voucher Detail Page/vouchdet_btnConfirm_text' is visible

2020-02-28 11:19:18 - [TEST_STEP][PASSED] - getText(findTestObject("iOS/Voucher Detail Page/vouchdet_btnConfirm_text"), 1, CONTINUE_ON_FAILURE): Text of element 'Object Repository/iOS/Voucher Detail Page/vouchdet_btnConfirm_text' is: 'Confirm'

2020-02-28 11:19:20 - [MESSAGE][PASSED] - Text of element 'Object Repository/iOS/Voucher Detail Page/vouchdet_btnConfirm_text' is: 'Confirm'

2020-02-28 11:19:20 - [TEST_STEP][PASSED] - verifyElementExist(findTestObject("iOS/Voucher Detail Page/vouchdet_btnConfirm"), 1, CONTINUE_ON_FAILURE): Element 'Object Repository/iOS/Voucher Detail Page/vouchdet_btnConfirm' is exist

2020-02-28 11:19:22 - [MESSAGE][PASSED] - Element 'Object Repository/iOS/Voucher Detail Page/vouchdet_btnConfirm' is exist

2020-02-28 11:19:22 - [TEST_STEP][PASSED] - verifyElementVisible(findTestObject("iOS/Voucher Detail Page/vouchdet_btnConfirm"), 1, CONTINUE_ON_FAILURE): Element 'Object Repository/iOS/Voucher Detail Page/vouchdet_btnConfirm' is visible

2020-02-28 11:19:24 - [MESSAGE][PASSED] - Element 'Object Repository/iOS/Voucher Detail Page/vouchdet_btnConfirm' is visible

2020-02-28 11:19:24 - [TEST_STEP][PASSED] - verifyElementExist(findTestObject("iOS/Voucher Detail Page/vouchdet_TC_btnTC_text"), 1, CONTINUE_ON_FAILURE): Element 'Object Repository/iOS/Voucher Detail Page/vouchdet_TC_btnTC_text' is exist

2020-02-28 11:19:26 - [MESSAGE][PASSED] - Element 'Object Repository/iOS/Voucher Detail Page/vouchdet_TC_btnTC_text' is exist

2020-02-28 11:19:26 - [TEST_STEP][PASSED] - verifyElementVisible(findTestObject("iOS/Voucher Detail Page/vouchdet_TC_btnTC_text"), 1, CONTINUE_ON_FAILURE): Element 'Object Repository/iOS/Voucher Detail Page/vouchdet_TC_btnTC_text' is visible

2020-02-28 11:19:28 - [MESSAGE][PASSED] - Element 'Object Repository/iOS/Voucher Detail Page/vouchdet_TC_btnTC_text' is visible

2020-02-28 11:19:28 - [TEST_STEP][PASSED] - getText(findTestObject("iOS/Voucher Detail Page/vouchdet_TC_btnTC_text"), 1, CONTINUE_ON_FAILURE): Text of element 'Object Repository/iOS/Voucher Detail Page/vouchdet_TC_btnTC_text' is: 'Terms & Conditions'

2020-02-28 11:19:30 - [MESSAGE][PASSED] - Text of element 'Object Repository/iOS/Voucher Detail Page/vouchdet_TC_btnTC_text' is: 'Terms & Conditions'

2020-02-28 11:19:30 - [TEST_STEP][PASSED] - verifyElementExist(findTestObject("iOS/Voucher Detail Page/vouchdet_TC_btnTC"), 1, CONTINUE_ON_FAILURE): Element 'Object Repository/iOS/Voucher Detail Page/vouchdet_TC_btnTC' is exist

2020-02-28 11:19:32 - [MESSAGE][PASSED] - Element 'Object Repository/iOS/Voucher Detail Page/vouchdet_TC_btnTC' is exist

2020-02-28 11:19:32 - [TEST_STEP][PASSED] - verifyElementVisible(findTestObject("iOS/Voucher Detail Page/vouchdet_TC_btnTC"), 1, CONTINUE_ON_FAILURE): Element 'Object Repository/iOS/Voucher Detail Page/vouchdet_TC_btnTC' is visible

2020-02-28 11:19:34 - [MESSAGE][PASSED] - Element 'Object Repository/iOS/Voucher Detail Page/vouchdet_TC_btnTC' is visible

2020-02-28 11:19:34 - [TEST_STEP][PASSED] - verifyElementExist(findTestObject("iOS/Voucher Detail Page/vouchdet_TC_desc"), 1, CONTINUE_ON_FAILURE): Element 'Object Repository/iOS/Voucher Detail Page/vouchdet_TC_desc' is exist

2020-02-28 11:19:39 - [MESSAGE][PASSED] - Element 'Object Repository/iOS/Voucher Detail Page/vouchdet_TC_desc' is exist

2020-02-28 11:19:39 - [TEST_STEP][PASSED] - verifyElementVisible(findTestObject("iOS/Voucher Detail Page/vouchdet_TC_desc"), 1, CONTINUE_ON_FAILURE): Element 'Object Repository/iOS/Voucher Detail Page/vouchdet_TC_desc' is visible

2020-02-28 11:19:44 - [MESSAGE][PASSED] - Element 'Object Repository/iOS/Voucher Detail Page/vouchdet_TC_desc' is visible

2020-02-28 11:19:44 - [TEST_STEP][PASSED] - getText(findTestObject("iOS/Voucher Detail Page/vouchdet_TC_desc"), 1, CONTINUE_ON_FAILURE): Text of element 'Object Repository/iOS/Voucher Detail Page/vouchdet_TC_desc' is: 'VOUCHER DETAIL'

2020-02-28 11:19:49 - [MESSAGE][PASSED] - Text of element 'Object Repository/iOS/Voucher Detail Page/vouchdet_TC_desc' is: 'VOUCHER DETAIL'

2020-02-28 11:19:49 - [TEST_STEP][PASSED] - tap(findTestObject("iOS/Voucher Detail Page/vouchdet_howto_btnHowto"), 1, STOP_ON_FAILURE): Tapped on element 'Object Repository/iOS/Voucher Detail Page/vouchdet_howto_btnHowto'

2020-02-28 11:19:52 - [MESSAGE][PASSED] - Tapped on element 'Object Repository/iOS/Voucher Detail Page/vouchdet_howto_btnHowto'

2020-02-28 11:19:52 - [TEST_STEP][PASSED] - verifyElementExist(findTestObject("iOS/Voucher Detail Page/vouchdet_howto_btnHowto_text"), 1, CONTINUE_ON_FAILURE): Element 'Object Repository/iOS/Voucher Detail Page/vouchdet_howto_btnHowto_text' is exist

2020-02-28 11:19:54 - [MESSAGE][PASSED] - Element 'Object Repository/iOS/Voucher Detail Page/vouchdet_howto_btnHowto_text' is exist

2020-02-28 11:19:54 - [TEST_STEP][PASSED] - verifyElementVisible(findTestObject("iOS/Voucher Detail Page/vouchdet_howto_btnHowto_text"), 1, CONTINUE_ON_FAILURE): Element 'Object Repository/iOS/Voucher Detail Page/vouchdet_howto_btnHowto_text' is visible

2020-02-28 11:19:56 - [MESSAGE][PASSED] - Element 'Object Repository/iOS/Voucher Detail Page/vouchdet_howto_btnHowto_text' is visible

2020-02-28 11:19:56 - [TEST_STEP][PASSED] - getText(findTestObject("iOS/Voucher Detail Page/vouchdet_howto_btnHowto_text"), 1, CONTINUE_ON_FAILURE): Text of element 'Object Repository/iOS/Voucher Detail Page/vouchdet_howto_btnHowto_text' is: 'How To Use'

2020-02-28 11:19:58 - [MESSAGE][PASSED] - Text of element 'Object Repository/iOS/Voucher Detail Page/vouchdet_howto_btnHowto_text' is: 'How To Use'

2020-02-28 11:19:58 - [TEST_STEP][PASSED] - verifyElementExist(findTestObject("iOS/Voucher Detail Page/vouchdet_howto_btnHowto"), 1, CONTINUE_ON_FAILURE): Element 'Object Repository/iOS/Voucher Detail Page/vouchdet_howto_btnHowto' is exist

2020-02-28 11:20:00 - [MESSAGE][PASSED] - Element 'Object Repository/iOS/Voucher Detail Page/vouchdet_howto_btnHowto' is exist

2020-02-28 11:20:00 - [TEST_STEP][PASSED] - verifyElementVisible(findTestObject("iOS/Voucher Detail Page/vouchdet_howto_btnHowto"), 1, CONTINUE_ON_FAILURE): Element 'Object Repository/iOS/Voucher Detail Page/vouchdet_howto_btnHowto' is visible

2020-02-28 11:20:02 - [MESSAGE][PASSED] - Element 'Object Repository/iOS/Voucher Detail Page/vouchdet_howto_btnHowto' is visible

2020-02-28 11:20:02 - [TEST_STEP][PASSED] - verifyElementExist(findTestObject("iOS/Voucher Detail Page/vouchdet_howto_desc"), 1, CONTINUE_ON_FAILURE): Element 'Object Repository/iOS/Voucher Detail Page/vouchdet_howto_desc' is exist

2020-02-28 11:20:08 - [MESSAGE][PASSED] - Element 'Object Repository/iOS/Voucher Detail Page/vouchdet_howto_desc' is exist

2020-02-28 11:20:08 - [TEST_STEP][PASSED] - verifyElementVisible(findTestObject("iOS/Voucher Detail Page/vouchdet_howto_desc"), 1, CONTINUE_ON_FAILURE): Element 'Object Repository/iOS/Voucher Detail Page/vouchdet_howto_desc' is visible

2020-02-28 11:20:13 - [MESSAGE][PASSED] - Element 'Object Repository/iOS/Voucher Detail Page/vouchdet_howto_desc' is visible

2020-02-28 11:20:13 - [TEST_STEP][PASSED] - getText(findTestObject("iOS/Voucher Detail Page/vouchdet_howto_desc"), 1, CONTINUE_ON_FAILURE): Text of element 'Object Repository/iOS/Voucher Detail Page/vouchdet_howto_desc' is: 'VOUCHER DETAIL'

2020-02-28 11:20:18 - [MESSAGE][PASSED] - Text of element 'Object Repository/iOS/Voucher Detail Page/vouchdet_howto_desc' is: 'VOUCHER DETAIL'

2020-02-28 11:20:18 - [TEST_STEP][PASSED] - tap(findTestObject("iOS/Voucher List Page/vouchlist_header_btnBack"), 1): Tapped on element 'Object Repository/iOS/Voucher List Page/vouchlist_header_btnBack'

2020-02-28 11:20:21 - [MESSAGE][PASSED] - Tapped on element 'Object Repository/iOS/Voucher List Page/vouchlist_header_btnBack'

2020-02-28 11:20:21 - [TEST_STEP][FAILED] - tap(findTestObject("iOS/Voucher Detail Page/vouchdet_btnCancel"), 1): Failed to tap on element 'Object Repository/iOS/Voucher Detail Page/vouchdet_btnCancel' (Root cause: com.kms.katalon.core.exception.StepFailedException: Object Object Repository/iOS/Voucher Detail Page/vouchdet_btnCancel not found
	at com.kms.katalon.core.keyword.internal.KeywordMain.stepFailed(KeywordMain.groovy:50)
	at com.kms.katalon.core.mobile.keyword.internal.MobileKeywordMain.stepFailed(MobileKeywordMain.groovy:40)
	at com.kms.katalon.core.mobile.keyword.builtin.TapKeyword$_tap_closure1.doCall(TapKeyword.groovy:79)
	at com.kms.katalon.core.mobile.keyword.builtin.TapKeyword$_tap_closure1.call(TapKeyword.groovy)
	at com.kms.katalon.core.mobile.keyword.internal.MobileKeywordMain.runKeyword(MobileKeywordMain.groovy:21)
	at com.kms.katalon.core.mobile.keyword.builtin.TapKeyword.tap(TapKeyword.groovy:86)
	at com.kms.katalon.core.mobile.keyword.builtin.TapKeyword.execute(TapKeyword.groovy:68)
	at com.kms.katalon.core.keyword.internal.KeywordExecutor.executeKeywordForPlatform(KeywordExecutor.groovy:60)
	at com.kms.katalon.core.mobile.keyword.MobileBuiltInKeywords.tap(MobileBuiltInKeywords.groovy:520)
	at com.kms.katalon.core.mobile.keyword.MobileBuiltInKeywords$tap$4.call(Unknown Source)
	at 4. Verify Rewards Detail Page.run(4. Verify Rewards Detail Page:122)
	at com.kms.katalon.core.main.ScriptEngine.run(ScriptEngine.java:194)
	at com.kms.katalon.core.main.ScriptEngine.runScriptAsRawText(ScriptEngine.java:119)
	at com.kms.katalon.core.main.TestCaseExecutor.runScript(TestCaseExecutor.java:337)
	at com.kms.katalon.core.main.TestCaseExecutor.doExecute(TestCaseExecutor.java:328)
	at com.kms.katalon.core.main.TestCaseExecutor.processExecutionPhase(TestCaseExecutor.java:307)
	at com.kms.katalon.core.main.TestCaseExecutor.accessMainPhase(TestCaseExecutor.java:299)
	at com.kms.katalon.core.main.TestCaseExecutor.execute(TestCaseExecutor.java:233)
	at com.kms.katalon.core.main.TestSuiteExecutor.accessTestCaseMainPhase(TestSuiteExecutor.java:169)
	at com.kms.katalon.core.main.TestSuiteExecutor.accessTestSuiteMainPhase(TestSuiteExecutor.java:142)
	at com.kms.katalon.core.main.TestSuiteExecutor.execute(TestSuiteExecutor.java:91)
	at com.kms.katalon.core.main.TestCaseMain.startTestSuite(TestCaseMain.java:157)
	at com.kms.katalon.core.main.TestCaseMain$startTestSuite$0.call(Unknown Source)
	at TempTestSuite1582862565852.run(TempTestSuite1582862565852.groovy:36)
)

2020-02-28 11:20:28 - [MESSAGE][FAILED] - Object Object Repository/iOS/Voucher Detail Page/vouchdet_btnCancel not found
[[ATTACHMENT|/Users/bambangtripamungkas/git/KFCiOS/Reports/20200228_110245/Regression Test - Loyality and Rewards/20200228_110245/1582863628538.png]]

2020-02-28 11:20:28 - [MESSAGE][FAILED] - Failed to tap on element 'Object Repository/iOS/Voucher Detail Page/vouchdet_btnCancel' (Root cause: com.kms.katalon.core.exception.StepFailedException: Object Object Repository/iOS/Voucher Detail Page/vouchdet_btnCancel not found
	at com.kms.katalon.core.keyword.internal.KeywordMain.stepFailed(KeywordMain.groovy:50)
	at com.kms.katalon.core.mobile.keyword.internal.MobileKeywordMain.stepFailed(MobileKeywordMain.groovy:40)
	at com.kms.katalon.core.mobile.keyword.builtin.TapKeyword$_tap_closure1.doCall(TapKeyword.groovy:79)
	at com.kms.katalon.core.mobile.keyword.builtin.TapKeyword$_tap_closure1.call(TapKeyword.groovy)
	at com.kms.katalon.core.mobile.keyword.internal.MobileKeywordMain.runKeyword(MobileKeywordMain.groovy:21)
	at com.kms.katalon.core.mobile.keyword.builtin.TapKeyword.tap(TapKeyword.groovy:86)
	at com.kms.katalon.core.mobile.keyword.builtin.TapKeyword.execute(TapKeyword.groovy:68)
	at com.kms.katalon.core.keyword.internal.KeywordExecutor.executeKeywordForPlatform(KeywordExecutor.groovy:60)
	at com.kms.katalon.core.mobile.keyword.MobileBuiltInKeywords.tap(MobileBuiltInKeywords.groovy:520)
	at com.kms.katalon.core.mobile.keyword.MobileBuiltInKeywords$tap$4.call(Unknown Source)
	at 4. Verify Rewards Detail Page.run(4. Verify Rewards Detail Page:122)
	at com.kms.katalon.core.main.ScriptEngine.run(ScriptEngine.java:194)
	at com.kms.katalon.core.main.ScriptEngine.runScriptAsRawText(ScriptEngine.java:119)
	at com.kms.katalon.core.main.TestCaseExecutor.runScript(TestCaseExecutor.java:337)
	at com.kms.katalon.core.main.TestCaseExecutor.doExecute(TestCaseExecutor.java:328)
	at com.kms.katalon.core.main.TestCaseExecutor.processExecutionPhase(TestCaseExecutor.java:307)
	at com.kms.katalon.core.main.TestCaseExecutor.accessMainPhase(TestCaseExecutor.java:299)
	at com.kms.katalon.core.main.TestCaseExecutor.execute(TestCaseExecutor.java:233)
	at com.kms.katalon.core.main.TestSuiteExecutor.accessTestCaseMainPhase(TestSuiteExecutor.java:169)
	at com.kms.katalon.core.main.TestSuiteExecutor.accessTestSuiteMainPhase(TestSuiteExecutor.java:142)
	at com.kms.katalon.core.main.TestSuiteExecutor.execute(TestSuiteExecutor.java:91)
	at com.kms.katalon.core.main.TestCaseMain.startTestSuite(TestCaseMain.java:157)
	at com.kms.katalon.core.main.TestCaseMain$startTestSuite$0.call(Unknown Source)
	at TempTestSuite1582862565852.run(TempTestSuite1582862565852.groovy:36)
)
[[ATTACHMENT|/Users/bambangtripamungkas/git/KFCiOS/Reports/20200228_110245/Regression Test - Loyality and Rewards/20200228_110245/1582863628713.png]]]]></system-out>
         <system-err><![CDATA[2020-02-28 11:18:02 - [TEST_CASE][FAILED] - Test Cases/RegressioniOS - Loyality and Rewards/4. Verify Rewards Detail Page: Test Cases/RegressioniOS - Loyality and Rewards/4. Verify Rewards Detail Page FAILED.
Reason:
com.kms.katalon.core.exception.StepFailedException: Object Object Repository/iOS/Voucher Detail Page/vouchdet_btnCancel not found
	at com.kms.katalon.core.keyword.internal.KeywordMain.stepFailed(KeywordMain.groovy:50)
	at com.kms.katalon.core.mobile.keyword.internal.MobileKeywordMain.stepFailed(MobileKeywordMain.groovy:40)
	at com.kms.katalon.core.mobile.keyword.builtin.TapKeyword$_tap_closure1.doCall(TapKeyword.groovy:79)
	at com.kms.katalon.core.mobile.keyword.builtin.TapKeyword$_tap_closure1.call(TapKeyword.groovy)
	at com.kms.katalon.core.mobile.keyword.internal.MobileKeywordMain.runKeyword(MobileKeywordMain.groovy:21)
	at com.kms.katalon.core.mobile.keyword.builtin.TapKeyword.tap(TapKeyword.groovy:86)
	at com.kms.katalon.core.mobile.keyword.builtin.TapKeyword.execute(TapKeyword.groovy:68)
	at com.kms.katalon.core.keyword.internal.KeywordExecutor.executeKeywordForPlatform(KeywordExecutor.groovy:60)
	at com.kms.katalon.core.mobile.keyword.MobileBuiltInKeywords.tap(MobileBuiltInKeywords.groovy:520)
	at com.kms.katalon.core.mobile.keyword.MobileBuiltInKeywords$tap$4.call(Unknown Source)
	at 4. Verify Rewards Detail Page.run(4. Verify Rewards Detail Page:122)
	at com.kms.katalon.core.main.ScriptEngine.run(ScriptEngine.java:194)
	at com.kms.katalon.core.main.ScriptEngine.runScriptAsRawText(ScriptEngine.java:119)
	at com.kms.katalon.core.main.TestCaseExecutor.runScript(TestCaseExecutor.java:337)
	at com.kms.katalon.core.main.TestCaseExecutor.doExecute(TestCaseExecutor.java:328)
	at com.kms.katalon.core.main.TestCaseExecutor.processExecutionPhase(TestCaseExecutor.java:307)
	at com.kms.katalon.core.main.TestCaseExecutor.accessMainPhase(TestCaseExecutor.java:299)
	at com.kms.katalon.core.main.TestCaseExecutor.execute(TestCaseExecutor.java:233)
	at com.kms.katalon.core.main.TestSuiteExecutor.accessTestCaseMainPhase(TestSuiteExecutor.java:169)
	at com.kms.katalon.core.main.TestSuiteExecutor.accessTestSuiteMainPhase(TestSuiteExecutor.java:142)
	at com.kms.katalon.core.main.TestSuiteExecutor.execute(TestSuiteExecutor.java:91)
	at com.kms.katalon.core.main.TestCaseMain.startTestSuite(TestCaseMain.java:157)
	at com.kms.katalon.core.main.TestCaseMain$startTestSuite$0.call(Unknown Source)
	at TempTestSuite1582862565852.run(TempTestSuite1582862565852.groovy:36)]]></system-err>
      </testcase>
      <system-out><![CDATA[2020-02-28 11:02:59 - [TEST_SUITE][FAILED] - Regression Test - Loyality and Rewards: Test Cases/RegressioniOS - Loyality and Rewards/3. Verify all buttons on the rewards page FAILED.
Reason:
com.kms.katalon.core.exception.StepFailedException: Element 'Object Repository/iOS/Voucher Detail Page/vouchdet_btnCancel_text' not found
	at com.kms.katalon.core.keyword.internal.KeywordMain.stepFailed(KeywordMain.groovy:39)
	at com.kms.katalon.core.mobile.keyword.internal.MobileKeywordMain.stepFailed(MobileKeywordMain.groovy:40)
	at com.kms.katalon.core.mobile.keyword.builtin.VerifyElementExistKeyword$_verifyElementExist_closure1.doCall(VerifyElementExistKeyword.groovy:77)
	at com.kms.katalon.core.mobile.keyword.builtin.VerifyElementExistKeyword$_verifyElementExist_closure1.call(VerifyElementExistKeyword.groovy)
	at com.kms.katalon.core.mobile.keyword.internal.MobileKeywordMain.runKeyword(MobileKeywordMain.groovy:21)
	at com.kms.katalon.core.mobile.keyword.builtin.VerifyElementExistKeyword.verifyElementExist(VerifyElementExistKeyword.groovy:80)
	at com.kms.katalon.core.mobile.keyword.builtin.VerifyElementExistKeyword.execute(VerifyElementExistKeyword.groovy:64)
	at com.kms.katalon.core.keyword.internal.KeywordExecutor.executeKeywordForPlatform(KeywordExecutor.groovy:60)
	at com.kms.katalon.core.mobile.keyword.MobileBuiltInKeywords.verifyElementExist(MobileBuiltInKeywords.groovy:640)
	at com.kms.katalon.core.mobile.keyword.MobileBuiltInKeywords$verifyElementExist$0.call(Unknown Source)
	at 3. Verify all buttons on the rewards page.run(3. Verify all buttons on the rewards page:30)
	at com.kms.katalon.core.main.ScriptEngine.run(ScriptEngine.java:194)
	at com.kms.katalon.core.main.ScriptEngine.runScriptAsRawText(ScriptEngine.java:119)
	at com.kms.katalon.core.main.TestCaseExecutor.runScript(TestCaseExecutor.java:337)
	at com.kms.katalon.core.main.TestCaseExecutor.doExecute(TestCaseExecutor.java:328)
	at com.kms.katalon.core.main.TestCaseExecutor.processExecutionPhase(TestCaseExecutor.java:307)
	at com.kms.katalon.core.main.TestCaseExecutor.accessMainPhase(TestCaseExecutor.java:299)
	at com.kms.katalon.core.main.TestCaseExecutor.execute(TestCaseExecutor.java:233)
	at com.kms.katalon.core.main.TestSuiteExecutor.accessTestCaseMainPhase(TestSuiteExecutor.java:169)
	at com.kms.katalon.core.main.TestSuiteExecutor.accessTestSuiteMainPhase(TestSuiteExecutor.java:142)
	at com.kms.katalon.core.main.TestSuiteExecutor.execute(TestSuiteExecutor.java:91)
	at com.kms.katalon.core.main.TestCaseMain.startTestSuite(TestCaseMain.java:157)
	at com.kms.katalon.core.main.TestCaseMain$startTestSuite$0.call(Unknown Source)
	at TempTestSuite1582862565852.run(TempTestSuite1582862565852.groovy:36)]]></system-out>
      <system-err><![CDATA[2020-02-28 11:02:59 - [TEST_SUITE][FAILED] - Regression Test - Loyality and Rewards: Test Cases/RegressioniOS - Loyality and Rewards/3. Verify all buttons on the rewards page FAILED.
Reason:
com.kms.katalon.core.exception.StepFailedException: Element 'Object Repository/iOS/Voucher Detail Page/vouchdet_btnCancel_text' not found
	at com.kms.katalon.core.keyword.internal.KeywordMain.stepFailed(KeywordMain.groovy:39)
	at com.kms.katalon.core.mobile.keyword.internal.MobileKeywordMain.stepFailed(MobileKeywordMain.groovy:40)
	at com.kms.katalon.core.mobile.keyword.builtin.VerifyElementExistKeyword$_verifyElementExist_closure1.doCall(VerifyElementExistKeyword.groovy:77)
	at com.kms.katalon.core.mobile.keyword.builtin.VerifyElementExistKeyword$_verifyElementExist_closure1.call(VerifyElementExistKeyword.groovy)
	at com.kms.katalon.core.mobile.keyword.internal.MobileKeywordMain.runKeyword(MobileKeywordMain.groovy:21)
	at com.kms.katalon.core.mobile.keyword.builtin.VerifyElementExistKeyword.verifyElementExist(VerifyElementExistKeyword.groovy:80)
	at com.kms.katalon.core.mobile.keyword.builtin.VerifyElementExistKeyword.execute(VerifyElementExistKeyword.groovy:64)
	at com.kms.katalon.core.keyword.internal.KeywordExecutor.executeKeywordForPlatform(KeywordExecutor.groovy:60)
	at com.kms.katalon.core.mobile.keyword.MobileBuiltInKeywords.verifyElementExist(MobileBuiltInKeywords.groovy:640)
	at com.kms.katalon.core.mobile.keyword.MobileBuiltInKeywords$verifyElementExist$0.call(Unknown Source)
	at 3. Verify all buttons on the rewards page.run(3. Verify all buttons on the rewards page:30)
	at com.kms.katalon.core.main.ScriptEngine.run(ScriptEngine.java:194)
	at com.kms.katalon.core.main.ScriptEngine.runScriptAsRawText(ScriptEngine.java:119)
	at com.kms.katalon.core.main.TestCaseExecutor.runScript(TestCaseExecutor.java:337)
	at com.kms.katalon.core.main.TestCaseExecutor.doExecute(TestCaseExecutor.java:328)
	at com.kms.katalon.core.main.TestCaseExecutor.processExecutionPhase(TestCaseExecutor.java:307)
	at com.kms.katalon.core.main.TestCaseExecutor.accessMainPhase(TestCaseExecutor.java:299)
	at com.kms.katalon.core.main.TestCaseExecutor.execute(TestCaseExecutor.java:233)
	at com.kms.katalon.core.main.TestSuiteExecutor.accessTestCaseMainPhase(TestSuiteExecutor.java:169)
	at com.kms.katalon.core.main.TestSuiteExecutor.accessTestSuiteMainPhase(TestSuiteExecutor.java:142)
	at com.kms.katalon.core.main.TestSuiteExecutor.execute(TestSuiteExecutor.java:91)
	at com.kms.katalon.core.main.TestCaseMain.startTestSuite(TestCaseMain.java:157)
	at com.kms.katalon.core.main.TestCaseMain$startTestSuite$0.call(Unknown Source)
	at TempTestSuite1582862565852.run(TempTestSuite1582862565852.groovy:36)]]></system-err>
   </testsuite>
</testsuites>
