<?xml version="1.0" encoding="UTF-8"?>
<testsuites name="Regression Test - Loyality and Rewards" time="674.262" tests="4" failures="3" errors="0">
   <testsuite name="Regression Test - Loyality and Rewards" tests="4" failures="3" errors="0" time="674.262" timestamp="2020-03-02 08:15:11" hostname="bambangtripamungkas - 192.168.1.9" id="Test Suites/Regression Test - Loyality and Rewards">
      <properties>
         <property name="deviceName" value="iPhone 8"/>
         <property name="devicePlatform" value=""/>
         <property name="logFolder" value="/Users/bambangtripamungkas/git/KFCiOS/Reports/20200302_081502/Regression Test - Loyality and Rewards/20200302_081502"/>
         <property name="logFiles" value="/Users/bambangtripamungkas/git/KFCiOS/Reports/20200302_081502/Regression Test - Loyality and Rewards/20200302_081502/execution0.log, /Users/bambangtripamungkas/git/KFCiOS/Reports/20200302_081502/Regression Test - Loyality and Rewards/20200302_081502/appium.log, /Users/bambangtripamungkas/git/KFCiOS/Reports/20200302_081502/Regression Test - Loyality and Rewards/20200302_081502/appium-proxy-server.log"/>
         <property name="attachments" value="/Users/bambangtripamungkas/git/KFCiOS/Reports/20200302_081502/Regression Test - Loyality and Rewards/20200302_081502/1583111739833.png, /Users/bambangtripamungkas/git/KFCiOS/Reports/20200302_081502/Regression Test - Loyality and Rewards/20200302_081502/1583111803042.png, /Users/bambangtripamungkas/git/KFCiOS/Reports/20200302_081502/Regression Test - Loyality and Rewards/20200302_081502/1583111815650.png, /Users/bambangtripamungkas/git/KFCiOS/Reports/20200302_081502/Regression Test - Loyality and Rewards/20200302_081502/1583112124347.png, /Users/bambangtripamungkas/git/KFCiOS/Reports/20200302_081502/Regression Test - Loyality and Rewards/20200302_081502/1583112141022.png, /Users/bambangtripamungkas/git/KFCiOS/Reports/20200302_081502/Regression Test - Loyality and Rewards/20200302_081502/1583112157560.png, /Users/bambangtripamungkas/git/KFCiOS/Reports/20200302_081502/Regression Test - Loyality and Rewards/20200302_081502/1583112335849.png, /Users/bambangtripamungkas/git/KFCiOS/Reports/20200302_081502/Regression Test - Loyality and Rewards/20200302_081502/1583112339061.png, /Users/bambangtripamungkas/git/KFCiOS/Reports/20200302_081502/Regression Test - Loyality and Rewards/20200302_081502/1583112367604.png, /Users/bambangtripamungkas/git/KFCiOS/Reports/20200302_081502/Regression Test - Loyality and Rewards/20200302_081502/1583112367759.png, /Users/bambangtripamungkas/git/KFCiOS/Reports/20200302_081502/Regression Test - Loyality and Rewards/20200302_081502/1583112378901.png, /Users/bambangtripamungkas/git/KFCiOS/Reports/20200302_081502/Regression Test - Loyality and Rewards/20200302_081502/1583112384647.png, /Users/bambangtripamungkas/git/KFCiOS/Reports/20200302_081502/Regression Test - Loyality and Rewards/20200302_081502/1583112384802.png"/>
         <property name="hostName" value="bambangtripamungkas - 192.168.1.9"/>
         <property name="os" value="Mac OS X 64bit"/>
         <property name="appiumServerStatus" value="{\&quot;value\&quot;:{\&quot;build\&quot;:{\&quot;version\&quot;:\&quot;1.15.1\&quot;}},\&quot;sessionId\&quot;:null,\&quot;status\&quot;:0}"/>
         <property name="katalonVersion" value="7.1.1.1"/>
         <property name="deviceOS" value="iOS"/>
         <property name="appiumVersion" value="1.15.1"/>
         <property name="deviceModel" value="Not available for Simulator"/>
         <property name="hostAddress" value="192.168.1.9"/>
         <property name="deviceManufacturer" value="Apple"/>
         <property name="deviceId" value="null"/>
         <property name="deviceName" value="iPhone 8"/>
         <property name="deviceOSVersion" value="13.3"/>
      </properties>
      <testcase name="Test Cases/RegressioniOS - Loyality and Rewards/1. Open Loyality Page" time="266.655" classname="Test Cases/RegressioniOS - Loyality and Rewards/1. Open Loyality Page" status="PASSED">
         <system-out><![CDATA[2020-03-02 08:15:12 - [TEST_CASE][PASSED] - Test Cases/RegressioniOS - Loyality and Rewards/1. Open Loyality Page: Test Cases/RegressioniOS - Loyality and Rewards/1. Open Loyality Page

2020-03-02 08:15:12 - [TEST_STEP][PASSED] - startExistingApplication("com.kfcjv.staging", STOP_ON_FAILURE): Starting app with application ID: 'com.kfcjv.staging'

2020-03-02 08:15:13 - [MESSAGE][INFO] - ios_webkit_debug_proxy server started on port 53522

2020-03-02 08:15:16 - [MESSAGE][INFO] - Appium server started on port 53,524

2020-03-02 08:15:35 - [MESSAGE][PASSED] - Starting app with application ID: 'com.kfcjv.staging'

2020-03-02 08:15:35 - [TEST_STEP][PASSED] - comment("Earn Page Components check started"): Earn Page Components check started

2020-03-02 08:15:35 - [MESSAGE][INFO] - Earn Page Components check started

2020-03-02 08:15:35 - [TEST_STEP][PASSED] - if (verifyElementExist(findTestObject("iOS/Login Page/Relogin Alert/reloginalert_alerttype"), 2, OPTIONAL) == true): Element 'Object Repository/iOS/Login Page/Relogin Alert/reloginalert_alerttype' not found

2020-03-02 08:15:40 - [MESSAGE][WARNING] - Element 'Object Repository/iOS/Login Page/Relogin Alert/reloginalert_alerttype' not found
[[ATTACHMENT|/Users/bambangtripamungkas/git/KFCiOS/Reports/20200302_081502/Regression Test - Loyality and Rewards/20200302_081502/1583111739833.png]]

2020-03-02 08:15:40 - [TEST_STEP][PASSED] - else: null

2020-03-02 08:15:40 - [TEST_STEP][PASSED] - println = "Session is new": null

2020-03-02 08:15:40 - [TEST_STEP][PASSED] - if (verifyElementExist(findTestObject("iOS/Login Page/Welcome Page/loginpage_header_titletext_welcome"), 2, OPTIONAL) == true): null

2020-03-02 08:15:42 - [MESSAGE][PASSED] - Element 'Object Repository/iOS/Login Page/Welcome Page/loginpage_header_titletext_welcome' is exist

2020-03-02 08:15:42 - [TEST_STEP][PASSED] - delay(2, CONTINUE_ON_FAILURE): Delayed 2 second(s)

2020-03-02 08:15:44 - [MESSAGE][PASSED] - Delayed 2 second(s)

2020-03-02 08:15:44 - [TEST_STEP][PASSED] - callTestCase(findTestCase("b. RegressioniOS - Login/Assist Test/Login Dana"), [:], STOP_ON_FAILURE): Call Test Case 'Test Cases/b. RegressioniOS - Login/Assist Test/Login Dana' successfully

2020-03-02 08:15:44 - [TEST_CASE][PASSED] - Test Cases/b. RegressioniOS - Login/Assist Test/Login Dana: Test Cases/b. RegressioniOS - Login/Assist Test/Login Dana

2020-03-02 08:15:44 - [TEST_STEP][PASSED] - startExistingApplication("com.kfcjv.staging", STOP_ON_FAILURE): Starting app with application ID: 'com.kfcjv.staging'

2020-03-02 08:15:56 - [MESSAGE][PASSED] - Starting app with application ID: 'com.kfcjv.staging'

2020-03-02 08:15:56 - [TEST_STEP][PASSED] - waitForElementPresent(findTestObject("iOS/Login Page/Welcome Page/loginpage_btnLogin_bgRed"), 3): Element 'Object Repository/iOS/Login Page/Welcome Page/loginpage_btnLogin_bgRed' is present

2020-03-02 08:15:58 - [MESSAGE][PASSED] - Element 'Object Repository/iOS/Login Page/Welcome Page/loginpage_btnLogin_bgRed' is present

2020-03-02 08:15:58 - [TEST_STEP][PASSED] - comment("Login USER 085643628232"): Login USER 085643628232

2020-03-02 08:15:58 - [MESSAGE][INFO] - Login USER 085643628232

2020-03-02 08:15:58 - [TEST_STEP][PASSED] - setText(findTestObject("iOS/Login Page/Welcome Page/loginpage_phonenum_textfield"), "085643628232", 1): Text '085643628232' has been set to element 'Object Repository/iOS/Login Page/Welcome Page/loginpage_phonenum_textfield'

2020-03-02 08:16:02 - [MESSAGE][PASSED] - Text '085643628232' has been set to element 'Object Repository/iOS/Login Page/Welcome Page/loginpage_phonenum_textfield'

2020-03-02 08:16:02 - [TEST_STEP][PASSED] - setText(findTestObject("iOS/Login Page/Welcome Page/loginpage_passw_textfield"), "111111", 0): Text '111111' has been set to element 'Object Repository/iOS/Login Page/Welcome Page/loginpage_passw_textfield'

2020-03-02 08:16:02 - [MESSAGE][WARNING] - Timeout '0' is invalid. Using default page load timeout: '30'

2020-03-02 08:16:06 - [MESSAGE][PASSED] - Text '111111' has been set to element 'Object Repository/iOS/Login Page/Welcome Page/loginpage_passw_textfield'

2020-03-02 08:16:06 - [TEST_STEP][PASSED] - tap(findTestObject("iOS/Login Page/Welcome Page/loginpage_btnLogin_bgRed"), 2): Tapped on element 'Object Repository/iOS/Login Page/Welcome Page/loginpage_btnLogin_bgRed'

2020-03-02 08:16:10 - [MESSAGE][PASSED] - Tapped on element 'Object Repository/iOS/Login Page/Welcome Page/loginpage_btnLogin_bgRed'

2020-03-02 08:16:10 - [TEST_STEP][PASSED] - comment("Redirect to DANA LOGIN PAGE"): Redirect to DANA LOGIN PAGE

2020-03-02 08:16:10 - [MESSAGE][INFO] - Redirect to DANA LOGIN PAGE

2020-03-02 08:16:10 - [TEST_STEP][PASSED] - comment("DANA PIN INPUT, Please input MANUALLY or WAIT to input automatically"): DANA PIN INPUT, Please input MANUALLY or WAIT to input automatically

2020-03-02 08:16:10 - [MESSAGE][INFO] - DANA PIN INPUT, Please input MANUALLY or WAIT to input automatically

2020-03-02 08:16:10 - [TEST_STEP][PASSED] - delay(30, STOP_ON_FAILURE): Delayed 30 second(s)

2020-03-02 08:16:40 - [MESSAGE][PASSED] - Delayed 30 second(s)

2020-03-02 08:16:40 - [TEST_STEP][PASSED] - if (verifyElementExist(findTestObject("iOS/Login Page/Login to DANA Page/logtodana_desc_enteryour"), 2, OPTIONAL) == true): Element 'Object Repository/iOS/Login Page/Login to DANA Page/logtodana_errorfound' not found

2020-03-02 08:16:52 - [MESSAGE][WARNING] - Element 'Object Repository/iOS/Login Page/Login to DANA Page/logtodana_desc_enteryour' not found
[[ATTACHMENT|/Users/bambangtripamungkas/git/KFCiOS/Reports/20200302_081502/Regression Test - Loyality and Rewards/20200302_081502/1583111803042.png]]

2020-03-02 08:17:05 - [MESSAGE][WARNING] - Element 'Object Repository/iOS/Login Page/Login to DANA Page/logtodana_errorfound' not found
[[ATTACHMENT|/Users/bambangtripamungkas/git/KFCiOS/Reports/20200302_081502/Regression Test - Loyality and Rewards/20200302_081502/1583111815650.png]]

2020-03-02 08:17:05 - [TEST_STEP][PASSED] - else if (verifyElementExist(findTestObject("iOS/Login Page/Login to DANA Page/logtodana_errorfound"), 2, OPTIONAL) == true): null

2020-03-02 08:17:05 - [TEST_STEP][PASSED] - else: null

2020-03-02 08:17:05 - [TEST_STEP][PASSED] - println = "Homepage ready": null

2020-03-02 08:17:05 - [MESSAGE][PASSED] - Call Test Case 'Test Cases/b. RegressioniOS - Login/Assist Test/Login Dana' successfully

2020-03-02 08:17:05 - [TEST_STEP][PASSED] - verifyElementExist(findTestObject("iOS/Home Page/home_topbar_btnProfile"), 2, CONTINUE_ON_FAILURE): Element 'Object Repository/iOS/Home Page/home_topbar_btnProfile' is exist

2020-03-02 08:17:08 - [MESSAGE][PASSED] - Element 'Object Repository/iOS/Home Page/home_topbar_btnProfile' is exist

2020-03-02 08:17:08 - [TEST_STEP][PASSED] - tap(findTestObject("iOS/Home Page/home_topbar_btnProfile"), 1, STOP_ON_FAILURE): Tapped on element 'Object Repository/iOS/Home Page/home_topbar_btnProfile'

2020-03-02 08:17:12 - [MESSAGE][PASSED] - Tapped on element 'Object Repository/iOS/Home Page/home_topbar_btnProfile'

2020-03-02 08:17:12 - [TEST_STEP][PASSED] - delay(3): Delayed 3 second(s)

2020-03-02 08:17:15 - [MESSAGE][PASSED] - Delayed 3 second(s)

2020-03-02 08:17:15 - [TEST_STEP][PASSED] - comment("Points Section"): Points Section

2020-03-02 08:17:15 - [MESSAGE][INFO] - Points Section

2020-03-02 08:17:15 - [TEST_STEP][PASSED] - verifyElementExist(findTestObject("iOS/Profile Page/profilepage_points_btnHistory_text"), 2, CONTINUE_ON_FAILURE): Element 'Object Repository/iOS/Profile Page/profilepage_points_btnHistory_text' is exist

2020-03-02 08:17:19 - [MESSAGE][PASSED] - Element 'Object Repository/iOS/Profile Page/profilepage_points_btnHistory_text' is exist

2020-03-02 08:17:19 - [TEST_STEP][PASSED] - verifyElementVisible(findTestObject("iOS/Profile Page/profilepage_points_btnHistory_text"), 2, CONTINUE_ON_FAILURE): Element 'Object Repository/iOS/Profile Page/profilepage_points_btnHistory_text' is visible

2020-03-02 08:17:24 - [MESSAGE][PASSED] - Element 'Object Repository/iOS/Profile Page/profilepage_points_btnHistory_text' is visible

2020-03-02 08:17:24 - [TEST_STEP][PASSED] - getText(findTestObject("iOS/Profile Page/profilepage_points_btnHistory_text"), 1, CONTINUE_ON_FAILURE): Text of element 'Object Repository/iOS/Profile Page/profilepage_points_btnHistory_text' is: 'Points History'

2020-03-02 08:17:28 - [MESSAGE][PASSED] - Text of element 'Object Repository/iOS/Profile Page/profilepage_points_btnHistory_text' is: 'Points History'

2020-03-02 08:17:28 - [TEST_STEP][PASSED] - verifyElementExist(findTestObject("iOS/Profile Page/profilepage_points_btnHistory"), 2, CONTINUE_ON_FAILURE): Element 'Object Repository/iOS/Profile Page/profilepage_points_btnHistory' is exist

2020-03-02 08:17:32 - [MESSAGE][PASSED] - Element 'Object Repository/iOS/Profile Page/profilepage_points_btnHistory' is exist

2020-03-02 08:17:32 - [TEST_STEP][PASSED] - verifyElementVisible(findTestObject("iOS/Profile Page/profilepage_points_btnHistory"), 2, CONTINUE_ON_FAILURE): Element 'Object Repository/iOS/Profile Page/profilepage_points_btnHistory' is visible

2020-03-02 08:17:37 - [MESSAGE][PASSED] - Element 'Object Repository/iOS/Profile Page/profilepage_points_btnHistory' is visible

2020-03-02 08:17:37 - [TEST_STEP][PASSED] - verifyElementExist(findTestObject("iOS/Profile Page/profilepage_points_btnRedeem_text"), 2, CONTINUE_ON_FAILURE): Element 'Object Repository/iOS/Profile Page/profilepage_points_btnRedeem_text' is exist

2020-03-02 08:17:41 - [MESSAGE][PASSED] - Element 'Object Repository/iOS/Profile Page/profilepage_points_btnRedeem_text' is exist

2020-03-02 08:17:41 - [TEST_STEP][PASSED] - verifyElementVisible(findTestObject("iOS/Profile Page/profilepage_points_btnRedeem_text"), 2, CONTINUE_ON_FAILURE): Element 'Object Repository/iOS/Profile Page/profilepage_points_btnRedeem_text' is visible

2020-03-02 08:17:45 - [MESSAGE][PASSED] - Element 'Object Repository/iOS/Profile Page/profilepage_points_btnRedeem_text' is visible

2020-03-02 08:17:45 - [TEST_STEP][PASSED] - getText(findTestObject("iOS/Profile Page/profilepage_points_btnRedeem_text"), 1, CONTINUE_ON_FAILURE): Text of element 'Object Repository/iOS/Profile Page/profilepage_points_btnRedeem_text' is: 'Redeem'

2020-03-02 08:17:49 - [MESSAGE][PASSED] - Text of element 'Object Repository/iOS/Profile Page/profilepage_points_btnRedeem_text' is: 'Redeem'

2020-03-02 08:17:49 - [TEST_STEP][PASSED] - verifyElementExist(findTestObject("iOS/Profile Page/profilepage_points_btnRedeem"), 2, CONTINUE_ON_FAILURE): Element 'Object Repository/iOS/Profile Page/profilepage_points_btnRedeem' is exist

2020-03-02 08:17:54 - [MESSAGE][PASSED] - Element 'Object Repository/iOS/Profile Page/profilepage_points_btnRedeem' is exist

2020-03-02 08:17:54 - [TEST_STEP][PASSED] - verifyElementVisible(findTestObject("iOS/Profile Page/profilepage_points_btnRedeem"), 2, CONTINUE_ON_FAILURE): Element 'Object Repository/iOS/Profile Page/profilepage_points_btnRedeem' is visible

2020-03-02 08:17:58 - [MESSAGE][PASSED] - Element 'Object Repository/iOS/Profile Page/profilepage_points_btnRedeem' is visible

2020-03-02 08:17:58 - [TEST_STEP][PASSED] - verifyElementExist(findTestObject("iOS/Profile Page/profilepage_points_desc_dynamicexpire"), 2, CONTINUE_ON_FAILURE): Element 'Object Repository/iOS/Profile Page/profilepage_points_desc_dynamicexpire' is exist

2020-03-02 08:18:11 - [MESSAGE][PASSED] - Element 'Object Repository/iOS/Profile Page/profilepage_points_desc_dynamicexpire' is exist

2020-03-02 08:18:11 - [TEST_STEP][PASSED] - verifyElementVisible(findTestObject("iOS/Profile Page/profilepage_points_desc_dynamicexpire"), 2, CONTINUE_ON_FAILURE): Element 'Object Repository/iOS/Profile Page/profilepage_points_desc_dynamicexpire' is visible

2020-03-02 08:18:24 - [MESSAGE][PASSED] - Element 'Object Repository/iOS/Profile Page/profilepage_points_desc_dynamicexpire' is visible

2020-03-02 08:18:24 - [TEST_STEP][PASSED] - getText(findTestObject("iOS/Profile Page/profilepage_points_desc_dynamicexpire"), 1, CONTINUE_ON_FAILURE): Text of element 'Object Repository/iOS/Profile Page/profilepage_points_desc_dynamicexpire' is: 'PROFILE'

2020-03-02 08:18:38 - [MESSAGE][PASSED] - Text of element 'Object Repository/iOS/Profile Page/profilepage_points_desc_dynamicexpire' is: 'PROFILE'

2020-03-02 08:18:38 - [TEST_STEP][PASSED] - verifyElementExist(findTestObject("iOS/Profile Page/profilepage_points_desc_dynamicpoints"), 2, CONTINUE_ON_FAILURE): Element 'Object Repository/iOS/Profile Page/profilepage_points_desc_dynamicpoints' is exist

2020-03-02 08:18:51 - [MESSAGE][PASSED] - Element 'Object Repository/iOS/Profile Page/profilepage_points_desc_dynamicpoints' is exist

2020-03-02 08:18:51 - [TEST_STEP][PASSED] - verifyElementVisible(findTestObject("iOS/Profile Page/profilepage_points_desc_dynamicpoints"), 2, CONTINUE_ON_FAILURE): Element 'Object Repository/iOS/Profile Page/profilepage_points_desc_dynamicpoints' is visible

2020-03-02 08:19:04 - [MESSAGE][PASSED] - Element 'Object Repository/iOS/Profile Page/profilepage_points_desc_dynamicpoints' is visible

2020-03-02 08:19:04 - [TEST_STEP][PASSED] - getText(findTestObject("iOS/Profile Page/profilepage_points_desc_dynamicpoints"), 1, CONTINUE_ON_FAILURE): Text of element 'Object Repository/iOS/Profile Page/profilepage_points_desc_dynamicpoints' is: 'PROFILE'

2020-03-02 08:19:17 - [MESSAGE][PASSED] - Text of element 'Object Repository/iOS/Profile Page/profilepage_points_desc_dynamicpoints' is: 'PROFILE'

2020-03-02 08:19:17 - [TEST_STEP][PASSED] - verifyElementExist(findTestObject("iOS/Profile Page/profilepage_points_imgBgPoints"), 2, CONTINUE_ON_FAILURE): Element 'Object Repository/iOS/Profile Page/profilepage_points_imgBgPoints' is exist

2020-03-02 08:19:21 - [MESSAGE][PASSED] - Element 'Object Repository/iOS/Profile Page/profilepage_points_imgBgPoints' is exist

2020-03-02 08:19:21 - [TEST_STEP][PASSED] - verifyElementExist(findTestObject("iOS/Profile Page/profilepage_points_imgInfoIcon"), 2, CONTINUE_ON_FAILURE): Element 'Object Repository/iOS/Profile Page/profilepage_points_imgInfoIcon' is exist

2020-03-02 08:19:26 - [MESSAGE][PASSED] - Element 'Object Repository/iOS/Profile Page/profilepage_points_imgInfoIcon' is exist

2020-03-02 08:19:26 - [TEST_STEP][PASSED] - verifyElementExist(findTestObject("iOS/Profile Page/profilepage_points_title_myKFC"), 2, CONTINUE_ON_FAILURE): Element 'Object Repository/iOS/Profile Page/profilepage_points_title_myKFC' is exist

2020-03-02 08:19:30 - [MESSAGE][PASSED] - Element 'Object Repository/iOS/Profile Page/profilepage_points_title_myKFC' is exist

2020-03-02 08:19:30 - [TEST_STEP][PASSED] - verifyElementVisible(findTestObject("iOS/Profile Page/profilepage_points_title_myKFC"), 2, CONTINUE_ON_FAILURE): Element 'Object Repository/iOS/Profile Page/profilepage_points_title_myKFC' is visible

2020-03-02 08:19:34 - [MESSAGE][PASSED] - Element 'Object Repository/iOS/Profile Page/profilepage_points_title_myKFC' is visible

2020-03-02 08:19:34 - [TEST_STEP][PASSED] - getText(findTestObject("iOS/Profile Page/profilepage_points_title_myKFC"), 1, CONTINUE_ON_FAILURE): Text of element 'Object Repository/iOS/Profile Page/profilepage_points_title_myKFC' is: 'My KFC Points'

2020-03-02 08:19:38 - [MESSAGE][PASSED] - Text of element 'Object Repository/iOS/Profile Page/profilepage_points_title_myKFC' is: 'My KFC Points'

2020-03-02 08:19:38 - [TEST_STEP][PASSED] - comment("Points section done checking"): Points section done checking

2020-03-02 08:19:38 - [MESSAGE][INFO] - Points section done checking]]></system-out>
         <system-err><![CDATA[]]></system-err>
      </testcase>
      <testcase name="Test Cases/RegressioniOS - Loyality and Rewards/2. View Vouchers List" time="339.163" classname="Test Cases/RegressioniOS - Loyality and Rewards/2. View Vouchers List" status="FAILED">
         <failure type="FAILED" message="Test Cases/RegressioniOS - Loyality and Rewards/2. View Vouchers List FAILED.
Reason:
com.kms.katalon.core.exception.StepFailedException: Element 'Object Repository/iOS/Voucher List Page/vouchlist_vouch1_title' not found
	at com.kms.katalon.core.keyword.internal.KeywordMain.stepFailed(KeywordMain.groovy:39)
	at com.kms.katalon.core.mobile.keyword.internal.MobileKeywordMain.stepFailed(MobileKeywordMain.groovy:40)
	at com.kms.katalon.core.mobile.keyword.builtin.VerifyElementExistKeyword$_verifyElementExist_closure1.doCall(VerifyElementExistKeyword.groovy:77)
	at com.kms.katalon.core.mobile.keyword.builtin.VerifyElementExistKeyword$_verifyElementExist_closure1.call(VerifyElementExistKeyword.groovy)
	at com.kms.katalon.core.mobile.keyword.internal.MobileKeywordMain.runKeyword(MobileKeywordMain.groovy:21)
	at com.kms.katalon.core.mobile.keyword.builtin.VerifyElementExistKeyword.verifyElementExist(VerifyElementExistKeyword.groovy:80)
	at com.kms.katalon.core.mobile.keyword.builtin.VerifyElementExistKeyword.execute(VerifyElementExistKeyword.groovy:64)
	at com.kms.katalon.core.keyword.internal.KeywordExecutor.executeKeywordForPlatform(KeywordExecutor.groovy:60)
	at com.kms.katalon.core.mobile.keyword.MobileBuiltInKeywords.verifyElementExist(MobileBuiltInKeywords.groovy:640)
	at com.kms.katalon.core.mobile.keyword.MobileBuiltInKeywords$verifyElementExist$0.call(Unknown Source)
	at 2. View Vouchers List.run(2. View Vouchers List:64)
	at com.kms.katalon.core.main.ScriptEngine.run(ScriptEngine.java:194)
	at com.kms.katalon.core.main.ScriptEngine.runScriptAsRawText(ScriptEngine.java:119)
	at com.kms.katalon.core.main.TestCaseExecutor.runScript(TestCaseExecutor.java:337)
	at com.kms.katalon.core.main.TestCaseExecutor.doExecute(TestCaseExecutor.java:328)
	at com.kms.katalon.core.main.TestCaseExecutor.processExecutionPhase(TestCaseExecutor.java:307)
	at com.kms.katalon.core.main.TestCaseExecutor.accessMainPhase(TestCaseExecutor.java:299)
	at com.kms.katalon.core.main.TestCaseExecutor.execute(TestCaseExecutor.java:233)
	at com.kms.katalon.core.main.TestSuiteExecutor.accessTestCaseMainPhase(TestSuiteExecutor.java:169)
	at com.kms.katalon.core.main.TestSuiteExecutor.accessTestSuiteMainPhase(TestSuiteExecutor.java:142)
	at com.kms.katalon.core.main.TestSuiteExecutor.execute(TestSuiteExecutor.java:91)
	at com.kms.katalon.core.main.TestCaseMain.startTestSuite(TestCaseMain.java:157)
	at com.kms.katalon.core.main.TestCaseMain$startTestSuite$0.call(Unknown Source)
	at TempTestSuite1583111702338.run(TempTestSuite1583111702338.groovy:36)
"/>
         <system-out><![CDATA[2020-03-02 08:19:38 - [TEST_CASE][FAILED] - Test Cases/RegressioniOS - Loyality and Rewards/2. View Vouchers List: Test Cases/RegressioniOS - Loyality and Rewards/2. View Vouchers List FAILED.
Reason:
com.kms.katalon.core.exception.StepFailedException: Element 'Object Repository/iOS/Voucher List Page/vouchlist_vouch1_title' not found
	at com.kms.katalon.core.keyword.internal.KeywordMain.stepFailed(KeywordMain.groovy:39)
	at com.kms.katalon.core.mobile.keyword.internal.MobileKeywordMain.stepFailed(MobileKeywordMain.groovy:40)
	at com.kms.katalon.core.mobile.keyword.builtin.VerifyElementExistKeyword$_verifyElementExist_closure1.doCall(VerifyElementExistKeyword.groovy:77)
	at com.kms.katalon.core.mobile.keyword.builtin.VerifyElementExistKeyword$_verifyElementExist_closure1.call(VerifyElementExistKeyword.groovy)
	at com.kms.katalon.core.mobile.keyword.internal.MobileKeywordMain.runKeyword(MobileKeywordMain.groovy:21)
	at com.kms.katalon.core.mobile.keyword.builtin.VerifyElementExistKeyword.verifyElementExist(VerifyElementExistKeyword.groovy:80)
	at com.kms.katalon.core.mobile.keyword.builtin.VerifyElementExistKeyword.execute(VerifyElementExistKeyword.groovy:64)
	at com.kms.katalon.core.keyword.internal.KeywordExecutor.executeKeywordForPlatform(KeywordExecutor.groovy:60)
	at com.kms.katalon.core.mobile.keyword.MobileBuiltInKeywords.verifyElementExist(MobileBuiltInKeywords.groovy:640)
	at com.kms.katalon.core.mobile.keyword.MobileBuiltInKeywords$verifyElementExist$0.call(Unknown Source)
	at 2. View Vouchers List.run(2. View Vouchers List:64)
	at com.kms.katalon.core.main.ScriptEngine.run(ScriptEngine.java:194)
	at com.kms.katalon.core.main.ScriptEngine.runScriptAsRawText(ScriptEngine.java:119)
	at com.kms.katalon.core.main.TestCaseExecutor.runScript(TestCaseExecutor.java:337)
	at com.kms.katalon.core.main.TestCaseExecutor.doExecute(TestCaseExecutor.java:328)
	at com.kms.katalon.core.main.TestCaseExecutor.processExecutionPhase(TestCaseExecutor.java:307)
	at com.kms.katalon.core.main.TestCaseExecutor.accessMainPhase(TestCaseExecutor.java:299)
	at com.kms.katalon.core.main.TestCaseExecutor.execute(TestCaseExecutor.java:233)
	at com.kms.katalon.core.main.TestSuiteExecutor.accessTestCaseMainPhase(TestSuiteExecutor.java:169)
	at com.kms.katalon.core.main.TestSuiteExecutor.accessTestSuiteMainPhase(TestSuiteExecutor.java:142)
	at com.kms.katalon.core.main.TestSuiteExecutor.execute(TestSuiteExecutor.java:91)
	at com.kms.katalon.core.main.TestCaseMain.startTestSuite(TestCaseMain.java:157)
	at com.kms.katalon.core.main.TestCaseMain$startTestSuite$0.call(Unknown Source)
	at TempTestSuite1583111702338.run(TempTestSuite1583111702338.groovy:36)


2020-03-02 08:19:39 - [TEST_STEP][PASSED] - comment("Voucher List Page Check"): Voucher List Page Check

2020-03-02 08:19:39 - [MESSAGE][INFO] - Voucher List Page Check

2020-03-02 08:19:39 - [TEST_STEP][PASSED] - tap(findTestObject("iOS/Profile Page/profilepage_points_btnRedeem"), 0): Tapped on element 'Object Repository/iOS/Profile Page/profilepage_points_btnRedeem'

2020-03-02 08:19:39 - [MESSAGE][WARNING] - Timeout '0' is invalid. Using default page load timeout: '30'

2020-03-02 08:19:43 - [MESSAGE][PASSED] - Tapped on element 'Object Repository/iOS/Profile Page/profilepage_points_btnRedeem'

2020-03-02 08:19:43 - [TEST_STEP][PASSED] - waitForElementPresent(findTestObject("iOS/Voucher List Page/vouchlist_vouch1_title"), 1, CONTINUE_ON_FAILURE): Object Object Repository/iOS/Voucher List Page/vouchlist_vouch1_title not found

2020-03-02 08:19:45 - [MESSAGE][WARNING] - Object Object Repository/iOS/Voucher List Page/vouchlist_vouch1_title not found

2020-03-02 08:19:45 - [TEST_STEP][PASSED] - verifyElementExist(findTestObject("iOS/Voucher List Page/vouchlist_header_btnBack"), 1, CONTINUE_ON_FAILURE): Element 'Object Repository/iOS/Voucher List Page/vouchlist_header_btnBack' is exist

2020-03-02 08:19:46 - [MESSAGE][PASSED] - Element 'Object Repository/iOS/Voucher List Page/vouchlist_header_btnBack' is exist

2020-03-02 08:19:46 - [TEST_STEP][PASSED] - verifyElementExist(findTestObject("iOS/Voucher List Page/vouchlist_header_title_voucher"), 1, CONTINUE_ON_FAILURE): Element 'Object Repository/iOS/Voucher List Page/vouchlist_header_title_voucher' is exist

2020-03-02 08:19:47 - [MESSAGE][PASSED] - Element 'Object Repository/iOS/Voucher List Page/vouchlist_header_title_voucher' is exist

2020-03-02 08:19:48 - [TEST_STEP][PASSED] - verifyElementVisible(findTestObject("iOS/Voucher List Page/vouchlist_header_title_voucher"), 1, CONTINUE_ON_FAILURE): Element 'Object Repository/iOS/Voucher List Page/vouchlist_header_title_voucher' is visible

2020-03-02 08:19:49 - [MESSAGE][PASSED] - Element 'Object Repository/iOS/Voucher List Page/vouchlist_header_title_voucher' is visible

2020-03-02 08:19:49 - [TEST_STEP][PASSED] - getText(findTestObject("iOS/Voucher List Page/vouchlist_header_title_voucher"), 1, CONTINUE_ON_FAILURE): Text of element 'Object Repository/iOS/Voucher List Page/vouchlist_header_title_voucher' is: 'VOUCHER'

2020-03-02 08:19:57 - [MESSAGE][PASSED] - Text of element 'Object Repository/iOS/Voucher List Page/vouchlist_header_title_voucher' is: 'VOUCHER'

2020-03-02 08:19:57 - [TEST_STEP][PASSED] - verifyElementExist(findTestObject("iOS/Voucher List Page/vouchlist_points_title"), 1, CONTINUE_ON_FAILURE): Element 'Object Repository/iOS/Voucher List Page/vouchlist_points_title' is exist

2020-03-02 08:20:05 - [MESSAGE][PASSED] - Element 'Object Repository/iOS/Voucher List Page/vouchlist_points_title' is exist

2020-03-02 08:20:05 - [TEST_STEP][PASSED] - verifyElementVisible(findTestObject("iOS/Voucher List Page/vouchlist_points_title"), 1, CONTINUE_ON_FAILURE): Element 'Object Repository/iOS/Voucher List Page/vouchlist_points_title' is visible

2020-03-02 08:20:13 - [MESSAGE][PASSED] - Element 'Object Repository/iOS/Voucher List Page/vouchlist_points_title' is visible

2020-03-02 08:20:13 - [TEST_STEP][PASSED] - getText(findTestObject("iOS/Voucher List Page/vouchlist_points_title"), 1, CONTINUE_ON_FAILURE): Text of element 'Object Repository/iOS/Voucher List Page/vouchlist_points_title' is: 'KFC Points'

2020-03-02 08:20:21 - [MESSAGE][PASSED] - Text of element 'Object Repository/iOS/Voucher List Page/vouchlist_points_title' is: 'KFC Points'

2020-03-02 08:20:21 - [TEST_STEP][PASSED] - verifyElementExist(findTestObject("iOS/Voucher List Page/vouchlist_points_desc_pointexpired"), 1, CONTINUE_ON_FAILURE): Element 'Object Repository/iOS/Voucher List Page/vouchlist_points_desc_pointexpired' is exist

2020-03-02 08:20:29 - [MESSAGE][PASSED] - Element 'Object Repository/iOS/Voucher List Page/vouchlist_points_desc_pointexpired' is exist

2020-03-02 08:20:29 - [TEST_STEP][PASSED] - verifyElementVisible(findTestObject("iOS/Voucher List Page/vouchlist_points_desc_pointexpired"), 1, CONTINUE_ON_FAILURE): Element 'Object Repository/iOS/Voucher List Page/vouchlist_points_desc_pointexpired' is visible

2020-03-02 08:20:37 - [MESSAGE][PASSED] - Element 'Object Repository/iOS/Voucher List Page/vouchlist_points_desc_pointexpired' is visible

2020-03-02 08:20:37 - [TEST_STEP][PASSED] - getText(findTestObject("iOS/Voucher List Page/vouchlist_points_desc_pointexpired"), 1, CONTINUE_ON_FAILURE): Text of element 'Object Repository/iOS/Voucher List Page/vouchlist_points_desc_pointexpired' is: '26 KFC Points will be expired on Jun 30, 2020'

2020-03-02 08:20:45 - [MESSAGE][PASSED] - Text of element 'Object Repository/iOS/Voucher List Page/vouchlist_points_desc_pointexpired' is: '26 KFC Points will be expired on Jun 30, 2020'

2020-03-02 08:20:45 - [TEST_STEP][PASSED] - verifyElementExist(findTestObject("iOS/Voucher List Page/vouchlist_points_desc_dynamicpoint"), 1, CONTINUE_ON_FAILURE): Element 'Object Repository/iOS/Voucher List Page/vouchlist_points_desc_dynamicpoint' is exist

2020-03-02 08:20:53 - [MESSAGE][PASSED] - Element 'Object Repository/iOS/Voucher List Page/vouchlist_points_desc_dynamicpoint' is exist

2020-03-02 08:20:53 - [TEST_STEP][PASSED] - verifyElementVisible(findTestObject("iOS/Voucher List Page/vouchlist_points_desc_dynamicpoint"), 1, CONTINUE_ON_FAILURE): Element 'Object Repository/iOS/Voucher List Page/vouchlist_points_desc_dynamicpoint' is visible

2020-03-02 08:21:01 - [MESSAGE][PASSED] - Element 'Object Repository/iOS/Voucher List Page/vouchlist_points_desc_dynamicpoint' is visible

2020-03-02 08:21:01 - [TEST_STEP][PASSED] - getText(findTestObject("iOS/Voucher List Page/vouchlist_points_desc_dynamicpoint"), 1, CONTINUE_ON_FAILURE): Text of element 'Object Repository/iOS/Voucher List Page/vouchlist_points_desc_dynamicpoint' is: '26'

2020-03-02 08:21:09 - [MESSAGE][PASSED] - Text of element 'Object Repository/iOS/Voucher List Page/vouchlist_points_desc_dynamicpoint' is: '26'

2020-03-02 08:21:09 - [TEST_STEP][PASSED] - verifyElementExist(findTestObject("iOS/Voucher List Page/vouchlist_title_redeemyour"), 1, CONTINUE_ON_FAILURE): Element 'Object Repository/iOS/Voucher List Page/vouchlist_title_redeemyour' is exist

2020-03-02 08:21:17 - [MESSAGE][PASSED] - Element 'Object Repository/iOS/Voucher List Page/vouchlist_title_redeemyour' is exist

2020-03-02 08:21:17 - [TEST_STEP][PASSED] - verifyElementVisible(findTestObject("iOS/Voucher List Page/vouchlist_title_redeemyour"), 1, CONTINUE_ON_FAILURE): Element 'Object Repository/iOS/Voucher List Page/vouchlist_title_redeemyour' is visible

2020-03-02 08:21:25 - [MESSAGE][PASSED] - Element 'Object Repository/iOS/Voucher List Page/vouchlist_title_redeemyour' is visible

2020-03-02 08:21:25 - [TEST_STEP][PASSED] - getText(findTestObject("iOS/Voucher List Page/vouchlist_title_redeemyour"), 1, CONTINUE_ON_FAILURE): Text of element 'Object Repository/iOS/Voucher List Page/vouchlist_title_redeemyour' is: 'Redeem your KFC Points!'

2020-03-02 08:21:33 - [MESSAGE][PASSED] - Text of element 'Object Repository/iOS/Voucher List Page/vouchlist_title_redeemyour' is: 'Redeem your KFC Points!'

2020-03-02 08:21:33 - [TEST_STEP][PASSED] - verifyElementExist(findTestObject("iOS/Voucher List Page/vouchlist_desc_youcan"), 1, CONTINUE_ON_FAILURE): Element 'Object Repository/iOS/Voucher List Page/vouchlist_desc_youcan' is exist

2020-03-02 08:21:41 - [MESSAGE][PASSED] - Element 'Object Repository/iOS/Voucher List Page/vouchlist_desc_youcan' is exist

2020-03-02 08:21:41 - [TEST_STEP][PASSED] - verifyElementVisible(findTestObject("iOS/Voucher List Page/vouchlist_desc_youcan"), 1, CONTINUE_ON_FAILURE): Element 'Object Repository/iOS/Voucher List Page/vouchlist_desc_youcan' is visible

2020-03-02 08:21:49 - [MESSAGE][PASSED] - Element 'Object Repository/iOS/Voucher List Page/vouchlist_desc_youcan' is visible

2020-03-02 08:21:49 - [TEST_STEP][PASSED] - getText(findTestObject("iOS/Voucher List Page/vouchlist_desc_youcan"), 1, CONTINUE_ON_FAILURE): Text of element 'Object Repository/iOS/Voucher List Page/vouchlist_desc_youcan' is: 'Your can redeem your KFC points and enjoy a selection of KFC Vouchers'

2020-03-02 08:21:57 - [MESSAGE][PASSED] - Text of element 'Object Repository/iOS/Voucher List Page/vouchlist_desc_youcan' is: 'Your can redeem your KFC points and enjoy a selection of KFC Vouchers'

2020-03-02 08:21:57 - [TEST_STEP][PASSED] - comment("Voucher 1 Check"): Voucher 1 Check

2020-03-02 08:21:57 - [MESSAGE][INFO] - Voucher 1 Check

2020-03-02 08:21:57 - [TEST_STEP][FAILED] - verifyElementExist(findTestObject("iOS/Voucher List Page/vouchlist_vouch1_title"), 1, CONTINUE_ON_FAILURE): Element 'Object Repository/iOS/Voucher List Page/vouchlist_vouch1_title' not found

2020-03-02 08:22:14 - [MESSAGE][FAILED] - Element 'Object Repository/iOS/Voucher List Page/vouchlist_vouch1_title' not found
[[ATTACHMENT|/Users/bambangtripamungkas/git/KFCiOS/Reports/20200302_081502/Regression Test - Loyality and Rewards/20200302_081502/1583112124347.png]]

2020-03-02 08:22:14 - [TEST_STEP][FAILED] - verifyElementExist(findTestObject("iOS/Voucher List Page/vouchlist_vouch1_title"), 1, CONTINUE_ON_FAILURE): Element 'Object Repository/iOS/Voucher List Page/vouchlist_vouch1_title' not found

2020-03-02 08:22:31 - [MESSAGE][FAILED] - Element 'Object Repository/iOS/Voucher List Page/vouchlist_vouch1_title' not found
[[ATTACHMENT|/Users/bambangtripamungkas/git/KFCiOS/Reports/20200302_081502/Regression Test - Loyality and Rewards/20200302_081502/1583112141022.png]]

2020-03-02 08:22:31 - [TEST_STEP][FAILED] - verifyElementVisible(findTestObject("iOS/Voucher List Page/vouchlist_vouch1_title"), 1, CONTINUE_ON_FAILURE): Element 'Object Repository/iOS/Voucher List Page/vouchlist_vouch1_title' not found

2020-03-02 08:22:47 - [MESSAGE][FAILED] - Element 'Object Repository/iOS/Voucher List Page/vouchlist_vouch1_title' not found
[[ATTACHMENT|/Users/bambangtripamungkas/git/KFCiOS/Reports/20200302_081502/Regression Test - Loyality and Rewards/20200302_081502/1583112157560.png]]

2020-03-02 08:22:47 - [TEST_STEP][PASSED] - getText(findTestObject("iOS/Voucher List Page/vouchlist_vouch1_redeemamt"), 1, CONTINUE_ON_FAILURE): Text of element 'Object Repository/iOS/Voucher List Page/vouchlist_vouch1_redeemamt' is: 'Redeemed 0/10'

2020-03-02 08:22:55 - [MESSAGE][PASSED] - Text of element 'Object Repository/iOS/Voucher List Page/vouchlist_vouch1_redeemamt' is: 'Redeemed 0/10'

2020-03-02 08:22:55 - [TEST_STEP][PASSED] - getText(findTestObject("iOS/Voucher List Page/vouchlist_vouch1_redeemamt"), 1, CONTINUE_ON_FAILURE): Text of element 'Object Repository/iOS/Voucher List Page/vouchlist_vouch1_redeemamt' is: 'Redeemed 0/10'

2020-03-02 08:23:03 - [MESSAGE][PASSED] - Text of element 'Object Repository/iOS/Voucher List Page/vouchlist_vouch1_redeemamt' is: 'Redeemed 0/10'

2020-03-02 08:23:03 - [TEST_STEP][PASSED] - verifyElementVisible(findTestObject("iOS/Voucher List Page/vouchlist_vouch1_redeemamt"), 1, CONTINUE_ON_FAILURE): Element 'Object Repository/iOS/Voucher List Page/vouchlist_vouch1_redeemamt' is visible

2020-03-02 08:23:11 - [MESSAGE][PASSED] - Element 'Object Repository/iOS/Voucher List Page/vouchlist_vouch1_redeemamt' is visible

2020-03-02 08:23:11 - [TEST_STEP][PASSED] - getText(findTestObject("iOS/Voucher List Page/vouchlist_vouch1_desc_price"), 1, CONTINUE_ON_FAILURE): Text of element 'Object Repository/iOS/Voucher List Page/vouchlist_vouch1_desc_price' is: '10 KFC Points'

2020-03-02 08:23:18 - [MESSAGE][PASSED] - Text of element 'Object Repository/iOS/Voucher List Page/vouchlist_vouch1_desc_price' is: '10 KFC Points'

2020-03-02 08:23:18 - [TEST_STEP][PASSED] - getText(findTestObject("iOS/Voucher List Page/vouchlist_vouch1_desc_price"), 1, CONTINUE_ON_FAILURE): Text of element 'Object Repository/iOS/Voucher List Page/vouchlist_vouch1_desc_price' is: '10 KFC Points'

2020-03-02 08:23:26 - [MESSAGE][PASSED] - Text of element 'Object Repository/iOS/Voucher List Page/vouchlist_vouch1_desc_price' is: '10 KFC Points'

2020-03-02 08:23:26 - [TEST_STEP][PASSED] - verifyElementVisible(findTestObject("iOS/Voucher List Page/vouchlist_vouch1_desc_price"), 1, CONTINUE_ON_FAILURE): Element 'Object Repository/iOS/Voucher List Page/vouchlist_vouch1_desc_price' is visible

2020-03-02 08:23:33 - [MESSAGE][PASSED] - Element 'Object Repository/iOS/Voucher List Page/vouchlist_vouch1_desc_price' is visible

2020-03-02 08:23:33 - [TEST_STEP][PASSED] - getText(findTestObject("iOS/Voucher List Page/vouchlist_vouch1_btnRedeem_text"), 1, CONTINUE_ON_FAILURE): Text of element 'Object Repository/iOS/Voucher List Page/vouchlist_vouch1_btnRedeem_text' is: 'REDEEM'

2020-03-02 08:23:41 - [MESSAGE][PASSED] - Text of element 'Object Repository/iOS/Voucher List Page/vouchlist_vouch1_btnRedeem_text' is: 'REDEEM'

2020-03-02 08:23:41 - [TEST_STEP][PASSED] - verifyElementVisible(findTestObject("iOS/Voucher List Page/vouchlist_vouch1_btnRedeem_text"), 1, CONTINUE_ON_FAILURE): Element 'Object Repository/iOS/Voucher List Page/vouchlist_vouch1_btnRedeem_text' is visible

2020-03-02 08:23:49 - [MESSAGE][PASSED] - Element 'Object Repository/iOS/Voucher List Page/vouchlist_vouch1_btnRedeem_text' is visible

2020-03-02 08:23:49 - [TEST_STEP][PASSED] - getText(findTestObject("iOS/Voucher List Page/vouchlist_vouch1_btnRedeem_text"), 1, CONTINUE_ON_FAILURE): Text of element 'Object Repository/iOS/Voucher List Page/vouchlist_vouch1_btnRedeem_text' is: 'REDEEM'

2020-03-02 08:23:57 - [MESSAGE][PASSED] - Text of element 'Object Repository/iOS/Voucher List Page/vouchlist_vouch1_btnRedeem_text' is: 'REDEEM'

2020-03-02 08:23:57 - [TEST_STEP][PASSED] - getText(findTestObject("iOS/Voucher List Page/vouchlist_vouch1_btnRedeem"), 1, CONTINUE_ON_FAILURE): Text of element 'Object Repository/iOS/Voucher List Page/vouchlist_vouch1_btnRedeem' is: 'REDEEM'

2020-03-02 08:24:05 - [MESSAGE][PASSED] - Text of element 'Object Repository/iOS/Voucher List Page/vouchlist_vouch1_btnRedeem' is: 'REDEEM'

2020-03-02 08:24:05 - [TEST_STEP][PASSED] - verifyElementVisible(findTestObject("iOS/Voucher List Page/vouchlist_vouch1_btnRedeem"), 1, CONTINUE_ON_FAILURE): Element 'Object Repository/iOS/Voucher List Page/vouchlist_vouch1_btnRedeem' is visible

2020-03-02 08:24:13 - [MESSAGE][PASSED] - Element 'Object Repository/iOS/Voucher List Page/vouchlist_vouch1_btnRedeem' is visible

2020-03-02 08:24:13 - [TEST_STEP][PASSED] - swipe(100, 600, 100, 50, CONTINUE_ON_FAILURE): Swiped from 100,600 to 100,50

2020-03-02 08:24:24 - [MESSAGE][PASSED] - Swiped from 100,600 to 100,50

2020-03-02 08:24:24 - [TEST_STEP][PASSED] - swipe(100, 600, 100, 50, CONTINUE_ON_FAILURE): Swiped from 100,600 to 100,50

2020-03-02 08:24:34 - [MESSAGE][PASSED] - Swiped from 100,600 to 100,50

2020-03-02 08:24:34 - [TEST_STEP][PASSED] - tap(findTestObject("iOS/Voucher List Page/vouchlist_unbuyablevouch_text_550KFC"), 2, STOP_ON_FAILURE): Tapped on element 'Object Repository/iOS/Voucher List Page/vouchlist_unbuyablevouch_text_550KFC'

2020-03-02 08:24:39 - [MESSAGE][PASSED] - Tapped on element 'Object Repository/iOS/Voucher List Page/vouchlist_unbuyablevouch_text_550KFC'

2020-03-02 08:24:39 - [TEST_STEP][PASSED] - delay(3): Delayed 3 second(s)

2020-03-02 08:24:42 - [MESSAGE][PASSED] - Delayed 3 second(s)

2020-03-02 08:24:42 - [TEST_STEP][PASSED] - verifyElementExist(findTestObject("iOS/Voucher Detail Page/vouchdet_header_btnBack"), 1, CONTINUE_ON_FAILURE): Element 'Object Repository/iOS/Voucher Detail Page/vouchdet_header_btnBack' is exist

2020-03-02 08:24:45 - [MESSAGE][PASSED] - Element 'Object Repository/iOS/Voucher Detail Page/vouchdet_header_btnBack' is exist

2020-03-02 08:24:45 - [TEST_STEP][PASSED] - verifyElementVisible(findTestObject("iOS/Voucher Detail Page/vouchdet_header_btnBack"), 1, CONTINUE_ON_FAILURE): Element 'Object Repository/iOS/Voucher Detail Page/vouchdet_header_btnBack' is visible

2020-03-02 08:24:47 - [MESSAGE][PASSED] - Element 'Object Repository/iOS/Voucher Detail Page/vouchdet_header_btnBack' is visible

2020-03-02 08:24:47 - [TEST_STEP][PASSED] - verifyElementExist(findTestObject("iOS/Voucher Detail Page/vouchdet_header_title"), 1, CONTINUE_ON_FAILURE): Element 'Object Repository/iOS/Voucher Detail Page/vouchdet_header_title' is exist

2020-03-02 08:24:50 - [MESSAGE][PASSED] - Element 'Object Repository/iOS/Voucher Detail Page/vouchdet_header_title' is exist

2020-03-02 08:24:50 - [TEST_STEP][PASSED] - verifyElementVisible(findTestObject("iOS/Voucher Detail Page/vouchdet_header_title"), 1, CONTINUE_ON_FAILURE): Element 'Object Repository/iOS/Voucher Detail Page/vouchdet_header_title' is visible

2020-03-02 08:24:52 - [MESSAGE][PASSED] - Element 'Object Repository/iOS/Voucher Detail Page/vouchdet_header_title' is visible

2020-03-02 08:24:52 - [TEST_STEP][PASSED] - verifyElementExist(findTestObject("iOS/Voucher Detail Page/vouchdet_btnConfirm_text"), 1, CONTINUE_ON_FAILURE): Element 'Object Repository/iOS/Voucher Detail Page/vouchdet_btnConfirm_text' is exist

2020-03-02 08:24:54 - [MESSAGE][PASSED] - Element 'Object Repository/iOS/Voucher Detail Page/vouchdet_btnConfirm_text' is exist

2020-03-02 08:24:54 - [TEST_STEP][PASSED] - verifyElementVisible(findTestObject("iOS/Voucher Detail Page/vouchdet_btnConfirm_text"), 1, CONTINUE_ON_FAILURE): Element 'Object Repository/iOS/Voucher Detail Page/vouchdet_btnConfirm_text' is visible

2020-03-02 08:24:57 - [MESSAGE][PASSED] - Element 'Object Repository/iOS/Voucher Detail Page/vouchdet_btnConfirm_text' is visible

2020-03-02 08:24:57 - [TEST_STEP][PASSED] - getText(findTestObject("iOS/Voucher Detail Page/vouchdet_btnConfirm_text"), 1, CONTINUE_ON_FAILURE): Text of element 'Object Repository/iOS/Voucher Detail Page/vouchdet_btnConfirm_text' is: 'Confirm'

2020-03-02 08:24:59 - [MESSAGE][PASSED] - Text of element 'Object Repository/iOS/Voucher Detail Page/vouchdet_btnConfirm_text' is: 'Confirm'

2020-03-02 08:24:59 - [TEST_STEP][PASSED] - verifyElementExist(findTestObject("iOS/Voucher Detail Page/vouchdet_btnConfirm"), 1, CONTINUE_ON_FAILURE): Element 'Object Repository/iOS/Voucher Detail Page/vouchdet_btnConfirm' is exist

2020-03-02 08:25:02 - [MESSAGE][PASSED] - Element 'Object Repository/iOS/Voucher Detail Page/vouchdet_btnConfirm' is exist

2020-03-02 08:25:02 - [TEST_STEP][PASSED] - verifyElementVisible(findTestObject("iOS/Voucher Detail Page/vouchdet_btnConfirm"), 1, CONTINUE_ON_FAILURE): Element 'Object Repository/iOS/Voucher Detail Page/vouchdet_btnConfirm' is visible

2020-03-02 08:25:04 - [MESSAGE][PASSED] - Element 'Object Repository/iOS/Voucher Detail Page/vouchdet_btnConfirm' is visible

2020-03-02 08:25:04 - [TEST_STEP][PASSED] - tap(findTestObject("iOS/Voucher Detail Page/vouchdet_btnConfirm"), 1, STOP_ON_FAILURE): Tapped on element 'Object Repository/iOS/Voucher Detail Page/vouchdet_btnConfirm'

2020-03-02 08:25:07 - [MESSAGE][PASSED] - Tapped on element 'Object Repository/iOS/Voucher Detail Page/vouchdet_btnConfirm'

2020-03-02 08:25:07 - [TEST_STEP][PASSED] - delay(3): Delayed 3 second(s)

2020-03-02 08:25:10 - [MESSAGE][PASSED] - Delayed 3 second(s)

2020-03-02 08:25:10 - [TEST_STEP][PASSED] - verifyElementExist(findTestObject("iOS/Voucher Detail Page/vouchdet_btnCancel"), 1, CONTINUE_ON_FAILURE): Element 'Object Repository/iOS/Voucher Detail Page/vouchdet_btnCancel' is exist

2020-03-02 08:25:12 - [MESSAGE][PASSED] - Element 'Object Repository/iOS/Voucher Detail Page/vouchdet_btnCancel' is exist

2020-03-02 08:25:12 - [TEST_STEP][PASSED] - verifyElementVisible(findTestObject("iOS/Voucher Detail Page/vouchdet_btnCancel"), 1, CONTINUE_ON_FAILURE): Element 'Object Repository/iOS/Voucher Detail Page/vouchdet_btnCancel' is visible

2020-03-02 08:25:15 - [MESSAGE][PASSED] - Element 'Object Repository/iOS/Voucher Detail Page/vouchdet_btnCancel' is visible

2020-03-02 08:25:15 - [TEST_STEP][PASSED] - tap(findTestObject("iOS/Voucher Detail Page/vouchdet_btnCancel"), 1, STOP_ON_FAILURE): Tapped on element 'Object Repository/iOS/Voucher Detail Page/vouchdet_btnCancel'

2020-03-02 08:25:18 - [MESSAGE][PASSED] - Tapped on element 'Object Repository/iOS/Voucher Detail Page/vouchdet_btnCancel']]></system-out>
         <system-err><![CDATA[2020-03-02 08:19:38 - [TEST_CASE][FAILED] - Test Cases/RegressioniOS - Loyality and Rewards/2. View Vouchers List: Test Cases/RegressioniOS - Loyality and Rewards/2. View Vouchers List FAILED.
Reason:
com.kms.katalon.core.exception.StepFailedException: Element 'Object Repository/iOS/Voucher List Page/vouchlist_vouch1_title' not found
	at com.kms.katalon.core.keyword.internal.KeywordMain.stepFailed(KeywordMain.groovy:39)
	at com.kms.katalon.core.mobile.keyword.internal.MobileKeywordMain.stepFailed(MobileKeywordMain.groovy:40)
	at com.kms.katalon.core.mobile.keyword.builtin.VerifyElementExistKeyword$_verifyElementExist_closure1.doCall(VerifyElementExistKeyword.groovy:77)
	at com.kms.katalon.core.mobile.keyword.builtin.VerifyElementExistKeyword$_verifyElementExist_closure1.call(VerifyElementExistKeyword.groovy)
	at com.kms.katalon.core.mobile.keyword.internal.MobileKeywordMain.runKeyword(MobileKeywordMain.groovy:21)
	at com.kms.katalon.core.mobile.keyword.builtin.VerifyElementExistKeyword.verifyElementExist(VerifyElementExistKeyword.groovy:80)
	at com.kms.katalon.core.mobile.keyword.builtin.VerifyElementExistKeyword.execute(VerifyElementExistKeyword.groovy:64)
	at com.kms.katalon.core.keyword.internal.KeywordExecutor.executeKeywordForPlatform(KeywordExecutor.groovy:60)
	at com.kms.katalon.core.mobile.keyword.MobileBuiltInKeywords.verifyElementExist(MobileBuiltInKeywords.groovy:640)
	at com.kms.katalon.core.mobile.keyword.MobileBuiltInKeywords$verifyElementExist$0.call(Unknown Source)
	at 2. View Vouchers List.run(2. View Vouchers List:64)
	at com.kms.katalon.core.main.ScriptEngine.run(ScriptEngine.java:194)
	at com.kms.katalon.core.main.ScriptEngine.runScriptAsRawText(ScriptEngine.java:119)
	at com.kms.katalon.core.main.TestCaseExecutor.runScript(TestCaseExecutor.java:337)
	at com.kms.katalon.core.main.TestCaseExecutor.doExecute(TestCaseExecutor.java:328)
	at com.kms.katalon.core.main.TestCaseExecutor.processExecutionPhase(TestCaseExecutor.java:307)
	at com.kms.katalon.core.main.TestCaseExecutor.accessMainPhase(TestCaseExecutor.java:299)
	at com.kms.katalon.core.main.TestCaseExecutor.execute(TestCaseExecutor.java:233)
	at com.kms.katalon.core.main.TestSuiteExecutor.accessTestCaseMainPhase(TestSuiteExecutor.java:169)
	at com.kms.katalon.core.main.TestSuiteExecutor.accessTestSuiteMainPhase(TestSuiteExecutor.java:142)
	at com.kms.katalon.core.main.TestSuiteExecutor.execute(TestSuiteExecutor.java:91)
	at com.kms.katalon.core.main.TestCaseMain.startTestSuite(TestCaseMain.java:157)
	at com.kms.katalon.core.main.TestCaseMain$startTestSuite$0.call(Unknown Source)
	at TempTestSuite1583111702338.run(TempTestSuite1583111702338.groovy:36)]]></system-err>
      </testcase>
      <testcase name="Test Cases/RegressioniOS - Loyality and Rewards/3. Verify all buttons on the rewards page" time="49.904" classname="Test Cases/RegressioniOS - Loyality and Rewards/3. Verify all buttons on the rewards page" status="FAILED">
         <failure type="FAILED" message="Test Cases/RegressioniOS - Loyality and Rewards/3. Verify all buttons on the rewards page FAILED.
Reason:
com.kms.katalon.core.exception.StepFailedException: Object Object Repository/iOS/Voucher List Page/vouchlist_vouch1_title not found
	at com.kms.katalon.core.keyword.internal.KeywordMain.stepFailed(KeywordMain.groovy:50)
	at com.kms.katalon.core.mobile.keyword.internal.MobileKeywordMain.stepFailed(MobileKeywordMain.groovy:40)
	at com.kms.katalon.core.mobile.keyword.builtin.TapKeyword$_tap_closure1.doCall(TapKeyword.groovy:79)
	at com.kms.katalon.core.mobile.keyword.builtin.TapKeyword$_tap_closure1.call(TapKeyword.groovy)
	at com.kms.katalon.core.mobile.keyword.internal.MobileKeywordMain.runKeyword(MobileKeywordMain.groovy:21)
	at com.kms.katalon.core.mobile.keyword.builtin.TapKeyword.tap(TapKeyword.groovy:86)
	at com.kms.katalon.core.mobile.keyword.builtin.TapKeyword.execute(TapKeyword.groovy:68)
	at com.kms.katalon.core.keyword.internal.KeywordExecutor.executeKeywordForPlatform(KeywordExecutor.groovy:60)
	at com.kms.katalon.core.mobile.keyword.MobileBuiltInKeywords.tap(MobileBuiltInKeywords.groovy:506)
	at com.kms.katalon.core.mobile.keyword.MobileBuiltInKeywords$tap$4.call(Unknown Source)
	at 3. Verify all buttons on the rewards page.run(3. Verify all buttons on the rewards page:52)
	at com.kms.katalon.core.main.ScriptEngine.run(ScriptEngine.java:194)
	at com.kms.katalon.core.main.ScriptEngine.runScriptAsRawText(ScriptEngine.java:119)
	at com.kms.katalon.core.main.TestCaseExecutor.runScript(TestCaseExecutor.java:337)
	at com.kms.katalon.core.main.TestCaseExecutor.doExecute(TestCaseExecutor.java:328)
	at com.kms.katalon.core.main.TestCaseExecutor.processExecutionPhase(TestCaseExecutor.java:307)
	at com.kms.katalon.core.main.TestCaseExecutor.accessMainPhase(TestCaseExecutor.java:299)
	at com.kms.katalon.core.main.TestCaseExecutor.execute(TestCaseExecutor.java:233)
	at com.kms.katalon.core.main.TestSuiteExecutor.accessTestCaseMainPhase(TestSuiteExecutor.java:169)
	at com.kms.katalon.core.main.TestSuiteExecutor.accessTestSuiteMainPhase(TestSuiteExecutor.java:142)
	at com.kms.katalon.core.main.TestSuiteExecutor.execute(TestSuiteExecutor.java:91)
	at com.kms.katalon.core.main.TestCaseMain.startTestSuite(TestCaseMain.java:157)
	at com.kms.katalon.core.main.TestCaseMain$startTestSuite$0.call(Unknown Source)
	at TempTestSuite1583111702338.run(TempTestSuite1583111702338.groovy:36)
"/>
         <system-out><![CDATA[2020-03-02 08:25:18 - [TEST_CASE][FAILED] - Test Cases/RegressioniOS - Loyality and Rewards/3. Verify all buttons on the rewards page: Test Cases/RegressioniOS - Loyality and Rewards/3. Verify all buttons on the rewards page FAILED.
Reason:
com.kms.katalon.core.exception.StepFailedException: Object Object Repository/iOS/Voucher List Page/vouchlist_vouch1_title not found
	at com.kms.katalon.core.keyword.internal.KeywordMain.stepFailed(KeywordMain.groovy:50)
	at com.kms.katalon.core.mobile.keyword.internal.MobileKeywordMain.stepFailed(MobileKeywordMain.groovy:40)
	at com.kms.katalon.core.mobile.keyword.builtin.TapKeyword$_tap_closure1.doCall(TapKeyword.groovy:79)
	at com.kms.katalon.core.mobile.keyword.builtin.TapKeyword$_tap_closure1.call(TapKeyword.groovy)
	at com.kms.katalon.core.mobile.keyword.internal.MobileKeywordMain.runKeyword(MobileKeywordMain.groovy:21)
	at com.kms.katalon.core.mobile.keyword.builtin.TapKeyword.tap(TapKeyword.groovy:86)
	at com.kms.katalon.core.mobile.keyword.builtin.TapKeyword.execute(TapKeyword.groovy:68)
	at com.kms.katalon.core.keyword.internal.KeywordExecutor.executeKeywordForPlatform(KeywordExecutor.groovy:60)
	at com.kms.katalon.core.mobile.keyword.MobileBuiltInKeywords.tap(MobileBuiltInKeywords.groovy:506)
	at com.kms.katalon.core.mobile.keyword.MobileBuiltInKeywords$tap$4.call(Unknown Source)
	at 3. Verify all buttons on the rewards page.run(3. Verify all buttons on the rewards page:52)
	at com.kms.katalon.core.main.ScriptEngine.run(ScriptEngine.java:194)
	at com.kms.katalon.core.main.ScriptEngine.runScriptAsRawText(ScriptEngine.java:119)
	at com.kms.katalon.core.main.TestCaseExecutor.runScript(TestCaseExecutor.java:337)
	at com.kms.katalon.core.main.TestCaseExecutor.doExecute(TestCaseExecutor.java:328)
	at com.kms.katalon.core.main.TestCaseExecutor.processExecutionPhase(TestCaseExecutor.java:307)
	at com.kms.katalon.core.main.TestCaseExecutor.accessMainPhase(TestCaseExecutor.java:299)
	at com.kms.katalon.core.main.TestCaseExecutor.execute(TestCaseExecutor.java:233)
	at com.kms.katalon.core.main.TestSuiteExecutor.accessTestCaseMainPhase(TestSuiteExecutor.java:169)
	at com.kms.katalon.core.main.TestSuiteExecutor.accessTestSuiteMainPhase(TestSuiteExecutor.java:142)
	at com.kms.katalon.core.main.TestSuiteExecutor.execute(TestSuiteExecutor.java:91)
	at com.kms.katalon.core.main.TestCaseMain.startTestSuite(TestCaseMain.java:157)
	at com.kms.katalon.core.main.TestCaseMain$startTestSuite$0.call(Unknown Source)
	at TempTestSuite1583111702338.run(TempTestSuite1583111702338.groovy:36)


2020-03-02 08:25:18 - [TEST_STEP][PASSED] - comment("Voucher Detail Page Check"): Voucher Detail Page Check

2020-03-02 08:25:18 - [MESSAGE][INFO] - Voucher Detail Page Check

2020-03-02 08:25:18 - [TEST_STEP][PASSED] - startExistingApplication("com.kfcjv.staging", STOP_ON_FAILURE): Starting app with application ID: 'com.kfcjv.staging'

2020-03-02 08:25:32 - [MESSAGE][PASSED] - Starting app with application ID: 'com.kfcjv.staging'

2020-03-02 08:25:32 - [TEST_STEP][PASSED] - comment("Earn Page Components check started"): Earn Page Components check started

2020-03-02 08:25:32 - [MESSAGE][INFO] - Earn Page Components check started

2020-03-02 08:25:32 - [TEST_STEP][PASSED] - if (verifyElementExist(findTestObject("iOS/Login Page/Relogin Alert/reloginalert_alerttype"), 2, OPTIONAL) == true): Element 'Object Repository/iOS/Login Page/Relogin Alert/reloginalert_alerttype' not found

2020-03-02 08:25:36 - [MESSAGE][WARNING] - Element 'Object Repository/iOS/Login Page/Relogin Alert/reloginalert_alerttype' not found
[[ATTACHMENT|/Users/bambangtripamungkas/git/KFCiOS/Reports/20200302_081502/Regression Test - Loyality and Rewards/20200302_081502/1583112335849.png]]

2020-03-02 08:25:36 - [TEST_STEP][PASSED] - else: null

2020-03-02 08:25:36 - [TEST_STEP][PASSED] - println = "Session is new": null

2020-03-02 08:25:36 - [TEST_STEP][PASSED] - if (verifyElementExist(findTestObject("iOS/Login Page/Welcome Page/loginpage_header_titletext_welcome"), 2, OPTIONAL) == true): Element 'Object Repository/iOS/Login Page/Welcome Page/loginpage_header_titletext_welcome' not found

2020-03-02 08:25:39 - [MESSAGE][WARNING] - Element 'Object Repository/iOS/Login Page/Welcome Page/loginpage_header_titletext_welcome' not found
[[ATTACHMENT|/Users/bambangtripamungkas/git/KFCiOS/Reports/20200302_081502/Regression Test - Loyality and Rewards/20200302_081502/1583112339061.png]]

2020-03-02 08:25:39 - [TEST_STEP][PASSED] - else: null

2020-03-02 08:25:39 - [TEST_STEP][PASSED] - println = "Logged in, Homepage ready": null

2020-03-02 08:25:39 - [TEST_STEP][PASSED] - verifyElementExist(findTestObject("iOS/Home Page/home_topbar_btnProfile"), 2, CONTINUE_ON_FAILURE): Element 'Object Repository/iOS/Home Page/home_topbar_btnProfile' is exist

2020-03-02 08:25:42 - [MESSAGE][PASSED] - Element 'Object Repository/iOS/Home Page/home_topbar_btnProfile' is exist

2020-03-02 08:25:42 - [TEST_STEP][PASSED] - tap(findTestObject("iOS/Home Page/home_topbar_btnProfile"), 1, STOP_ON_FAILURE): Tapped on element 'Object Repository/iOS/Home Page/home_topbar_btnProfile'

2020-03-02 08:25:46 - [MESSAGE][PASSED] - Tapped on element 'Object Repository/iOS/Home Page/home_topbar_btnProfile'

2020-03-02 08:25:46 - [TEST_STEP][PASSED] - tap(findTestObject("iOS/Profile Page/profilepage_points_btnRedeem"), 0): Tapped on element 'Object Repository/iOS/Profile Page/profilepage_points_btnRedeem'

2020-03-02 08:25:46 - [MESSAGE][WARNING] - Timeout '0' is invalid. Using default page load timeout: '30'

2020-03-02 08:25:51 - [MESSAGE][PASSED] - Tapped on element 'Object Repository/iOS/Profile Page/profilepage_points_btnRedeem'

2020-03-02 08:25:51 - [TEST_STEP][PASSED] - delay(5): Delayed 5 second(s)

2020-03-02 08:25:56 - [MESSAGE][PASSED] - Delayed 5 second(s)

2020-03-02 08:25:56 - [TEST_STEP][PASSED] - waitForElementPresent(findTestObject("iOS/Voucher List Page/vouchlist_vouch1_title"), 1, STOP_ON_FAILURE): Object Object Repository/iOS/Voucher List Page/vouchlist_vouch1_title not found

2020-03-02 08:26:01 - [MESSAGE][WARNING] - Object Object Repository/iOS/Voucher List Page/vouchlist_vouch1_title not found

2020-03-02 08:26:01 - [TEST_STEP][FAILED] - tap(findTestObject("iOS/Voucher List Page/vouchlist_vouch1_title"), 1, STOP_ON_FAILURE): Failed to tap on element 'Object Repository/iOS/Voucher List Page/vouchlist_vouch1_title' (Root cause: com.kms.katalon.core.exception.StepFailedException: Object Object Repository/iOS/Voucher List Page/vouchlist_vouch1_title not found
	at com.kms.katalon.core.keyword.internal.KeywordMain.stepFailed(KeywordMain.groovy:50)
	at com.kms.katalon.core.mobile.keyword.internal.MobileKeywordMain.stepFailed(MobileKeywordMain.groovy:40)
	at com.kms.katalon.core.mobile.keyword.builtin.TapKeyword$_tap_closure1.doCall(TapKeyword.groovy:79)
	at com.kms.katalon.core.mobile.keyword.builtin.TapKeyword$_tap_closure1.call(TapKeyword.groovy)
	at com.kms.katalon.core.mobile.keyword.internal.MobileKeywordMain.runKeyword(MobileKeywordMain.groovy:21)
	at com.kms.katalon.core.mobile.keyword.builtin.TapKeyword.tap(TapKeyword.groovy:86)
	at com.kms.katalon.core.mobile.keyword.builtin.TapKeyword.execute(TapKeyword.groovy:68)
	at com.kms.katalon.core.keyword.internal.KeywordExecutor.executeKeywordForPlatform(KeywordExecutor.groovy:60)
	at com.kms.katalon.core.mobile.keyword.MobileBuiltInKeywords.tap(MobileBuiltInKeywords.groovy:506)
	at com.kms.katalon.core.mobile.keyword.MobileBuiltInKeywords$tap$4.call(Unknown Source)
	at 3. Verify all buttons on the rewards page.run(3. Verify all buttons on the rewards page:52)
	at com.kms.katalon.core.main.ScriptEngine.run(ScriptEngine.java:194)
	at com.kms.katalon.core.main.ScriptEngine.runScriptAsRawText(ScriptEngine.java:119)
	at com.kms.katalon.core.main.TestCaseExecutor.runScript(TestCaseExecutor.java:337)
	at com.kms.katalon.core.main.TestCaseExecutor.doExecute(TestCaseExecutor.java:328)
	at com.kms.katalon.core.main.TestCaseExecutor.processExecutionPhase(TestCaseExecutor.java:307)
	at com.kms.katalon.core.main.TestCaseExecutor.accessMainPhase(TestCaseExecutor.java:299)
	at com.kms.katalon.core.main.TestCaseExecutor.execute(TestCaseExecutor.java:233)
	at com.kms.katalon.core.main.TestSuiteExecutor.accessTestCaseMainPhase(TestSuiteExecutor.java:169)
	at com.kms.katalon.core.main.TestSuiteExecutor.accessTestSuiteMainPhase(TestSuiteExecutor.java:142)
	at com.kms.katalon.core.main.TestSuiteExecutor.execute(TestSuiteExecutor.java:91)
	at com.kms.katalon.core.main.TestCaseMain.startTestSuite(TestCaseMain.java:157)
	at com.kms.katalon.core.main.TestCaseMain$startTestSuite$0.call(Unknown Source)
	at TempTestSuite1583111702338.run(TempTestSuite1583111702338.groovy:36)
)

2020-03-02 08:26:07 - [MESSAGE][FAILED] - Object Object Repository/iOS/Voucher List Page/vouchlist_vouch1_title not found
[[ATTACHMENT|/Users/bambangtripamungkas/git/KFCiOS/Reports/20200302_081502/Regression Test - Loyality and Rewards/20200302_081502/1583112367604.png]]

2020-03-02 08:26:07 - [MESSAGE][FAILED] - Failed to tap on element 'Object Repository/iOS/Voucher List Page/vouchlist_vouch1_title' (Root cause: com.kms.katalon.core.exception.StepFailedException: Object Object Repository/iOS/Voucher List Page/vouchlist_vouch1_title not found
	at com.kms.katalon.core.keyword.internal.KeywordMain.stepFailed(KeywordMain.groovy:50)
	at com.kms.katalon.core.mobile.keyword.internal.MobileKeywordMain.stepFailed(MobileKeywordMain.groovy:40)
	at com.kms.katalon.core.mobile.keyword.builtin.TapKeyword$_tap_closure1.doCall(TapKeyword.groovy:79)
	at com.kms.katalon.core.mobile.keyword.builtin.TapKeyword$_tap_closure1.call(TapKeyword.groovy)
	at com.kms.katalon.core.mobile.keyword.internal.MobileKeywordMain.runKeyword(MobileKeywordMain.groovy:21)
	at com.kms.katalon.core.mobile.keyword.builtin.TapKeyword.tap(TapKeyword.groovy:86)
	at com.kms.katalon.core.mobile.keyword.builtin.TapKeyword.execute(TapKeyword.groovy:68)
	at com.kms.katalon.core.keyword.internal.KeywordExecutor.executeKeywordForPlatform(KeywordExecutor.groovy:60)
	at com.kms.katalon.core.mobile.keyword.MobileBuiltInKeywords.tap(MobileBuiltInKeywords.groovy:506)
	at com.kms.katalon.core.mobile.keyword.MobileBuiltInKeywords$tap$4.call(Unknown Source)
	at 3. Verify all buttons on the rewards page.run(3. Verify all buttons on the rewards page:52)
	at com.kms.katalon.core.main.ScriptEngine.run(ScriptEngine.java:194)
	at com.kms.katalon.core.main.ScriptEngine.runScriptAsRawText(ScriptEngine.java:119)
	at com.kms.katalon.core.main.TestCaseExecutor.runScript(TestCaseExecutor.java:337)
	at com.kms.katalon.core.main.TestCaseExecutor.doExecute(TestCaseExecutor.java:328)
	at com.kms.katalon.core.main.TestCaseExecutor.processExecutionPhase(TestCaseExecutor.java:307)
	at com.kms.katalon.core.main.TestCaseExecutor.accessMainPhase(TestCaseExecutor.java:299)
	at com.kms.katalon.core.main.TestCaseExecutor.execute(TestCaseExecutor.java:233)
	at com.kms.katalon.core.main.TestSuiteExecutor.accessTestCaseMainPhase(TestSuiteExecutor.java:169)
	at com.kms.katalon.core.main.TestSuiteExecutor.accessTestSuiteMainPhase(TestSuiteExecutor.java:142)
	at com.kms.katalon.core.main.TestSuiteExecutor.execute(TestSuiteExecutor.java:91)
	at com.kms.katalon.core.main.TestCaseMain.startTestSuite(TestCaseMain.java:157)
	at com.kms.katalon.core.main.TestCaseMain$startTestSuite$0.call(Unknown Source)
	at TempTestSuite1583111702338.run(TempTestSuite1583111702338.groovy:36)
)
[[ATTACHMENT|/Users/bambangtripamungkas/git/KFCiOS/Reports/20200302_081502/Regression Test - Loyality and Rewards/20200302_081502/1583112367759.png]]]]></system-out>
         <system-err><![CDATA[2020-03-02 08:25:18 - [TEST_CASE][FAILED] - Test Cases/RegressioniOS - Loyality and Rewards/3. Verify all buttons on the rewards page: Test Cases/RegressioniOS - Loyality and Rewards/3. Verify all buttons on the rewards page FAILED.
Reason:
com.kms.katalon.core.exception.StepFailedException: Object Object Repository/iOS/Voucher List Page/vouchlist_vouch1_title not found
	at com.kms.katalon.core.keyword.internal.KeywordMain.stepFailed(KeywordMain.groovy:50)
	at com.kms.katalon.core.mobile.keyword.internal.MobileKeywordMain.stepFailed(MobileKeywordMain.groovy:40)
	at com.kms.katalon.core.mobile.keyword.builtin.TapKeyword$_tap_closure1.doCall(TapKeyword.groovy:79)
	at com.kms.katalon.core.mobile.keyword.builtin.TapKeyword$_tap_closure1.call(TapKeyword.groovy)
	at com.kms.katalon.core.mobile.keyword.internal.MobileKeywordMain.runKeyword(MobileKeywordMain.groovy:21)
	at com.kms.katalon.core.mobile.keyword.builtin.TapKeyword.tap(TapKeyword.groovy:86)
	at com.kms.katalon.core.mobile.keyword.builtin.TapKeyword.execute(TapKeyword.groovy:68)
	at com.kms.katalon.core.keyword.internal.KeywordExecutor.executeKeywordForPlatform(KeywordExecutor.groovy:60)
	at com.kms.katalon.core.mobile.keyword.MobileBuiltInKeywords.tap(MobileBuiltInKeywords.groovy:506)
	at com.kms.katalon.core.mobile.keyword.MobileBuiltInKeywords$tap$4.call(Unknown Source)
	at 3. Verify all buttons on the rewards page.run(3. Verify all buttons on the rewards page:52)
	at com.kms.katalon.core.main.ScriptEngine.run(ScriptEngine.java:194)
	at com.kms.katalon.core.main.ScriptEngine.runScriptAsRawText(ScriptEngine.java:119)
	at com.kms.katalon.core.main.TestCaseExecutor.runScript(TestCaseExecutor.java:337)
	at com.kms.katalon.core.main.TestCaseExecutor.doExecute(TestCaseExecutor.java:328)
	at com.kms.katalon.core.main.TestCaseExecutor.processExecutionPhase(TestCaseExecutor.java:307)
	at com.kms.katalon.core.main.TestCaseExecutor.accessMainPhase(TestCaseExecutor.java:299)
	at com.kms.katalon.core.main.TestCaseExecutor.execute(TestCaseExecutor.java:233)
	at com.kms.katalon.core.main.TestSuiteExecutor.accessTestCaseMainPhase(TestSuiteExecutor.java:169)
	at com.kms.katalon.core.main.TestSuiteExecutor.accessTestSuiteMainPhase(TestSuiteExecutor.java:142)
	at com.kms.katalon.core.main.TestSuiteExecutor.execute(TestSuiteExecutor.java:91)
	at com.kms.katalon.core.main.TestCaseMain.startTestSuite(TestCaseMain.java:157)
	at com.kms.katalon.core.main.TestCaseMain$startTestSuite$0.call(Unknown Source)
	at TempTestSuite1583111702338.run(TempTestSuite1583111702338.groovy:36)]]></system-err>
      </testcase>
      <testcase name="Test Cases/RegressioniOS - Loyality and Rewards/4. Verify Rewards Detail Page" time="17.023" classname="Test Cases/RegressioniOS - Loyality and Rewards/4. Verify Rewards Detail Page" status="FAILED">
         <failure type="FAILED" message="Test Cases/RegressioniOS - Loyality and Rewards/4. Verify Rewards Detail Page FAILED.
Reason:
com.kms.katalon.core.exception.StepFailedException: Element 'Object Repository/iOS/Voucher List Page/vouchlist_vouch1_title' not found
	at com.kms.katalon.core.keyword.internal.KeywordMain.stepFailed(KeywordMain.groovy:39)
	at com.kms.katalon.core.mobile.keyword.internal.MobileKeywordMain.stepFailed(MobileKeywordMain.groovy:40)
	at com.kms.katalon.core.mobile.keyword.builtin.VerifyElementExistKeyword$_verifyElementExist_closure1.doCall(VerifyElementExistKeyword.groovy:77)
	at com.kms.katalon.core.mobile.keyword.builtin.VerifyElementExistKeyword$_verifyElementExist_closure1.call(VerifyElementExistKeyword.groovy)
	at com.kms.katalon.core.mobile.keyword.internal.MobileKeywordMain.runKeyword(MobileKeywordMain.groovy:21)
	at com.kms.katalon.core.mobile.keyword.builtin.VerifyElementExistKeyword.verifyElementExist(VerifyElementExistKeyword.groovy:80)
	at com.kms.katalon.core.mobile.keyword.builtin.VerifyElementExistKeyword.execute(VerifyElementExistKeyword.groovy:64)
	at com.kms.katalon.core.keyword.internal.KeywordExecutor.executeKeywordForPlatform(KeywordExecutor.groovy:60)
	at com.kms.katalon.core.mobile.keyword.MobileBuiltInKeywords.verifyElementExist(MobileBuiltInKeywords.groovy:640)
	at com.kms.katalon.core.mobile.keyword.MobileBuiltInKeywords$verifyElementExist$0.call(Unknown Source)
	at 4. Verify Rewards Detail Page.run(4. Verify Rewards Detail Page:22)
	at com.kms.katalon.core.main.ScriptEngine.run(ScriptEngine.java:194)
	at com.kms.katalon.core.main.ScriptEngine.runScriptAsRawText(ScriptEngine.java:119)
	at com.kms.katalon.core.main.TestCaseExecutor.runScript(TestCaseExecutor.java:337)
	at com.kms.katalon.core.main.TestCaseExecutor.doExecute(TestCaseExecutor.java:328)
	at com.kms.katalon.core.main.TestCaseExecutor.processExecutionPhase(TestCaseExecutor.java:307)
	at com.kms.katalon.core.main.TestCaseExecutor.accessMainPhase(TestCaseExecutor.java:299)
	at com.kms.katalon.core.main.TestCaseExecutor.execute(TestCaseExecutor.java:233)
	at com.kms.katalon.core.main.TestSuiteExecutor.accessTestCaseMainPhase(TestSuiteExecutor.java:169)
	at com.kms.katalon.core.main.TestSuiteExecutor.accessTestSuiteMainPhase(TestSuiteExecutor.java:142)
	at com.kms.katalon.core.main.TestSuiteExecutor.execute(TestSuiteExecutor.java:91)
	at com.kms.katalon.core.main.TestCaseMain.startTestSuite(TestCaseMain.java:157)
	at com.kms.katalon.core.main.TestCaseMain$startTestSuite$0.call(Unknown Source)
	at TempTestSuite1583111702338.run(TempTestSuite1583111702338.groovy:36)
"/>
         <system-out><![CDATA[2020-03-02 08:26:07 - [TEST_CASE][FAILED] - Test Cases/RegressioniOS - Loyality and Rewards/4. Verify Rewards Detail Page: Test Cases/RegressioniOS - Loyality and Rewards/4. Verify Rewards Detail Page FAILED.
Reason:
com.kms.katalon.core.exception.StepFailedException: Element 'Object Repository/iOS/Voucher List Page/vouchlist_vouch1_title' not found
	at com.kms.katalon.core.keyword.internal.KeywordMain.stepFailed(KeywordMain.groovy:39)
	at com.kms.katalon.core.mobile.keyword.internal.MobileKeywordMain.stepFailed(MobileKeywordMain.groovy:40)
	at com.kms.katalon.core.mobile.keyword.builtin.VerifyElementExistKeyword$_verifyElementExist_closure1.doCall(VerifyElementExistKeyword.groovy:77)
	at com.kms.katalon.core.mobile.keyword.builtin.VerifyElementExistKeyword$_verifyElementExist_closure1.call(VerifyElementExistKeyword.groovy)
	at com.kms.katalon.core.mobile.keyword.internal.MobileKeywordMain.runKeyword(MobileKeywordMain.groovy:21)
	at com.kms.katalon.core.mobile.keyword.builtin.VerifyElementExistKeyword.verifyElementExist(VerifyElementExistKeyword.groovy:80)
	at com.kms.katalon.core.mobile.keyword.builtin.VerifyElementExistKeyword.execute(VerifyElementExistKeyword.groovy:64)
	at com.kms.katalon.core.keyword.internal.KeywordExecutor.executeKeywordForPlatform(KeywordExecutor.groovy:60)
	at com.kms.katalon.core.mobile.keyword.MobileBuiltInKeywords.verifyElementExist(MobileBuiltInKeywords.groovy:640)
	at com.kms.katalon.core.mobile.keyword.MobileBuiltInKeywords$verifyElementExist$0.call(Unknown Source)
	at 4. Verify Rewards Detail Page.run(4. Verify Rewards Detail Page:22)
	at com.kms.katalon.core.main.ScriptEngine.run(ScriptEngine.java:194)
	at com.kms.katalon.core.main.ScriptEngine.runScriptAsRawText(ScriptEngine.java:119)
	at com.kms.katalon.core.main.TestCaseExecutor.runScript(TestCaseExecutor.java:337)
	at com.kms.katalon.core.main.TestCaseExecutor.doExecute(TestCaseExecutor.java:328)
	at com.kms.katalon.core.main.TestCaseExecutor.processExecutionPhase(TestCaseExecutor.java:307)
	at com.kms.katalon.core.main.TestCaseExecutor.accessMainPhase(TestCaseExecutor.java:299)
	at com.kms.katalon.core.main.TestCaseExecutor.execute(TestCaseExecutor.java:233)
	at com.kms.katalon.core.main.TestSuiteExecutor.accessTestCaseMainPhase(TestSuiteExecutor.java:169)
	at com.kms.katalon.core.main.TestSuiteExecutor.accessTestSuiteMainPhase(TestSuiteExecutor.java:142)
	at com.kms.katalon.core.main.TestSuiteExecutor.execute(TestSuiteExecutor.java:91)
	at com.kms.katalon.core.main.TestCaseMain.startTestSuite(TestCaseMain.java:157)
	at com.kms.katalon.core.main.TestCaseMain$startTestSuite$0.call(Unknown Source)
	at TempTestSuite1583111702338.run(TempTestSuite1583111702338.groovy:36)


2020-03-02 08:26:08 - [TEST_STEP][PASSED] - comment("Voucher Detail Page Check"): Voucher Detail Page Check

2020-03-02 08:26:08 - [MESSAGE][INFO] - Voucher Detail Page Check

2020-03-02 08:26:08 - [TEST_STEP][PASSED] - delay(5): Delayed 5 second(s)

2020-03-02 08:26:13 - [MESSAGE][PASSED] - Delayed 5 second(s)

2020-03-02 08:26:13 - [TEST_STEP][FAILED] - verifyElementExist(findTestObject("iOS/Voucher List Page/vouchlist_vouch1_title"), 2, CONTINUE_ON_FAILURE): Element 'Object Repository/iOS/Voucher List Page/vouchlist_vouch1_title' not found

2020-03-02 08:26:19 - [MESSAGE][FAILED] - Element 'Object Repository/iOS/Voucher List Page/vouchlist_vouch1_title' not found
[[ATTACHMENT|/Users/bambangtripamungkas/git/KFCiOS/Reports/20200302_081502/Regression Test - Loyality and Rewards/20200302_081502/1583112378901.png]]

2020-03-02 08:26:19 - [TEST_STEP][FAILED] - tap(findTestObject("iOS/Voucher List Page/vouchlist_vouch1_title"), 1, STOP_ON_FAILURE): Failed to tap on element 'Object Repository/iOS/Voucher List Page/vouchlist_vouch1_title' (Root cause: com.kms.katalon.core.exception.StepFailedException: Object Object Repository/iOS/Voucher List Page/vouchlist_vouch1_title not found
	at com.kms.katalon.core.keyword.internal.KeywordMain.stepFailed(KeywordMain.groovy:50)
	at com.kms.katalon.core.mobile.keyword.internal.MobileKeywordMain.stepFailed(MobileKeywordMain.groovy:40)
	at com.kms.katalon.core.mobile.keyword.builtin.TapKeyword$_tap_closure1.doCall(TapKeyword.groovy:79)
	at com.kms.katalon.core.mobile.keyword.builtin.TapKeyword$_tap_closure1.call(TapKeyword.groovy)
	at com.kms.katalon.core.mobile.keyword.internal.MobileKeywordMain.runKeyword(MobileKeywordMain.groovy:21)
	at com.kms.katalon.core.mobile.keyword.builtin.TapKeyword.tap(TapKeyword.groovy:86)
	at com.kms.katalon.core.mobile.keyword.builtin.TapKeyword.execute(TapKeyword.groovy:68)
	at com.kms.katalon.core.keyword.internal.KeywordExecutor.executeKeywordForPlatform(KeywordExecutor.groovy:60)
	at com.kms.katalon.core.mobile.keyword.MobileBuiltInKeywords.tap(MobileBuiltInKeywords.groovy:506)
	at com.kms.katalon.core.mobile.keyword.MobileBuiltInKeywords$tap$4.call(Unknown Source)
	at 4. Verify Rewards Detail Page.run(4. Verify Rewards Detail Page:24)
	at com.kms.katalon.core.main.ScriptEngine.run(ScriptEngine.java:194)
	at com.kms.katalon.core.main.ScriptEngine.runScriptAsRawText(ScriptEngine.java:119)
	at com.kms.katalon.core.main.TestCaseExecutor.runScript(TestCaseExecutor.java:337)
	at com.kms.katalon.core.main.TestCaseExecutor.doExecute(TestCaseExecutor.java:328)
	at com.kms.katalon.core.main.TestCaseExecutor.processExecutionPhase(TestCaseExecutor.java:307)
	at com.kms.katalon.core.main.TestCaseExecutor.accessMainPhase(TestCaseExecutor.java:299)
	at com.kms.katalon.core.main.TestCaseExecutor.execute(TestCaseExecutor.java:233)
	at com.kms.katalon.core.main.TestSuiteExecutor.accessTestCaseMainPhase(TestSuiteExecutor.java:169)
	at com.kms.katalon.core.main.TestSuiteExecutor.accessTestSuiteMainPhase(TestSuiteExecutor.java:142)
	at com.kms.katalon.core.main.TestSuiteExecutor.execute(TestSuiteExecutor.java:91)
	at com.kms.katalon.core.main.TestCaseMain.startTestSuite(TestCaseMain.java:157)
	at com.kms.katalon.core.main.TestCaseMain$startTestSuite$0.call(Unknown Source)
	at TempTestSuite1583111702338.run(TempTestSuite1583111702338.groovy:36)
)

2020-03-02 08:26:24 - [MESSAGE][FAILED] - Object Object Repository/iOS/Voucher List Page/vouchlist_vouch1_title not found
[[ATTACHMENT|/Users/bambangtripamungkas/git/KFCiOS/Reports/20200302_081502/Regression Test - Loyality and Rewards/20200302_081502/1583112384647.png]]

2020-03-02 08:26:24 - [MESSAGE][FAILED] - Failed to tap on element 'Object Repository/iOS/Voucher List Page/vouchlist_vouch1_title' (Root cause: com.kms.katalon.core.exception.StepFailedException: Object Object Repository/iOS/Voucher List Page/vouchlist_vouch1_title not found
	at com.kms.katalon.core.keyword.internal.KeywordMain.stepFailed(KeywordMain.groovy:50)
	at com.kms.katalon.core.mobile.keyword.internal.MobileKeywordMain.stepFailed(MobileKeywordMain.groovy:40)
	at com.kms.katalon.core.mobile.keyword.builtin.TapKeyword$_tap_closure1.doCall(TapKeyword.groovy:79)
	at com.kms.katalon.core.mobile.keyword.builtin.TapKeyword$_tap_closure1.call(TapKeyword.groovy)
	at com.kms.katalon.core.mobile.keyword.internal.MobileKeywordMain.runKeyword(MobileKeywordMain.groovy:21)
	at com.kms.katalon.core.mobile.keyword.builtin.TapKeyword.tap(TapKeyword.groovy:86)
	at com.kms.katalon.core.mobile.keyword.builtin.TapKeyword.execute(TapKeyword.groovy:68)
	at com.kms.katalon.core.keyword.internal.KeywordExecutor.executeKeywordForPlatform(KeywordExecutor.groovy:60)
	at com.kms.katalon.core.mobile.keyword.MobileBuiltInKeywords.tap(MobileBuiltInKeywords.groovy:506)
	at com.kms.katalon.core.mobile.keyword.MobileBuiltInKeywords$tap$4.call(Unknown Source)
	at 4. Verify Rewards Detail Page.run(4. Verify Rewards Detail Page:24)
	at com.kms.katalon.core.main.ScriptEngine.run(ScriptEngine.java:194)
	at com.kms.katalon.core.main.ScriptEngine.runScriptAsRawText(ScriptEngine.java:119)
	at com.kms.katalon.core.main.TestCaseExecutor.runScript(TestCaseExecutor.java:337)
	at com.kms.katalon.core.main.TestCaseExecutor.doExecute(TestCaseExecutor.java:328)
	at com.kms.katalon.core.main.TestCaseExecutor.processExecutionPhase(TestCaseExecutor.java:307)
	at com.kms.katalon.core.main.TestCaseExecutor.accessMainPhase(TestCaseExecutor.java:299)
	at com.kms.katalon.core.main.TestCaseExecutor.execute(TestCaseExecutor.java:233)
	at com.kms.katalon.core.main.TestSuiteExecutor.accessTestCaseMainPhase(TestSuiteExecutor.java:169)
	at com.kms.katalon.core.main.TestSuiteExecutor.accessTestSuiteMainPhase(TestSuiteExecutor.java:142)
	at com.kms.katalon.core.main.TestSuiteExecutor.execute(TestSuiteExecutor.java:91)
	at com.kms.katalon.core.main.TestCaseMain.startTestSuite(TestCaseMain.java:157)
	at com.kms.katalon.core.main.TestCaseMain$startTestSuite$0.call(Unknown Source)
	at TempTestSuite1583111702338.run(TempTestSuite1583111702338.groovy:36)
)
[[ATTACHMENT|/Users/bambangtripamungkas/git/KFCiOS/Reports/20200302_081502/Regression Test - Loyality and Rewards/20200302_081502/1583112384802.png]]]]></system-out>
         <system-err><![CDATA[2020-03-02 08:26:07 - [TEST_CASE][FAILED] - Test Cases/RegressioniOS - Loyality and Rewards/4. Verify Rewards Detail Page: Test Cases/RegressioniOS - Loyality and Rewards/4. Verify Rewards Detail Page FAILED.
Reason:
com.kms.katalon.core.exception.StepFailedException: Element 'Object Repository/iOS/Voucher List Page/vouchlist_vouch1_title' not found
	at com.kms.katalon.core.keyword.internal.KeywordMain.stepFailed(KeywordMain.groovy:39)
	at com.kms.katalon.core.mobile.keyword.internal.MobileKeywordMain.stepFailed(MobileKeywordMain.groovy:40)
	at com.kms.katalon.core.mobile.keyword.builtin.VerifyElementExistKeyword$_verifyElementExist_closure1.doCall(VerifyElementExistKeyword.groovy:77)
	at com.kms.katalon.core.mobile.keyword.builtin.VerifyElementExistKeyword$_verifyElementExist_closure1.call(VerifyElementExistKeyword.groovy)
	at com.kms.katalon.core.mobile.keyword.internal.MobileKeywordMain.runKeyword(MobileKeywordMain.groovy:21)
	at com.kms.katalon.core.mobile.keyword.builtin.VerifyElementExistKeyword.verifyElementExist(VerifyElementExistKeyword.groovy:80)
	at com.kms.katalon.core.mobile.keyword.builtin.VerifyElementExistKeyword.execute(VerifyElementExistKeyword.groovy:64)
	at com.kms.katalon.core.keyword.internal.KeywordExecutor.executeKeywordForPlatform(KeywordExecutor.groovy:60)
	at com.kms.katalon.core.mobile.keyword.MobileBuiltInKeywords.verifyElementExist(MobileBuiltInKeywords.groovy:640)
	at com.kms.katalon.core.mobile.keyword.MobileBuiltInKeywords$verifyElementExist$0.call(Unknown Source)
	at 4. Verify Rewards Detail Page.run(4. Verify Rewards Detail Page:22)
	at com.kms.katalon.core.main.ScriptEngine.run(ScriptEngine.java:194)
	at com.kms.katalon.core.main.ScriptEngine.runScriptAsRawText(ScriptEngine.java:119)
	at com.kms.katalon.core.main.TestCaseExecutor.runScript(TestCaseExecutor.java:337)
	at com.kms.katalon.core.main.TestCaseExecutor.doExecute(TestCaseExecutor.java:328)
	at com.kms.katalon.core.main.TestCaseExecutor.processExecutionPhase(TestCaseExecutor.java:307)
	at com.kms.katalon.core.main.TestCaseExecutor.accessMainPhase(TestCaseExecutor.java:299)
	at com.kms.katalon.core.main.TestCaseExecutor.execute(TestCaseExecutor.java:233)
	at com.kms.katalon.core.main.TestSuiteExecutor.accessTestCaseMainPhase(TestSuiteExecutor.java:169)
	at com.kms.katalon.core.main.TestSuiteExecutor.accessTestSuiteMainPhase(TestSuiteExecutor.java:142)
	at com.kms.katalon.core.main.TestSuiteExecutor.execute(TestSuiteExecutor.java:91)
	at com.kms.katalon.core.main.TestCaseMain.startTestSuite(TestCaseMain.java:157)
	at com.kms.katalon.core.main.TestCaseMain$startTestSuite$0.call(Unknown Source)
	at TempTestSuite1583111702338.run(TempTestSuite1583111702338.groovy:36)]]></system-err>
      </testcase>
      <system-out><![CDATA[2020-03-02 08:15:11 - [TEST_SUITE][FAILED] - Regression Test - Loyality and Rewards: Test Cases/RegressioniOS - Loyality and Rewards/2. View Vouchers List FAILED.
Reason:
com.kms.katalon.core.exception.StepFailedException: Element 'Object Repository/iOS/Voucher List Page/vouchlist_vouch1_title' not found
	at com.kms.katalon.core.keyword.internal.KeywordMain.stepFailed(KeywordMain.groovy:39)
	at com.kms.katalon.core.mobile.keyword.internal.MobileKeywordMain.stepFailed(MobileKeywordMain.groovy:40)
	at com.kms.katalon.core.mobile.keyword.builtin.VerifyElementExistKeyword$_verifyElementExist_closure1.doCall(VerifyElementExistKeyword.groovy:77)
	at com.kms.katalon.core.mobile.keyword.builtin.VerifyElementExistKeyword$_verifyElementExist_closure1.call(VerifyElementExistKeyword.groovy)
	at com.kms.katalon.core.mobile.keyword.internal.MobileKeywordMain.runKeyword(MobileKeywordMain.groovy:21)
	at com.kms.katalon.core.mobile.keyword.builtin.VerifyElementExistKeyword.verifyElementExist(VerifyElementExistKeyword.groovy:80)
	at com.kms.katalon.core.mobile.keyword.builtin.VerifyElementExistKeyword.execute(VerifyElementExistKeyword.groovy:64)
	at com.kms.katalon.core.keyword.internal.KeywordExecutor.executeKeywordForPlatform(KeywordExecutor.groovy:60)
	at com.kms.katalon.core.mobile.keyword.MobileBuiltInKeywords.verifyElementExist(MobileBuiltInKeywords.groovy:640)
	at com.kms.katalon.core.mobile.keyword.MobileBuiltInKeywords$verifyElementExist$0.call(Unknown Source)
	at 2. View Vouchers List.run(2. View Vouchers List:64)
	at com.kms.katalon.core.main.ScriptEngine.run(ScriptEngine.java:194)
	at com.kms.katalon.core.main.ScriptEngine.runScriptAsRawText(ScriptEngine.java:119)
	at com.kms.katalon.core.main.TestCaseExecutor.runScript(TestCaseExecutor.java:337)
	at com.kms.katalon.core.main.TestCaseExecutor.doExecute(TestCaseExecutor.java:328)
	at com.kms.katalon.core.main.TestCaseExecutor.processExecutionPhase(TestCaseExecutor.java:307)
	at com.kms.katalon.core.main.TestCaseExecutor.accessMainPhase(TestCaseExecutor.java:299)
	at com.kms.katalon.core.main.TestCaseExecutor.execute(TestCaseExecutor.java:233)
	at com.kms.katalon.core.main.TestSuiteExecutor.accessTestCaseMainPhase(TestSuiteExecutor.java:169)
	at com.kms.katalon.core.main.TestSuiteExecutor.accessTestSuiteMainPhase(TestSuiteExecutor.java:142)
	at com.kms.katalon.core.main.TestSuiteExecutor.execute(TestSuiteExecutor.java:91)
	at com.kms.katalon.core.main.TestCaseMain.startTestSuite(TestCaseMain.java:157)
	at com.kms.katalon.core.main.TestCaseMain$startTestSuite$0.call(Unknown Source)
	at TempTestSuite1583111702338.run(TempTestSuite1583111702338.groovy:36)]]></system-out>
      <system-err><![CDATA[2020-03-02 08:15:11 - [TEST_SUITE][FAILED] - Regression Test - Loyality and Rewards: Test Cases/RegressioniOS - Loyality and Rewards/2. View Vouchers List FAILED.
Reason:
com.kms.katalon.core.exception.StepFailedException: Element 'Object Repository/iOS/Voucher List Page/vouchlist_vouch1_title' not found
	at com.kms.katalon.core.keyword.internal.KeywordMain.stepFailed(KeywordMain.groovy:39)
	at com.kms.katalon.core.mobile.keyword.internal.MobileKeywordMain.stepFailed(MobileKeywordMain.groovy:40)
	at com.kms.katalon.core.mobile.keyword.builtin.VerifyElementExistKeyword$_verifyElementExist_closure1.doCall(VerifyElementExistKeyword.groovy:77)
	at com.kms.katalon.core.mobile.keyword.builtin.VerifyElementExistKeyword$_verifyElementExist_closure1.call(VerifyElementExistKeyword.groovy)
	at com.kms.katalon.core.mobile.keyword.internal.MobileKeywordMain.runKeyword(MobileKeywordMain.groovy:21)
	at com.kms.katalon.core.mobile.keyword.builtin.VerifyElementExistKeyword.verifyElementExist(VerifyElementExistKeyword.groovy:80)
	at com.kms.katalon.core.mobile.keyword.builtin.VerifyElementExistKeyword.execute(VerifyElementExistKeyword.groovy:64)
	at com.kms.katalon.core.keyword.internal.KeywordExecutor.executeKeywordForPlatform(KeywordExecutor.groovy:60)
	at com.kms.katalon.core.mobile.keyword.MobileBuiltInKeywords.verifyElementExist(MobileBuiltInKeywords.groovy:640)
	at com.kms.katalon.core.mobile.keyword.MobileBuiltInKeywords$verifyElementExist$0.call(Unknown Source)
	at 2. View Vouchers List.run(2. View Vouchers List:64)
	at com.kms.katalon.core.main.ScriptEngine.run(ScriptEngine.java:194)
	at com.kms.katalon.core.main.ScriptEngine.runScriptAsRawText(ScriptEngine.java:119)
	at com.kms.katalon.core.main.TestCaseExecutor.runScript(TestCaseExecutor.java:337)
	at com.kms.katalon.core.main.TestCaseExecutor.doExecute(TestCaseExecutor.java:328)
	at com.kms.katalon.core.main.TestCaseExecutor.processExecutionPhase(TestCaseExecutor.java:307)
	at com.kms.katalon.core.main.TestCaseExecutor.accessMainPhase(TestCaseExecutor.java:299)
	at com.kms.katalon.core.main.TestCaseExecutor.execute(TestCaseExecutor.java:233)
	at com.kms.katalon.core.main.TestSuiteExecutor.accessTestCaseMainPhase(TestSuiteExecutor.java:169)
	at com.kms.katalon.core.main.TestSuiteExecutor.accessTestSuiteMainPhase(TestSuiteExecutor.java:142)
	at com.kms.katalon.core.main.TestSuiteExecutor.execute(TestSuiteExecutor.java:91)
	at com.kms.katalon.core.main.TestCaseMain.startTestSuite(TestCaseMain.java:157)
	at com.kms.katalon.core.main.TestCaseMain$startTestSuite$0.call(Unknown Source)
	at TempTestSuite1583111702338.run(TempTestSuite1583111702338.groovy:36)]]></system-err>
   </testsuite>
</testsuites>
