<?xml version="1.0" encoding="UTF-8"?>
<testsuites name="Regression Test - Voucher Shop" time="900.764" tests="3" failures="1" errors="0">
   <testsuite name="Regression Test - Voucher Shop" tests="3" failures="1" errors="0" time="900.764" timestamp="2020-03-02 09:29:49" hostname="bambangtripamungkas - 192.168.1.9" id="Test Suites/Regression Test - Voucher Shop">
      <properties>
         <property name="deviceName" value="iPhone 8"/>
         <property name="devicePlatform" value=""/>
         <property name="logFolder" value="/Users/bambangtripamungkas/git/KFCiOS/Reports/20200302_092940/Regression Test - Voucher Shop/20200302_092940"/>
         <property name="logFiles" value="/Users/bambangtripamungkas/git/KFCiOS/Reports/20200302_092940/Regression Test - Voucher Shop/20200302_092940/execution0.log, /Users/bambangtripamungkas/git/KFCiOS/Reports/20200302_092940/Regression Test - Voucher Shop/20200302_092940/appium.log, /Users/bambangtripamungkas/git/KFCiOS/Reports/20200302_092940/Regression Test - Voucher Shop/20200302_092940/appium-proxy-server.log"/>
         <property name="attachments" value="/Users/bambangtripamungkas/git/KFCiOS/Reports/20200302_092940/Regression Test - Voucher Shop/20200302_092940/1583116210828.png, /Users/bambangtripamungkas/git/KFCiOS/Reports/20200302_092940/Regression Test - Voucher Shop/20200302_092940/1583116214566.png, /Users/bambangtripamungkas/git/KFCiOS/Reports/20200302_092940/Regression Test - Voucher Shop/20200302_092940/1583116693670.png, /Users/bambangtripamungkas/git/KFCiOS/Reports/20200302_092940/Regression Test - Voucher Shop/20200302_092940/1583117016020.png, /Users/bambangtripamungkas/git/KFCiOS/Reports/20200302_092940/Regression Test - Voucher Shop/20200302_092940/1583117017763.png, /Users/bambangtripamungkas/git/KFCiOS/Reports/20200302_092940/Regression Test - Voucher Shop/20200302_092940/1583117019507.png, /Users/bambangtripamungkas/git/KFCiOS/Reports/20200302_092940/Regression Test - Voucher Shop/20200302_092940/1583117037107.png, /Users/bambangtripamungkas/git/KFCiOS/Reports/20200302_092940/Regression Test - Voucher Shop/20200302_092940/1583117039235.png, /Users/bambangtripamungkas/git/KFCiOS/Reports/20200302_092940/Regression Test - Voucher Shop/20200302_092940/1583117040971.png"/>
         <property name="hostName" value="bambangtripamungkas - 192.168.1.9"/>
         <property name="os" value="Mac OS X 64bit"/>
         <property name="appiumServerStatus" value="{\&quot;value\&quot;:{\&quot;build\&quot;:{\&quot;version\&quot;:\&quot;1.15.1\&quot;}},\&quot;sessionId\&quot;:null,\&quot;status\&quot;:0}"/>
         <property name="katalonVersion" value="7.1.1.1"/>
         <property name="deviceOS" value="iOS"/>
         <property name="appiumVersion" value="1.15.1"/>
         <property name="deviceModel" value="Not available for Simulator"/>
         <property name="hostAddress" value="192.168.1.9"/>
         <property name="deviceManufacturer" value="Apple"/>
         <property name="deviceId" value="null"/>
         <property name="deviceName" value="iPhone 8"/>
         <property name="deviceOSVersion" value="13.3"/>
      </properties>
      <testcase name="Test Cases/p. RegressioniOS - Voucher Shop/1. Open Voucher Shop Page" time="504.541" classname="Test Cases/p. RegressioniOS - Voucher Shop/1. Open Voucher Shop Page" status="PASSED">
         <system-out><![CDATA[2020-03-02 09:29:49 - [TEST_CASE][PASSED] - Test Cases/p. RegressioniOS - Voucher Shop/1. Open Voucher Shop Page: Test Cases/p. RegressioniOS - Voucher Shop/1. Open Voucher Shop Page

2020-03-02 09:29:50 - [TEST_STEP][PASSED] - startExistingApplication("com.kfcjv.staging", STOP_ON_FAILURE): Starting app with application ID: 'com.kfcjv.staging'

2020-03-02 09:29:51 - [MESSAGE][INFO] - ios_webkit_debug_proxy server started on port 54313

2020-03-02 09:29:52 - [MESSAGE][INFO] - Appium server started on port 54,315

2020-03-02 09:30:07 - [MESSAGE][PASSED] - Starting app with application ID: 'com.kfcjv.staging'

2020-03-02 09:30:07 - [TEST_STEP][PASSED] - comment("Earn Page Components check started"): Earn Page Components check started

2020-03-02 09:30:07 - [MESSAGE][INFO] - Earn Page Components check started

2020-03-02 09:30:07 - [TEST_STEP][PASSED] - if (verifyElementExist(findTestObject("iOS/Login Page/Relogin Alert/reloginalert_alerttype"), 2, OPTIONAL) == true): Element 'Object Repository/iOS/Login Page/Relogin Alert/reloginalert_alerttype' not found

2020-03-02 09:30:11 - [MESSAGE][WARNING] - Element 'Object Repository/iOS/Login Page/Relogin Alert/reloginalert_alerttype' not found
[[ATTACHMENT|/Users/bambangtripamungkas/git/KFCiOS/Reports/20200302_092940/Regression Test - Voucher Shop/20200302_092940/1583116210828.png]]

2020-03-02 09:30:11 - [TEST_STEP][PASSED] - else: null

2020-03-02 09:30:11 - [TEST_STEP][PASSED] - println = "Session is new": null

2020-03-02 09:30:11 - [TEST_STEP][PASSED] - if (verifyElementExist(findTestObject("iOS/Login Page/Welcome Page/loginpage_header_titletext_welcome"), 2, OPTIONAL) == true): Element 'Object Repository/iOS/Login Page/Welcome Page/loginpage_header_titletext_welcome' not found

2020-03-02 09:30:14 - [MESSAGE][WARNING] - Element 'Object Repository/iOS/Login Page/Welcome Page/loginpage_header_titletext_welcome' not found
[[ATTACHMENT|/Users/bambangtripamungkas/git/KFCiOS/Reports/20200302_092940/Regression Test - Voucher Shop/20200302_092940/1583116214566.png]]

2020-03-02 09:30:14 - [TEST_STEP][PASSED] - else: null

2020-03-02 09:30:14 - [TEST_STEP][PASSED] - println = "Logged in, Homepage ready": null

2020-03-02 09:30:14 - [TEST_STEP][PASSED] - comment("Loyalty page Test Started"): Loyalty page Test Started

2020-03-02 09:30:14 - [MESSAGE][INFO] - Loyalty page Test Started

2020-03-02 09:30:14 - [TEST_STEP][PASSED] - verifyElementExist(findTestObject("iOS/Home Page/home_points_btnRedeem"), 2, CONTINUE_ON_FAILURE): Element 'Object Repository/iOS/Home Page/home_points_btnRedeem' is exist

2020-03-02 09:30:19 - [MESSAGE][PASSED] - Element 'Object Repository/iOS/Home Page/home_points_btnRedeem' is exist

2020-03-02 09:30:19 - [TEST_STEP][PASSED] - tap(findTestObject("iOS/Home Page/home_points_btnRedeem"), 1, STOP_ON_FAILURE): Tapped on element 'Object Repository/iOS/Home Page/home_points_btnRedeem'

2020-03-02 09:30:23 - [MESSAGE][PASSED] - Tapped on element 'Object Repository/iOS/Home Page/home_points_btnRedeem'

2020-03-02 09:30:23 - [TEST_STEP][PASSED] - waitForElementPresent(findTestObject("iOS/Home Page/Choose Action Prompt/chaction_redeem_btnNext"), 1, CONTINUE_ON_FAILURE): Element 'Object Repository/iOS/Home Page/Choose Action Prompt/chaction_redeem_btnNext' is present

2020-03-02 09:30:25 - [MESSAGE][PASSED] - Element 'Object Repository/iOS/Home Page/Choose Action Prompt/chaction_redeem_btnNext' is present

2020-03-02 09:30:25 - [TEST_STEP][PASSED] - delay(2): Delayed 2 second(s)

2020-03-02 09:30:27 - [MESSAGE][PASSED] - Delayed 2 second(s)

2020-03-02 09:30:27 - [TEST_STEP][PASSED] - tap(findTestObject("iOS/Home Page/Choose Action Prompt/chaction_redeem_title"), 1, STOP_ON_FAILURE): Tapped on element 'Object Repository/iOS/Home Page/Choose Action Prompt/chaction_redeem_title'

2020-03-02 09:30:30 - [MESSAGE][PASSED] - Tapped on element 'Object Repository/iOS/Home Page/Choose Action Prompt/chaction_redeem_title'

2020-03-02 09:30:30 - [TEST_STEP][PASSED] - delay(2): Delayed 2 second(s)

2020-03-02 09:30:32 - [MESSAGE][PASSED] - Delayed 2 second(s)

2020-03-02 09:30:32 - [TEST_STEP][PASSED] - waitForElementPresent(findTestObject("iOS/Voucher List Page/vouchlist_vouch1_title"), 1, CONTINUE_ON_FAILURE): Element 'Object Repository/iOS/Voucher List Page/vouchlist_vouch1_title' is present

2020-03-02 09:31:19 - [MESSAGE][PASSED] - Element 'Object Repository/iOS/Voucher List Page/vouchlist_vouch1_title' is present

2020-03-02 09:31:19 - [TEST_STEP][PASSED] - verifyElementExist(findTestObject("iOS/Voucher List Page/vouchlist_header_btnBack"), 1, CONTINUE_ON_FAILURE): Element 'Object Repository/iOS/Voucher List Page/vouchlist_header_btnBack' is exist

2020-03-02 09:31:26 - [MESSAGE][PASSED] - Element 'Object Repository/iOS/Voucher List Page/vouchlist_header_btnBack' is exist

2020-03-02 09:31:26 - [TEST_STEP][PASSED] - verifyElementExist(findTestObject("iOS/Voucher List Page/vouchlist_header_title_voucher"), 1, CONTINUE_ON_FAILURE): Element 'Object Repository/iOS/Voucher List Page/vouchlist_header_title_voucher' is exist

2020-03-02 09:31:33 - [MESSAGE][PASSED] - Element 'Object Repository/iOS/Voucher List Page/vouchlist_header_title_voucher' is exist

2020-03-02 09:31:33 - [TEST_STEP][PASSED] - verifyElementVisible(findTestObject("iOS/Voucher List Page/vouchlist_header_title_voucher"), 1, CONTINUE_ON_FAILURE): Element 'Object Repository/iOS/Voucher List Page/vouchlist_header_title_voucher' is visible

2020-03-02 09:31:39 - [MESSAGE][PASSED] - Element 'Object Repository/iOS/Voucher List Page/vouchlist_header_title_voucher' is visible

2020-03-02 09:31:39 - [TEST_STEP][PASSED] - getText(findTestObject("iOS/Voucher List Page/vouchlist_header_title_voucher"), 1, CONTINUE_ON_FAILURE): Text of element 'Object Repository/iOS/Voucher List Page/vouchlist_header_title_voucher' is: 'VOUCHER'

2020-03-02 09:31:46 - [MESSAGE][PASSED] - Text of element 'Object Repository/iOS/Voucher List Page/vouchlist_header_title_voucher' is: 'VOUCHER'

2020-03-02 09:31:46 - [TEST_STEP][PASSED] - verifyElementExist(findTestObject("iOS/Voucher List Page/vouchlist_points_title"), 1, CONTINUE_ON_FAILURE): Element 'Object Repository/iOS/Voucher List Page/vouchlist_points_title' is exist

2020-03-02 09:31:52 - [MESSAGE][PASSED] - Element 'Object Repository/iOS/Voucher List Page/vouchlist_points_title' is exist

2020-03-02 09:31:52 - [TEST_STEP][PASSED] - verifyElementVisible(findTestObject("iOS/Voucher List Page/vouchlist_points_title"), 1, CONTINUE_ON_FAILURE): Element 'Object Repository/iOS/Voucher List Page/vouchlist_points_title' is visible

2020-03-02 09:31:59 - [MESSAGE][PASSED] - Element 'Object Repository/iOS/Voucher List Page/vouchlist_points_title' is visible

2020-03-02 09:31:59 - [TEST_STEP][PASSED] - getText(findTestObject("iOS/Voucher List Page/vouchlist_points_title"), 1, CONTINUE_ON_FAILURE): Text of element 'Object Repository/iOS/Voucher List Page/vouchlist_points_title' is: 'KFC Points'

2020-03-02 09:32:07 - [MESSAGE][PASSED] - Text of element 'Object Repository/iOS/Voucher List Page/vouchlist_points_title' is: 'KFC Points'

2020-03-02 09:32:07 - [TEST_STEP][PASSED] - verifyElementExist(findTestObject("iOS/Voucher List Page/vouchlist_points_desc_pointexpired"), 1, CONTINUE_ON_FAILURE): Element 'Object Repository/iOS/Voucher List Page/vouchlist_points_desc_pointexpired' is exist

2020-03-02 09:32:13 - [MESSAGE][PASSED] - Element 'Object Repository/iOS/Voucher List Page/vouchlist_points_desc_pointexpired' is exist

2020-03-02 09:32:13 - [TEST_STEP][PASSED] - verifyElementVisible(findTestObject("iOS/Voucher List Page/vouchlist_points_desc_pointexpired"), 1, CONTINUE_ON_FAILURE): Element 'Object Repository/iOS/Voucher List Page/vouchlist_points_desc_pointexpired' is visible

2020-03-02 09:32:20 - [MESSAGE][PASSED] - Element 'Object Repository/iOS/Voucher List Page/vouchlist_points_desc_pointexpired' is visible

2020-03-02 09:32:20 - [TEST_STEP][PASSED] - getText(findTestObject("iOS/Voucher List Page/vouchlist_points_desc_pointexpired"), 1, CONTINUE_ON_FAILURE): Text of element 'Object Repository/iOS/Voucher List Page/vouchlist_points_desc_pointexpired' is: '26 KFC Points will be expired on Jun 30, 2020'

2020-03-02 09:32:27 - [MESSAGE][PASSED] - Text of element 'Object Repository/iOS/Voucher List Page/vouchlist_points_desc_pointexpired' is: '26 KFC Points will be expired on Jun 30, 2020'

2020-03-02 09:32:27 - [TEST_STEP][PASSED] - verifyElementExist(findTestObject("iOS/Voucher List Page/vouchlist_points_desc_dynamicpoint"), 1, CONTINUE_ON_FAILURE): Element 'Object Repository/iOS/Voucher List Page/vouchlist_points_desc_dynamicpoint' is exist

2020-03-02 09:32:34 - [MESSAGE][PASSED] - Element 'Object Repository/iOS/Voucher List Page/vouchlist_points_desc_dynamicpoint' is exist

2020-03-02 09:32:34 - [TEST_STEP][PASSED] - verifyElementVisible(findTestObject("iOS/Voucher List Page/vouchlist_points_desc_dynamicpoint"), 1, CONTINUE_ON_FAILURE): Element 'Object Repository/iOS/Voucher List Page/vouchlist_points_desc_dynamicpoint' is visible

2020-03-02 09:32:41 - [MESSAGE][PASSED] - Element 'Object Repository/iOS/Voucher List Page/vouchlist_points_desc_dynamicpoint' is visible

2020-03-02 09:32:41 - [TEST_STEP][PASSED] - getText(findTestObject("iOS/Voucher List Page/vouchlist_points_desc_dynamicpoint"), 1, CONTINUE_ON_FAILURE): Text of element 'Object Repository/iOS/Voucher List Page/vouchlist_points_desc_dynamicpoint' is: '26'

2020-03-02 09:32:48 - [MESSAGE][PASSED] - Text of element 'Object Repository/iOS/Voucher List Page/vouchlist_points_desc_dynamicpoint' is: '26'

2020-03-02 09:32:48 - [TEST_STEP][PASSED] - verifyElementExist(findTestObject("iOS/Voucher List Page/vouchlist_title_redeemyour"), 1, CONTINUE_ON_FAILURE): Element 'Object Repository/iOS/Voucher List Page/vouchlist_title_redeemyour' is exist

2020-03-02 09:32:55 - [MESSAGE][PASSED] - Element 'Object Repository/iOS/Voucher List Page/vouchlist_title_redeemyour' is exist

2020-03-02 09:32:55 - [TEST_STEP][PASSED] - verifyElementVisible(findTestObject("iOS/Voucher List Page/vouchlist_title_redeemyour"), 1, CONTINUE_ON_FAILURE): Element 'Object Repository/iOS/Voucher List Page/vouchlist_title_redeemyour' is visible

2020-03-02 09:33:03 - [MESSAGE][PASSED] - Element 'Object Repository/iOS/Voucher List Page/vouchlist_title_redeemyour' is visible

2020-03-02 09:33:03 - [TEST_STEP][PASSED] - getText(findTestObject("iOS/Voucher List Page/vouchlist_title_redeemyour"), 1, CONTINUE_ON_FAILURE): Text of element 'Object Repository/iOS/Voucher List Page/vouchlist_title_redeemyour' is: 'Redeem your KFC Points!'

2020-03-02 09:33:10 - [MESSAGE][PASSED] - Text of element 'Object Repository/iOS/Voucher List Page/vouchlist_title_redeemyour' is: 'Redeem your KFC Points!'

2020-03-02 09:33:10 - [TEST_STEP][PASSED] - verifyElementExist(findTestObject("iOS/Voucher List Page/vouchlist_desc_youcan"), 1, CONTINUE_ON_FAILURE): Element 'Object Repository/iOS/Voucher List Page/vouchlist_desc_youcan' is exist

2020-03-02 09:33:17 - [MESSAGE][PASSED] - Element 'Object Repository/iOS/Voucher List Page/vouchlist_desc_youcan' is exist

2020-03-02 09:33:17 - [TEST_STEP][PASSED] - verifyElementVisible(findTestObject("iOS/Voucher List Page/vouchlist_desc_youcan"), 1, CONTINUE_ON_FAILURE): Element 'Object Repository/iOS/Voucher List Page/vouchlist_desc_youcan' is visible

2020-03-02 09:33:24 - [MESSAGE][PASSED] - Element 'Object Repository/iOS/Voucher List Page/vouchlist_desc_youcan' is visible

2020-03-02 09:33:24 - [TEST_STEP][PASSED] - getText(findTestObject("iOS/Voucher List Page/vouchlist_desc_youcan"), 1, CONTINUE_ON_FAILURE): Text of element 'Object Repository/iOS/Voucher List Page/vouchlist_desc_youcan' is: 'Your can redeem your KFC points and enjoy a selection of KFC Vouchers'

2020-03-02 09:33:32 - [MESSAGE][PASSED] - Text of element 'Object Repository/iOS/Voucher List Page/vouchlist_desc_youcan' is: 'Your can redeem your KFC points and enjoy a selection of KFC Vouchers'

2020-03-02 09:33:32 - [TEST_STEP][PASSED] - comment("Voucher 1 Check"): Voucher 1 Check

2020-03-02 09:33:32 - [MESSAGE][INFO] - Voucher 1 Check

2020-03-02 09:33:32 - [TEST_STEP][PASSED] - verifyElementExist(findTestObject("iOS/Voucher List Page/vouchlist_vouch1_title"), 1, CONTINUE_ON_FAILURE): Element 'Object Repository/iOS/Voucher List Page/vouchlist_vouch1_title' is exist

2020-03-02 09:34:20 - [MESSAGE][PASSED] - Element 'Object Repository/iOS/Voucher List Page/vouchlist_vouch1_title' is exist

2020-03-02 09:34:20 - [TEST_STEP][PASSED] - verifyElementVisible(findTestObject("iOS/Voucher List Page/vouchlist_vouch1_title"), 1, CONTINUE_ON_FAILURE): Element 'Object Repository/iOS/Voucher List Page/vouchlist_vouch1_title' is visible

2020-03-02 09:35:09 - [MESSAGE][PASSED] - Element 'Object Repository/iOS/Voucher List Page/vouchlist_vouch1_title' is visible

2020-03-02 09:35:09 - [TEST_STEP][PASSED] - getText(findTestObject("iOS/Voucher List Page/vouchlist_vouch1_redeemamt"), 1, CONTINUE_ON_FAILURE): Text of element 'Object Repository/iOS/Voucher List Page/vouchlist_vouch1_redeemamt' is: 'Redeemed 0/1'

2020-03-02 09:35:18 - [MESSAGE][PASSED] - Text of element 'Object Repository/iOS/Voucher List Page/vouchlist_vouch1_redeemamt' is: 'Redeemed 0/1'

2020-03-02 09:35:18 - [TEST_STEP][PASSED] - getText(findTestObject("iOS/Voucher List Page/vouchlist_vouch1_redeemamt"), 1, CONTINUE_ON_FAILURE): Text of element 'Object Repository/iOS/Voucher List Page/vouchlist_vouch1_redeemamt' is: 'Redeemed 0/1'

2020-03-02 09:35:27 - [MESSAGE][PASSED] - Text of element 'Object Repository/iOS/Voucher List Page/vouchlist_vouch1_redeemamt' is: 'Redeemed 0/1'

2020-03-02 09:35:27 - [TEST_STEP][PASSED] - verifyElementVisible(findTestObject("iOS/Voucher List Page/vouchlist_vouch1_redeemamt"), 1, CONTINUE_ON_FAILURE): Element 'Object Repository/iOS/Voucher List Page/vouchlist_vouch1_redeemamt' is visible

2020-03-02 09:35:36 - [MESSAGE][PASSED] - Element 'Object Repository/iOS/Voucher List Page/vouchlist_vouch1_redeemamt' is visible

2020-03-02 09:35:36 - [TEST_STEP][PASSED] - getText(findTestObject("iOS/Voucher List Page/vouchlist_vouch1_desc_price"), 1, CONTINUE_ON_FAILURE): Text of element 'Object Repository/iOS/Voucher List Page/vouchlist_vouch1_desc_price' is: '10 KFC Points'

2020-03-02 09:35:43 - [MESSAGE][PASSED] - Text of element 'Object Repository/iOS/Voucher List Page/vouchlist_vouch1_desc_price' is: '10 KFC Points'

2020-03-02 09:35:43 - [TEST_STEP][PASSED] - getText(findTestObject("iOS/Voucher List Page/vouchlist_vouch1_desc_price"), 1, CONTINUE_ON_FAILURE): Text of element 'Object Repository/iOS/Voucher List Page/vouchlist_vouch1_desc_price' is: '10 KFC Points'

2020-03-02 09:35:49 - [MESSAGE][PASSED] - Text of element 'Object Repository/iOS/Voucher List Page/vouchlist_vouch1_desc_price' is: '10 KFC Points'

2020-03-02 09:35:49 - [TEST_STEP][PASSED] - verifyElementVisible(findTestObject("iOS/Voucher List Page/vouchlist_vouch1_desc_price"), 1, CONTINUE_ON_FAILURE): Element 'Object Repository/iOS/Voucher List Page/vouchlist_vouch1_desc_price' is visible

2020-03-02 09:35:56 - [MESSAGE][PASSED] - Element 'Object Repository/iOS/Voucher List Page/vouchlist_vouch1_desc_price' is visible

2020-03-02 09:35:56 - [TEST_STEP][PASSED] - getText(findTestObject("iOS/Voucher List Page/vouchlist_vouch1_btnRedeem_text"), 1, CONTINUE_ON_FAILURE): Text of element 'Object Repository/iOS/Voucher List Page/vouchlist_vouch1_btnRedeem_text' is: 'REDEEM'

2020-03-02 09:36:03 - [MESSAGE][PASSED] - Text of element 'Object Repository/iOS/Voucher List Page/vouchlist_vouch1_btnRedeem_text' is: 'REDEEM'

2020-03-02 09:36:03 - [TEST_STEP][PASSED] - verifyElementVisible(findTestObject("iOS/Voucher List Page/vouchlist_vouch1_btnRedeem_text"), 1, CONTINUE_ON_FAILURE): Element 'Object Repository/iOS/Voucher List Page/vouchlist_vouch1_btnRedeem_text' is visible

2020-03-02 09:36:10 - [MESSAGE][PASSED] - Element 'Object Repository/iOS/Voucher List Page/vouchlist_vouch1_btnRedeem_text' is visible

2020-03-02 09:36:10 - [TEST_STEP][PASSED] - getText(findTestObject("iOS/Voucher List Page/vouchlist_vouch1_btnRedeem_text"), 1, CONTINUE_ON_FAILURE): Text of element 'Object Repository/iOS/Voucher List Page/vouchlist_vouch1_btnRedeem_text' is: 'REDEEM'

2020-03-02 09:36:17 - [MESSAGE][PASSED] - Text of element 'Object Repository/iOS/Voucher List Page/vouchlist_vouch1_btnRedeem_text' is: 'REDEEM'

2020-03-02 09:36:17 - [TEST_STEP][PASSED] - getText(findTestObject("iOS/Voucher List Page/vouchlist_vouch1_btnRedeem"), 1, CONTINUE_ON_FAILURE): Text of element 'Object Repository/iOS/Voucher List Page/vouchlist_vouch1_btnRedeem' is: 'REDEEM'

2020-03-02 09:36:24 - [MESSAGE][PASSED] - Text of element 'Object Repository/iOS/Voucher List Page/vouchlist_vouch1_btnRedeem' is: 'REDEEM'

2020-03-02 09:36:24 - [TEST_STEP][PASSED] - verifyElementVisible(findTestObject("iOS/Voucher List Page/vouchlist_vouch1_btnRedeem"), 1, CONTINUE_ON_FAILURE): Element 'Object Repository/iOS/Voucher List Page/vouchlist_vouch1_btnRedeem' is visible

2020-03-02 09:36:31 - [MESSAGE][PASSED] - Element 'Object Repository/iOS/Voucher List Page/vouchlist_vouch1_btnRedeem' is visible

2020-03-02 09:36:31 - [TEST_STEP][PASSED] - comment("Voucher 2 Check"): Voucher 2 Check

2020-03-02 09:36:31 - [MESSAGE][INFO] - Voucher 2 Check

2020-03-02 09:36:31 - [TEST_STEP][PASSED] - verifyElementExist(findTestObject("iOS/Voucher List Page/vouchlist_vouch2_title"), 1, CONTINUE_ON_FAILURE): Element 'Object Repository/iOS/Voucher List Page/vouchlist_vouch2_title' is exist

2020-03-02 09:36:38 - [MESSAGE][PASSED] - Element 'Object Repository/iOS/Voucher List Page/vouchlist_vouch2_title' is exist

2020-03-02 09:36:38 - [TEST_STEP][PASSED] - verifyElementExist(findTestObject("iOS/Voucher List Page/vouchlist_vouch2_title"), 1, CONTINUE_ON_FAILURE): Element 'Object Repository/iOS/Voucher List Page/vouchlist_vouch2_title' is exist

2020-03-02 09:36:44 - [MESSAGE][PASSED] - Element 'Object Repository/iOS/Voucher List Page/vouchlist_vouch2_title' is exist

2020-03-02 09:36:44 - [TEST_STEP][PASSED] - verifyElementVisible(findTestObject("iOS/Voucher List Page/vouchlist_vouch2_title"), 1, CONTINUE_ON_FAILURE): Element 'Object Repository/iOS/Voucher List Page/vouchlist_vouch2_title' is visible

2020-03-02 09:36:51 - [MESSAGE][PASSED] - Element 'Object Repository/iOS/Voucher List Page/vouchlist_vouch2_title' is visible

2020-03-02 09:36:51 - [TEST_STEP][PASSED] - getText(findTestObject("iOS/Voucher List Page/vouchlist_vouch2_redeemamt"), 1, CONTINUE_ON_FAILURE): Text of element 'Object Repository/iOS/Voucher List Page/vouchlist_vouch2_redeemamt' is: 'Redeemed 0/1'

2020-03-02 09:36:59 - [MESSAGE][PASSED] - Text of element 'Object Repository/iOS/Voucher List Page/vouchlist_vouch2_redeemamt' is: 'Redeemed 0/1'

2020-03-02 09:36:59 - [TEST_STEP][PASSED] - getText(findTestObject("iOS/Voucher List Page/vouchlist_vouch2_redeemamt"), 1, CONTINUE_ON_FAILURE): Text of element 'Object Repository/iOS/Voucher List Page/vouchlist_vouch2_redeemamt' is: 'Redeemed 0/1'

2020-03-02 09:37:08 - [MESSAGE][PASSED] - Text of element 'Object Repository/iOS/Voucher List Page/vouchlist_vouch2_redeemamt' is: 'Redeemed 0/1'

2020-03-02 09:37:08 - [TEST_STEP][PASSED] - verifyElementVisible(findTestObject("iOS/Voucher List Page/vouchlist_vouch2_redeemamt"), 1, CONTINUE_ON_FAILURE): Element 'Object Repository/iOS/Voucher List Page/vouchlist_vouch2_redeemamt' is visible

2020-03-02 09:37:17 - [MESSAGE][PASSED] - Element 'Object Repository/iOS/Voucher List Page/vouchlist_vouch2_redeemamt' is visible

2020-03-02 09:37:17 - [TEST_STEP][PASSED] - getText(findTestObject("iOS/Voucher List Page/vouchlist_vouch2_desc_price"), 1, CONTINUE_ON_FAILURE): Text of element 'Object Repository/iOS/Voucher List Page/vouchlist_vouch2_desc_price' is: '15 KFC Points'

2020-03-02 09:37:24 - [MESSAGE][PASSED] - Text of element 'Object Repository/iOS/Voucher List Page/vouchlist_vouch2_desc_price' is: '15 KFC Points'

2020-03-02 09:37:24 - [TEST_STEP][PASSED] - getText(findTestObject("iOS/Voucher List Page/vouchlist_vouch2_desc_price"), 1, CONTINUE_ON_FAILURE): Text of element 'Object Repository/iOS/Voucher List Page/vouchlist_vouch2_desc_price' is: '15 KFC Points'

2020-03-02 09:37:30 - [MESSAGE][PASSED] - Text of element 'Object Repository/iOS/Voucher List Page/vouchlist_vouch2_desc_price' is: '15 KFC Points'

2020-03-02 09:37:30 - [TEST_STEP][PASSED] - verifyElementVisible(findTestObject("iOS/Voucher List Page/vouchlist_vouch2_desc_price"), 1, CONTINUE_ON_FAILURE): Element 'Object Repository/iOS/Voucher List Page/vouchlist_vouch2_desc_price' is visible

2020-03-02 09:37:37 - [MESSAGE][PASSED] - Element 'Object Repository/iOS/Voucher List Page/vouchlist_vouch2_desc_price' is visible

2020-03-02 09:37:37 - [TEST_STEP][PASSED] - getText(findTestObject("iOS/Voucher List Page/vouchlist_vouch2_btnRedeem_text"), 1, CONTINUE_ON_FAILURE): Text of element 'Object Repository/iOS/Voucher List Page/vouchlist_vouch2_btnRedeem_text' is: 'REDEEM'

2020-03-02 09:37:44 - [MESSAGE][PASSED] - Text of element 'Object Repository/iOS/Voucher List Page/vouchlist_vouch2_btnRedeem_text' is: 'REDEEM'

2020-03-02 09:37:44 - [TEST_STEP][PASSED] - verifyElementVisible(findTestObject("iOS/Voucher List Page/vouchlist_vouch2_btnRedeem_text"), 1, CONTINUE_ON_FAILURE): Element 'Object Repository/iOS/Voucher List Page/vouchlist_vouch2_btnRedeem_text' is visible

2020-03-02 09:37:51 - [MESSAGE][PASSED] - Element 'Object Repository/iOS/Voucher List Page/vouchlist_vouch2_btnRedeem_text' is visible

2020-03-02 09:37:51 - [TEST_STEP][PASSED] - getText(findTestObject("iOS/Voucher List Page/vouchlist_vouch2_btnRedeem_text"), 1, CONTINUE_ON_FAILURE): Text of element 'Object Repository/iOS/Voucher List Page/vouchlist_vouch2_btnRedeem_text' is: 'REDEEM'

2020-03-02 09:37:58 - [MESSAGE][PASSED] - Text of element 'Object Repository/iOS/Voucher List Page/vouchlist_vouch2_btnRedeem_text' is: 'REDEEM'

2020-03-02 09:37:58 - [TEST_STEP][PASSED] - getText(findTestObject("iOS/Voucher List Page/vouchlist_vouch2_btnRedeem"), 1, CONTINUE_ON_FAILURE): Text of element 'Object Repository/iOS/Voucher List Page/vouchlist_vouch2_btnRedeem' is: 'REDEEM'

2020-03-02 09:38:05 - [MESSAGE][PASSED] - Text of element 'Object Repository/iOS/Voucher List Page/vouchlist_vouch2_btnRedeem' is: 'REDEEM'

2020-03-02 09:38:05 - [TEST_STEP][PASSED] - verifyElementVisible(findTestObject("iOS/Voucher List Page/vouchlist_vouch2_btnRedeem"), 1, CONTINUE_ON_FAILURE): Element 'Object Repository/iOS/Voucher List Page/vouchlist_vouch2_btnRedeem' is visible

2020-03-02 09:38:12 - [MESSAGE][PASSED] - Element 'Object Repository/iOS/Voucher List Page/vouchlist_vouch2_btnRedeem' is visible

2020-03-02 09:38:12 - [TEST_STEP][PASSED] - swipe(100, 600, 100, 50, CONTINUE_ON_FAILURE): Swiped from 100,600 to 100,50

2020-03-02 09:38:13 - [MESSAGE][PASSED] - Swiped from 100,600 to 100,50

2020-03-02 09:38:13 - [TEST_STEP][PASSED] - takeScreenshot(): Screenshot is taken

2020-03-02 09:38:14 - [MESSAGE][PASSED] - Screenshot is taken
[[ATTACHMENT|/Users/bambangtripamungkas/git/KFCiOS/Reports/20200302_092940/Regression Test - Voucher Shop/20200302_092940/1583116693670.png]]]]></system-out>
         <system-err><![CDATA[]]></system-err>
      </testcase>
      <testcase name="Test Cases/p. RegressioniOS - Voucher Shop/2. Tap View Detail on Voucher Shop" time="212.446" classname="Test Cases/p. RegressioniOS - Voucher Shop/2. Tap View Detail on Voucher Shop" status="PASSED">
         <system-out><![CDATA[2020-03-02 09:38:14 - [TEST_CASE][PASSED] - Test Cases/p. RegressioniOS - Voucher Shop/2. Tap View Detail on Voucher Shop: Test Cases/p. RegressioniOS - Voucher Shop/2. Tap View Detail on Voucher Shop

2020-03-02 09:38:14 - [TEST_STEP][PASSED] - startExistingApplication("com.kfcjv.staging", STOP_ON_FAILURE): Starting app with application ID: 'com.kfcjv.staging'

2020-03-02 09:38:29 - [MESSAGE][PASSED] - Starting app with application ID: 'com.kfcjv.staging'

2020-03-02 09:38:29 - [TEST_STEP][PASSED] - verifyElementExist(findTestObject("iOS/Home Page/home_points_btnRedeem"), 2, CONTINUE_ON_FAILURE): Element 'Object Repository/iOS/Home Page/home_points_btnRedeem' is exist

2020-03-02 09:38:33 - [MESSAGE][PASSED] - Element 'Object Repository/iOS/Home Page/home_points_btnRedeem' is exist

2020-03-02 09:38:33 - [TEST_STEP][PASSED] - tap(findTestObject("iOS/Home Page/home_points_btnRedeem"), 1, STOP_ON_FAILURE): Tapped on element 'Object Repository/iOS/Home Page/home_points_btnRedeem'

2020-03-02 09:38:37 - [MESSAGE][PASSED] - Tapped on element 'Object Repository/iOS/Home Page/home_points_btnRedeem'

2020-03-02 09:38:37 - [TEST_STEP][PASSED] - waitForElementPresent(findTestObject("iOS/Home Page/Choose Action Prompt/chaction_redeem_btnNext"), 1, CONTINUE_ON_FAILURE): Element 'Object Repository/iOS/Home Page/Choose Action Prompt/chaction_redeem_btnNext' is present

2020-03-02 09:38:39 - [MESSAGE][PASSED] - Element 'Object Repository/iOS/Home Page/Choose Action Prompt/chaction_redeem_btnNext' is present

2020-03-02 09:38:39 - [TEST_STEP][PASSED] - delay(2): Delayed 2 second(s)

2020-03-02 09:38:41 - [MESSAGE][PASSED] - Delayed 2 second(s)

2020-03-02 09:38:41 - [TEST_STEP][PASSED] - tap(findTestObject("iOS/Home Page/Choose Action Prompt/chaction_redeem_title"), 1, STOP_ON_FAILURE): Tapped on element 'Object Repository/iOS/Home Page/Choose Action Prompt/chaction_redeem_title'

2020-03-02 09:38:44 - [MESSAGE][PASSED] - Tapped on element 'Object Repository/iOS/Home Page/Choose Action Prompt/chaction_redeem_title'

2020-03-02 09:38:44 - [TEST_STEP][PASSED] - delay(2): Delayed 2 second(s)

2020-03-02 09:38:46 - [MESSAGE][PASSED] - Delayed 2 second(s)

2020-03-02 09:38:46 - [TEST_STEP][PASSED] - verifyElementExist(findTestObject("iOS/Voucher List Page/vouchlist_vouch1_title"), 2, CONTINUE_ON_FAILURE): Element 'Object Repository/iOS/Voucher List Page/vouchlist_vouch1_title' is exist

2020-03-02 09:39:36 - [MESSAGE][PASSED] - Element 'Object Repository/iOS/Voucher List Page/vouchlist_vouch1_title' is exist

2020-03-02 09:39:36 - [TEST_STEP][PASSED] - tap(findTestObject("iOS/Voucher List Page/vouchlist_vouch1_redeemamt"), 1, STOP_ON_FAILURE): Tapped on element 'Object Repository/iOS/Voucher List Page/vouchlist_vouch1_redeemamt'

2020-03-02 09:39:45 - [MESSAGE][PASSED] - Tapped on element 'Object Repository/iOS/Voucher List Page/vouchlist_vouch1_redeemamt'

2020-03-02 09:39:45 - [TEST_STEP][PASSED] - delay(5): Delayed 5 second(s)

2020-03-02 09:39:50 - [MESSAGE][PASSED] - Delayed 5 second(s)

2020-03-02 09:39:50 - [TEST_STEP][PASSED] - waitForElementPresent(findTestObject("iOS/Voucher Detail Page/vouchdet_info_title"), 1): Element 'Object Repository/iOS/Voucher Detail Page/vouchdet_info_title' is present

2020-03-02 09:39:51 - [MESSAGE][PASSED] - Element 'Object Repository/iOS/Voucher Detail Page/vouchdet_info_title' is present

2020-03-02 09:39:51 - [TEST_STEP][PASSED] - verifyElementExist(findTestObject("iOS/Voucher Detail Page/vouchdet_header_btnBack"), 1, CONTINUE_ON_FAILURE): Element 'Object Repository/iOS/Voucher Detail Page/vouchdet_header_btnBack' is exist

2020-03-02 09:39:53 - [MESSAGE][PASSED] - Element 'Object Repository/iOS/Voucher Detail Page/vouchdet_header_btnBack' is exist

2020-03-02 09:39:53 - [TEST_STEP][PASSED] - verifyElementVisible(findTestObject("iOS/Voucher Detail Page/vouchdet_header_btnBack"), 1, CONTINUE_ON_FAILURE): Element 'Object Repository/iOS/Voucher Detail Page/vouchdet_header_btnBack' is visible

2020-03-02 09:39:55 - [MESSAGE][PASSED] - Element 'Object Repository/iOS/Voucher Detail Page/vouchdet_header_btnBack' is visible

2020-03-02 09:39:55 - [TEST_STEP][PASSED] - verifyElementExist(findTestObject("iOS/Voucher Detail Page/vouchdet_header_title"), 1, CONTINUE_ON_FAILURE): Element 'Object Repository/iOS/Voucher Detail Page/vouchdet_header_title' is exist

2020-03-02 09:39:57 - [MESSAGE][PASSED] - Element 'Object Repository/iOS/Voucher Detail Page/vouchdet_header_title' is exist

2020-03-02 09:39:57 - [TEST_STEP][PASSED] - verifyElementVisible(findTestObject("iOS/Voucher Detail Page/vouchdet_header_title"), 1, CONTINUE_ON_FAILURE): Element 'Object Repository/iOS/Voucher Detail Page/vouchdet_header_title' is visible

2020-03-02 09:39:59 - [MESSAGE][PASSED] - Element 'Object Repository/iOS/Voucher Detail Page/vouchdet_header_title' is visible

2020-03-02 09:39:59 - [TEST_STEP][PASSED] - getText(findTestObject("iOS/Voucher Detail Page/vouchdet_header_title"), 1, CONTINUE_ON_FAILURE): Text of element 'Object Repository/iOS/Voucher Detail Page/vouchdet_header_title' is: 'VOUCHER DETAIL'

2020-03-02 09:40:01 - [MESSAGE][PASSED] - Text of element 'Object Repository/iOS/Voucher Detail Page/vouchdet_header_title' is: 'VOUCHER DETAIL'

2020-03-02 09:40:01 - [TEST_STEP][PASSED] - verifyElementExist(findTestObject("iOS/Voucher Detail Page/vouchdet_info_imgCoupon"), 1, CONTINUE_ON_FAILURE): Element 'Object Repository/iOS/Voucher Detail Page/vouchdet_info_imgCoupon' is exist

2020-03-02 09:40:03 - [MESSAGE][PASSED] - Element 'Object Repository/iOS/Voucher Detail Page/vouchdet_info_imgCoupon' is exist

2020-03-02 09:40:03 - [TEST_STEP][PASSED] - verifyElementExist(findTestObject("iOS/Voucher Detail Page/vouchdet_info_title"), 1, CONTINUE_ON_FAILURE): Element 'Object Repository/iOS/Voucher Detail Page/vouchdet_info_title' is exist

2020-03-02 09:40:05 - [MESSAGE][PASSED] - Element 'Object Repository/iOS/Voucher Detail Page/vouchdet_info_title' is exist

2020-03-02 09:40:05 - [TEST_STEP][PASSED] - verifyElementVisible(findTestObject("iOS/Voucher Detail Page/vouchdet_info_title"), 1, CONTINUE_ON_FAILURE): Element 'Object Repository/iOS/Voucher Detail Page/vouchdet_info_title' is visible

2020-03-02 09:40:07 - [MESSAGE][PASSED] - Element 'Object Repository/iOS/Voucher Detail Page/vouchdet_info_title' is visible

2020-03-02 09:40:07 - [TEST_STEP][PASSED] - getText(findTestObject("iOS/Voucher Detail Page/vouchdet_info_title"), 1, CONTINUE_ON_FAILURE): Text of element 'Object Repository/iOS/Voucher Detail Page/vouchdet_info_title' is: 'voucher limit'

2020-03-02 09:40:09 - [MESSAGE][PASSED] - Text of element 'Object Repository/iOS/Voucher Detail Page/vouchdet_info_title' is: 'voucher limit'

2020-03-02 09:40:09 - [TEST_STEP][PASSED] - verifyElementExist(findTestObject("iOS/Voucher Detail Page/vouchdet_info_desc"), 1, CONTINUE_ON_FAILURE): Element 'Object Repository/iOS/Voucher Detail Page/vouchdet_info_desc' is exist

2020-03-02 09:40:11 - [MESSAGE][PASSED] - Element 'Object Repository/iOS/Voucher Detail Page/vouchdet_info_desc' is exist

2020-03-02 09:40:11 - [TEST_STEP][PASSED] - verifyElementVisible(findTestObject("iOS/Voucher Detail Page/vouchdet_info_desc"), 1, CONTINUE_ON_FAILURE): Element 'Object Repository/iOS/Voucher Detail Page/vouchdet_info_desc' is visible

2020-03-02 09:40:13 - [MESSAGE][PASSED] - Element 'Object Repository/iOS/Voucher Detail Page/vouchdet_info_desc' is visible

2020-03-02 09:40:13 - [TEST_STEP][PASSED] - getText(findTestObject("iOS/Voucher Detail Page/vouchdet_info_desc"), 1, CONTINUE_ON_FAILURE): Text of element 'Object Repository/iOS/Voucher Detail Page/vouchdet_info_desc' is: 'check max min'

2020-03-02 09:40:16 - [MESSAGE][PASSED] - Text of element 'Object Repository/iOS/Voucher Detail Page/vouchdet_info_desc' is: 'check max min'

2020-03-02 09:40:16 - [TEST_STEP][PASSED] - verifyElementVisible(findTestObject("iOS/Voucher Detail Page/vouchdet_info_desc_price"), 1, CONTINUE_ON_FAILURE): Element 'Object Repository/iOS/Voucher Detail Page/vouchdet_info_desc_price' is visible

2020-03-02 09:40:18 - [MESSAGE][PASSED] - Element 'Object Repository/iOS/Voucher Detail Page/vouchdet_info_desc_price' is visible

2020-03-02 09:40:18 - [TEST_STEP][PASSED] - getText(findTestObject("iOS/Voucher Detail Page/vouchdet_info_desc_price"), 1, CONTINUE_ON_FAILURE): Text of element 'Object Repository/iOS/Voucher Detail Page/vouchdet_info_desc_price' is: '10 KFC Points'

2020-03-02 09:40:20 - [MESSAGE][PASSED] - Text of element 'Object Repository/iOS/Voucher Detail Page/vouchdet_info_desc_price' is: '10 KFC Points'

2020-03-02 09:40:20 - [TEST_STEP][PASSED] - verifyElementExist(findTestObject("iOS/Voucher Detail Page/vouchdet_info_desc_price"), 1, CONTINUE_ON_FAILURE): Element 'Object Repository/iOS/Voucher Detail Page/vouchdet_info_desc_price' is exist

2020-03-02 09:40:22 - [MESSAGE][PASSED] - Element 'Object Repository/iOS/Voucher Detail Page/vouchdet_info_desc_price' is exist

2020-03-02 09:40:22 - [TEST_STEP][PASSED] - verifyElementExist(findTestObject("iOS/Voucher Detail Page/vouchdet_voucherimage"), 1, CONTINUE_ON_FAILURE): Element 'Object Repository/iOS/Voucher Detail Page/vouchdet_voucherimage' is exist

2020-03-02 09:40:24 - [MESSAGE][PASSED] - Element 'Object Repository/iOS/Voucher Detail Page/vouchdet_voucherimage' is exist

2020-03-02 09:40:24 - [TEST_STEP][PASSED] - verifyElementExist(findTestObject("iOS/Voucher Detail Page/vouchdet_info_desc_redeemamt"), 1, CONTINUE_ON_FAILURE): Element 'Object Repository/iOS/Voucher Detail Page/vouchdet_info_desc_redeemamt' is exist

2020-03-02 09:40:26 - [MESSAGE][PASSED] - Element 'Object Repository/iOS/Voucher Detail Page/vouchdet_info_desc_redeemamt' is exist

2020-03-02 09:40:26 - [TEST_STEP][PASSED] - verifyElementVisible(findTestObject("iOS/Voucher Detail Page/vouchdet_info_desc_redeemamt"), 1, CONTINUE_ON_FAILURE): Element 'Object Repository/iOS/Voucher Detail Page/vouchdet_info_desc_redeemamt' is visible

2020-03-02 09:40:28 - [MESSAGE][PASSED] - Element 'Object Repository/iOS/Voucher Detail Page/vouchdet_info_desc_redeemamt' is visible

2020-03-02 09:40:28 - [TEST_STEP][PASSED] - getText(findTestObject("iOS/Voucher Detail Page/vouchdet_info_desc_redeemamt"), 1, CONTINUE_ON_FAILURE): Text of element 'Object Repository/iOS/Voucher Detail Page/vouchdet_info_desc_redeemamt' is: 'Redeemed 0/1'

2020-03-02 09:40:30 - [MESSAGE][PASSED] - Text of element 'Object Repository/iOS/Voucher Detail Page/vouchdet_info_desc_redeemamt' is: 'Redeemed 0/1'

2020-03-02 09:40:30 - [TEST_STEP][PASSED] - verifyElementExist(findTestObject("iOS/Voucher Detail Page/vouchdet_btnCancel_text"), 1, CONTINUE_ON_FAILURE): Element 'Object Repository/iOS/Voucher Detail Page/vouchdet_btnCancel_text' is exist

2020-03-02 09:40:32 - [MESSAGE][PASSED] - Element 'Object Repository/iOS/Voucher Detail Page/vouchdet_btnCancel_text' is exist

2020-03-02 09:40:32 - [TEST_STEP][PASSED] - verifyElementVisible(findTestObject("iOS/Voucher Detail Page/vouchdet_btnCancel_text"), 1, CONTINUE_ON_FAILURE): Element 'Object Repository/iOS/Voucher Detail Page/vouchdet_btnCancel_text' is visible

2020-03-02 09:40:34 - [MESSAGE][PASSED] - Element 'Object Repository/iOS/Voucher Detail Page/vouchdet_btnCancel_text' is visible

2020-03-02 09:40:34 - [TEST_STEP][PASSED] - getText(findTestObject("iOS/Voucher Detail Page/vouchdet_btnCancel_text"), 1, CONTINUE_ON_FAILURE): Text of element 'Object Repository/iOS/Voucher Detail Page/vouchdet_btnCancel_text' is: 'Cancel'

2020-03-02 09:40:36 - [MESSAGE][PASSED] - Text of element 'Object Repository/iOS/Voucher Detail Page/vouchdet_btnCancel_text' is: 'Cancel'

2020-03-02 09:40:36 - [TEST_STEP][PASSED] - verifyElementExist(findTestObject("iOS/Voucher Detail Page/vouchdet_btnCancel"), 1, CONTINUE_ON_FAILURE): Element 'Object Repository/iOS/Voucher Detail Page/vouchdet_btnCancel' is exist

2020-03-02 09:40:38 - [MESSAGE][PASSED] - Element 'Object Repository/iOS/Voucher Detail Page/vouchdet_btnCancel' is exist

2020-03-02 09:40:38 - [TEST_STEP][PASSED] - verifyElementVisible(findTestObject("iOS/Voucher Detail Page/vouchdet_btnCancel"), 1, CONTINUE_ON_FAILURE): Element 'Object Repository/iOS/Voucher Detail Page/vouchdet_btnCancel' is visible

2020-03-02 09:40:40 - [MESSAGE][PASSED] - Element 'Object Repository/iOS/Voucher Detail Page/vouchdet_btnCancel' is visible

2020-03-02 09:40:40 - [TEST_STEP][PASSED] - verifyElementExist(findTestObject("iOS/Voucher Detail Page/vouchdet_btnConfirm_text"), 1, CONTINUE_ON_FAILURE): Element 'Object Repository/iOS/Voucher Detail Page/vouchdet_btnConfirm_text' is exist

2020-03-02 09:40:42 - [MESSAGE][PASSED] - Element 'Object Repository/iOS/Voucher Detail Page/vouchdet_btnConfirm_text' is exist

2020-03-02 09:40:42 - [TEST_STEP][PASSED] - verifyElementVisible(findTestObject("iOS/Voucher Detail Page/vouchdet_btnConfirm_text"), 1, CONTINUE_ON_FAILURE): Element 'Object Repository/iOS/Voucher Detail Page/vouchdet_btnConfirm_text' is visible

2020-03-02 09:40:44 - [MESSAGE][PASSED] - Element 'Object Repository/iOS/Voucher Detail Page/vouchdet_btnConfirm_text' is visible

2020-03-02 09:40:44 - [TEST_STEP][PASSED] - getText(findTestObject("iOS/Voucher Detail Page/vouchdet_btnConfirm_text"), 1, CONTINUE_ON_FAILURE): Text of element 'Object Repository/iOS/Voucher Detail Page/vouchdet_btnConfirm_text' is: 'Confirm'

2020-03-02 09:40:46 - [MESSAGE][PASSED] - Text of element 'Object Repository/iOS/Voucher Detail Page/vouchdet_btnConfirm_text' is: 'Confirm'

2020-03-02 09:40:46 - [TEST_STEP][PASSED] - verifyElementExist(findTestObject("iOS/Voucher Detail Page/vouchdet_btnConfirm"), 1, CONTINUE_ON_FAILURE): Element 'Object Repository/iOS/Voucher Detail Page/vouchdet_btnConfirm' is exist

2020-03-02 09:40:48 - [MESSAGE][PASSED] - Element 'Object Repository/iOS/Voucher Detail Page/vouchdet_btnConfirm' is exist

2020-03-02 09:40:48 - [TEST_STEP][PASSED] - verifyElementVisible(findTestObject("iOS/Voucher Detail Page/vouchdet_btnConfirm"), 1, CONTINUE_ON_FAILURE): Element 'Object Repository/iOS/Voucher Detail Page/vouchdet_btnConfirm' is visible

2020-03-02 09:40:50 - [MESSAGE][PASSED] - Element 'Object Repository/iOS/Voucher Detail Page/vouchdet_btnConfirm' is visible

2020-03-02 09:40:50 - [TEST_STEP][PASSED] - verifyElementExist(findTestObject("iOS/Voucher Detail Page/vouchdet_TC_btnTC_text"), 1, CONTINUE_ON_FAILURE): Element 'Object Repository/iOS/Voucher Detail Page/vouchdet_TC_btnTC_text' is exist

2020-03-02 09:40:52 - [MESSAGE][PASSED] - Element 'Object Repository/iOS/Voucher Detail Page/vouchdet_TC_btnTC_text' is exist

2020-03-02 09:40:52 - [TEST_STEP][PASSED] - verifyElementVisible(findTestObject("iOS/Voucher Detail Page/vouchdet_TC_btnTC_text"), 1, CONTINUE_ON_FAILURE): Element 'Object Repository/iOS/Voucher Detail Page/vouchdet_TC_btnTC_text' is visible

2020-03-02 09:40:54 - [MESSAGE][PASSED] - Element 'Object Repository/iOS/Voucher Detail Page/vouchdet_TC_btnTC_text' is visible

2020-03-02 09:40:54 - [TEST_STEP][PASSED] - getText(findTestObject("iOS/Voucher Detail Page/vouchdet_TC_btnTC_text"), 1, CONTINUE_ON_FAILURE): Text of element 'Object Repository/iOS/Voucher Detail Page/vouchdet_TC_btnTC_text' is: 'Terms & Conditions'

2020-03-02 09:40:56 - [MESSAGE][PASSED] - Text of element 'Object Repository/iOS/Voucher Detail Page/vouchdet_TC_btnTC_text' is: 'Terms & Conditions'

2020-03-02 09:40:56 - [TEST_STEP][PASSED] - verifyElementExist(findTestObject("iOS/Voucher Detail Page/vouchdet_TC_btnTC"), 1, CONTINUE_ON_FAILURE): Element 'Object Repository/iOS/Voucher Detail Page/vouchdet_TC_btnTC' is exist

2020-03-02 09:40:58 - [MESSAGE][PASSED] - Element 'Object Repository/iOS/Voucher Detail Page/vouchdet_TC_btnTC' is exist

2020-03-02 09:40:58 - [TEST_STEP][PASSED] - verifyElementVisible(findTestObject("iOS/Voucher Detail Page/vouchdet_TC_btnTC"), 1, CONTINUE_ON_FAILURE): Element 'Object Repository/iOS/Voucher Detail Page/vouchdet_TC_btnTC' is visible

2020-03-02 09:41:00 - [MESSAGE][PASSED] - Element 'Object Repository/iOS/Voucher Detail Page/vouchdet_TC_btnTC' is visible

2020-03-02 09:41:00 - [TEST_STEP][PASSED] - verifyElementExist(findTestObject("iOS/Voucher Detail Page/vouchdet_TC_desc"), 1, CONTINUE_ON_FAILURE): Element 'Object Repository/iOS/Voucher Detail Page/vouchdet_TC_desc' is exist

2020-03-02 09:41:05 - [MESSAGE][PASSED] - Element 'Object Repository/iOS/Voucher Detail Page/vouchdet_TC_desc' is exist

2020-03-02 09:41:05 - [TEST_STEP][PASSED] - verifyElementVisible(findTestObject("iOS/Voucher Detail Page/vouchdet_TC_desc"), 1, CONTINUE_ON_FAILURE): Element 'Object Repository/iOS/Voucher Detail Page/vouchdet_TC_desc' is visible

2020-03-02 09:41:11 - [MESSAGE][PASSED] - Element 'Object Repository/iOS/Voucher Detail Page/vouchdet_TC_desc' is visible

2020-03-02 09:41:11 - [TEST_STEP][PASSED] - getText(findTestObject("iOS/Voucher Detail Page/vouchdet_TC_desc"), 1, CONTINUE_ON_FAILURE): Text of element 'Object Repository/iOS/Voucher Detail Page/vouchdet_TC_desc' is: 'VOUCHER DETAIL'

2020-03-02 09:41:16 - [MESSAGE][PASSED] - Text of element 'Object Repository/iOS/Voucher Detail Page/vouchdet_TC_desc' is: 'VOUCHER DETAIL'

2020-03-02 09:41:16 - [TEST_STEP][PASSED] - tap(findTestObject("iOS/Voucher Detail Page/vouchdet_howto_btnHowto"), 1, STOP_ON_FAILURE): Tapped on element 'Object Repository/iOS/Voucher Detail Page/vouchdet_howto_btnHowto'

2020-03-02 09:41:18 - [MESSAGE][PASSED] - Tapped on element 'Object Repository/iOS/Voucher Detail Page/vouchdet_howto_btnHowto'

2020-03-02 09:41:18 - [TEST_STEP][PASSED] - verifyElementExist(findTestObject("iOS/Voucher Detail Page/vouchdet_howto_btnHowto_text"), 1, CONTINUE_ON_FAILURE): Element 'Object Repository/iOS/Voucher Detail Page/vouchdet_howto_btnHowto_text' is exist

2020-03-02 09:41:20 - [MESSAGE][PASSED] - Element 'Object Repository/iOS/Voucher Detail Page/vouchdet_howto_btnHowto_text' is exist

2020-03-02 09:41:20 - [TEST_STEP][PASSED] - verifyElementVisible(findTestObject("iOS/Voucher Detail Page/vouchdet_howto_btnHowto_text"), 1, CONTINUE_ON_FAILURE): Element 'Object Repository/iOS/Voucher Detail Page/vouchdet_howto_btnHowto_text' is visible

2020-03-02 09:41:22 - [MESSAGE][PASSED] - Element 'Object Repository/iOS/Voucher Detail Page/vouchdet_howto_btnHowto_text' is visible

2020-03-02 09:41:22 - [TEST_STEP][PASSED] - getText(findTestObject("iOS/Voucher Detail Page/vouchdet_howto_btnHowto_text"), 1, CONTINUE_ON_FAILURE): Text of element 'Object Repository/iOS/Voucher Detail Page/vouchdet_howto_btnHowto_text' is: 'How To Use'

2020-03-02 09:41:24 - [MESSAGE][PASSED] - Text of element 'Object Repository/iOS/Voucher Detail Page/vouchdet_howto_btnHowto_text' is: 'How To Use'

2020-03-02 09:41:24 - [TEST_STEP][PASSED] - verifyElementExist(findTestObject("iOS/Voucher Detail Page/vouchdet_howto_btnHowto"), 1, CONTINUE_ON_FAILURE): Element 'Object Repository/iOS/Voucher Detail Page/vouchdet_howto_btnHowto' is exist

2020-03-02 09:41:26 - [MESSAGE][PASSED] - Element 'Object Repository/iOS/Voucher Detail Page/vouchdet_howto_btnHowto' is exist

2020-03-02 09:41:26 - [TEST_STEP][PASSED] - verifyElementVisible(findTestObject("iOS/Voucher Detail Page/vouchdet_howto_btnHowto"), 1, CONTINUE_ON_FAILURE): Element 'Object Repository/iOS/Voucher Detail Page/vouchdet_howto_btnHowto' is visible

2020-03-02 09:41:28 - [MESSAGE][PASSED] - Element 'Object Repository/iOS/Voucher Detail Page/vouchdet_howto_btnHowto' is visible

2020-03-02 09:41:28 - [TEST_STEP][PASSED] - verifyElementExist(findTestObject("iOS/Voucher Detail Page/vouchdet_howto_desc"), 1, CONTINUE_ON_FAILURE): Element 'Object Repository/iOS/Voucher Detail Page/vouchdet_howto_desc' is exist

2020-03-02 09:41:33 - [MESSAGE][PASSED] - Element 'Object Repository/iOS/Voucher Detail Page/vouchdet_howto_desc' is exist

2020-03-02 09:41:33 - [TEST_STEP][PASSED] - verifyElementVisible(findTestObject("iOS/Voucher Detail Page/vouchdet_howto_desc"), 1, CONTINUE_ON_FAILURE): Element 'Object Repository/iOS/Voucher Detail Page/vouchdet_howto_desc' is visible

2020-03-02 09:41:39 - [MESSAGE][PASSED] - Element 'Object Repository/iOS/Voucher Detail Page/vouchdet_howto_desc' is visible

2020-03-02 09:41:39 - [TEST_STEP][PASSED] - getText(findTestObject("iOS/Voucher Detail Page/vouchdet_howto_desc"), 1, CONTINUE_ON_FAILURE): Text of element 'Object Repository/iOS/Voucher Detail Page/vouchdet_howto_desc' is: 'VOUCHER DETAIL'

2020-03-02 09:41:44 - [MESSAGE][PASSED] - Text of element 'Object Repository/iOS/Voucher Detail Page/vouchdet_howto_desc' is: 'VOUCHER DETAIL'

2020-03-02 09:41:44 - [TEST_STEP][PASSED] - tap(findTestObject("iOS/Voucher Detail Page/vouchdet_btnCancel"), 1): Tapped on element 'Object Repository/iOS/Voucher Detail Page/vouchdet_btnCancel'

2020-03-02 09:41:46 - [MESSAGE][PASSED] - Tapped on element 'Object Repository/iOS/Voucher Detail Page/vouchdet_btnCancel']]></system-out>
         <system-err><![CDATA[]]></system-err>
      </testcase>
      <testcase name="Test Cases/p. RegressioniOS - Voucher Shop/3. Redeem Voucher from Voucher LIst" time="182.225" classname="Test Cases/p. RegressioniOS - Voucher Shop/3. Redeem Voucher from Voucher LIst" status="FAILED">
         <failure type="FAILED" message="Test Cases/p. RegressioniOS - Voucher Shop/3. Redeem Voucher from Voucher LIst FAILED.
Reason:
com.kms.katalon.core.exception.StepFailedException: Element 'Object Repository/iOS/Voucher List Page/Redeem Pop Up/redeempop_info_title' not found
	at com.kms.katalon.core.keyword.internal.KeywordMain.stepFailed(KeywordMain.groovy:39)
	at com.kms.katalon.core.mobile.keyword.internal.MobileKeywordMain.stepFailed(MobileKeywordMain.groovy:40)
	at com.kms.katalon.core.mobile.keyword.builtin.VerifyElementExistKeyword$_verifyElementExist_closure1.doCall(VerifyElementExistKeyword.groovy:77)
	at com.kms.katalon.core.mobile.keyword.builtin.VerifyElementExistKeyword$_verifyElementExist_closure1.call(VerifyElementExistKeyword.groovy)
	at com.kms.katalon.core.mobile.keyword.internal.MobileKeywordMain.runKeyword(MobileKeywordMain.groovy:21)
	at com.kms.katalon.core.mobile.keyword.builtin.VerifyElementExistKeyword.verifyElementExist(VerifyElementExistKeyword.groovy:80)
	at com.kms.katalon.core.mobile.keyword.builtin.VerifyElementExistKeyword.execute(VerifyElementExistKeyword.groovy:64)
	at com.kms.katalon.core.keyword.internal.KeywordExecutor.executeKeywordForPlatform(KeywordExecutor.groovy:60)
	at com.kms.katalon.core.mobile.keyword.MobileBuiltInKeywords.verifyElementExist(MobileBuiltInKeywords.groovy:640)
	at com.kms.katalon.core.mobile.keyword.MobileBuiltInKeywords$verifyElementExist$0.call(Unknown Source)
	at 3. Redeem Voucher from Voucher LIst.run(3. Redeem Voucher from Voucher LIst:48)
	at com.kms.katalon.core.main.ScriptEngine.run(ScriptEngine.java:194)
	at com.kms.katalon.core.main.ScriptEngine.runScriptAsRawText(ScriptEngine.java:119)
	at com.kms.katalon.core.main.TestCaseExecutor.runScript(TestCaseExecutor.java:337)
	at com.kms.katalon.core.main.TestCaseExecutor.doExecute(TestCaseExecutor.java:328)
	at com.kms.katalon.core.main.TestCaseExecutor.processExecutionPhase(TestCaseExecutor.java:307)
	at com.kms.katalon.core.main.TestCaseExecutor.accessMainPhase(TestCaseExecutor.java:299)
	at com.kms.katalon.core.main.TestCaseExecutor.execute(TestCaseExecutor.java:233)
	at com.kms.katalon.core.main.TestSuiteExecutor.accessTestCaseMainPhase(TestSuiteExecutor.java:169)
	at com.kms.katalon.core.main.TestSuiteExecutor.accessTestSuiteMainPhase(TestSuiteExecutor.java:142)
	at com.kms.katalon.core.main.TestSuiteExecutor.execute(TestSuiteExecutor.java:91)
	at com.kms.katalon.core.main.TestCaseMain.startTestSuite(TestCaseMain.java:157)
	at com.kms.katalon.core.main.TestCaseMain$startTestSuite$0.call(Unknown Source)
	at TempTestSuite1583116180651.run(TempTestSuite1583116180651.groovy:36)
"/>
         <system-out><![CDATA[2020-03-02 09:41:46 - [TEST_CASE][FAILED] - Test Cases/p. RegressioniOS - Voucher Shop/3. Redeem Voucher from Voucher LIst: Test Cases/p. RegressioniOS - Voucher Shop/3. Redeem Voucher from Voucher LIst FAILED.
Reason:
com.kms.katalon.core.exception.StepFailedException: Element 'Object Repository/iOS/Voucher List Page/Redeem Pop Up/redeempop_info_title' not found
	at com.kms.katalon.core.keyword.internal.KeywordMain.stepFailed(KeywordMain.groovy:39)
	at com.kms.katalon.core.mobile.keyword.internal.MobileKeywordMain.stepFailed(MobileKeywordMain.groovy:40)
	at com.kms.katalon.core.mobile.keyword.builtin.VerifyElementExistKeyword$_verifyElementExist_closure1.doCall(VerifyElementExistKeyword.groovy:77)
	at com.kms.katalon.core.mobile.keyword.builtin.VerifyElementExistKeyword$_verifyElementExist_closure1.call(VerifyElementExistKeyword.groovy)
	at com.kms.katalon.core.mobile.keyword.internal.MobileKeywordMain.runKeyword(MobileKeywordMain.groovy:21)
	at com.kms.katalon.core.mobile.keyword.builtin.VerifyElementExistKeyword.verifyElementExist(VerifyElementExistKeyword.groovy:80)
	at com.kms.katalon.core.mobile.keyword.builtin.VerifyElementExistKeyword.execute(VerifyElementExistKeyword.groovy:64)
	at com.kms.katalon.core.keyword.internal.KeywordExecutor.executeKeywordForPlatform(KeywordExecutor.groovy:60)
	at com.kms.katalon.core.mobile.keyword.MobileBuiltInKeywords.verifyElementExist(MobileBuiltInKeywords.groovy:640)
	at com.kms.katalon.core.mobile.keyword.MobileBuiltInKeywords$verifyElementExist$0.call(Unknown Source)
	at 3. Redeem Voucher from Voucher LIst.run(3. Redeem Voucher from Voucher LIst:48)
	at com.kms.katalon.core.main.ScriptEngine.run(ScriptEngine.java:194)
	at com.kms.katalon.core.main.ScriptEngine.runScriptAsRawText(ScriptEngine.java:119)
	at com.kms.katalon.core.main.TestCaseExecutor.runScript(TestCaseExecutor.java:337)
	at com.kms.katalon.core.main.TestCaseExecutor.doExecute(TestCaseExecutor.java:328)
	at com.kms.katalon.core.main.TestCaseExecutor.processExecutionPhase(TestCaseExecutor.java:307)
	at com.kms.katalon.core.main.TestCaseExecutor.accessMainPhase(TestCaseExecutor.java:299)
	at com.kms.katalon.core.main.TestCaseExecutor.execute(TestCaseExecutor.java:233)
	at com.kms.katalon.core.main.TestSuiteExecutor.accessTestCaseMainPhase(TestSuiteExecutor.java:169)
	at com.kms.katalon.core.main.TestSuiteExecutor.accessTestSuiteMainPhase(TestSuiteExecutor.java:142)
	at com.kms.katalon.core.main.TestSuiteExecutor.execute(TestSuiteExecutor.java:91)
	at com.kms.katalon.core.main.TestCaseMain.startTestSuite(TestCaseMain.java:157)
	at com.kms.katalon.core.main.TestCaseMain$startTestSuite$0.call(Unknown Source)
	at TempTestSuite1583116180651.run(TempTestSuite1583116180651.groovy:36)


2020-03-02 09:41:47 - [TEST_STEP][PASSED] - startExistingApplication("com.kfcjv.staging", STOP_ON_FAILURE): Starting app with application ID: 'com.kfcjv.staging'

2020-03-02 09:42:02 - [MESSAGE][PASSED] - Starting app with application ID: 'com.kfcjv.staging'

2020-03-02 09:42:02 - [TEST_STEP][PASSED] - verifyElementExist(findTestObject("iOS/Home Page/home_points_btnRedeem"), 2, CONTINUE_ON_FAILURE): Element 'Object Repository/iOS/Home Page/home_points_btnRedeem' is exist

2020-03-02 09:42:06 - [MESSAGE][PASSED] - Element 'Object Repository/iOS/Home Page/home_points_btnRedeem' is exist

2020-03-02 09:42:06 - [TEST_STEP][PASSED] - tap(findTestObject("iOS/Home Page/home_points_btnRedeem"), 1, STOP_ON_FAILURE): Tapped on element 'Object Repository/iOS/Home Page/home_points_btnRedeem'

2020-03-02 09:42:10 - [MESSAGE][PASSED] - Tapped on element 'Object Repository/iOS/Home Page/home_points_btnRedeem'

2020-03-02 09:42:10 - [TEST_STEP][PASSED] - waitForElementPresent(findTestObject("iOS/Home Page/Choose Action Prompt/chaction_redeem_btnNext"), 1, CONTINUE_ON_FAILURE): Element 'Object Repository/iOS/Home Page/Choose Action Prompt/chaction_redeem_btnNext' is present

2020-03-02 09:42:13 - [MESSAGE][PASSED] - Element 'Object Repository/iOS/Home Page/Choose Action Prompt/chaction_redeem_btnNext' is present

2020-03-02 09:42:13 - [TEST_STEP][PASSED] - delay(2): Delayed 2 second(s)

2020-03-02 09:42:16 - [MESSAGE][PASSED] - Delayed 2 second(s)

2020-03-02 09:42:16 - [TEST_STEP][PASSED] - tap(findTestObject("iOS/Home Page/Choose Action Prompt/chaction_redeem_title"), 1, STOP_ON_FAILURE): Tapped on element 'Object Repository/iOS/Home Page/Choose Action Prompt/chaction_redeem_title'

2020-03-02 09:42:18 - [MESSAGE][PASSED] - Tapped on element 'Object Repository/iOS/Home Page/Choose Action Prompt/chaction_redeem_title'

2020-03-02 09:42:18 - [TEST_STEP][PASSED] - delay(2): Delayed 2 second(s)

2020-03-02 09:42:20 - [MESSAGE][PASSED] - Delayed 2 second(s)

2020-03-02 09:42:20 - [TEST_STEP][PASSED] - verifyElementExist(findTestObject("iOS/Voucher List Page/vouchlist_vouch1_title"), 2, CONTINUE_ON_FAILURE): Element 'Object Repository/iOS/Voucher List Page/vouchlist_vouch1_title' is exist

2020-03-02 09:43:12 - [MESSAGE][PASSED] - Element 'Object Repository/iOS/Voucher List Page/vouchlist_vouch1_title' is exist

2020-03-02 09:43:12 - [TEST_STEP][PASSED] - tap(findTestObject("iOS/Voucher List Page/vouchlist_vouch1_btnRedeem"), 1, STOP_ON_FAILURE): Tapped on element 'Object Repository/iOS/Voucher List Page/vouchlist_vouch1_btnRedeem'

2020-03-02 09:43:19 - [MESSAGE][PASSED] - Tapped on element 'Object Repository/iOS/Voucher List Page/vouchlist_vouch1_btnRedeem'

2020-03-02 09:43:19 - [TEST_STEP][PASSED] - delay(2): Delayed 2 second(s)

2020-03-02 09:43:21 - [MESSAGE][PASSED] - Delayed 2 second(s)

2020-03-02 09:43:21 - [TEST_STEP][PASSED] - verifyElementExist(findTestObject("iOS/Voucher List Page/Redeem Pop Up/redeempop_header_btnX"), 1, CONTINUE_ON_FAILURE): Element 'Object Repository/iOS/Voucher List Page/Redeem Pop Up/redeempop_header_btnX' is exist

2020-03-02 09:43:23 - [MESSAGE][PASSED] - Element 'Object Repository/iOS/Voucher List Page/Redeem Pop Up/redeempop_header_btnX' is exist

2020-03-02 09:43:24 - [TEST_STEP][PASSED] - verifyElementVisible(findTestObject("iOS/Voucher List Page/Redeem Pop Up/redeempop_header_btnX"), 1, CONTINUE_ON_FAILURE): Element 'Object Repository/iOS/Voucher List Page/Redeem Pop Up/redeempop_header_btnX' is visible

2020-03-02 09:43:26 - [MESSAGE][PASSED] - Element 'Object Repository/iOS/Voucher List Page/Redeem Pop Up/redeempop_header_btnX' is visible

2020-03-02 09:43:26 - [TEST_STEP][PASSED] - verifyElementExist(findTestObject("iOS/Voucher List Page/Redeem Pop Up/redeempop_header_title_redeem"), 1, CONTINUE_ON_FAILURE): Element 'Object Repository/iOS/Voucher List Page/Redeem Pop Up/redeempop_header_title_redeem' is exist

2020-03-02 09:43:28 - [MESSAGE][PASSED] - Element 'Object Repository/iOS/Voucher List Page/Redeem Pop Up/redeempop_header_title_redeem' is exist

2020-03-02 09:43:28 - [TEST_STEP][PASSED] - verifyElementVisible(findTestObject("iOS/Voucher List Page/Redeem Pop Up/redeempop_header_title_redeem"), 1, CONTINUE_ON_FAILURE): Element 'Object Repository/iOS/Voucher List Page/Redeem Pop Up/redeempop_header_title_redeem' is visible

2020-03-02 09:43:31 - [MESSAGE][PASSED] - Element 'Object Repository/iOS/Voucher List Page/Redeem Pop Up/redeempop_header_title_redeem' is visible

2020-03-02 09:43:31 - [TEST_STEP][PASSED] - getText(findTestObject("iOS/Voucher List Page/Redeem Pop Up/redeempop_header_title_redeem"), 1, CONTINUE_ON_FAILURE): Text of element 'Object Repository/iOS/Voucher List Page/Redeem Pop Up/redeempop_header_title_redeem' is: 'REDEEM VOUCHER'

2020-03-02 09:43:34 - [MESSAGE][PASSED] - Text of element 'Object Repository/iOS/Voucher List Page/Redeem Pop Up/redeempop_header_title_redeem' is: 'REDEEM VOUCHER'

2020-03-02 09:43:34 - [TEST_STEP][FAILED] - verifyElementExist(findTestObject("iOS/Voucher List Page/Redeem Pop Up/redeempop_info_title"), 1, CONTINUE_ON_FAILURE): Element 'Object Repository/iOS/Voucher List Page/Redeem Pop Up/redeempop_info_title' not found

2020-03-02 09:43:36 - [MESSAGE][FAILED] - Element 'Object Repository/iOS/Voucher List Page/Redeem Pop Up/redeempop_info_title' not found
[[ATTACHMENT|/Users/bambangtripamungkas/git/KFCiOS/Reports/20200302_092940/Regression Test - Voucher Shop/20200302_092940/1583117016020.png]]

2020-03-02 09:43:36 - [TEST_STEP][FAILED] - verifyElementVisible(findTestObject("iOS/Voucher List Page/Redeem Pop Up/redeempop_info_title"), 1, CONTINUE_ON_FAILURE): Element 'Object Repository/iOS/Voucher List Page/Redeem Pop Up/redeempop_info_title' not found

2020-03-02 09:43:37 - [MESSAGE][FAILED] - Element 'Object Repository/iOS/Voucher List Page/Redeem Pop Up/redeempop_info_title' not found
[[ATTACHMENT|/Users/bambangtripamungkas/git/KFCiOS/Reports/20200302_092940/Regression Test - Voucher Shop/20200302_092940/1583117017763.png]]

2020-03-02 09:43:37 - [TEST_STEP][FAILED] - getText(findTestObject("iOS/Voucher List Page/Redeem Pop Up/redeempop_info_title"), 1, CONTINUE_ON_FAILURE): Object Object Repository/iOS/Voucher List Page/Redeem Pop Up/redeempop_info_title not found

2020-03-02 09:43:39 - [MESSAGE][FAILED] - Object Object Repository/iOS/Voucher List Page/Redeem Pop Up/redeempop_info_title not found
[[ATTACHMENT|/Users/bambangtripamungkas/git/KFCiOS/Reports/20200302_092940/Regression Test - Voucher Shop/20200302_092940/1583117019507.png]]

2020-03-02 09:43:39 - [TEST_STEP][PASSED] - verifyElementExist(findTestObject("iOS/Voucher List Page/Redeem Pop Up/redeempop_info_desc"), 1, CONTINUE_ON_FAILURE): Element 'Object Repository/iOS/Voucher List Page/Redeem Pop Up/redeempop_info_desc' is exist

2020-03-02 09:43:42 - [MESSAGE][PASSED] - Element 'Object Repository/iOS/Voucher List Page/Redeem Pop Up/redeempop_info_desc' is exist

2020-03-02 09:43:42 - [TEST_STEP][PASSED] - verifyElementVisible(findTestObject("iOS/Voucher List Page/Redeem Pop Up/redeempop_info_desc"), 1, CONTINUE_ON_FAILURE): Element 'Object Repository/iOS/Voucher List Page/Redeem Pop Up/redeempop_info_desc' is visible

2020-03-02 09:43:44 - [MESSAGE][PASSED] - Element 'Object Repository/iOS/Voucher List Page/Redeem Pop Up/redeempop_info_desc' is visible

2020-03-02 09:43:44 - [TEST_STEP][PASSED] - getText(findTestObject("iOS/Voucher List Page/Redeem Pop Up/redeempop_info_desc"), 1, CONTINUE_ON_FAILURE): Text of element 'Object Repository/iOS/Voucher List Page/Redeem Pop Up/redeempop_info_desc' is: 'check max min'

2020-03-02 09:43:47 - [MESSAGE][PASSED] - Text of element 'Object Repository/iOS/Voucher List Page/Redeem Pop Up/redeempop_info_desc' is: 'check max min'

2020-03-02 09:43:47 - [TEST_STEP][PASSED] - verifyElementExist(findTestObject("iOS/Voucher List Page/Redeem Pop Up/redeempop_info_price"), 1, CONTINUE_ON_FAILURE): Element 'Object Repository/iOS/Voucher List Page/Redeem Pop Up/redeempop_info_price' is exist

2020-03-02 09:43:49 - [MESSAGE][PASSED] - Element 'Object Repository/iOS/Voucher List Page/Redeem Pop Up/redeempop_info_price' is exist

2020-03-02 09:43:49 - [TEST_STEP][PASSED] - verifyElementVisible(findTestObject("iOS/Voucher List Page/Redeem Pop Up/redeempop_info_price"), 1, CONTINUE_ON_FAILURE): Element 'Object Repository/iOS/Voucher List Page/Redeem Pop Up/redeempop_info_price' is visible

2020-03-02 09:43:52 - [MESSAGE][PASSED] - Element 'Object Repository/iOS/Voucher List Page/Redeem Pop Up/redeempop_info_price' is visible

2020-03-02 09:43:52 - [TEST_STEP][PASSED] - getText(findTestObject("iOS/Voucher List Page/Redeem Pop Up/redeempop_info_price"), 1, CONTINUE_ON_FAILURE): Text of element 'Object Repository/iOS/Voucher List Page/Redeem Pop Up/redeempop_info_price' is: '10 KFC Points'

2020-03-02 09:43:55 - [MESSAGE][PASSED] - Text of element 'Object Repository/iOS/Voucher List Page/Redeem Pop Up/redeempop_info_price' is: '10 KFC Points'

2020-03-02 09:43:55 - [TEST_STEP][FAILED] - verifyElementExist(findTestObject("iOS/Voucher List Page/Redeem Pop Up/redeempop_info_redeemamt"), 1, CONTINUE_ON_FAILURE): Element 'Object Repository/iOS/Voucher List Page/Redeem Pop Up/redeempop_info_redeemamt' not found

2020-03-02 09:43:57 - [MESSAGE][FAILED] - Element 'Object Repository/iOS/Voucher List Page/Redeem Pop Up/redeempop_info_redeemamt' not found
[[ATTACHMENT|/Users/bambangtripamungkas/git/KFCiOS/Reports/20200302_092940/Regression Test - Voucher Shop/20200302_092940/1583117037107.png]]

2020-03-02 09:43:57 - [TEST_STEP][FAILED] - verifyElementVisible(findTestObject("iOS/Voucher List Page/Redeem Pop Up/redeempop_info_redeemamt"), 1, CONTINUE_ON_FAILURE): Element 'Object Repository/iOS/Voucher List Page/Redeem Pop Up/redeempop_info_redeemamt' not found

2020-03-02 09:43:59 - [MESSAGE][FAILED] - Element 'Object Repository/iOS/Voucher List Page/Redeem Pop Up/redeempop_info_redeemamt' not found
[[ATTACHMENT|/Users/bambangtripamungkas/git/KFCiOS/Reports/20200302_092940/Regression Test - Voucher Shop/20200302_092940/1583117039235.png]]

2020-03-02 09:43:59 - [TEST_STEP][FAILED] - getText(findTestObject("iOS/Voucher List Page/Redeem Pop Up/redeempop_info_redeemamt"), 1, CONTINUE_ON_FAILURE): Object Object Repository/iOS/Voucher List Page/Redeem Pop Up/redeempop_info_redeemamt not found

2020-03-02 09:44:01 - [MESSAGE][FAILED] - Object Object Repository/iOS/Voucher List Page/Redeem Pop Up/redeempop_info_redeemamt not found
[[ATTACHMENT|/Users/bambangtripamungkas/git/KFCiOS/Reports/20200302_092940/Regression Test - Voucher Shop/20200302_092940/1583117040971.png]]

2020-03-02 09:44:01 - [TEST_STEP][PASSED] - verifyElementExist(findTestObject("iOS/Voucher List Page/Redeem Pop Up/redeempop_info_desc_tcapplied"), 1, CONTINUE_ON_FAILURE): Element 'Object Repository/iOS/Voucher List Page/Redeem Pop Up/redeempop_info_desc_tcapplied' is exist

2020-03-02 09:44:03 - [MESSAGE][PASSED] - Element 'Object Repository/iOS/Voucher List Page/Redeem Pop Up/redeempop_info_desc_tcapplied' is exist

2020-03-02 09:44:03 - [TEST_STEP][PASSED] - verifyElementVisible(findTestObject("iOS/Voucher List Page/Redeem Pop Up/redeempop_info_desc_tcapplied"), 1, CONTINUE_ON_FAILURE): Element 'Object Repository/iOS/Voucher List Page/Redeem Pop Up/redeempop_info_desc_tcapplied' is visible

2020-03-02 09:44:06 - [MESSAGE][PASSED] - Element 'Object Repository/iOS/Voucher List Page/Redeem Pop Up/redeempop_info_desc_tcapplied' is visible

2020-03-02 09:44:06 - [TEST_STEP][PASSED] - getText(findTestObject("iOS/Voucher List Page/Redeem Pop Up/redeempop_info_desc_tcapplied"), 1, CONTINUE_ON_FAILURE): Text of element 'Object Repository/iOS/Voucher List Page/Redeem Pop Up/redeempop_info_desc_tcapplied' is: '*Terms & Conditions Applied'

2020-03-02 09:44:09 - [MESSAGE][PASSED] - Text of element 'Object Repository/iOS/Voucher List Page/Redeem Pop Up/redeempop_info_desc_tcapplied' is: '*Terms & Conditions Applied'

2020-03-02 09:44:09 - [TEST_STEP][PASSED] - verifyElementExist(findTestObject("iOS/Voucher List Page/Redeem Pop Up/redeempop_info_imgCoupon"), 1, CONTINUE_ON_FAILURE): Element 'Object Repository/iOS/Voucher List Page/Redeem Pop Up/redeempop_info_imgCoupon' is exist

2020-03-02 09:44:11 - [MESSAGE][PASSED] - Element 'Object Repository/iOS/Voucher List Page/Redeem Pop Up/redeempop_info_imgCoupon' is exist

2020-03-02 09:44:11 - [TEST_STEP][PASSED] - verifyElementExist(findTestObject("iOS/Voucher List Page/Redeem Pop Up/redeempop_btnCancel_text"), 1, CONTINUE_ON_FAILURE): Element 'Object Repository/iOS/Voucher List Page/Redeem Pop Up/redeempop_btnCancel_text' is exist

2020-03-02 09:44:14 - [MESSAGE][PASSED] - Element 'Object Repository/iOS/Voucher List Page/Redeem Pop Up/redeempop_btnCancel_text' is exist

2020-03-02 09:44:14 - [TEST_STEP][PASSED] - verifyElementVisible(findTestObject("iOS/Voucher List Page/Redeem Pop Up/redeempop_btnCancel_text"), 1, CONTINUE_ON_FAILURE): Element 'Object Repository/iOS/Voucher List Page/Redeem Pop Up/redeempop_btnCancel_text' is visible

2020-03-02 09:44:16 - [MESSAGE][PASSED] - Element 'Object Repository/iOS/Voucher List Page/Redeem Pop Up/redeempop_btnCancel_text' is visible

2020-03-02 09:44:16 - [TEST_STEP][PASSED] - getText(findTestObject("iOS/Voucher List Page/Redeem Pop Up/redeempop_btnCancel_text"), 1, CONTINUE_ON_FAILURE): Text of element 'Object Repository/iOS/Voucher List Page/Redeem Pop Up/redeempop_btnCancel_text' is: 'Cancel'

2020-03-02 09:44:19 - [MESSAGE][PASSED] - Text of element 'Object Repository/iOS/Voucher List Page/Redeem Pop Up/redeempop_btnCancel_text' is: 'Cancel'

2020-03-02 09:44:19 - [TEST_STEP][PASSED] - verifyElementExist(findTestObject("iOS/Voucher List Page/Redeem Pop Up/redeempop_btnCancel"), 1, CONTINUE_ON_FAILURE): Element 'Object Repository/iOS/Voucher List Page/Redeem Pop Up/redeempop_btnCancel' is exist

2020-03-02 09:44:22 - [MESSAGE][PASSED] - Element 'Object Repository/iOS/Voucher List Page/Redeem Pop Up/redeempop_btnCancel' is exist

2020-03-02 09:44:22 - [TEST_STEP][PASSED] - verifyElementVisible(findTestObject("iOS/Voucher List Page/Redeem Pop Up/redeempop_btnCancel"), 1, CONTINUE_ON_FAILURE): Element 'Object Repository/iOS/Voucher List Page/Redeem Pop Up/redeempop_btnCancel' is visible

2020-03-02 09:44:24 - [MESSAGE][PASSED] - Element 'Object Repository/iOS/Voucher List Page/Redeem Pop Up/redeempop_btnCancel' is visible

2020-03-02 09:44:24 - [TEST_STEP][PASSED] - verifyElementExist(findTestObject("iOS/Voucher List Page/Redeem Pop Up/redeempop_btnConfirm_text"), 1, CONTINUE_ON_FAILURE): Element 'Object Repository/iOS/Voucher List Page/Redeem Pop Up/redeempop_btnConfirm_text' is exist

2020-03-02 09:44:27 - [MESSAGE][PASSED] - Element 'Object Repository/iOS/Voucher List Page/Redeem Pop Up/redeempop_btnConfirm_text' is exist

2020-03-02 09:44:27 - [TEST_STEP][PASSED] - verifyElementVisible(findTestObject("iOS/Voucher List Page/Redeem Pop Up/redeempop_btnConfirm_text"), 1, CONTINUE_ON_FAILURE): Element 'Object Repository/iOS/Voucher List Page/Redeem Pop Up/redeempop_btnConfirm_text' is visible

2020-03-02 09:44:30 - [MESSAGE][PASSED] - Element 'Object Repository/iOS/Voucher List Page/Redeem Pop Up/redeempop_btnConfirm_text' is visible

2020-03-02 09:44:30 - [TEST_STEP][PASSED] - getText(findTestObject("iOS/Voucher List Page/Redeem Pop Up/redeempop_btnConfirm_text"), 1, CONTINUE_ON_FAILURE): Text of element 'Object Repository/iOS/Voucher List Page/Redeem Pop Up/redeempop_btnConfirm_text' is: 'Confirm'

2020-03-02 09:44:32 - [MESSAGE][PASSED] - Text of element 'Object Repository/iOS/Voucher List Page/Redeem Pop Up/redeempop_btnConfirm_text' is: 'Confirm'

2020-03-02 09:44:32 - [TEST_STEP][PASSED] - verifyElementExist(findTestObject("iOS/Voucher List Page/Redeem Pop Up/redeempop_btnConfirm"), 1, CONTINUE_ON_FAILURE): Element 'Object Repository/iOS/Voucher List Page/Redeem Pop Up/redeempop_btnConfirm' is exist

2020-03-02 09:44:35 - [MESSAGE][PASSED] - Element 'Object Repository/iOS/Voucher List Page/Redeem Pop Up/redeempop_btnConfirm' is exist

2020-03-02 09:44:35 - [TEST_STEP][PASSED] - verifyElementVisible(findTestObject("iOS/Voucher List Page/Redeem Pop Up/redeempop_btnConfirm"), 1, CONTINUE_ON_FAILURE): Element 'Object Repository/iOS/Voucher List Page/Redeem Pop Up/redeempop_btnConfirm' is visible

2020-03-02 09:44:37 - [MESSAGE][PASSED] - Element 'Object Repository/iOS/Voucher List Page/Redeem Pop Up/redeempop_btnConfirm' is visible

2020-03-02 09:44:37 - [TEST_STEP][PASSED] - tap(findTestObject("iOS/Voucher List Page/Redeem Pop Up/redeempop_header_btnX"), 1, STOP_ON_FAILURE): Tapped on element 'Object Repository/iOS/Voucher List Page/Redeem Pop Up/redeempop_header_btnX'

2020-03-02 09:44:40 - [MESSAGE][PASSED] - Tapped on element 'Object Repository/iOS/Voucher List Page/Redeem Pop Up/redeempop_header_btnX'

2020-03-02 09:44:40 - [TEST_STEP][PASSED] - tap(findTestObject("iOS/Voucher List Page/vouchlist_header_btnBack"), 1, STOP_ON_FAILURE): Tapped on element 'Object Repository/iOS/Voucher List Page/vouchlist_header_btnBack'

2020-03-02 09:44:48 - [MESSAGE][PASSED] - Tapped on element 'Object Repository/iOS/Voucher List Page/vouchlist_header_btnBack']]></system-out>
         <system-err><![CDATA[2020-03-02 09:41:46 - [TEST_CASE][FAILED] - Test Cases/p. RegressioniOS - Voucher Shop/3. Redeem Voucher from Voucher LIst: Test Cases/p. RegressioniOS - Voucher Shop/3. Redeem Voucher from Voucher LIst FAILED.
Reason:
com.kms.katalon.core.exception.StepFailedException: Element 'Object Repository/iOS/Voucher List Page/Redeem Pop Up/redeempop_info_title' not found
	at com.kms.katalon.core.keyword.internal.KeywordMain.stepFailed(KeywordMain.groovy:39)
	at com.kms.katalon.core.mobile.keyword.internal.MobileKeywordMain.stepFailed(MobileKeywordMain.groovy:40)
	at com.kms.katalon.core.mobile.keyword.builtin.VerifyElementExistKeyword$_verifyElementExist_closure1.doCall(VerifyElementExistKeyword.groovy:77)
	at com.kms.katalon.core.mobile.keyword.builtin.VerifyElementExistKeyword$_verifyElementExist_closure1.call(VerifyElementExistKeyword.groovy)
	at com.kms.katalon.core.mobile.keyword.internal.MobileKeywordMain.runKeyword(MobileKeywordMain.groovy:21)
	at com.kms.katalon.core.mobile.keyword.builtin.VerifyElementExistKeyword.verifyElementExist(VerifyElementExistKeyword.groovy:80)
	at com.kms.katalon.core.mobile.keyword.builtin.VerifyElementExistKeyword.execute(VerifyElementExistKeyword.groovy:64)
	at com.kms.katalon.core.keyword.internal.KeywordExecutor.executeKeywordForPlatform(KeywordExecutor.groovy:60)
	at com.kms.katalon.core.mobile.keyword.MobileBuiltInKeywords.verifyElementExist(MobileBuiltInKeywords.groovy:640)
	at com.kms.katalon.core.mobile.keyword.MobileBuiltInKeywords$verifyElementExist$0.call(Unknown Source)
	at 3. Redeem Voucher from Voucher LIst.run(3. Redeem Voucher from Voucher LIst:48)
	at com.kms.katalon.core.main.ScriptEngine.run(ScriptEngine.java:194)
	at com.kms.katalon.core.main.ScriptEngine.runScriptAsRawText(ScriptEngine.java:119)
	at com.kms.katalon.core.main.TestCaseExecutor.runScript(TestCaseExecutor.java:337)
	at com.kms.katalon.core.main.TestCaseExecutor.doExecute(TestCaseExecutor.java:328)
	at com.kms.katalon.core.main.TestCaseExecutor.processExecutionPhase(TestCaseExecutor.java:307)
	at com.kms.katalon.core.main.TestCaseExecutor.accessMainPhase(TestCaseExecutor.java:299)
	at com.kms.katalon.core.main.TestCaseExecutor.execute(TestCaseExecutor.java:233)
	at com.kms.katalon.core.main.TestSuiteExecutor.accessTestCaseMainPhase(TestSuiteExecutor.java:169)
	at com.kms.katalon.core.main.TestSuiteExecutor.accessTestSuiteMainPhase(TestSuiteExecutor.java:142)
	at com.kms.katalon.core.main.TestSuiteExecutor.execute(TestSuiteExecutor.java:91)
	at com.kms.katalon.core.main.TestCaseMain.startTestSuite(TestCaseMain.java:157)
	at com.kms.katalon.core.main.TestCaseMain$startTestSuite$0.call(Unknown Source)
	at TempTestSuite1583116180651.run(TempTestSuite1583116180651.groovy:36)]]></system-err>
      </testcase>
      <system-out><![CDATA[2020-03-02 09:29:49 - [TEST_SUITE][FAILED] - Regression Test - Voucher Shop: Test Cases/p. RegressioniOS - Voucher Shop/3. Redeem Voucher from Voucher LIst FAILED.
Reason:
com.kms.katalon.core.exception.StepFailedException: Element 'Object Repository/iOS/Voucher List Page/Redeem Pop Up/redeempop_info_title' not found
	at com.kms.katalon.core.keyword.internal.KeywordMain.stepFailed(KeywordMain.groovy:39)
	at com.kms.katalon.core.mobile.keyword.internal.MobileKeywordMain.stepFailed(MobileKeywordMain.groovy:40)
	at com.kms.katalon.core.mobile.keyword.builtin.VerifyElementExistKeyword$_verifyElementExist_closure1.doCall(VerifyElementExistKeyword.groovy:77)
	at com.kms.katalon.core.mobile.keyword.builtin.VerifyElementExistKeyword$_verifyElementExist_closure1.call(VerifyElementExistKeyword.groovy)
	at com.kms.katalon.core.mobile.keyword.internal.MobileKeywordMain.runKeyword(MobileKeywordMain.groovy:21)
	at com.kms.katalon.core.mobile.keyword.builtin.VerifyElementExistKeyword.verifyElementExist(VerifyElementExistKeyword.groovy:80)
	at com.kms.katalon.core.mobile.keyword.builtin.VerifyElementExistKeyword.execute(VerifyElementExistKeyword.groovy:64)
	at com.kms.katalon.core.keyword.internal.KeywordExecutor.executeKeywordForPlatform(KeywordExecutor.groovy:60)
	at com.kms.katalon.core.mobile.keyword.MobileBuiltInKeywords.verifyElementExist(MobileBuiltInKeywords.groovy:640)
	at com.kms.katalon.core.mobile.keyword.MobileBuiltInKeywords$verifyElementExist$0.call(Unknown Source)
	at 3. Redeem Voucher from Voucher LIst.run(3. Redeem Voucher from Voucher LIst:48)
	at com.kms.katalon.core.main.ScriptEngine.run(ScriptEngine.java:194)
	at com.kms.katalon.core.main.ScriptEngine.runScriptAsRawText(ScriptEngine.java:119)
	at com.kms.katalon.core.main.TestCaseExecutor.runScript(TestCaseExecutor.java:337)
	at com.kms.katalon.core.main.TestCaseExecutor.doExecute(TestCaseExecutor.java:328)
	at com.kms.katalon.core.main.TestCaseExecutor.processExecutionPhase(TestCaseExecutor.java:307)
	at com.kms.katalon.core.main.TestCaseExecutor.accessMainPhase(TestCaseExecutor.java:299)
	at com.kms.katalon.core.main.TestCaseExecutor.execute(TestCaseExecutor.java:233)
	at com.kms.katalon.core.main.TestSuiteExecutor.accessTestCaseMainPhase(TestSuiteExecutor.java:169)
	at com.kms.katalon.core.main.TestSuiteExecutor.accessTestSuiteMainPhase(TestSuiteExecutor.java:142)
	at com.kms.katalon.core.main.TestSuiteExecutor.execute(TestSuiteExecutor.java:91)
	at com.kms.katalon.core.main.TestCaseMain.startTestSuite(TestCaseMain.java:157)
	at com.kms.katalon.core.main.TestCaseMain$startTestSuite$0.call(Unknown Source)
	at TempTestSuite1583116180651.run(TempTestSuite1583116180651.groovy:36)]]></system-out>
      <system-err><![CDATA[2020-03-02 09:29:49 - [TEST_SUITE][FAILED] - Regression Test - Voucher Shop: Test Cases/p. RegressioniOS - Voucher Shop/3. Redeem Voucher from Voucher LIst FAILED.
Reason:
com.kms.katalon.core.exception.StepFailedException: Element 'Object Repository/iOS/Voucher List Page/Redeem Pop Up/redeempop_info_title' not found
	at com.kms.katalon.core.keyword.internal.KeywordMain.stepFailed(KeywordMain.groovy:39)
	at com.kms.katalon.core.mobile.keyword.internal.MobileKeywordMain.stepFailed(MobileKeywordMain.groovy:40)
	at com.kms.katalon.core.mobile.keyword.builtin.VerifyElementExistKeyword$_verifyElementExist_closure1.doCall(VerifyElementExistKeyword.groovy:77)
	at com.kms.katalon.core.mobile.keyword.builtin.VerifyElementExistKeyword$_verifyElementExist_closure1.call(VerifyElementExistKeyword.groovy)
	at com.kms.katalon.core.mobile.keyword.internal.MobileKeywordMain.runKeyword(MobileKeywordMain.groovy:21)
	at com.kms.katalon.core.mobile.keyword.builtin.VerifyElementExistKeyword.verifyElementExist(VerifyElementExistKeyword.groovy:80)
	at com.kms.katalon.core.mobile.keyword.builtin.VerifyElementExistKeyword.execute(VerifyElementExistKeyword.groovy:64)
	at com.kms.katalon.core.keyword.internal.KeywordExecutor.executeKeywordForPlatform(KeywordExecutor.groovy:60)
	at com.kms.katalon.core.mobile.keyword.MobileBuiltInKeywords.verifyElementExist(MobileBuiltInKeywords.groovy:640)
	at com.kms.katalon.core.mobile.keyword.MobileBuiltInKeywords$verifyElementExist$0.call(Unknown Source)
	at 3. Redeem Voucher from Voucher LIst.run(3. Redeem Voucher from Voucher LIst:48)
	at com.kms.katalon.core.main.ScriptEngine.run(ScriptEngine.java:194)
	at com.kms.katalon.core.main.ScriptEngine.runScriptAsRawText(ScriptEngine.java:119)
	at com.kms.katalon.core.main.TestCaseExecutor.runScript(TestCaseExecutor.java:337)
	at com.kms.katalon.core.main.TestCaseExecutor.doExecute(TestCaseExecutor.java:328)
	at com.kms.katalon.core.main.TestCaseExecutor.processExecutionPhase(TestCaseExecutor.java:307)
	at com.kms.katalon.core.main.TestCaseExecutor.accessMainPhase(TestCaseExecutor.java:299)
	at com.kms.katalon.core.main.TestCaseExecutor.execute(TestCaseExecutor.java:233)
	at com.kms.katalon.core.main.TestSuiteExecutor.accessTestCaseMainPhase(TestSuiteExecutor.java:169)
	at com.kms.katalon.core.main.TestSuiteExecutor.accessTestSuiteMainPhase(TestSuiteExecutor.java:142)
	at com.kms.katalon.core.main.TestSuiteExecutor.execute(TestSuiteExecutor.java:91)
	at com.kms.katalon.core.main.TestCaseMain.startTestSuite(TestCaseMain.java:157)
	at com.kms.katalon.core.main.TestCaseMain$startTestSuite$0.call(Unknown Source)
	at TempTestSuite1583116180651.run(TempTestSuite1583116180651.groovy:36)]]></system-err>
   </testsuite>
</testsuites>
