<?xml version="1.0" encoding="UTF-8"?>
<testsuites name="Regression Test - Voucher Shop" time="802.87" tests="3" failures="1" errors="0">
   <testsuite name="Regression Test - Voucher Shop" tests="3" failures="1" errors="0" time="802.87" timestamp="2020-02-28 08:28:31" hostname="bambangtripamungkas - 192.168.1.5" id="Test Suites/Regression Test - Voucher Shop">
      <properties>
         <property name="deviceName" value="iPhone 8"/>
         <property name="devicePlatform" value=""/>
         <property name="logFolder" value="/Users/bambangtripamungkas/git/KFCiOS/Reports/20200228_082822/Regression Test - Voucher Shop/20200228_082822"/>
         <property name="logFiles" value="/Users/bambangtripamungkas/git/KFCiOS/Reports/20200228_082822/Regression Test - Voucher Shop/20200228_082822/execution0.log, /Users/bambangtripamungkas/git/KFCiOS/Reports/20200228_082822/Regression Test - Voucher Shop/20200228_082822/appium.log, /Users/bambangtripamungkas/git/KFCiOS/Reports/20200228_082822/Regression Test - Voucher Shop/20200228_082822/appium-proxy-server.log"/>
         <property name="attachments" value="/Users/bambangtripamungkas/git/KFCiOS/Reports/20200228_082822/Regression Test - Voucher Shop/20200228_082822/1582853334630.png, /Users/bambangtripamungkas/git/KFCiOS/Reports/20200228_082822/Regression Test - Voucher Shop/20200228_082822/1582853337579.png, /Users/bambangtripamungkas/git/KFCiOS/Reports/20200228_082822/Regression Test - Voucher Shop/20200228_082822/1582853371389.png, /Users/bambangtripamungkas/git/KFCiOS/Reports/20200228_082822/Regression Test - Voucher Shop/20200228_082822/1582853759678.png"/>
         <property name="hostName" value="bambangtripamungkas - 192.168.1.5"/>
         <property name="os" value="Mac OS X 64bit"/>
         <property name="appiumServerStatus" value="{\&quot;value\&quot;:{\&quot;build\&quot;:{\&quot;version\&quot;:\&quot;1.15.1\&quot;}},\&quot;sessionId\&quot;:null,\&quot;status\&quot;:0}"/>
         <property name="katalonVersion" value="7.1.1.1"/>
         <property name="deviceOS" value="iOS"/>
         <property name="appiumVersion" value="1.15.1"/>
         <property name="deviceModel" value="Not available for Simulator"/>
         <property name="hostAddress" value="192.168.1.5"/>
         <property name="deviceManufacturer" value="Apple"/>
         <property name="deviceId" value="null"/>
         <property name="deviceName" value="iPhone 8"/>
         <property name="deviceOSVersion" value="13.3"/>
      </properties>
      <testcase name="Test Cases/p. RegressioniOS - Voucher Shop/1. Open Voucher Shop Page" time="449.657" classname="Test Cases/p. RegressioniOS - Voucher Shop/1. Open Voucher Shop Page" status="FAILED">
         <failure type="FAILED" message="Test Cases/p. RegressioniOS - Voucher Shop/1. Open Voucher Shop Page FAILED.
Reason:
com.kms.katalon.core.exception.StepFailedException: Failed to check for element visible (Root cause: java.lang.IllegalArgumentException: Object is null
	at com.kms.katalon.core.helper.KeywordHelper.checkTestObjectParameter(KeywordHelper.java:33)
	at com.kms.katalon.core.mobile.keyword.builtin.VerifyElementVisibleKeyword$_verifyElementVisible_closure1.doCall(VerifyElementVisibleKeyword.groovy:70)
	at com.kms.katalon.core.mobile.keyword.builtin.VerifyElementVisibleKeyword$_verifyElementVisible_closure1.call(VerifyElementVisibleKeyword.groovy)
	at com.kms.katalon.core.mobile.keyword.internal.MobileKeywordMain.runKeyword(MobileKeywordMain.groovy:21)
	at com.kms.katalon.core.mobile.keyword.builtin.VerifyElementVisibleKeyword.verifyElementVisible(VerifyElementVisibleKeyword.groovy:85)
	at com.kms.katalon.core.mobile.keyword.builtin.VerifyElementVisibleKeyword.execute(VerifyElementVisibleKeyword.groovy:64)
	at com.kms.katalon.core.keyword.internal.KeywordExecutor.executeKeywordForPlatform(KeywordExecutor.groovy:60)
	at com.kms.katalon.core.mobile.keyword.MobileBuiltInKeywords.verifyElementVisible(MobileBuiltInKeywords.groovy:916)
	at com.kms.katalon.core.mobile.keyword.MobileBuiltInKeywords$verifyElementVisible$3.call(Unknown Source)
	at 1. Open Voucher Shop Page.run(1. Open Voucher Shop Page:55)
	at com.kms.katalon.core.main.ScriptEngine.run(ScriptEngine.java:194)
	at com.kms.katalon.core.main.ScriptEngine.runScriptAsRawText(ScriptEngine.java:119)
	at com.kms.katalon.core.main.TestCaseExecutor.runScript(TestCaseExecutor.java:337)
	at com.kms.katalon.core.main.TestCaseExecutor.doExecute(TestCaseExecutor.java:328)
	at com.kms.katalon.core.main.TestCaseExecutor.processExecutionPhase(TestCaseExecutor.java:307)
	at com.kms.katalon.core.main.TestCaseExecutor.accessMainPhase(TestCaseExecutor.java:299)
	at com.kms.katalon.core.main.TestCaseExecutor.execute(TestCaseExecutor.java:233)
	at com.kms.katalon.core.main.TestSuiteExecutor.accessTestCaseMainPhase(TestSuiteExecutor.java:169)
	at com.kms.katalon.core.main.TestSuiteExecutor.accessTestSuiteMainPhase(TestSuiteExecutor.java:142)
	at com.kms.katalon.core.main.TestSuiteExecutor.execute(TestSuiteExecutor.java:91)
	at com.kms.katalon.core.main.TestCaseMain.startTestSuite(TestCaseMain.java:157)
	at com.kms.katalon.core.main.TestCaseMain$startTestSuite$0.call(Unknown Source)
	at TempTestSuite1582853302131.run(TempTestSuite1582853302131.groovy:36)
)
	at com.kms.katalon.core.keyword.internal.KeywordMain.stepFailed(KeywordMain.groovy:39)
	at com.kms.katalon.core.mobile.keyword.internal.MobileKeywordMain.stepFailed(MobileKeywordMain.groovy:40)
	at com.kms.katalon.core.mobile.keyword.internal.MobileKeywordMain.runKeyword(MobileKeywordMain.groovy:23)
	at com.kms.katalon.core.mobile.keyword.builtin.VerifyElementVisibleKeyword.verifyElementVisible(VerifyElementVisibleKeyword.groovy:85)
	at com.kms.katalon.core.mobile.keyword.builtin.VerifyElementVisibleKeyword.execute(VerifyElementVisibleKeyword.groovy:64)
	at com.kms.katalon.core.keyword.internal.KeywordExecutor.executeKeywordForPlatform(KeywordExecutor.groovy:60)
	at com.kms.katalon.core.mobile.keyword.MobileBuiltInKeywords.verifyElementVisible(MobileBuiltInKeywords.groovy:916)
	at com.kms.katalon.core.mobile.keyword.MobileBuiltInKeywords$verifyElementVisible$3.call(Unknown Source)
	at 1. Open Voucher Shop Page.run(1. Open Voucher Shop Page:55)
	at com.kms.katalon.core.main.ScriptEngine.run(ScriptEngine.java:194)
	at com.kms.katalon.core.main.ScriptEngine.runScriptAsRawText(ScriptEngine.java:119)
	at com.kms.katalon.core.main.TestCaseExecutor.runScript(TestCaseExecutor.java:337)
	at com.kms.katalon.core.main.TestCaseExecutor.doExecute(TestCaseExecutor.java:328)
	at com.kms.katalon.core.main.TestCaseExecutor.processExecutionPhase(TestCaseExecutor.java:307)
	at com.kms.katalon.core.main.TestCaseExecutor.accessMainPhase(TestCaseExecutor.java:299)
	at com.kms.katalon.core.main.TestCaseExecutor.execute(TestCaseExecutor.java:233)
	at com.kms.katalon.core.main.TestSuiteExecutor.accessTestCaseMainPhase(TestSuiteExecutor.java:169)
	at com.kms.katalon.core.main.TestSuiteExecutor.accessTestSuiteMainPhase(TestSuiteExecutor.java:142)
	at com.kms.katalon.core.main.TestSuiteExecutor.execute(TestSuiteExecutor.java:91)
	at com.kms.katalon.core.main.TestCaseMain.startTestSuite(TestCaseMain.java:157)
	at com.kms.katalon.core.main.TestCaseMain$startTestSuite$0.call(Unknown Source)
	at TempTestSuite1582853302131.run(TempTestSuite1582853302131.groovy:36)
Caused by: java.lang.IllegalArgumentException: Object is null
	at com.kms.katalon.core.helper.KeywordHelper.checkTestObjectParameter(KeywordHelper.java:33)
	at com.kms.katalon.core.mobile.keyword.builtin.VerifyElementVisibleKeyword$_verifyElementVisible_closure1.doCall(VerifyElementVisibleKeyword.groovy:70)
	at com.kms.katalon.core.mobile.keyword.builtin.VerifyElementVisibleKeyword$_verifyElementVisible_closure1.call(VerifyElementVisibleKeyword.groovy)
	at com.kms.katalon.core.mobile.keyword.internal.MobileKeywordMain.runKeyword(MobileKeywordMain.groovy:21)
	... 19 more
"/>
         <system-out><![CDATA[2020-02-28 08:28:31 - [TEST_CASE][FAILED] - Test Cases/p. RegressioniOS - Voucher Shop/1. Open Voucher Shop Page: Test Cases/p. RegressioniOS - Voucher Shop/1. Open Voucher Shop Page FAILED.
Reason:
com.kms.katalon.core.exception.StepFailedException: Failed to check for element visible (Root cause: java.lang.IllegalArgumentException: Object is null
	at com.kms.katalon.core.helper.KeywordHelper.checkTestObjectParameter(KeywordHelper.java:33)
	at com.kms.katalon.core.mobile.keyword.builtin.VerifyElementVisibleKeyword$_verifyElementVisible_closure1.doCall(VerifyElementVisibleKeyword.groovy:70)
	at com.kms.katalon.core.mobile.keyword.builtin.VerifyElementVisibleKeyword$_verifyElementVisible_closure1.call(VerifyElementVisibleKeyword.groovy)
	at com.kms.katalon.core.mobile.keyword.internal.MobileKeywordMain.runKeyword(MobileKeywordMain.groovy:21)
	at com.kms.katalon.core.mobile.keyword.builtin.VerifyElementVisibleKeyword.verifyElementVisible(VerifyElementVisibleKeyword.groovy:85)
	at com.kms.katalon.core.mobile.keyword.builtin.VerifyElementVisibleKeyword.execute(VerifyElementVisibleKeyword.groovy:64)
	at com.kms.katalon.core.keyword.internal.KeywordExecutor.executeKeywordForPlatform(KeywordExecutor.groovy:60)
	at com.kms.katalon.core.mobile.keyword.MobileBuiltInKeywords.verifyElementVisible(MobileBuiltInKeywords.groovy:916)
	at com.kms.katalon.core.mobile.keyword.MobileBuiltInKeywords$verifyElementVisible$3.call(Unknown Source)
	at 1. Open Voucher Shop Page.run(1. Open Voucher Shop Page:55)
	at com.kms.katalon.core.main.ScriptEngine.run(ScriptEngine.java:194)
	at com.kms.katalon.core.main.ScriptEngine.runScriptAsRawText(ScriptEngine.java:119)
	at com.kms.katalon.core.main.TestCaseExecutor.runScript(TestCaseExecutor.java:337)
	at com.kms.katalon.core.main.TestCaseExecutor.doExecute(TestCaseExecutor.java:328)
	at com.kms.katalon.core.main.TestCaseExecutor.processExecutionPhase(TestCaseExecutor.java:307)
	at com.kms.katalon.core.main.TestCaseExecutor.accessMainPhase(TestCaseExecutor.java:299)
	at com.kms.katalon.core.main.TestCaseExecutor.execute(TestCaseExecutor.java:233)
	at com.kms.katalon.core.main.TestSuiteExecutor.accessTestCaseMainPhase(TestSuiteExecutor.java:169)
	at com.kms.katalon.core.main.TestSuiteExecutor.accessTestSuiteMainPhase(TestSuiteExecutor.java:142)
	at com.kms.katalon.core.main.TestSuiteExecutor.execute(TestSuiteExecutor.java:91)
	at com.kms.katalon.core.main.TestCaseMain.startTestSuite(TestCaseMain.java:157)
	at com.kms.katalon.core.main.TestCaseMain$startTestSuite$0.call(Unknown Source)
	at TempTestSuite1582853302131.run(TempTestSuite1582853302131.groovy:36)
)
	at com.kms.katalon.core.keyword.internal.KeywordMain.stepFailed(KeywordMain.groovy:39)
	at com.kms.katalon.core.mobile.keyword.internal.MobileKeywordMain.stepFailed(MobileKeywordMain.groovy:40)
	at com.kms.katalon.core.mobile.keyword.internal.MobileKeywordMain.runKeyword(MobileKeywordMain.groovy:23)
	at com.kms.katalon.core.mobile.keyword.builtin.VerifyElementVisibleKeyword.verifyElementVisible(VerifyElementVisibleKeyword.groovy:85)
	at com.kms.katalon.core.mobile.keyword.builtin.VerifyElementVisibleKeyword.execute(VerifyElementVisibleKeyword.groovy:64)
	at com.kms.katalon.core.keyword.internal.KeywordExecutor.executeKeywordForPlatform(KeywordExecutor.groovy:60)
	at com.kms.katalon.core.mobile.keyword.MobileBuiltInKeywords.verifyElementVisible(MobileBuiltInKeywords.groovy:916)
	at com.kms.katalon.core.mobile.keyword.MobileBuiltInKeywords$verifyElementVisible$3.call(Unknown Source)
	at 1. Open Voucher Shop Page.run(1. Open Voucher Shop Page:55)
	at com.kms.katalon.core.main.ScriptEngine.run(ScriptEngine.java:194)
	at com.kms.katalon.core.main.ScriptEngine.runScriptAsRawText(ScriptEngine.java:119)
	at com.kms.katalon.core.main.TestCaseExecutor.runScript(TestCaseExecutor.java:337)
	at com.kms.katalon.core.main.TestCaseExecutor.doExecute(TestCaseExecutor.java:328)
	at com.kms.katalon.core.main.TestCaseExecutor.processExecutionPhase(TestCaseExecutor.java:307)
	at com.kms.katalon.core.main.TestCaseExecutor.accessMainPhase(TestCaseExecutor.java:299)
	at com.kms.katalon.core.main.TestCaseExecutor.execute(TestCaseExecutor.java:233)
	at com.kms.katalon.core.main.TestSuiteExecutor.accessTestCaseMainPhase(TestSuiteExecutor.java:169)
	at com.kms.katalon.core.main.TestSuiteExecutor.accessTestSuiteMainPhase(TestSuiteExecutor.java:142)
	at com.kms.katalon.core.main.TestSuiteExecutor.execute(TestSuiteExecutor.java:91)
	at com.kms.katalon.core.main.TestCaseMain.startTestSuite(TestCaseMain.java:157)
	at com.kms.katalon.core.main.TestCaseMain$startTestSuite$0.call(Unknown Source)
	at TempTestSuite1582853302131.run(TempTestSuite1582853302131.groovy:36)
Caused by: java.lang.IllegalArgumentException: Object is null
	at com.kms.katalon.core.helper.KeywordHelper.checkTestObjectParameter(KeywordHelper.java:33)
	at com.kms.katalon.core.mobile.keyword.builtin.VerifyElementVisibleKeyword$_verifyElementVisible_closure1.doCall(VerifyElementVisibleKeyword.groovy:70)
	at com.kms.katalon.core.mobile.keyword.builtin.VerifyElementVisibleKeyword$_verifyElementVisible_closure1.call(VerifyElementVisibleKeyword.groovy)
	at com.kms.katalon.core.mobile.keyword.internal.MobileKeywordMain.runKeyword(MobileKeywordMain.groovy:21)
	... 19 more


2020-02-28 08:28:32 - [TEST_STEP][PASSED] - startExistingApplication("com.kfcjv.staging", STOP_ON_FAILURE): Starting app with application ID: 'com.kfcjv.staging'

2020-02-28 08:28:33 - [MESSAGE][INFO] - ios_webkit_debug_proxy server started on port 61595

2020-02-28 08:28:35 - [MESSAGE][INFO] - Appium server started on port 61,597

2020-02-28 08:28:52 - [MESSAGE][PASSED] - Starting app with application ID: 'com.kfcjv.staging'

2020-02-28 08:28:52 - [TEST_STEP][PASSED] - if (verifyElementExist(findTestObject("Android/Session Time Out/Session Time Out - Title"), 2, OPTIONAL) == true): Element 'Object Repository/Android/Session Time Out/Session Time Out - Title' not found

2020-02-28 08:28:55 - [MESSAGE][WARNING] - Element 'Object Repository/Android/Session Time Out/Session Time Out - Title' not found
[[ATTACHMENT|/Users/bambangtripamungkas/git/KFCiOS/Reports/20200228_082822/Regression Test - Voucher Shop/20200228_082822/1582853334630.png]]

2020-02-28 08:28:55 - [TEST_STEP][PASSED] - else: null

2020-02-28 08:28:55 - [TEST_STEP][PASSED] - println = "Session is new": null

2020-02-28 08:28:55 - [TEST_STEP][PASSED] - if (verifyElementExist(findTestObject("Android/Login Page/DESC_WELCOME"), 2, OPTIONAL) == true): Element 'Object Repository/Android/Login Page/DESC_WELCOME' not found

2020-02-28 08:28:57 - [MESSAGE][WARNING] - Element 'Object Repository/Android/Login Page/DESC_WELCOME' not found
[[ATTACHMENT|/Users/bambangtripamungkas/git/KFCiOS/Reports/20200228_082822/Regression Test - Voucher Shop/20200228_082822/1582853337579.png]]

2020-02-28 08:28:57 - [TEST_STEP][PASSED] - else: null

2020-02-28 08:28:57 - [TEST_STEP][PASSED] - println = "Logged in, Homepage ready": null

2020-02-28 08:28:57 - [TEST_STEP][PASSED] - comment("Pocket Page Test Started"): Pocket Page Test Started

2020-02-28 08:28:57 - [MESSAGE][INFO] - Pocket Page Test Started

2020-02-28 08:28:57 - [TEST_STEP][PASSED] - verifyElementExist(findTestObject("iOS/Home Page/home_points_btnRedeem"), 2, CONTINUE_ON_FAILURE): Element 'Object Repository/iOS/Home Page/home_points_btnRedeem' is exist

2020-02-28 08:29:01 - [MESSAGE][PASSED] - Element 'Object Repository/iOS/Home Page/home_points_btnRedeem' is exist

2020-02-28 08:29:01 - [TEST_STEP][PASSED] - tap(findTestObject("iOS/Home Page/home_points_btnRedeem"), 1, STOP_ON_FAILURE): Tapped on element 'Object Repository/iOS/Home Page/home_points_btnRedeem'

2020-02-28 08:29:05 - [MESSAGE][PASSED] - Tapped on element 'Object Repository/iOS/Home Page/home_points_btnRedeem'

2020-02-28 08:29:05 - [TEST_STEP][PASSED] - waitForElementPresent(findTestObject("iOS/Home Page/Choose Action Prompt/chaction_redeem_btnNext"), 1, CONTINUE_ON_FAILURE): Element 'Object Repository/iOS/Home Page/Choose Action Prompt/chaction_redeem_btnNext' is present

2020-02-28 08:29:08 - [MESSAGE][PASSED] - Element 'Object Repository/iOS/Home Page/Choose Action Prompt/chaction_redeem_btnNext' is present

2020-02-28 08:29:08 - [TEST_STEP][PASSED] - delay(2): Delayed 2 second(s)

2020-02-28 08:29:10 - [MESSAGE][PASSED] - Delayed 2 second(s)

2020-02-28 08:29:10 - [TEST_STEP][PASSED] - tap(findTestObject("iOS/Home Page/Choose Action Prompt/chaction_redeem_title"), 1, STOP_ON_FAILURE): Tapped on element 'Object Repository/iOS/Home Page/Choose Action Prompt/chaction_redeem_title'

2020-02-28 08:29:13 - [MESSAGE][PASSED] - Tapped on element 'Object Repository/iOS/Home Page/Choose Action Prompt/chaction_redeem_title'

2020-02-28 08:29:13 - [TEST_STEP][PASSED] - delay(2): Delayed 2 second(s)

2020-02-28 08:29:15 - [MESSAGE][PASSED] - Delayed 2 second(s)

2020-02-28 08:29:15 - [TEST_STEP][PASSED] - waitForElementPresent(findTestObject("iOS/Voucher List Page/vouchlist_vouch1_title"), 1, CONTINUE_ON_FAILURE): Element 'Object Repository/iOS/Voucher List Page/vouchlist_vouch1_title' is present

2020-02-28 08:29:22 - [MESSAGE][PASSED] - Element 'Object Repository/iOS/Voucher List Page/vouchlist_vouch1_title' is present

2020-02-28 08:29:22 - [TEST_STEP][PASSED] - verifyElementExist(findTestObject("iOS/Voucher List Page/vouchlist_header_btnBack"), 1, CONTINUE_ON_FAILURE): Element 'Object Repository/iOS/Voucher List Page/vouchlist_header_btnBack' is exist

2020-02-28 08:29:31 - [MESSAGE][PASSED] - Element 'Object Repository/iOS/Voucher List Page/vouchlist_header_btnBack' is exist

2020-02-28 08:29:31 - [TEST_STEP][FAILED] - verifyElementVisible(findTestObject("Voucher List page/vouchlist_header_btnBack"), 1, CONTINUE_ON_FAILURE): Failed to check for element visible (Root cause: java.lang.IllegalArgumentException: Object is null
	at com.kms.katalon.core.helper.KeywordHelper.checkTestObjectParameter(KeywordHelper.java:33)
	at com.kms.katalon.core.mobile.keyword.builtin.VerifyElementVisibleKeyword$_verifyElementVisible_closure1.doCall(VerifyElementVisibleKeyword.groovy:70)
	at com.kms.katalon.core.mobile.keyword.builtin.VerifyElementVisibleKeyword$_verifyElementVisible_closure1.call(VerifyElementVisibleKeyword.groovy)
	at com.kms.katalon.core.mobile.keyword.internal.MobileKeywordMain.runKeyword(MobileKeywordMain.groovy:21)
	at com.kms.katalon.core.mobile.keyword.builtin.VerifyElementVisibleKeyword.verifyElementVisible(VerifyElementVisibleKeyword.groovy:85)
	at com.kms.katalon.core.mobile.keyword.builtin.VerifyElementVisibleKeyword.execute(VerifyElementVisibleKeyword.groovy:64)
	at com.kms.katalon.core.keyword.internal.KeywordExecutor.executeKeywordForPlatform(KeywordExecutor.groovy:60)
	at com.kms.katalon.core.mobile.keyword.MobileBuiltInKeywords.verifyElementVisible(MobileBuiltInKeywords.groovy:916)
	at com.kms.katalon.core.mobile.keyword.MobileBuiltInKeywords$verifyElementVisible$3.call(Unknown Source)
	at 1. Open Voucher Shop Page.run(1. Open Voucher Shop Page:55)
	at com.kms.katalon.core.main.ScriptEngine.run(ScriptEngine.java:194)
	at com.kms.katalon.core.main.ScriptEngine.runScriptAsRawText(ScriptEngine.java:119)
	at com.kms.katalon.core.main.TestCaseExecutor.runScript(TestCaseExecutor.java:337)
	at com.kms.katalon.core.main.TestCaseExecutor.doExecute(TestCaseExecutor.java:328)
	at com.kms.katalon.core.main.TestCaseExecutor.processExecutionPhase(TestCaseExecutor.java:307)
	at com.kms.katalon.core.main.TestCaseExecutor.accessMainPhase(TestCaseExecutor.java:299)
	at com.kms.katalon.core.main.TestCaseExecutor.execute(TestCaseExecutor.java:233)
	at com.kms.katalon.core.main.TestSuiteExecutor.accessTestCaseMainPhase(TestSuiteExecutor.java:169)
	at com.kms.katalon.core.main.TestSuiteExecutor.accessTestSuiteMainPhase(TestSuiteExecutor.java:142)
	at com.kms.katalon.core.main.TestSuiteExecutor.execute(TestSuiteExecutor.java:91)
	at com.kms.katalon.core.main.TestCaseMain.startTestSuite(TestCaseMain.java:157)
	at com.kms.katalon.core.main.TestCaseMain$startTestSuite$0.call(Unknown Source)
	at TempTestSuite1582853302131.run(TempTestSuite1582853302131.groovy:36)
)

2020-02-28 08:29:31 - [MESSAGE][WARNING] - Test object with id 'Object Repository/Voucher List page/vouchlist_header_btnBack' does not exist

2020-02-28 08:29:31 - [MESSAGE][WARNING] - Test object with id 'Object Repository/' does not exist

2020-02-28 08:29:31 - [MESSAGE][FAILED] - Failed to check for element visible (Root cause: java.lang.IllegalArgumentException: Object is null
	at com.kms.katalon.core.helper.KeywordHelper.checkTestObjectParameter(KeywordHelper.java:33)
	at com.kms.katalon.core.mobile.keyword.builtin.VerifyElementVisibleKeyword$_verifyElementVisible_closure1.doCall(VerifyElementVisibleKeyword.groovy:70)
	at com.kms.katalon.core.mobile.keyword.builtin.VerifyElementVisibleKeyword$_verifyElementVisible_closure1.call(VerifyElementVisibleKeyword.groovy)
	at com.kms.katalon.core.mobile.keyword.internal.MobileKeywordMain.runKeyword(MobileKeywordMain.groovy:21)
	at com.kms.katalon.core.mobile.keyword.builtin.VerifyElementVisibleKeyword.verifyElementVisible(VerifyElementVisibleKeyword.groovy:85)
	at com.kms.katalon.core.mobile.keyword.builtin.VerifyElementVisibleKeyword.execute(VerifyElementVisibleKeyword.groovy:64)
	at com.kms.katalon.core.keyword.internal.KeywordExecutor.executeKeywordForPlatform(KeywordExecutor.groovy:60)
	at com.kms.katalon.core.mobile.keyword.MobileBuiltInKeywords.verifyElementVisible(MobileBuiltInKeywords.groovy:916)
	at com.kms.katalon.core.mobile.keyword.MobileBuiltInKeywords$verifyElementVisible$3.call(Unknown Source)
	at 1. Open Voucher Shop Page.run(1. Open Voucher Shop Page:55)
	at com.kms.katalon.core.main.ScriptEngine.run(ScriptEngine.java:194)
	at com.kms.katalon.core.main.ScriptEngine.runScriptAsRawText(ScriptEngine.java:119)
	at com.kms.katalon.core.main.TestCaseExecutor.runScript(TestCaseExecutor.java:337)
	at com.kms.katalon.core.main.TestCaseExecutor.doExecute(TestCaseExecutor.java:328)
	at com.kms.katalon.core.main.TestCaseExecutor.processExecutionPhase(TestCaseExecutor.java:307)
	at com.kms.katalon.core.main.TestCaseExecutor.accessMainPhase(TestCaseExecutor.java:299)
	at com.kms.katalon.core.main.TestCaseExecutor.execute(TestCaseExecutor.java:233)
	at com.kms.katalon.core.main.TestSuiteExecutor.accessTestCaseMainPhase(TestSuiteExecutor.java:169)
	at com.kms.katalon.core.main.TestSuiteExecutor.accessTestSuiteMainPhase(TestSuiteExecutor.java:142)
	at com.kms.katalon.core.main.TestSuiteExecutor.execute(TestSuiteExecutor.java:91)
	at com.kms.katalon.core.main.TestCaseMain.startTestSuite(TestCaseMain.java:157)
	at com.kms.katalon.core.main.TestCaseMain$startTestSuite$0.call(Unknown Source)
	at TempTestSuite1582853302131.run(TempTestSuite1582853302131.groovy:36)
)
[[ATTACHMENT|/Users/bambangtripamungkas/git/KFCiOS/Reports/20200228_082822/Regression Test - Voucher Shop/20200228_082822/1582853371389.png]]

2020-02-28 08:29:31 - [TEST_STEP][PASSED] - verifyElementExist(findTestObject("iOS/Voucher List Page/vouchlist_header_title_voucher"), 1, CONTINUE_ON_FAILURE): Element 'Object Repository/iOS/Voucher List Page/vouchlist_header_title_voucher' is exist

2020-02-28 08:29:39 - [MESSAGE][PASSED] - Element 'Object Repository/iOS/Voucher List Page/vouchlist_header_title_voucher' is exist

2020-02-28 08:29:39 - [TEST_STEP][PASSED] - verifyElementVisible(findTestObject("iOS/Voucher List Page/vouchlist_header_title_voucher"), 1, CONTINUE_ON_FAILURE): Element 'Object Repository/iOS/Voucher List Page/vouchlist_header_title_voucher' is visible

2020-02-28 08:29:47 - [MESSAGE][PASSED] - Element 'Object Repository/iOS/Voucher List Page/vouchlist_header_title_voucher' is visible

2020-02-28 08:29:47 - [TEST_STEP][PASSED] - getText(findTestObject("iOS/Voucher List Page/vouchlist_header_title_voucher"), 1, CONTINUE_ON_FAILURE): Text of element 'Object Repository/iOS/Voucher List Page/vouchlist_header_title_voucher' is: 'VOUCHER'

2020-02-28 08:29:55 - [MESSAGE][PASSED] - Text of element 'Object Repository/iOS/Voucher List Page/vouchlist_header_title_voucher' is: 'VOUCHER'

2020-02-28 08:29:55 - [TEST_STEP][PASSED] - verifyElementExist(findTestObject("iOS/Voucher List Page/vouchlist_points_title"), 1, CONTINUE_ON_FAILURE): Element 'Object Repository/iOS/Voucher List Page/vouchlist_points_title' is exist

2020-02-28 08:30:03 - [MESSAGE][PASSED] - Element 'Object Repository/iOS/Voucher List Page/vouchlist_points_title' is exist

2020-02-28 08:30:03 - [TEST_STEP][PASSED] - verifyElementVisible(findTestObject("iOS/Voucher List Page/vouchlist_points_title"), 1, CONTINUE_ON_FAILURE): Element 'Object Repository/iOS/Voucher List Page/vouchlist_points_title' is visible

2020-02-28 08:30:12 - [MESSAGE][PASSED] - Element 'Object Repository/iOS/Voucher List Page/vouchlist_points_title' is visible

2020-02-28 08:30:12 - [TEST_STEP][PASSED] - getText(findTestObject("iOS/Voucher List Page/vouchlist_points_title"), 1, CONTINUE_ON_FAILURE): Text of element 'Object Repository/iOS/Voucher List Page/vouchlist_points_title' is: 'KFC Points'

2020-02-28 08:30:21 - [MESSAGE][PASSED] - Text of element 'Object Repository/iOS/Voucher List Page/vouchlist_points_title' is: 'KFC Points'

2020-02-28 08:30:21 - [TEST_STEP][PASSED] - verifyElementExist(findTestObject("iOS/Voucher List Page/vouchlist_points_desc_pointexpired"), 1, CONTINUE_ON_FAILURE): Element 'Object Repository/iOS/Voucher List Page/vouchlist_points_desc_pointexpired' is exist

2020-02-28 08:30:30 - [MESSAGE][PASSED] - Element 'Object Repository/iOS/Voucher List Page/vouchlist_points_desc_pointexpired' is exist

2020-02-28 08:30:30 - [TEST_STEP][PASSED] - verifyElementVisible(findTestObject("iOS/Voucher List Page/vouchlist_points_desc_pointexpired"), 1, CONTINUE_ON_FAILURE): Element 'Object Repository/iOS/Voucher List Page/vouchlist_points_desc_pointexpired' is visible

2020-02-28 08:30:38 - [MESSAGE][PASSED] - Element 'Object Repository/iOS/Voucher List Page/vouchlist_points_desc_pointexpired' is visible

2020-02-28 08:30:38 - [TEST_STEP][PASSED] - getText(findTestObject("iOS/Voucher List Page/vouchlist_points_desc_pointexpired"), 1, CONTINUE_ON_FAILURE): Text of element 'Object Repository/iOS/Voucher List Page/vouchlist_points_desc_pointexpired' is: '26 KFC Points will be expired on Jun 30, 2020'

2020-02-28 08:30:47 - [MESSAGE][PASSED] - Text of element 'Object Repository/iOS/Voucher List Page/vouchlist_points_desc_pointexpired' is: '26 KFC Points will be expired on Jun 30, 2020'

2020-02-28 08:30:47 - [TEST_STEP][PASSED] - verifyElementExist(findTestObject("iOS/Voucher List Page/vouchlist_points_desc_dynamicpoint"), 1, CONTINUE_ON_FAILURE): Element 'Object Repository/iOS/Voucher List Page/vouchlist_points_desc_dynamicpoint' is exist

2020-02-28 08:30:56 - [MESSAGE][PASSED] - Element 'Object Repository/iOS/Voucher List Page/vouchlist_points_desc_dynamicpoint' is exist

2020-02-28 08:30:56 - [TEST_STEP][PASSED] - verifyElementVisible(findTestObject("iOS/Voucher List Page/vouchlist_points_desc_dynamicpoint"), 1, CONTINUE_ON_FAILURE): Element 'Object Repository/iOS/Voucher List Page/vouchlist_points_desc_dynamicpoint' is visible

2020-02-28 08:31:05 - [MESSAGE][PASSED] - Element 'Object Repository/iOS/Voucher List Page/vouchlist_points_desc_dynamicpoint' is visible

2020-02-28 08:31:05 - [TEST_STEP][PASSED] - getText(findTestObject("iOS/Voucher List Page/vouchlist_points_desc_dynamicpoint"), 1, CONTINUE_ON_FAILURE): Text of element 'Object Repository/iOS/Voucher List Page/vouchlist_points_desc_dynamicpoint' is: '26'

2020-02-28 08:31:14 - [MESSAGE][PASSED] - Text of element 'Object Repository/iOS/Voucher List Page/vouchlist_points_desc_dynamicpoint' is: '26'

2020-02-28 08:31:14 - [TEST_STEP][PASSED] - verifyElementExist(findTestObject("iOS/Voucher List Page/vouchlist_title_redeemyour"), 1, CONTINUE_ON_FAILURE): Element 'Object Repository/iOS/Voucher List Page/vouchlist_title_redeemyour' is exist

2020-02-28 08:31:22 - [MESSAGE][PASSED] - Element 'Object Repository/iOS/Voucher List Page/vouchlist_title_redeemyour' is exist

2020-02-28 08:31:22 - [TEST_STEP][PASSED] - verifyElementVisible(findTestObject("iOS/Voucher List Page/vouchlist_title_redeemyour"), 1, CONTINUE_ON_FAILURE): Element 'Object Repository/iOS/Voucher List Page/vouchlist_title_redeemyour' is visible

2020-02-28 08:31:31 - [MESSAGE][PASSED] - Element 'Object Repository/iOS/Voucher List Page/vouchlist_title_redeemyour' is visible

2020-02-28 08:31:31 - [TEST_STEP][PASSED] - getText(findTestObject("iOS/Voucher List Page/vouchlist_title_redeemyour"), 1, CONTINUE_ON_FAILURE): Text of element 'Object Repository/iOS/Voucher List Page/vouchlist_title_redeemyour' is: 'Redeem your KFC Points!'

2020-02-28 08:31:40 - [MESSAGE][PASSED] - Text of element 'Object Repository/iOS/Voucher List Page/vouchlist_title_redeemyour' is: 'Redeem your KFC Points!'

2020-02-28 08:31:40 - [TEST_STEP][PASSED] - verifyElementExist(findTestObject("iOS/Voucher List Page/vouchlist_desc_youcan"), 1, CONTINUE_ON_FAILURE): Element 'Object Repository/iOS/Voucher List Page/vouchlist_desc_youcan' is exist

2020-02-28 08:31:48 - [MESSAGE][PASSED] - Element 'Object Repository/iOS/Voucher List Page/vouchlist_desc_youcan' is exist

2020-02-28 08:31:48 - [TEST_STEP][PASSED] - verifyElementVisible(findTestObject("iOS/Voucher List Page/vouchlist_desc_youcan"), 1, CONTINUE_ON_FAILURE): Element 'Object Repository/iOS/Voucher List Page/vouchlist_desc_youcan' is visible

2020-02-28 08:31:57 - [MESSAGE][PASSED] - Element 'Object Repository/iOS/Voucher List Page/vouchlist_desc_youcan' is visible

2020-02-28 08:31:57 - [TEST_STEP][PASSED] - getText(findTestObject("iOS/Voucher List Page/vouchlist_desc_youcan"), 1, CONTINUE_ON_FAILURE): Text of element 'Object Repository/iOS/Voucher List Page/vouchlist_desc_youcan' is: 'Your can redeem your KFC points and enjoy a selection of KFC Vouchers'

2020-02-28 08:32:06 - [MESSAGE][PASSED] - Text of element 'Object Repository/iOS/Voucher List Page/vouchlist_desc_youcan' is: 'Your can redeem your KFC points and enjoy a selection of KFC Vouchers'

2020-02-28 08:32:06 - [TEST_STEP][PASSED] - comment("Voucher 1 Check"): Voucher 1 Check

2020-02-28 08:32:06 - [MESSAGE][INFO] - Voucher 1 Check

2020-02-28 08:32:06 - [TEST_STEP][PASSED] - verifyElementExist(findTestObject("iOS/Voucher List Page/vouchlist_vouch1_title"), 1, CONTINUE_ON_FAILURE): Element 'Object Repository/iOS/Voucher List Page/vouchlist_vouch1_title' is exist

2020-02-28 08:32:14 - [MESSAGE][PASSED] - Element 'Object Repository/iOS/Voucher List Page/vouchlist_vouch1_title' is exist

2020-02-28 08:32:14 - [TEST_STEP][PASSED] - verifyElementExist(findTestObject("iOS/Voucher List Page/vouchlist_vouch1_title"), 1, CONTINUE_ON_FAILURE): Element 'Object Repository/iOS/Voucher List Page/vouchlist_vouch1_title' is exist

2020-02-28 08:32:22 - [MESSAGE][PASSED] - Element 'Object Repository/iOS/Voucher List Page/vouchlist_vouch1_title' is exist

2020-02-28 08:32:22 - [TEST_STEP][PASSED] - verifyElementVisible(findTestObject("iOS/Voucher List Page/vouchlist_vouch1_title"), 1, CONTINUE_ON_FAILURE): Element 'Object Repository/iOS/Voucher List Page/vouchlist_vouch1_title' is visible

2020-02-28 08:32:30 - [MESSAGE][PASSED] - Element 'Object Repository/iOS/Voucher List Page/vouchlist_vouch1_title' is visible

2020-02-28 08:32:30 - [TEST_STEP][PASSED] - getText(findTestObject("iOS/Voucher List Page/vouchlist_vouch1_redeemamt"), 1, CONTINUE_ON_FAILURE): Text of element 'Object Repository/iOS/Voucher List Page/vouchlist_vouch1_redeemamt' is: 'Redeemed 0/10'

2020-02-28 08:32:38 - [MESSAGE][PASSED] - Text of element 'Object Repository/iOS/Voucher List Page/vouchlist_vouch1_redeemamt' is: 'Redeemed 0/10'

2020-02-28 08:32:38 - [TEST_STEP][PASSED] - getText(findTestObject("iOS/Voucher List Page/vouchlist_vouch1_redeemamt"), 1, CONTINUE_ON_FAILURE): Text of element 'Object Repository/iOS/Voucher List Page/vouchlist_vouch1_redeemamt' is: 'Redeemed 0/10'

2020-02-28 08:32:47 - [MESSAGE][PASSED] - Text of element 'Object Repository/iOS/Voucher List Page/vouchlist_vouch1_redeemamt' is: 'Redeemed 0/10'

2020-02-28 08:32:47 - [TEST_STEP][PASSED] - verifyElementVisible(findTestObject("iOS/Voucher List Page/vouchlist_vouch1_redeemamt"), 1, CONTINUE_ON_FAILURE): Element 'Object Repository/iOS/Voucher List Page/vouchlist_vouch1_redeemamt' is visible

2020-02-28 08:32:55 - [MESSAGE][PASSED] - Element 'Object Repository/iOS/Voucher List Page/vouchlist_vouch1_redeemamt' is visible

2020-02-28 08:32:55 - [TEST_STEP][PASSED] - getText(findTestObject("iOS/Voucher List Page/vouchlist_vouch1_desc_price"), 1, CONTINUE_ON_FAILURE): Text of element 'Object Repository/iOS/Voucher List Page/vouchlist_vouch1_desc_price' is: '10 KFC Points'

2020-02-28 08:33:04 - [MESSAGE][PASSED] - Text of element 'Object Repository/iOS/Voucher List Page/vouchlist_vouch1_desc_price' is: '10 KFC Points'

2020-02-28 08:33:04 - [TEST_STEP][PASSED] - getText(findTestObject("iOS/Voucher List Page/vouchlist_vouch1_desc_price"), 1, CONTINUE_ON_FAILURE): Text of element 'Object Repository/iOS/Voucher List Page/vouchlist_vouch1_desc_price' is: '10 KFC Points'

2020-02-28 08:33:12 - [MESSAGE][PASSED] - Text of element 'Object Repository/iOS/Voucher List Page/vouchlist_vouch1_desc_price' is: '10 KFC Points'

2020-02-28 08:33:12 - [TEST_STEP][PASSED] - verifyElementVisible(findTestObject("iOS/Voucher List Page/vouchlist_vouch1_desc_price"), 1, CONTINUE_ON_FAILURE): Element 'Object Repository/iOS/Voucher List Page/vouchlist_vouch1_desc_price' is visible

2020-02-28 08:33:20 - [MESSAGE][PASSED] - Element 'Object Repository/iOS/Voucher List Page/vouchlist_vouch1_desc_price' is visible

2020-02-28 08:33:20 - [TEST_STEP][PASSED] - getText(findTestObject("iOS/Voucher List Page/vouchlist_vouch1_btnRedeem_text"), 1, CONTINUE_ON_FAILURE): Text of element 'Object Repository/iOS/Voucher List Page/vouchlist_vouch1_btnRedeem_text' is: 'REDEEM'

2020-02-28 08:33:29 - [MESSAGE][PASSED] - Text of element 'Object Repository/iOS/Voucher List Page/vouchlist_vouch1_btnRedeem_text' is: 'REDEEM'

2020-02-28 08:33:29 - [TEST_STEP][PASSED] - verifyElementVisible(findTestObject("iOS/Voucher List Page/vouchlist_vouch1_btnRedeem_text"), 1, CONTINUE_ON_FAILURE): Element 'Object Repository/iOS/Voucher List Page/vouchlist_vouch1_btnRedeem_text' is visible

2020-02-28 08:33:38 - [MESSAGE][PASSED] - Element 'Object Repository/iOS/Voucher List Page/vouchlist_vouch1_btnRedeem_text' is visible

2020-02-28 08:33:38 - [TEST_STEP][PASSED] - getText(findTestObject("iOS/Voucher List Page/vouchlist_vouch1_btnRedeem_text"), 1, CONTINUE_ON_FAILURE): Text of element 'Object Repository/iOS/Voucher List Page/vouchlist_vouch1_btnRedeem_text' is: 'REDEEM'

2020-02-28 08:33:47 - [MESSAGE][PASSED] - Text of element 'Object Repository/iOS/Voucher List Page/vouchlist_vouch1_btnRedeem_text' is: 'REDEEM'

2020-02-28 08:33:47 - [TEST_STEP][PASSED] - getText(findTestObject("iOS/Voucher List Page/vouchlist_vouch1_btnRedeem"), 1, CONTINUE_ON_FAILURE): Text of element 'Object Repository/iOS/Voucher List Page/vouchlist_vouch1_btnRedeem' is: 'REDEEM'

2020-02-28 08:33:55 - [MESSAGE][PASSED] - Text of element 'Object Repository/iOS/Voucher List Page/vouchlist_vouch1_btnRedeem' is: 'REDEEM'

2020-02-28 08:33:55 - [TEST_STEP][PASSED] - verifyElementVisible(findTestObject("iOS/Voucher List Page/vouchlist_vouch1_btnRedeem"), 1, CONTINUE_ON_FAILURE): Element 'Object Repository/iOS/Voucher List Page/vouchlist_vouch1_btnRedeem' is visible

2020-02-28 08:34:03 - [MESSAGE][PASSED] - Element 'Object Repository/iOS/Voucher List Page/vouchlist_vouch1_btnRedeem' is visible

2020-02-28 08:34:03 - [TEST_STEP][PASSED] - comment("Voucher 2 Check"): Voucher 2 Check

2020-02-28 08:34:03 - [MESSAGE][INFO] - Voucher 2 Check

2020-02-28 08:34:03 - [TEST_STEP][PASSED] - verifyElementExist(findTestObject("iOS/Voucher List Page/vouchlist_vouch2_title"), 1, CONTINUE_ON_FAILURE): Element 'Object Repository/iOS/Voucher List Page/vouchlist_vouch2_title' is exist

2020-02-28 08:34:11 - [MESSAGE][PASSED] - Element 'Object Repository/iOS/Voucher List Page/vouchlist_vouch2_title' is exist

2020-02-28 08:34:11 - [TEST_STEP][PASSED] - verifyElementExist(findTestObject("iOS/Voucher List Page/vouchlist_vouch2_title"), 1, CONTINUE_ON_FAILURE): Element 'Object Repository/iOS/Voucher List Page/vouchlist_vouch2_title' is exist

2020-02-28 08:34:19 - [MESSAGE][PASSED] - Element 'Object Repository/iOS/Voucher List Page/vouchlist_vouch2_title' is exist

2020-02-28 08:34:19 - [TEST_STEP][PASSED] - verifyElementVisible(findTestObject("iOS/Voucher List Page/vouchlist_vouch2_title"), 1, CONTINUE_ON_FAILURE): Element 'Object Repository/iOS/Voucher List Page/vouchlist_vouch2_title' is visible

2020-02-28 08:34:27 - [MESSAGE][PASSED] - Element 'Object Repository/iOS/Voucher List Page/vouchlist_vouch2_title' is visible

2020-02-28 08:34:27 - [TEST_STEP][PASSED] - getText(findTestObject("iOS/Voucher List Page/vouchlist_vouch2_redeemamt"), 1, CONTINUE_ON_FAILURE): Text of element 'Object Repository/iOS/Voucher List Page/vouchlist_vouch2_redeemamt' is: 'Redeemed 1/10'

2020-02-28 08:34:35 - [MESSAGE][PASSED] - Text of element 'Object Repository/iOS/Voucher List Page/vouchlist_vouch2_redeemamt' is: 'Redeemed 1/10'

2020-02-28 08:34:35 - [TEST_STEP][PASSED] - getText(findTestObject("iOS/Voucher List Page/vouchlist_vouch2_redeemamt"), 1, CONTINUE_ON_FAILURE): Text of element 'Object Repository/iOS/Voucher List Page/vouchlist_vouch2_redeemamt' is: 'Redeemed 1/10'

2020-02-28 08:34:43 - [MESSAGE][PASSED] - Text of element 'Object Repository/iOS/Voucher List Page/vouchlist_vouch2_redeemamt' is: 'Redeemed 1/10'

2020-02-28 08:34:43 - [TEST_STEP][PASSED] - verifyElementVisible(findTestObject("iOS/Voucher List Page/vouchlist_vouch2_redeemamt"), 1, CONTINUE_ON_FAILURE): Element 'Object Repository/iOS/Voucher List Page/vouchlist_vouch2_redeemamt' is visible

2020-02-28 08:34:51 - [MESSAGE][PASSED] - Element 'Object Repository/iOS/Voucher List Page/vouchlist_vouch2_redeemamt' is visible

2020-02-28 08:34:51 - [TEST_STEP][PASSED] - getText(findTestObject("iOS/Voucher List Page/vouchlist_vouch2_desc_price"), 1, CONTINUE_ON_FAILURE): Text of element 'Object Repository/iOS/Voucher List Page/vouchlist_vouch2_desc_price' is: '15 KFC Points'

2020-02-28 08:34:59 - [MESSAGE][PASSED] - Text of element 'Object Repository/iOS/Voucher List Page/vouchlist_vouch2_desc_price' is: '15 KFC Points'

2020-02-28 08:34:59 - [TEST_STEP][PASSED] - getText(findTestObject("iOS/Voucher List Page/vouchlist_vouch2_desc_price"), 1, CONTINUE_ON_FAILURE): Text of element 'Object Repository/iOS/Voucher List Page/vouchlist_vouch2_desc_price' is: '15 KFC Points'

2020-02-28 08:35:07 - [MESSAGE][PASSED] - Text of element 'Object Repository/iOS/Voucher List Page/vouchlist_vouch2_desc_price' is: '15 KFC Points'

2020-02-28 08:35:07 - [TEST_STEP][PASSED] - verifyElementVisible(findTestObject("iOS/Voucher List Page/vouchlist_vouch2_desc_price"), 1, CONTINUE_ON_FAILURE): Element 'Object Repository/iOS/Voucher List Page/vouchlist_vouch2_desc_price' is visible

2020-02-28 08:35:15 - [MESSAGE][PASSED] - Element 'Object Repository/iOS/Voucher List Page/vouchlist_vouch2_desc_price' is visible

2020-02-28 08:35:15 - [TEST_STEP][PASSED] - getText(findTestObject("iOS/Voucher List Page/vouchlist_vouch2_btnRedeem_text"), 1, CONTINUE_ON_FAILURE): Text of element 'Object Repository/iOS/Voucher List Page/vouchlist_vouch2_btnRedeem_text' is: 'REDEEM'

2020-02-28 08:35:24 - [MESSAGE][PASSED] - Text of element 'Object Repository/iOS/Voucher List Page/vouchlist_vouch2_btnRedeem_text' is: 'REDEEM'

2020-02-28 08:35:24 - [TEST_STEP][PASSED] - verifyElementVisible(findTestObject("iOS/Voucher List Page/vouchlist_vouch2_btnRedeem_text"), 1, CONTINUE_ON_FAILURE): Element 'Object Repository/iOS/Voucher List Page/vouchlist_vouch2_btnRedeem_text' is visible

2020-02-28 08:35:32 - [MESSAGE][PASSED] - Element 'Object Repository/iOS/Voucher List Page/vouchlist_vouch2_btnRedeem_text' is visible

2020-02-28 08:35:32 - [TEST_STEP][PASSED] - getText(findTestObject("iOS/Voucher List Page/vouchlist_vouch2_btnRedeem_text"), 1, CONTINUE_ON_FAILURE): Text of element 'Object Repository/iOS/Voucher List Page/vouchlist_vouch2_btnRedeem_text' is: 'REDEEM'

2020-02-28 08:35:41 - [MESSAGE][PASSED] - Text of element 'Object Repository/iOS/Voucher List Page/vouchlist_vouch2_btnRedeem_text' is: 'REDEEM'

2020-02-28 08:35:41 - [TEST_STEP][PASSED] - getText(findTestObject("iOS/Voucher List Page/vouchlist_vouch2_btnRedeem"), 1, CONTINUE_ON_FAILURE): Text of element 'Object Repository/iOS/Voucher List Page/vouchlist_vouch2_btnRedeem' is: 'REDEEM'

2020-02-28 08:35:50 - [MESSAGE][PASSED] - Text of element 'Object Repository/iOS/Voucher List Page/vouchlist_vouch2_btnRedeem' is: 'REDEEM'

2020-02-28 08:35:50 - [TEST_STEP][PASSED] - verifyElementVisible(findTestObject("iOS/Voucher List Page/vouchlist_vouch2_btnRedeem"), 1, CONTINUE_ON_FAILURE): Element 'Object Repository/iOS/Voucher List Page/vouchlist_vouch2_btnRedeem' is visible

2020-02-28 08:35:58 - [MESSAGE][PASSED] - Element 'Object Repository/iOS/Voucher List Page/vouchlist_vouch2_btnRedeem' is visible

2020-02-28 08:35:58 - [TEST_STEP][PASSED] - swipe(100, 600, 100, 50, CONTINUE_ON_FAILURE): Swiped from 100,600 to 100,50

2020-02-28 08:35:59 - [MESSAGE][PASSED] - Swiped from 100,600 to 100,50

2020-02-28 08:35:59 - [TEST_STEP][PASSED] - takeScreenshot(): Screenshot is taken

2020-02-28 08:36:00 - [MESSAGE][PASSED] - Screenshot is taken
[[ATTACHMENT|/Users/bambangtripamungkas/git/KFCiOS/Reports/20200228_082822/Regression Test - Voucher Shop/20200228_082822/1582853759678.png]]

2020-02-28 08:36:00 - [TEST_STEP][PASSED] - swipe(100, 50, 100, 600, CONTINUE_ON_FAILURE): Swiped from 100,50 to 100,600

2020-02-28 08:36:01 - [MESSAGE][PASSED] - Swiped from 100,50 to 100,600]]></system-out>
         <system-err><![CDATA[2020-02-28 08:28:31 - [TEST_CASE][FAILED] - Test Cases/p. RegressioniOS - Voucher Shop/1. Open Voucher Shop Page: Test Cases/p. RegressioniOS - Voucher Shop/1. Open Voucher Shop Page FAILED.
Reason:
com.kms.katalon.core.exception.StepFailedException: Failed to check for element visible (Root cause: java.lang.IllegalArgumentException: Object is null
	at com.kms.katalon.core.helper.KeywordHelper.checkTestObjectParameter(KeywordHelper.java:33)
	at com.kms.katalon.core.mobile.keyword.builtin.VerifyElementVisibleKeyword$_verifyElementVisible_closure1.doCall(VerifyElementVisibleKeyword.groovy:70)
	at com.kms.katalon.core.mobile.keyword.builtin.VerifyElementVisibleKeyword$_verifyElementVisible_closure1.call(VerifyElementVisibleKeyword.groovy)
	at com.kms.katalon.core.mobile.keyword.internal.MobileKeywordMain.runKeyword(MobileKeywordMain.groovy:21)
	at com.kms.katalon.core.mobile.keyword.builtin.VerifyElementVisibleKeyword.verifyElementVisible(VerifyElementVisibleKeyword.groovy:85)
	at com.kms.katalon.core.mobile.keyword.builtin.VerifyElementVisibleKeyword.execute(VerifyElementVisibleKeyword.groovy:64)
	at com.kms.katalon.core.keyword.internal.KeywordExecutor.executeKeywordForPlatform(KeywordExecutor.groovy:60)
	at com.kms.katalon.core.mobile.keyword.MobileBuiltInKeywords.verifyElementVisible(MobileBuiltInKeywords.groovy:916)
	at com.kms.katalon.core.mobile.keyword.MobileBuiltInKeywords$verifyElementVisible$3.call(Unknown Source)
	at 1. Open Voucher Shop Page.run(1. Open Voucher Shop Page:55)
	at com.kms.katalon.core.main.ScriptEngine.run(ScriptEngine.java:194)
	at com.kms.katalon.core.main.ScriptEngine.runScriptAsRawText(ScriptEngine.java:119)
	at com.kms.katalon.core.main.TestCaseExecutor.runScript(TestCaseExecutor.java:337)
	at com.kms.katalon.core.main.TestCaseExecutor.doExecute(TestCaseExecutor.java:328)
	at com.kms.katalon.core.main.TestCaseExecutor.processExecutionPhase(TestCaseExecutor.java:307)
	at com.kms.katalon.core.main.TestCaseExecutor.accessMainPhase(TestCaseExecutor.java:299)
	at com.kms.katalon.core.main.TestCaseExecutor.execute(TestCaseExecutor.java:233)
	at com.kms.katalon.core.main.TestSuiteExecutor.accessTestCaseMainPhase(TestSuiteExecutor.java:169)
	at com.kms.katalon.core.main.TestSuiteExecutor.accessTestSuiteMainPhase(TestSuiteExecutor.java:142)
	at com.kms.katalon.core.main.TestSuiteExecutor.execute(TestSuiteExecutor.java:91)
	at com.kms.katalon.core.main.TestCaseMain.startTestSuite(TestCaseMain.java:157)
	at com.kms.katalon.core.main.TestCaseMain$startTestSuite$0.call(Unknown Source)
	at TempTestSuite1582853302131.run(TempTestSuite1582853302131.groovy:36)
)
	at com.kms.katalon.core.keyword.internal.KeywordMain.stepFailed(KeywordMain.groovy:39)
	at com.kms.katalon.core.mobile.keyword.internal.MobileKeywordMain.stepFailed(MobileKeywordMain.groovy:40)
	at com.kms.katalon.core.mobile.keyword.internal.MobileKeywordMain.runKeyword(MobileKeywordMain.groovy:23)
	at com.kms.katalon.core.mobile.keyword.builtin.VerifyElementVisibleKeyword.verifyElementVisible(VerifyElementVisibleKeyword.groovy:85)
	at com.kms.katalon.core.mobile.keyword.builtin.VerifyElementVisibleKeyword.execute(VerifyElementVisibleKeyword.groovy:64)
	at com.kms.katalon.core.keyword.internal.KeywordExecutor.executeKeywordForPlatform(KeywordExecutor.groovy:60)
	at com.kms.katalon.core.mobile.keyword.MobileBuiltInKeywords.verifyElementVisible(MobileBuiltInKeywords.groovy:916)
	at com.kms.katalon.core.mobile.keyword.MobileBuiltInKeywords$verifyElementVisible$3.call(Unknown Source)
	at 1. Open Voucher Shop Page.run(1. Open Voucher Shop Page:55)
	at com.kms.katalon.core.main.ScriptEngine.run(ScriptEngine.java:194)
	at com.kms.katalon.core.main.ScriptEngine.runScriptAsRawText(ScriptEngine.java:119)
	at com.kms.katalon.core.main.TestCaseExecutor.runScript(TestCaseExecutor.java:337)
	at com.kms.katalon.core.main.TestCaseExecutor.doExecute(TestCaseExecutor.java:328)
	at com.kms.katalon.core.main.TestCaseExecutor.processExecutionPhase(TestCaseExecutor.java:307)
	at com.kms.katalon.core.main.TestCaseExecutor.accessMainPhase(TestCaseExecutor.java:299)
	at com.kms.katalon.core.main.TestCaseExecutor.execute(TestCaseExecutor.java:233)
	at com.kms.katalon.core.main.TestSuiteExecutor.accessTestCaseMainPhase(TestSuiteExecutor.java:169)
	at com.kms.katalon.core.main.TestSuiteExecutor.accessTestSuiteMainPhase(TestSuiteExecutor.java:142)
	at com.kms.katalon.core.main.TestSuiteExecutor.execute(TestSuiteExecutor.java:91)
	at com.kms.katalon.core.main.TestCaseMain.startTestSuite(TestCaseMain.java:157)
	at com.kms.katalon.core.main.TestCaseMain$startTestSuite$0.call(Unknown Source)
	at TempTestSuite1582853302131.run(TempTestSuite1582853302131.groovy:36)
Caused by: java.lang.IllegalArgumentException: Object is null
	at com.kms.katalon.core.helper.KeywordHelper.checkTestObjectParameter(KeywordHelper.java:33)
	at com.kms.katalon.core.mobile.keyword.builtin.VerifyElementVisibleKeyword$_verifyElementVisible_closure1.doCall(VerifyElementVisibleKeyword.groovy:70)
	at com.kms.katalon.core.mobile.keyword.builtin.VerifyElementVisibleKeyword$_verifyElementVisible_closure1.call(VerifyElementVisibleKeyword.groovy)
	at com.kms.katalon.core.mobile.keyword.internal.MobileKeywordMain.runKeyword(MobileKeywordMain.groovy:21)
	... 19 more]]></system-err>
      </testcase>
      <testcase name="Test Cases/p. RegressioniOS - Voucher Shop/2. Tap View Detail on Voucher Shop" time="200.422" classname="Test Cases/p. RegressioniOS - Voucher Shop/2. Tap View Detail on Voucher Shop" status="PASSED">
         <system-out><![CDATA[2020-02-28 08:36:01 - [TEST_CASE][PASSED] - Test Cases/p. RegressioniOS - Voucher Shop/2. Tap View Detail on Voucher Shop: Test Cases/p. RegressioniOS - Voucher Shop/2. Tap View Detail on Voucher Shop

2020-02-28 08:36:02 - [TEST_STEP][PASSED] - startExistingApplication("com.kfcjv.staging", STOP_ON_FAILURE): Starting app with application ID: 'com.kfcjv.staging'

2020-02-28 08:36:35 - [MESSAGE][PASSED] - Starting app with application ID: 'com.kfcjv.staging'

2020-02-28 08:36:35 - [TEST_STEP][PASSED] - verifyElementExist(findTestObject("iOS/Home Page/home_points_btnRedeem"), 2, CONTINUE_ON_FAILURE): Element 'Object Repository/iOS/Home Page/home_points_btnRedeem' is exist

2020-02-28 08:36:39 - [MESSAGE][PASSED] - Element 'Object Repository/iOS/Home Page/home_points_btnRedeem' is exist

2020-02-28 08:36:39 - [TEST_STEP][PASSED] - tap(findTestObject("iOS/Home Page/home_points_btnRedeem"), 1, STOP_ON_FAILURE): Tapped on element 'Object Repository/iOS/Home Page/home_points_btnRedeem'

2020-02-28 08:36:43 - [MESSAGE][PASSED] - Tapped on element 'Object Repository/iOS/Home Page/home_points_btnRedeem'

2020-02-28 08:36:43 - [TEST_STEP][PASSED] - waitForElementPresent(findTestObject("iOS/Home Page/Choose Action Prompt/chaction_redeem_btnNext"), 1, CONTINUE_ON_FAILURE): Element 'Object Repository/iOS/Home Page/Choose Action Prompt/chaction_redeem_btnNext' is present

2020-02-28 08:36:46 - [MESSAGE][PASSED] - Element 'Object Repository/iOS/Home Page/Choose Action Prompt/chaction_redeem_btnNext' is present

2020-02-28 08:36:46 - [TEST_STEP][PASSED] - delay(2): Delayed 2 second(s)

2020-02-28 08:36:48 - [MESSAGE][PASSED] - Delayed 2 second(s)

2020-02-28 08:36:48 - [TEST_STEP][PASSED] - tap(findTestObject("iOS/Home Page/Choose Action Prompt/chaction_redeem_title"), 1, STOP_ON_FAILURE): Tapped on element 'Object Repository/iOS/Home Page/Choose Action Prompt/chaction_redeem_title'

2020-02-28 08:36:51 - [MESSAGE][PASSED] - Tapped on element 'Object Repository/iOS/Home Page/Choose Action Prompt/chaction_redeem_title'

2020-02-28 08:36:51 - [TEST_STEP][PASSED] - delay(2): Delayed 2 second(s)

2020-02-28 08:36:53 - [MESSAGE][PASSED] - Delayed 2 second(s)

2020-02-28 08:36:53 - [TEST_STEP][PASSED] - verifyElementExist(findTestObject("iOS/Voucher List Page/vouchlist_vouch1_title"), 2, CONTINUE_ON_FAILURE): Element 'Object Repository/iOS/Voucher List Page/vouchlist_vouch1_title' is exist

2020-02-28 08:37:01 - [MESSAGE][PASSED] - Element 'Object Repository/iOS/Voucher List Page/vouchlist_vouch1_title' is exist

2020-02-28 08:37:01 - [TEST_STEP][PASSED] - tap(findTestObject("iOS/Voucher List Page/vouchlist_vouch1_title"), 1, STOP_ON_FAILURE): Tapped on element 'Object Repository/iOS/Voucher List Page/vouchlist_vouch1_title'

2020-02-28 08:37:09 - [MESSAGE][PASSED] - Tapped on element 'Object Repository/iOS/Voucher List Page/vouchlist_vouch1_title'

2020-02-28 08:37:09 - [TEST_STEP][PASSED] - delay(5): Delayed 5 second(s)

2020-02-28 08:37:14 - [MESSAGE][PASSED] - Delayed 5 second(s)

2020-02-28 08:37:14 - [TEST_STEP][PASSED] - waitForElementPresent(findTestObject("iOS/Voucher Detail Page/vouchdet_info_title"), 1): Element 'Object Repository/iOS/Voucher Detail Page/vouchdet_info_title' is present

2020-02-28 08:37:16 - [MESSAGE][PASSED] - Element 'Object Repository/iOS/Voucher Detail Page/vouchdet_info_title' is present

2020-02-28 08:37:16 - [TEST_STEP][PASSED] - verifyElementExist(findTestObject("iOS/Voucher Detail Page/vouchdet_header_btnBack"), 1, CONTINUE_ON_FAILURE): Element 'Object Repository/iOS/Voucher Detail Page/vouchdet_header_btnBack' is exist

2020-02-28 08:37:18 - [MESSAGE][PASSED] - Element 'Object Repository/iOS/Voucher Detail Page/vouchdet_header_btnBack' is exist

2020-02-28 08:37:18 - [TEST_STEP][PASSED] - verifyElementVisible(findTestObject("iOS/Voucher Detail Page/vouchdet_header_btnBack"), 1, CONTINUE_ON_FAILURE): Element 'Object Repository/iOS/Voucher Detail Page/vouchdet_header_btnBack' is visible

2020-02-28 08:37:21 - [MESSAGE][PASSED] - Element 'Object Repository/iOS/Voucher Detail Page/vouchdet_header_btnBack' is visible

2020-02-28 08:37:21 - [TEST_STEP][PASSED] - verifyElementExist(findTestObject("iOS/Voucher Detail Page/vouchdet_header_title"), 1, CONTINUE_ON_FAILURE): Element 'Object Repository/iOS/Voucher Detail Page/vouchdet_header_title' is exist

2020-02-28 08:37:23 - [MESSAGE][PASSED] - Element 'Object Repository/iOS/Voucher Detail Page/vouchdet_header_title' is exist

2020-02-28 08:37:23 - [TEST_STEP][PASSED] - verifyElementVisible(findTestObject("iOS/Voucher Detail Page/vouchdet_header_title"), 1, CONTINUE_ON_FAILURE): Element 'Object Repository/iOS/Voucher Detail Page/vouchdet_header_title' is visible

2020-02-28 08:37:25 - [MESSAGE][PASSED] - Element 'Object Repository/iOS/Voucher Detail Page/vouchdet_header_title' is visible

2020-02-28 08:37:25 - [TEST_STEP][PASSED] - getText(findTestObject("iOS/Voucher Detail Page/vouchdet_header_title"), 1, CONTINUE_ON_FAILURE): Text of element 'Object Repository/iOS/Voucher Detail Page/vouchdet_header_title' is: 'VOUCHER DETAIL'

2020-02-28 08:37:27 - [MESSAGE][PASSED] - Text of element 'Object Repository/iOS/Voucher Detail Page/vouchdet_header_title' is: 'VOUCHER DETAIL'

2020-02-28 08:37:27 - [TEST_STEP][PASSED] - verifyElementExist(findTestObject("iOS/Voucher Detail Page/vouchdet_info_imgCoupon"), 1, CONTINUE_ON_FAILURE): Element 'Object Repository/iOS/Voucher Detail Page/vouchdet_info_imgCoupon' is exist

2020-02-28 08:37:29 - [MESSAGE][PASSED] - Element 'Object Repository/iOS/Voucher Detail Page/vouchdet_info_imgCoupon' is exist

2020-02-28 08:37:29 - [TEST_STEP][PASSED] - verifyElementExist(findTestObject("iOS/Voucher Detail Page/vouchdet_info_title"), 1, CONTINUE_ON_FAILURE): Element 'Object Repository/iOS/Voucher Detail Page/vouchdet_info_title' is exist

2020-02-28 08:37:31 - [MESSAGE][PASSED] - Element 'Object Repository/iOS/Voucher Detail Page/vouchdet_info_title' is exist

2020-02-28 08:37:31 - [TEST_STEP][PASSED] - verifyElementVisible(findTestObject("iOS/Voucher Detail Page/vouchdet_info_title"), 1, CONTINUE_ON_FAILURE): Element 'Object Repository/iOS/Voucher Detail Page/vouchdet_info_title' is visible

2020-02-28 08:37:34 - [MESSAGE][PASSED] - Element 'Object Repository/iOS/Voucher Detail Page/vouchdet_info_title' is visible

2020-02-28 08:37:34 - [TEST_STEP][PASSED] - getText(findTestObject("iOS/Voucher Detail Page/vouchdet_info_title"), 1, CONTINUE_ON_FAILURE): Text of element 'Object Repository/iOS/Voucher Detail Page/vouchdet_info_title' is: 'voucher for new user'

2020-02-28 08:37:36 - [MESSAGE][PASSED] - Text of element 'Object Repository/iOS/Voucher Detail Page/vouchdet_info_title' is: 'voucher for new user'

2020-02-28 08:37:36 - [TEST_STEP][PASSED] - verifyElementExist(findTestObject("iOS/Voucher Detail Page/vouchdet_info_desc"), 1, CONTINUE_ON_FAILURE): Element 'Object Repository/iOS/Voucher Detail Page/vouchdet_info_desc' is exist

2020-02-28 08:37:38 - [MESSAGE][PASSED] - Element 'Object Repository/iOS/Voucher Detail Page/vouchdet_info_desc' is exist

2020-02-28 08:37:38 - [TEST_STEP][PASSED] - verifyElementVisible(findTestObject("iOS/Voucher Detail Page/vouchdet_info_desc"), 1, CONTINUE_ON_FAILURE): Element 'Object Repository/iOS/Voucher Detail Page/vouchdet_info_desc' is visible

2020-02-28 08:37:40 - [MESSAGE][PASSED] - Element 'Object Repository/iOS/Voucher Detail Page/vouchdet_info_desc' is visible

2020-02-28 08:37:40 - [TEST_STEP][PASSED] - getText(findTestObject("iOS/Voucher Detail Page/vouchdet_info_desc"), 1, CONTINUE_ON_FAILURE): Text of element 'Object Repository/iOS/Voucher Detail Page/vouchdet_info_desc' is: 'check max min'

2020-02-28 08:37:42 - [MESSAGE][PASSED] - Text of element 'Object Repository/iOS/Voucher Detail Page/vouchdet_info_desc' is: 'check max min'

2020-02-28 08:37:42 - [TEST_STEP][PASSED] - verifyElementVisible(findTestObject("iOS/Voucher Detail Page/vouchdet_info_desc_price"), 1, CONTINUE_ON_FAILURE): Element 'Object Repository/iOS/Voucher Detail Page/vouchdet_info_desc_price' is visible

2020-02-28 08:37:45 - [MESSAGE][PASSED] - Element 'Object Repository/iOS/Voucher Detail Page/vouchdet_info_desc_price' is visible

2020-02-28 08:37:45 - [TEST_STEP][PASSED] - getText(findTestObject("iOS/Voucher Detail Page/vouchdet_info_desc_price"), 1, CONTINUE_ON_FAILURE): Text of element 'Object Repository/iOS/Voucher Detail Page/vouchdet_info_desc_price' is: '10 KFC Points'

2020-02-28 08:37:47 - [MESSAGE][PASSED] - Text of element 'Object Repository/iOS/Voucher Detail Page/vouchdet_info_desc_price' is: '10 KFC Points'

2020-02-28 08:37:47 - [TEST_STEP][PASSED] - verifyElementExist(findTestObject("iOS/Voucher Detail Page/vouchdet_info_desc_price"), 1, CONTINUE_ON_FAILURE): Element 'Object Repository/iOS/Voucher Detail Page/vouchdet_info_desc_price' is exist

2020-02-28 08:37:49 - [MESSAGE][PASSED] - Element 'Object Repository/iOS/Voucher Detail Page/vouchdet_info_desc_price' is exist

2020-02-28 08:37:49 - [TEST_STEP][PASSED] - verifyElementExist(findTestObject("iOS/Voucher Detail Page/vouchdet_voucherimage"), 1, CONTINUE_ON_FAILURE): Element 'Object Repository/iOS/Voucher Detail Page/vouchdet_voucherimage' is exist

2020-02-28 08:37:51 - [MESSAGE][PASSED] - Element 'Object Repository/iOS/Voucher Detail Page/vouchdet_voucherimage' is exist

2020-02-28 08:37:51 - [TEST_STEP][PASSED] - verifyElementExist(findTestObject("iOS/Voucher Detail Page/vouchdet_info_desc_redeemamt"), 1, CONTINUE_ON_FAILURE): Element 'Object Repository/iOS/Voucher Detail Page/vouchdet_info_desc_redeemamt' is exist

2020-02-28 08:37:53 - [MESSAGE][PASSED] - Element 'Object Repository/iOS/Voucher Detail Page/vouchdet_info_desc_redeemamt' is exist

2020-02-28 08:37:53 - [TEST_STEP][PASSED] - verifyElementVisible(findTestObject("iOS/Voucher Detail Page/vouchdet_info_desc_redeemamt"), 1, CONTINUE_ON_FAILURE): Element 'Object Repository/iOS/Voucher Detail Page/vouchdet_info_desc_redeemamt' is visible

2020-02-28 08:37:55 - [MESSAGE][PASSED] - Element 'Object Repository/iOS/Voucher Detail Page/vouchdet_info_desc_redeemamt' is visible

2020-02-28 08:37:55 - [TEST_STEP][PASSED] - getText(findTestObject("iOS/Voucher Detail Page/vouchdet_info_desc_redeemamt"), 1, CONTINUE_ON_FAILURE): Text of element 'Object Repository/iOS/Voucher Detail Page/vouchdet_info_desc_redeemamt' is: 'Redeemed 0/10'

2020-02-28 08:37:58 - [MESSAGE][PASSED] - Text of element 'Object Repository/iOS/Voucher Detail Page/vouchdet_info_desc_redeemamt' is: 'Redeemed 0/10'

2020-02-28 08:37:58 - [TEST_STEP][PASSED] - verifyElementExist(findTestObject("iOS/Voucher Detail Page/vouchdet_btnCancel_text"), 1, CONTINUE_ON_FAILURE): Element 'Object Repository/iOS/Voucher Detail Page/vouchdet_btnCancel_text' is exist

2020-02-28 08:38:00 - [MESSAGE][PASSED] - Element 'Object Repository/iOS/Voucher Detail Page/vouchdet_btnCancel_text' is exist

2020-02-28 08:38:00 - [TEST_STEP][PASSED] - verifyElementVisible(findTestObject("iOS/Voucher Detail Page/vouchdet_btnCancel_text"), 1, CONTINUE_ON_FAILURE): Element 'Object Repository/iOS/Voucher Detail Page/vouchdet_btnCancel_text' is visible

2020-02-28 08:38:02 - [MESSAGE][PASSED] - Element 'Object Repository/iOS/Voucher Detail Page/vouchdet_btnCancel_text' is visible

2020-02-28 08:38:02 - [TEST_STEP][PASSED] - getText(findTestObject("iOS/Voucher Detail Page/vouchdet_btnCancel_text"), 1, CONTINUE_ON_FAILURE): Text of element 'Object Repository/iOS/Voucher Detail Page/vouchdet_btnCancel_text' is: 'Cancel'

2020-02-28 08:38:04 - [MESSAGE][PASSED] - Text of element 'Object Repository/iOS/Voucher Detail Page/vouchdet_btnCancel_text' is: 'Cancel'

2020-02-28 08:38:04 - [TEST_STEP][PASSED] - verifyElementExist(findTestObject("iOS/Voucher Detail Page/vouchdet_btnCancel"), 1, CONTINUE_ON_FAILURE): Element 'Object Repository/iOS/Voucher Detail Page/vouchdet_btnCancel' is exist

2020-02-28 08:38:06 - [MESSAGE][PASSED] - Element 'Object Repository/iOS/Voucher Detail Page/vouchdet_btnCancel' is exist

2020-02-28 08:38:06 - [TEST_STEP][PASSED] - verifyElementVisible(findTestObject("iOS/Voucher Detail Page/vouchdet_btnCancel"), 1, CONTINUE_ON_FAILURE): Element 'Object Repository/iOS/Voucher Detail Page/vouchdet_btnCancel' is visible

2020-02-28 08:38:09 - [MESSAGE][PASSED] - Element 'Object Repository/iOS/Voucher Detail Page/vouchdet_btnCancel' is visible

2020-02-28 08:38:09 - [TEST_STEP][PASSED] - verifyElementExist(findTestObject("iOS/Voucher Detail Page/vouchdet_btnConfirm_text"), 1, CONTINUE_ON_FAILURE): Element 'Object Repository/iOS/Voucher Detail Page/vouchdet_btnConfirm_text' is exist

2020-02-28 08:38:11 - [MESSAGE][PASSED] - Element 'Object Repository/iOS/Voucher Detail Page/vouchdet_btnConfirm_text' is exist

2020-02-28 08:38:11 - [TEST_STEP][PASSED] - verifyElementVisible(findTestObject("iOS/Voucher Detail Page/vouchdet_btnConfirm_text"), 1, CONTINUE_ON_FAILURE): Element 'Object Repository/iOS/Voucher Detail Page/vouchdet_btnConfirm_text' is visible

2020-02-28 08:38:13 - [MESSAGE][PASSED] - Element 'Object Repository/iOS/Voucher Detail Page/vouchdet_btnConfirm_text' is visible

2020-02-28 08:38:13 - [TEST_STEP][PASSED] - getText(findTestObject("iOS/Voucher Detail Page/vouchdet_btnConfirm_text"), 1, CONTINUE_ON_FAILURE): Text of element 'Object Repository/iOS/Voucher Detail Page/vouchdet_btnConfirm_text' is: 'Confirm'

2020-02-28 08:38:15 - [MESSAGE][PASSED] - Text of element 'Object Repository/iOS/Voucher Detail Page/vouchdet_btnConfirm_text' is: 'Confirm'

2020-02-28 08:38:15 - [TEST_STEP][PASSED] - verifyElementExist(findTestObject("iOS/Voucher Detail Page/vouchdet_btnConfirm"), 1, CONTINUE_ON_FAILURE): Element 'Object Repository/iOS/Voucher Detail Page/vouchdet_btnConfirm' is exist

2020-02-28 08:38:17 - [MESSAGE][PASSED] - Element 'Object Repository/iOS/Voucher Detail Page/vouchdet_btnConfirm' is exist

2020-02-28 08:38:17 - [TEST_STEP][PASSED] - verifyElementVisible(findTestObject("iOS/Voucher Detail Page/vouchdet_btnConfirm"), 1, CONTINUE_ON_FAILURE): Element 'Object Repository/iOS/Voucher Detail Page/vouchdet_btnConfirm' is visible

2020-02-28 08:38:20 - [MESSAGE][PASSED] - Element 'Object Repository/iOS/Voucher Detail Page/vouchdet_btnConfirm' is visible

2020-02-28 08:38:20 - [TEST_STEP][PASSED] - verifyElementExist(findTestObject("iOS/Voucher Detail Page/vouchdet_TC_btnTC_text"), 1, CONTINUE_ON_FAILURE): Element 'Object Repository/iOS/Voucher Detail Page/vouchdet_TC_btnTC_text' is exist

2020-02-28 08:38:22 - [MESSAGE][PASSED] - Element 'Object Repository/iOS/Voucher Detail Page/vouchdet_TC_btnTC_text' is exist

2020-02-28 08:38:22 - [TEST_STEP][PASSED] - verifyElementVisible(findTestObject("iOS/Voucher Detail Page/vouchdet_TC_btnTC_text"), 1, CONTINUE_ON_FAILURE): Element 'Object Repository/iOS/Voucher Detail Page/vouchdet_TC_btnTC_text' is visible

2020-02-28 08:38:24 - [MESSAGE][PASSED] - Element 'Object Repository/iOS/Voucher Detail Page/vouchdet_TC_btnTC_text' is visible

2020-02-28 08:38:24 - [TEST_STEP][PASSED] - getText(findTestObject("iOS/Voucher Detail Page/vouchdet_TC_btnTC_text"), 1, CONTINUE_ON_FAILURE): Text of element 'Object Repository/iOS/Voucher Detail Page/vouchdet_TC_btnTC_text' is: 'Terms & Conditions'

2020-02-28 08:38:27 - [MESSAGE][PASSED] - Text of element 'Object Repository/iOS/Voucher Detail Page/vouchdet_TC_btnTC_text' is: 'Terms & Conditions'

2020-02-28 08:38:27 - [TEST_STEP][PASSED] - verifyElementExist(findTestObject("iOS/Voucher Detail Page/vouchdet_TC_btnTC"), 1, CONTINUE_ON_FAILURE): Element 'Object Repository/iOS/Voucher Detail Page/vouchdet_TC_btnTC' is exist

2020-02-28 08:38:29 - [MESSAGE][PASSED] - Element 'Object Repository/iOS/Voucher Detail Page/vouchdet_TC_btnTC' is exist

2020-02-28 08:38:29 - [TEST_STEP][PASSED] - verifyElementVisible(findTestObject("iOS/Voucher Detail Page/vouchdet_TC_btnTC"), 1, CONTINUE_ON_FAILURE): Element 'Object Repository/iOS/Voucher Detail Page/vouchdet_TC_btnTC' is visible

2020-02-28 08:38:31 - [MESSAGE][PASSED] - Element 'Object Repository/iOS/Voucher Detail Page/vouchdet_TC_btnTC' is visible

2020-02-28 08:38:31 - [TEST_STEP][PASSED] - verifyElementExist(findTestObject("iOS/Voucher Detail Page/vouchdet_TC_desc"), 1, CONTINUE_ON_FAILURE): Element 'Object Repository/iOS/Voucher Detail Page/vouchdet_TC_desc' is exist

2020-02-28 08:38:37 - [MESSAGE][PASSED] - Element 'Object Repository/iOS/Voucher Detail Page/vouchdet_TC_desc' is exist

2020-02-28 08:38:37 - [TEST_STEP][PASSED] - verifyElementVisible(findTestObject("iOS/Voucher Detail Page/vouchdet_TC_desc"), 1, CONTINUE_ON_FAILURE): Element 'Object Repository/iOS/Voucher Detail Page/vouchdet_TC_desc' is visible

2020-02-28 08:38:42 - [MESSAGE][PASSED] - Element 'Object Repository/iOS/Voucher Detail Page/vouchdet_TC_desc' is visible

2020-02-28 08:38:42 - [TEST_STEP][PASSED] - getText(findTestObject("iOS/Voucher Detail Page/vouchdet_TC_desc"), 1, CONTINUE_ON_FAILURE): Text of element 'Object Repository/iOS/Voucher Detail Page/vouchdet_TC_desc' is: 'VOUCHER DETAIL'

2020-02-28 08:38:48 - [MESSAGE][PASSED] - Text of element 'Object Repository/iOS/Voucher Detail Page/vouchdet_TC_desc' is: 'VOUCHER DETAIL'

2020-02-28 08:38:48 - [TEST_STEP][PASSED] - tap(findTestObject("iOS/Voucher Detail Page/vouchdet_howto_btnHowto"), 1, STOP_ON_FAILURE): Tapped on element 'Object Repository/iOS/Voucher Detail Page/vouchdet_howto_btnHowto'

2020-02-28 08:38:50 - [MESSAGE][PASSED] - Tapped on element 'Object Repository/iOS/Voucher Detail Page/vouchdet_howto_btnHowto'

2020-02-28 08:38:50 - [TEST_STEP][PASSED] - verifyElementExist(findTestObject("iOS/Voucher Detail Page/vouchdet_howto_btnHowto_text"), 1, CONTINUE_ON_FAILURE): Element 'Object Repository/iOS/Voucher Detail Page/vouchdet_howto_btnHowto_text' is exist

2020-02-28 08:38:53 - [MESSAGE][PASSED] - Element 'Object Repository/iOS/Voucher Detail Page/vouchdet_howto_btnHowto_text' is exist

2020-02-28 08:38:53 - [TEST_STEP][PASSED] - verifyElementVisible(findTestObject("iOS/Voucher Detail Page/vouchdet_howto_btnHowto_text"), 1, CONTINUE_ON_FAILURE): Element 'Object Repository/iOS/Voucher Detail Page/vouchdet_howto_btnHowto_text' is visible

2020-02-28 08:38:55 - [MESSAGE][PASSED] - Element 'Object Repository/iOS/Voucher Detail Page/vouchdet_howto_btnHowto_text' is visible

2020-02-28 08:38:55 - [TEST_STEP][PASSED] - getText(findTestObject("iOS/Voucher Detail Page/vouchdet_howto_btnHowto_text"), 1, CONTINUE_ON_FAILURE): Text of element 'Object Repository/iOS/Voucher Detail Page/vouchdet_howto_btnHowto_text' is: 'How To Use'

2020-02-28 08:38:57 - [MESSAGE][PASSED] - Text of element 'Object Repository/iOS/Voucher Detail Page/vouchdet_howto_btnHowto_text' is: 'How To Use'

2020-02-28 08:38:57 - [TEST_STEP][PASSED] - verifyElementExist(findTestObject("iOS/Voucher Detail Page/vouchdet_howto_btnHowto"), 1, CONTINUE_ON_FAILURE): Element 'Object Repository/iOS/Voucher Detail Page/vouchdet_howto_btnHowto' is exist

2020-02-28 08:38:59 - [MESSAGE][PASSED] - Element 'Object Repository/iOS/Voucher Detail Page/vouchdet_howto_btnHowto' is exist

2020-02-28 08:38:59 - [TEST_STEP][PASSED] - verifyElementVisible(findTestObject("iOS/Voucher Detail Page/vouchdet_howto_btnHowto"), 1, CONTINUE_ON_FAILURE): Element 'Object Repository/iOS/Voucher Detail Page/vouchdet_howto_btnHowto' is visible

2020-02-28 08:39:02 - [MESSAGE][PASSED] - Element 'Object Repository/iOS/Voucher Detail Page/vouchdet_howto_btnHowto' is visible

2020-02-28 08:39:02 - [TEST_STEP][PASSED] - verifyElementExist(findTestObject("iOS/Voucher Detail Page/vouchdet_howto_desc"), 1, CONTINUE_ON_FAILURE): Element 'Object Repository/iOS/Voucher Detail Page/vouchdet_howto_desc' is exist

2020-02-28 08:39:07 - [MESSAGE][PASSED] - Element 'Object Repository/iOS/Voucher Detail Page/vouchdet_howto_desc' is exist

2020-02-28 08:39:07 - [TEST_STEP][PASSED] - verifyElementVisible(findTestObject("iOS/Voucher Detail Page/vouchdet_howto_desc"), 1, CONTINUE_ON_FAILURE): Element 'Object Repository/iOS/Voucher Detail Page/vouchdet_howto_desc' is visible

2020-02-28 08:39:13 - [MESSAGE][PASSED] - Element 'Object Repository/iOS/Voucher Detail Page/vouchdet_howto_desc' is visible

2020-02-28 08:39:13 - [TEST_STEP][PASSED] - getText(findTestObject("iOS/Voucher Detail Page/vouchdet_howto_desc"), 1, CONTINUE_ON_FAILURE): Text of element 'Object Repository/iOS/Voucher Detail Page/vouchdet_howto_desc' is: 'VOUCHER DETAIL'

2020-02-28 08:39:19 - [MESSAGE][PASSED] - Text of element 'Object Repository/iOS/Voucher Detail Page/vouchdet_howto_desc' is: 'VOUCHER DETAIL'

2020-02-28 08:39:19 - [TEST_STEP][PASSED] - tap(findTestObject("iOS/Voucher Detail Page/vouchdet_btnCancel"), 1): Tapped on element 'Object Repository/iOS/Voucher Detail Page/vouchdet_btnCancel'

2020-02-28 08:39:21 - [MESSAGE][PASSED] - Tapped on element 'Object Repository/iOS/Voucher Detail Page/vouchdet_btnCancel']]></system-out>
         <system-err><![CDATA[]]></system-err>
      </testcase>
      <testcase name="Test Cases/p. RegressioniOS - Voucher Shop/3. Redeem Voucher from Voucher LIst" time="151.276" classname="Test Cases/p. RegressioniOS - Voucher Shop/3. Redeem Voucher from Voucher LIst" status="PASSED">
         <system-out><![CDATA[2020-02-28 08:39:21 - [TEST_CASE][PASSED] - Test Cases/p. RegressioniOS - Voucher Shop/3. Redeem Voucher from Voucher LIst: Test Cases/p. RegressioniOS - Voucher Shop/3. Redeem Voucher from Voucher LIst

2020-02-28 08:39:22 - [TEST_STEP][PASSED] - startExistingApplication("com.kfcjv.staging", STOP_ON_FAILURE): Starting app with application ID: 'com.kfcjv.staging'

2020-02-28 08:39:37 - [MESSAGE][PASSED] - Starting app with application ID: 'com.kfcjv.staging'

2020-02-28 08:39:37 - [TEST_STEP][PASSED] - verifyElementExist(findTestObject("iOS/Home Page/home_points_btnRedeem"), 2, CONTINUE_ON_FAILURE): Element 'Object Repository/iOS/Home Page/home_points_btnRedeem' is exist

2020-02-28 08:39:41 - [MESSAGE][PASSED] - Element 'Object Repository/iOS/Home Page/home_points_btnRedeem' is exist

2020-02-28 08:39:41 - [TEST_STEP][PASSED] - tap(findTestObject("iOS/Home Page/home_points_btnRedeem"), 1, STOP_ON_FAILURE): Tapped on element 'Object Repository/iOS/Home Page/home_points_btnRedeem'

2020-02-28 08:39:45 - [MESSAGE][PASSED] - Tapped on element 'Object Repository/iOS/Home Page/home_points_btnRedeem'

2020-02-28 08:39:45 - [TEST_STEP][PASSED] - waitForElementPresent(findTestObject("iOS/Home Page/Choose Action Prompt/chaction_redeem_btnNext"), 1, CONTINUE_ON_FAILURE): Element 'Object Repository/iOS/Home Page/Choose Action Prompt/chaction_redeem_btnNext' is present

2020-02-28 08:39:48 - [MESSAGE][PASSED] - Element 'Object Repository/iOS/Home Page/Choose Action Prompt/chaction_redeem_btnNext' is present

2020-02-28 08:39:48 - [TEST_STEP][PASSED] - delay(2): Delayed 2 second(s)

2020-02-28 08:39:50 - [MESSAGE][PASSED] - Delayed 2 second(s)

2020-02-28 08:39:50 - [TEST_STEP][PASSED] - tap(findTestObject("iOS/Home Page/Choose Action Prompt/chaction_redeem_title"), 1, STOP_ON_FAILURE): Tapped on element 'Object Repository/iOS/Home Page/Choose Action Prompt/chaction_redeem_title'

2020-02-28 08:39:53 - [MESSAGE][PASSED] - Tapped on element 'Object Repository/iOS/Home Page/Choose Action Prompt/chaction_redeem_title'

2020-02-28 08:39:53 - [TEST_STEP][PASSED] - delay(2): Delayed 2 second(s)

2020-02-28 08:39:55 - [MESSAGE][PASSED] - Delayed 2 second(s)

2020-02-28 08:39:55 - [TEST_STEP][PASSED] - verifyElementExist(findTestObject("iOS/Voucher List Page/vouchlist_vouch1_title"), 2, CONTINUE_ON_FAILURE): Element 'Object Repository/iOS/Voucher List Page/vouchlist_vouch1_title' is exist

2020-02-28 08:40:02 - [MESSAGE][PASSED] - Element 'Object Repository/iOS/Voucher List Page/vouchlist_vouch1_title' is exist

2020-02-28 08:40:02 - [TEST_STEP][PASSED] - tap(findTestObject("iOS/Voucher List Page/vouchlist_vouch1_btnRedeem"), 1, STOP_ON_FAILURE): Tapped on element 'Object Repository/iOS/Voucher List Page/vouchlist_vouch1_btnRedeem'

2020-02-28 08:40:11 - [MESSAGE][PASSED] - Tapped on element 'Object Repository/iOS/Voucher List Page/vouchlist_vouch1_btnRedeem'

2020-02-28 08:40:11 - [TEST_STEP][PASSED] - delay(2): Delayed 2 second(s)

2020-02-28 08:40:13 - [MESSAGE][PASSED] - Delayed 2 second(s)

2020-02-28 08:40:13 - [TEST_STEP][PASSED] - verifyElementExist(findTestObject("iOS/Voucher List Page/Redeem Pop Up/redeempop_header_btnX"), 1, CONTINUE_ON_FAILURE): Element 'Object Repository/iOS/Voucher List Page/Redeem Pop Up/redeempop_header_btnX' is exist

2020-02-28 08:40:16 - [MESSAGE][PASSED] - Element 'Object Repository/iOS/Voucher List Page/Redeem Pop Up/redeempop_header_btnX' is exist

2020-02-28 08:40:16 - [TEST_STEP][PASSED] - verifyElementVisible(findTestObject("iOS/Voucher List Page/Redeem Pop Up/redeempop_header_btnX"), 1, CONTINUE_ON_FAILURE): Element 'Object Repository/iOS/Voucher List Page/Redeem Pop Up/redeempop_header_btnX' is visible

2020-02-28 08:40:19 - [MESSAGE][PASSED] - Element 'Object Repository/iOS/Voucher List Page/Redeem Pop Up/redeempop_header_btnX' is visible

2020-02-28 08:40:19 - [TEST_STEP][PASSED] - verifyElementExist(findTestObject("iOS/Voucher List Page/Redeem Pop Up/redeempop_header_title_redeem"), 1, CONTINUE_ON_FAILURE): Element 'Object Repository/iOS/Voucher List Page/Redeem Pop Up/redeempop_header_title_redeem' is exist

2020-02-28 08:40:21 - [MESSAGE][PASSED] - Element 'Object Repository/iOS/Voucher List Page/Redeem Pop Up/redeempop_header_title_redeem' is exist

2020-02-28 08:40:21 - [TEST_STEP][PASSED] - verifyElementVisible(findTestObject("iOS/Voucher List Page/Redeem Pop Up/redeempop_header_title_redeem"), 1, CONTINUE_ON_FAILURE): Element 'Object Repository/iOS/Voucher List Page/Redeem Pop Up/redeempop_header_title_redeem' is visible

2020-02-28 08:40:24 - [MESSAGE][PASSED] - Element 'Object Repository/iOS/Voucher List Page/Redeem Pop Up/redeempop_header_title_redeem' is visible

2020-02-28 08:40:24 - [TEST_STEP][PASSED] - getText(findTestObject("iOS/Voucher List Page/Redeem Pop Up/redeempop_header_title_redeem"), 1, CONTINUE_ON_FAILURE): Text of element 'Object Repository/iOS/Voucher List Page/Redeem Pop Up/redeempop_header_title_redeem' is: 'REDEEM VOUCHER'

2020-02-28 08:40:27 - [MESSAGE][PASSED] - Text of element 'Object Repository/iOS/Voucher List Page/Redeem Pop Up/redeempop_header_title_redeem' is: 'REDEEM VOUCHER'

2020-02-28 08:40:27 - [TEST_STEP][PASSED] - verifyElementExist(findTestObject("iOS/Voucher List Page/Redeem Pop Up/redeempop_info_title"), 1, CONTINUE_ON_FAILURE): Element 'Object Repository/iOS/Voucher List Page/Redeem Pop Up/redeempop_info_title' is exist

2020-02-28 08:40:30 - [MESSAGE][PASSED] - Element 'Object Repository/iOS/Voucher List Page/Redeem Pop Up/redeempop_info_title' is exist

2020-02-28 08:40:30 - [TEST_STEP][PASSED] - verifyElementVisible(findTestObject("iOS/Voucher List Page/Redeem Pop Up/redeempop_info_title"), 1, CONTINUE_ON_FAILURE): Element 'Object Repository/iOS/Voucher List Page/Redeem Pop Up/redeempop_info_title' is visible

2020-02-28 08:40:33 - [MESSAGE][PASSED] - Element 'Object Repository/iOS/Voucher List Page/Redeem Pop Up/redeempop_info_title' is visible

2020-02-28 08:40:33 - [TEST_STEP][PASSED] - getText(findTestObject("iOS/Voucher List Page/Redeem Pop Up/redeempop_info_title"), 1, CONTINUE_ON_FAILURE): Text of element 'Object Repository/iOS/Voucher List Page/Redeem Pop Up/redeempop_info_title' is: 'voucher for new user'

2020-02-28 08:40:36 - [MESSAGE][PASSED] - Text of element 'Object Repository/iOS/Voucher List Page/Redeem Pop Up/redeempop_info_title' is: 'voucher for new user'

2020-02-28 08:40:36 - [TEST_STEP][PASSED] - verifyElementExist(findTestObject("iOS/Voucher List Page/Redeem Pop Up/redeempop_info_desc"), 1, CONTINUE_ON_FAILURE): Element 'Object Repository/iOS/Voucher List Page/Redeem Pop Up/redeempop_info_desc' is exist

2020-02-28 08:40:38 - [MESSAGE][PASSED] - Element 'Object Repository/iOS/Voucher List Page/Redeem Pop Up/redeempop_info_desc' is exist

2020-02-28 08:40:38 - [TEST_STEP][PASSED] - verifyElementVisible(findTestObject("iOS/Voucher List Page/Redeem Pop Up/redeempop_info_desc"), 1, CONTINUE_ON_FAILURE): Element 'Object Repository/iOS/Voucher List Page/Redeem Pop Up/redeempop_info_desc' is visible

2020-02-28 08:40:41 - [MESSAGE][PASSED] - Element 'Object Repository/iOS/Voucher List Page/Redeem Pop Up/redeempop_info_desc' is visible

2020-02-28 08:40:41 - [TEST_STEP][PASSED] - getText(findTestObject("iOS/Voucher List Page/Redeem Pop Up/redeempop_info_desc"), 1, CONTINUE_ON_FAILURE): Text of element 'Object Repository/iOS/Voucher List Page/Redeem Pop Up/redeempop_info_desc' is: 'check max min'

2020-02-28 08:40:44 - [MESSAGE][PASSED] - Text of element 'Object Repository/iOS/Voucher List Page/Redeem Pop Up/redeempop_info_desc' is: 'check max min'

2020-02-28 08:40:44 - [TEST_STEP][PASSED] - verifyElementExist(findTestObject("iOS/Voucher List Page/Redeem Pop Up/redeempop_info_price"), 1, CONTINUE_ON_FAILURE): Element 'Object Repository/iOS/Voucher List Page/Redeem Pop Up/redeempop_info_price' is exist

2020-02-28 08:40:47 - [MESSAGE][PASSED] - Element 'Object Repository/iOS/Voucher List Page/Redeem Pop Up/redeempop_info_price' is exist

2020-02-28 08:40:47 - [TEST_STEP][PASSED] - verifyElementVisible(findTestObject("iOS/Voucher List Page/Redeem Pop Up/redeempop_info_price"), 1, CONTINUE_ON_FAILURE): Element 'Object Repository/iOS/Voucher List Page/Redeem Pop Up/redeempop_info_price' is visible

2020-02-28 08:40:50 - [MESSAGE][PASSED] - Element 'Object Repository/iOS/Voucher List Page/Redeem Pop Up/redeempop_info_price' is visible

2020-02-28 08:40:50 - [TEST_STEP][PASSED] - getText(findTestObject("iOS/Voucher List Page/Redeem Pop Up/redeempop_info_price"), 1, CONTINUE_ON_FAILURE): Text of element 'Object Repository/iOS/Voucher List Page/Redeem Pop Up/redeempop_info_price' is: '10 KFC Points'

2020-02-28 08:40:53 - [MESSAGE][PASSED] - Text of element 'Object Repository/iOS/Voucher List Page/Redeem Pop Up/redeempop_info_price' is: '10 KFC Points'

2020-02-28 08:40:53 - [TEST_STEP][PASSED] - verifyElementExist(findTestObject("iOS/Voucher List Page/Redeem Pop Up/redeempop_info_redeemamt"), 1, CONTINUE_ON_FAILURE): Element 'Object Repository/iOS/Voucher List Page/Redeem Pop Up/redeempop_info_redeemamt' is exist

2020-02-28 08:40:55 - [MESSAGE][PASSED] - Element 'Object Repository/iOS/Voucher List Page/Redeem Pop Up/redeempop_info_redeemamt' is exist

2020-02-28 08:40:55 - [TEST_STEP][PASSED] - verifyElementVisible(findTestObject("iOS/Voucher List Page/Redeem Pop Up/redeempop_info_redeemamt"), 1, CONTINUE_ON_FAILURE): Element 'Object Repository/iOS/Voucher List Page/Redeem Pop Up/redeempop_info_redeemamt' is visible

2020-02-28 08:40:58 - [MESSAGE][PASSED] - Element 'Object Repository/iOS/Voucher List Page/Redeem Pop Up/redeempop_info_redeemamt' is visible

2020-02-28 08:40:58 - [TEST_STEP][PASSED] - getText(findTestObject("iOS/Voucher List Page/Redeem Pop Up/redeempop_info_redeemamt"), 1, CONTINUE_ON_FAILURE): Text of element 'Object Repository/iOS/Voucher List Page/Redeem Pop Up/redeempop_info_redeemamt' is: 'Redeemed 0/10'

2020-02-28 08:41:01 - [MESSAGE][PASSED] - Text of element 'Object Repository/iOS/Voucher List Page/Redeem Pop Up/redeempop_info_redeemamt' is: 'Redeemed 0/10'

2020-02-28 08:41:01 - [TEST_STEP][PASSED] - verifyElementExist(findTestObject("iOS/Voucher List Page/Redeem Pop Up/redeempop_info_desc_tcapplied"), 1, CONTINUE_ON_FAILURE): Element 'Object Repository/iOS/Voucher List Page/Redeem Pop Up/redeempop_info_desc_tcapplied' is exist

2020-02-28 08:41:04 - [MESSAGE][PASSED] - Element 'Object Repository/iOS/Voucher List Page/Redeem Pop Up/redeempop_info_desc_tcapplied' is exist

2020-02-28 08:41:04 - [TEST_STEP][PASSED] - verifyElementVisible(findTestObject("iOS/Voucher List Page/Redeem Pop Up/redeempop_info_desc_tcapplied"), 1, CONTINUE_ON_FAILURE): Element 'Object Repository/iOS/Voucher List Page/Redeem Pop Up/redeempop_info_desc_tcapplied' is visible

2020-02-28 08:41:07 - [MESSAGE][PASSED] - Element 'Object Repository/iOS/Voucher List Page/Redeem Pop Up/redeempop_info_desc_tcapplied' is visible

2020-02-28 08:41:07 - [TEST_STEP][PASSED] - getText(findTestObject("iOS/Voucher List Page/Redeem Pop Up/redeempop_info_desc_tcapplied"), 1, CONTINUE_ON_FAILURE): Text of element 'Object Repository/iOS/Voucher List Page/Redeem Pop Up/redeempop_info_desc_tcapplied' is: '*Terms & Conditions Applied'

2020-02-28 08:41:10 - [MESSAGE][PASSED] - Text of element 'Object Repository/iOS/Voucher List Page/Redeem Pop Up/redeempop_info_desc_tcapplied' is: '*Terms & Conditions Applied'

2020-02-28 08:41:10 - [TEST_STEP][PASSED] - verifyElementExist(findTestObject("iOS/Voucher List Page/Redeem Pop Up/redeempop_info_imgCoupon"), 1, CONTINUE_ON_FAILURE): Element 'Object Repository/iOS/Voucher List Page/Redeem Pop Up/redeempop_info_imgCoupon' is exist

2020-02-28 08:41:12 - [MESSAGE][PASSED] - Element 'Object Repository/iOS/Voucher List Page/Redeem Pop Up/redeempop_info_imgCoupon' is exist

2020-02-28 08:41:12 - [TEST_STEP][PASSED] - verifyElementExist(findTestObject("iOS/Voucher List Page/Redeem Pop Up/redeempop_btnCancel_text"), 1, CONTINUE_ON_FAILURE): Element 'Object Repository/iOS/Voucher List Page/Redeem Pop Up/redeempop_btnCancel_text' is exist

2020-02-28 08:41:15 - [MESSAGE][PASSED] - Element 'Object Repository/iOS/Voucher List Page/Redeem Pop Up/redeempop_btnCancel_text' is exist

2020-02-28 08:41:15 - [TEST_STEP][PASSED] - verifyElementVisible(findTestObject("iOS/Voucher List Page/Redeem Pop Up/redeempop_btnCancel_text"), 1, CONTINUE_ON_FAILURE): Element 'Object Repository/iOS/Voucher List Page/Redeem Pop Up/redeempop_btnCancel_text' is visible

2020-02-28 08:41:18 - [MESSAGE][PASSED] - Element 'Object Repository/iOS/Voucher List Page/Redeem Pop Up/redeempop_btnCancel_text' is visible

2020-02-28 08:41:18 - [TEST_STEP][PASSED] - getText(findTestObject("iOS/Voucher List Page/Redeem Pop Up/redeempop_btnCancel_text"), 1, CONTINUE_ON_FAILURE): Text of element 'Object Repository/iOS/Voucher List Page/Redeem Pop Up/redeempop_btnCancel_text' is: 'Cancel'

2020-02-28 08:41:21 - [MESSAGE][PASSED] - Text of element 'Object Repository/iOS/Voucher List Page/Redeem Pop Up/redeempop_btnCancel_text' is: 'Cancel'

2020-02-28 08:41:21 - [TEST_STEP][PASSED] - verifyElementExist(findTestObject("iOS/Voucher List Page/Redeem Pop Up/redeempop_btnCancel"), 1, CONTINUE_ON_FAILURE): Element 'Object Repository/iOS/Voucher List Page/Redeem Pop Up/redeempop_btnCancel' is exist

2020-02-28 08:41:24 - [MESSAGE][PASSED] - Element 'Object Repository/iOS/Voucher List Page/Redeem Pop Up/redeempop_btnCancel' is exist

2020-02-28 08:41:24 - [TEST_STEP][PASSED] - verifyElementVisible(findTestObject("iOS/Voucher List Page/Redeem Pop Up/redeempop_btnCancel"), 1, CONTINUE_ON_FAILURE): Element 'Object Repository/iOS/Voucher List Page/Redeem Pop Up/redeempop_btnCancel' is visible

2020-02-28 08:41:27 - [MESSAGE][PASSED] - Element 'Object Repository/iOS/Voucher List Page/Redeem Pop Up/redeempop_btnCancel' is visible

2020-02-28 08:41:27 - [TEST_STEP][PASSED] - verifyElementExist(findTestObject("iOS/Voucher List Page/Redeem Pop Up/redeempop_btnConfirm_text"), 1, CONTINUE_ON_FAILURE): Element 'Object Repository/iOS/Voucher List Page/Redeem Pop Up/redeempop_btnConfirm_text' is exist

2020-02-28 08:41:29 - [MESSAGE][PASSED] - Element 'Object Repository/iOS/Voucher List Page/Redeem Pop Up/redeempop_btnConfirm_text' is exist

2020-02-28 08:41:29 - [TEST_STEP][PASSED] - verifyElementVisible(findTestObject("iOS/Voucher List Page/Redeem Pop Up/redeempop_btnConfirm_text"), 1, CONTINUE_ON_FAILURE): Element 'Object Repository/iOS/Voucher List Page/Redeem Pop Up/redeempop_btnConfirm_text' is visible

2020-02-28 08:41:32 - [MESSAGE][PASSED] - Element 'Object Repository/iOS/Voucher List Page/Redeem Pop Up/redeempop_btnConfirm_text' is visible

2020-02-28 08:41:32 - [TEST_STEP][PASSED] - getText(findTestObject("iOS/Voucher List Page/Redeem Pop Up/redeempop_btnConfirm_text"), 1, CONTINUE_ON_FAILURE): Text of element 'Object Repository/iOS/Voucher List Page/Redeem Pop Up/redeempop_btnConfirm_text' is: 'Confirm'

2020-02-28 08:41:35 - [MESSAGE][PASSED] - Text of element 'Object Repository/iOS/Voucher List Page/Redeem Pop Up/redeempop_btnConfirm_text' is: 'Confirm'

2020-02-28 08:41:35 - [TEST_STEP][PASSED] - verifyElementExist(findTestObject("iOS/Voucher List Page/Redeem Pop Up/redeempop_btnConfirm"), 1, CONTINUE_ON_FAILURE): Element 'Object Repository/iOS/Voucher List Page/Redeem Pop Up/redeempop_btnConfirm' is exist

2020-02-28 08:41:38 - [MESSAGE][PASSED] - Element 'Object Repository/iOS/Voucher List Page/Redeem Pop Up/redeempop_btnConfirm' is exist

2020-02-28 08:41:38 - [TEST_STEP][PASSED] - verifyElementVisible(findTestObject("iOS/Voucher List Page/Redeem Pop Up/redeempop_btnConfirm"), 1, CONTINUE_ON_FAILURE): Element 'Object Repository/iOS/Voucher List Page/Redeem Pop Up/redeempop_btnConfirm' is visible

2020-02-28 08:41:41 - [MESSAGE][PASSED] - Element 'Object Repository/iOS/Voucher List Page/Redeem Pop Up/redeempop_btnConfirm' is visible

2020-02-28 08:41:41 - [TEST_STEP][PASSED] - tap(findTestObject("iOS/Voucher List Page/Redeem Pop Up/redeempop_header_btnX"), 1, STOP_ON_FAILURE): Tapped on element 'Object Repository/iOS/Voucher List Page/Redeem Pop Up/redeempop_header_btnX'

2020-02-28 08:41:43 - [MESSAGE][PASSED] - Tapped on element 'Object Repository/iOS/Voucher List Page/Redeem Pop Up/redeempop_header_btnX'

2020-02-28 08:41:43 - [TEST_STEP][PASSED] - tap(findTestObject("iOS/Voucher List Page/vouchlist_header_btnBack"), 1, STOP_ON_FAILURE): Tapped on element 'Object Repository/iOS/Voucher List Page/vouchlist_header_btnBack'

2020-02-28 08:41:53 - [MESSAGE][PASSED] - Tapped on element 'Object Repository/iOS/Voucher List Page/vouchlist_header_btnBack']]></system-out>
         <system-err><![CDATA[]]></system-err>
      </testcase>
      <system-out><![CDATA[2020-02-28 08:28:31 - [TEST_SUITE][FAILED] - Regression Test - Voucher Shop: Test Cases/p. RegressioniOS - Voucher Shop/1. Open Voucher Shop Page FAILED.
Reason:
com.kms.katalon.core.exception.StepFailedException: Failed to check for element visible (Root cause: java.lang.IllegalArgumentException: Object is null
	at com.kms.katalon.core.helper.KeywordHelper.checkTestObjectParameter(KeywordHelper.java:33)
	at com.kms.katalon.core.mobile.keyword.builtin.VerifyElementVisibleKeyword$_verifyElementVisible_closure1.doCall(VerifyElementVisibleKeyword.groovy:70)
	at com.kms.katalon.core.mobile.keyword.builtin.VerifyElementVisibleKeyword$_verifyElementVisible_closure1.call(VerifyElementVisibleKeyword.groovy)
	at com.kms.katalon.core.mobile.keyword.internal.MobileKeywordMain.runKeyword(MobileKeywordMain.groovy:21)
	at com.kms.katalon.core.mobile.keyword.builtin.VerifyElementVisibleKeyword.verifyElementVisible(VerifyElementVisibleKeyword.groovy:85)
	at com.kms.katalon.core.mobile.keyword.builtin.VerifyElementVisibleKeyword.execute(VerifyElementVisibleKeyword.groovy:64)
	at com.kms.katalon.core.keyword.internal.KeywordExecutor.executeKeywordForPlatform(KeywordExecutor.groovy:60)
	at com.kms.katalon.core.mobile.keyword.MobileBuiltInKeywords.verifyElementVisible(MobileBuiltInKeywords.groovy:916)
	at com.kms.katalon.core.mobile.keyword.MobileBuiltInKeywords$verifyElementVisible$3.call(Unknown Source)
	at 1. Open Voucher Shop Page.run(1. Open Voucher Shop Page:55)
	at com.kms.katalon.core.main.ScriptEngine.run(ScriptEngine.java:194)
	at com.kms.katalon.core.main.ScriptEngine.runScriptAsRawText(ScriptEngine.java:119)
	at com.kms.katalon.core.main.TestCaseExecutor.runScript(TestCaseExecutor.java:337)
	at com.kms.katalon.core.main.TestCaseExecutor.doExecute(TestCaseExecutor.java:328)
	at com.kms.katalon.core.main.TestCaseExecutor.processExecutionPhase(TestCaseExecutor.java:307)
	at com.kms.katalon.core.main.TestCaseExecutor.accessMainPhase(TestCaseExecutor.java:299)
	at com.kms.katalon.core.main.TestCaseExecutor.execute(TestCaseExecutor.java:233)
	at com.kms.katalon.core.main.TestSuiteExecutor.accessTestCaseMainPhase(TestSuiteExecutor.java:169)
	at com.kms.katalon.core.main.TestSuiteExecutor.accessTestSuiteMainPhase(TestSuiteExecutor.java:142)
	at com.kms.katalon.core.main.TestSuiteExecutor.execute(TestSuiteExecutor.java:91)
	at com.kms.katalon.core.main.TestCaseMain.startTestSuite(TestCaseMain.java:157)
	at com.kms.katalon.core.main.TestCaseMain$startTestSuite$0.call(Unknown Source)
	at TempTestSuite1582853302131.run(TempTestSuite1582853302131.groovy:36)
)
	at com.kms.katalon.core.keyword.internal.KeywordMain.stepFailed(KeywordMain.groovy:39)
	at com.kms.katalon.core.mobile.keyword.internal.MobileKeywordMain.stepFailed(MobileKeywordMain.groovy:40)
	at com.kms.katalon.core.mobile.keyword.internal.MobileKeywordMain.runKeyword(MobileKeywordMain.groovy:23)
	at com.kms.katalon.core.mobile.keyword.builtin.VerifyElementVisibleKeyword.verifyElementVisible(VerifyElementVisibleKeyword.groovy:85)
	at com.kms.katalon.core.mobile.keyword.builtin.VerifyElementVisibleKeyword.execute(VerifyElementVisibleKeyword.groovy:64)
	at com.kms.katalon.core.keyword.internal.KeywordExecutor.executeKeywordForPlatform(KeywordExecutor.groovy:60)
	at com.kms.katalon.core.mobile.keyword.MobileBuiltInKeywords.verifyElementVisible(MobileBuiltInKeywords.groovy:916)
	at com.kms.katalon.core.mobile.keyword.MobileBuiltInKeywords$verifyElementVisible$3.call(Unknown Source)
	at 1. Open Voucher Shop Page.run(1. Open Voucher Shop Page:55)
	at com.kms.katalon.core.main.ScriptEngine.run(ScriptEngine.java:194)
	at com.kms.katalon.core.main.ScriptEngine.runScriptAsRawText(ScriptEngine.java:119)
	at com.kms.katalon.core.main.TestCaseExecutor.runScript(TestCaseExecutor.java:337)
	at com.kms.katalon.core.main.TestCaseExecutor.doExecute(TestCaseExecutor.java:328)
	at com.kms.katalon.core.main.TestCaseExecutor.processExecutionPhase(TestCaseExecutor.java:307)
	at com.kms.katalon.core.main.TestCaseExecutor.accessMainPhase(TestCaseExecutor.java:299)
	at com.kms.katalon.core.main.TestCaseExecutor.execute(TestCaseExecutor.java:233)
	at com.kms.katalon.core.main.TestSuiteExecutor.accessTestCaseMainPhase(TestSuiteExecutor.java:169)
	at com.kms.katalon.core.main.TestSuiteExecutor.accessTestSuiteMainPhase(TestSuiteExecutor.java:142)
	at com.kms.katalon.core.main.TestSuiteExecutor.execute(TestSuiteExecutor.java:91)
	at com.kms.katalon.core.main.TestCaseMain.startTestSuite(TestCaseMain.java:157)
	at com.kms.katalon.core.main.TestCaseMain$startTestSuite$0.call(Unknown Source)
	at TempTestSuite1582853302131.run(TempTestSuite1582853302131.groovy:36)
Caused by: java.lang.IllegalArgumentException: Object is null
	at com.kms.katalon.core.helper.KeywordHelper.checkTestObjectParameter(KeywordHelper.java:33)
	at com.kms.katalon.core.mobile.keyword.builtin.VerifyElementVisibleKeyword$_verifyElementVisible_closure1.doCall(VerifyElementVisibleKeyword.groovy:70)
	at com.kms.katalon.core.mobile.keyword.builtin.VerifyElementVisibleKeyword$_verifyElementVisible_closure1.call(VerifyElementVisibleKeyword.groovy)
	at com.kms.katalon.core.mobile.keyword.internal.MobileKeywordMain.runKeyword(MobileKeywordMain.groovy:21)
	... 19 more]]></system-out>
      <system-err><![CDATA[2020-02-28 08:28:31 - [TEST_SUITE][FAILED] - Regression Test - Voucher Shop: Test Cases/p. RegressioniOS - Voucher Shop/1. Open Voucher Shop Page FAILED.
Reason:
com.kms.katalon.core.exception.StepFailedException: Failed to check for element visible (Root cause: java.lang.IllegalArgumentException: Object is null
	at com.kms.katalon.core.helper.KeywordHelper.checkTestObjectParameter(KeywordHelper.java:33)
	at com.kms.katalon.core.mobile.keyword.builtin.VerifyElementVisibleKeyword$_verifyElementVisible_closure1.doCall(VerifyElementVisibleKeyword.groovy:70)
	at com.kms.katalon.core.mobile.keyword.builtin.VerifyElementVisibleKeyword$_verifyElementVisible_closure1.call(VerifyElementVisibleKeyword.groovy)
	at com.kms.katalon.core.mobile.keyword.internal.MobileKeywordMain.runKeyword(MobileKeywordMain.groovy:21)
	at com.kms.katalon.core.mobile.keyword.builtin.VerifyElementVisibleKeyword.verifyElementVisible(VerifyElementVisibleKeyword.groovy:85)
	at com.kms.katalon.core.mobile.keyword.builtin.VerifyElementVisibleKeyword.execute(VerifyElementVisibleKeyword.groovy:64)
	at com.kms.katalon.core.keyword.internal.KeywordExecutor.executeKeywordForPlatform(KeywordExecutor.groovy:60)
	at com.kms.katalon.core.mobile.keyword.MobileBuiltInKeywords.verifyElementVisible(MobileBuiltInKeywords.groovy:916)
	at com.kms.katalon.core.mobile.keyword.MobileBuiltInKeywords$verifyElementVisible$3.call(Unknown Source)
	at 1. Open Voucher Shop Page.run(1. Open Voucher Shop Page:55)
	at com.kms.katalon.core.main.ScriptEngine.run(ScriptEngine.java:194)
	at com.kms.katalon.core.main.ScriptEngine.runScriptAsRawText(ScriptEngine.java:119)
	at com.kms.katalon.core.main.TestCaseExecutor.runScript(TestCaseExecutor.java:337)
	at com.kms.katalon.core.main.TestCaseExecutor.doExecute(TestCaseExecutor.java:328)
	at com.kms.katalon.core.main.TestCaseExecutor.processExecutionPhase(TestCaseExecutor.java:307)
	at com.kms.katalon.core.main.TestCaseExecutor.accessMainPhase(TestCaseExecutor.java:299)
	at com.kms.katalon.core.main.TestCaseExecutor.execute(TestCaseExecutor.java:233)
	at com.kms.katalon.core.main.TestSuiteExecutor.accessTestCaseMainPhase(TestSuiteExecutor.java:169)
	at com.kms.katalon.core.main.TestSuiteExecutor.accessTestSuiteMainPhase(TestSuiteExecutor.java:142)
	at com.kms.katalon.core.main.TestSuiteExecutor.execute(TestSuiteExecutor.java:91)
	at com.kms.katalon.core.main.TestCaseMain.startTestSuite(TestCaseMain.java:157)
	at com.kms.katalon.core.main.TestCaseMain$startTestSuite$0.call(Unknown Source)
	at TempTestSuite1582853302131.run(TempTestSuite1582853302131.groovy:36)
)
	at com.kms.katalon.core.keyword.internal.KeywordMain.stepFailed(KeywordMain.groovy:39)
	at com.kms.katalon.core.mobile.keyword.internal.MobileKeywordMain.stepFailed(MobileKeywordMain.groovy:40)
	at com.kms.katalon.core.mobile.keyword.internal.MobileKeywordMain.runKeyword(MobileKeywordMain.groovy:23)
	at com.kms.katalon.core.mobile.keyword.builtin.VerifyElementVisibleKeyword.verifyElementVisible(VerifyElementVisibleKeyword.groovy:85)
	at com.kms.katalon.core.mobile.keyword.builtin.VerifyElementVisibleKeyword.execute(VerifyElementVisibleKeyword.groovy:64)
	at com.kms.katalon.core.keyword.internal.KeywordExecutor.executeKeywordForPlatform(KeywordExecutor.groovy:60)
	at com.kms.katalon.core.mobile.keyword.MobileBuiltInKeywords.verifyElementVisible(MobileBuiltInKeywords.groovy:916)
	at com.kms.katalon.core.mobile.keyword.MobileBuiltInKeywords$verifyElementVisible$3.call(Unknown Source)
	at 1. Open Voucher Shop Page.run(1. Open Voucher Shop Page:55)
	at com.kms.katalon.core.main.ScriptEngine.run(ScriptEngine.java:194)
	at com.kms.katalon.core.main.ScriptEngine.runScriptAsRawText(ScriptEngine.java:119)
	at com.kms.katalon.core.main.TestCaseExecutor.runScript(TestCaseExecutor.java:337)
	at com.kms.katalon.core.main.TestCaseExecutor.doExecute(TestCaseExecutor.java:328)
	at com.kms.katalon.core.main.TestCaseExecutor.processExecutionPhase(TestCaseExecutor.java:307)
	at com.kms.katalon.core.main.TestCaseExecutor.accessMainPhase(TestCaseExecutor.java:299)
	at com.kms.katalon.core.main.TestCaseExecutor.execute(TestCaseExecutor.java:233)
	at com.kms.katalon.core.main.TestSuiteExecutor.accessTestCaseMainPhase(TestSuiteExecutor.java:169)
	at com.kms.katalon.core.main.TestSuiteExecutor.accessTestSuiteMainPhase(TestSuiteExecutor.java:142)
	at com.kms.katalon.core.main.TestSuiteExecutor.execute(TestSuiteExecutor.java:91)
	at com.kms.katalon.core.main.TestCaseMain.startTestSuite(TestCaseMain.java:157)
	at com.kms.katalon.core.main.TestCaseMain$startTestSuite$0.call(Unknown Source)
	at TempTestSuite1582853302131.run(TempTestSuite1582853302131.groovy:36)
Caused by: java.lang.IllegalArgumentException: Object is null
	at com.kms.katalon.core.helper.KeywordHelper.checkTestObjectParameter(KeywordHelper.java:33)
	at com.kms.katalon.core.mobile.keyword.builtin.VerifyElementVisibleKeyword$_verifyElementVisible_closure1.doCall(VerifyElementVisibleKeyword.groovy:70)
	at com.kms.katalon.core.mobile.keyword.builtin.VerifyElementVisibleKeyword$_verifyElementVisible_closure1.call(VerifyElementVisibleKeyword.groovy)
	at com.kms.katalon.core.mobile.keyword.internal.MobileKeywordMain.runKeyword(MobileKeywordMain.groovy:21)
	... 19 more]]></system-err>
   </testsuite>
</testsuites>
